

================================================================
== Vitis HLS Report for 'AXIvideo2MultiPixStream'
================================================================
* Date:           Thu May  9 19:06:57 2024

* Version:        2023.2 (Build 4023990 on Oct 11 2023)
* Project:        prj
* Solution:       sol (Vivado IP Flow Target)
* Product family: versalaicore
* Target device:  xcvc1902-vsva2197-2MP-e-S


================================================================
== Performance Estimates
================================================================
+ Timing: 
    * Summary: 
    +--------+---------+----------+------------+
    |  Clock |  Target | Estimated| Uncertainty|
    +--------+---------+----------+------------+
    |ap_clk  |  3.33 ns|  2.792 ns|     0.90 ns|
    +--------+---------+----------+------------+

+ Latency: 
    * Summary: 
    +---------+---------+-----------+-----------+-----+---------+---------+
    |  Latency (cycles) |   Latency (absolute)  |    Interval   | Pipeline|
    |   min   |   max   |    min    |    max    | min |   max   |   Type  |
    +---------+---------+-----------+-----------+-----+---------+---------+
    |        6|  8341926|  19.998 ns|  27.804 ms|    6|  8341926|       no|
    +---------+---------+-----------+-----------+-----+---------+---------+

    + Detail: 
        * Instance: 
        +-----------------------------------------------------------------+------------------------------------------------------+---------+---------+----------+----------+-----+------+---------+
        |                                                                 |                                                      |  Latency (cycles) |  Latency (absolute) |  Interval  | Pipeline|
        |                             Instance                            |                        Module                        |   min   |   max   |    min   |    max   | min |  max |   Type  |
        +-----------------------------------------------------------------+------------------------------------------------------+---------+---------+----------+----------+-----+------+---------+
        |grp_AXIvideo2MultiPixStream_Pipeline_loop_wait_for_start_fu_150  |AXIvideo2MultiPixStream_Pipeline_loop_wait_for_start  |        2|        2|  6.666 ns|  6.666 ns|    2|     2|       no|
        |grp_AXIvideo2MultiPixStream_Pipeline_loop_width_fu_170           |AXIvideo2MultiPixStream_Pipeline_loop_width           |        2|     1922|  6.666 ns|  6.406 us|    2|  1922|       no|
        |grp_AXIvideo2MultiPixStream_Pipeline_loop_wait_for_eol_fu_201    |AXIvideo2MultiPixStream_Pipeline_loop_wait_for_eol    |        2|        2|  6.666 ns|  6.666 ns|    2|     2|       no|
        |grp_reg_unsigned_short_s_fu_230                                  |reg_unsigned_short_s                                  |        1|        1|  3.333 ns|  3.333 ns|    1|     1|      yes|
        |grp_reg_unsigned_short_s_fu_258                                  |reg_unsigned_short_s                                  |        1|        1|  3.333 ns|  3.333 ns|    1|     1|      yes|
        +-----------------------------------------------------------------+------------------------------------------------------+---------+---------+----------+----------+-----+------+---------+

        * Loop: 
        +---------------+---------+---------+-----------+-----------+-----------+----------+----------+
        |               |  Latency (cycles) | Iteration |  Initiation Interval  |   Trip   |          |
        |   Loop Name   |   min   |   max   |  Latency  |  achieved |   target  |   Count  | Pipelined|
        +---------------+---------+---------+-----------+-----------+-----------+----------+----------+
        |- loop_height  |        0|  8341920|  11 ~ 1931|          -|          -|  0 ~ 4320|        no|
        +---------------+---------+---------+-----------+-----------+-----------+----------+----------+



================================================================
== Utilization Estimates
================================================================
* Summary: 
+-----------------+---------+------+---------+--------+-----+
|       Name      | BRAM_18K|  DSP |    FF   |   LUT  | URAM|
+-----------------+---------+------+---------+--------+-----+
|DSP              |        -|     -|        -|       -|    -|
|Expression       |        -|     -|        0|      50|    -|
|FIFO             |        -|     -|        -|       -|    -|
|Instance         |        -|     -|      202|     588|    -|
|Memory           |        -|     -|        -|       -|    -|
|Multiplexer      |        -|     -|        -|     144|    -|
|Register         |        -|     -|      180|       -|    -|
+-----------------+---------+------+---------+--------+-----+
|Total            |        0|     0|      382|     782|    0|
+-----------------+---------+------+---------+--------+-----+
|Available        |     1934|  1968|  1799680|  899840|  463|
+-----------------+---------+------+---------+--------+-----+
|Utilization (%)  |        0|     0|       ~0|      ~0|    0|
+-----------------+---------+------+---------+--------+-----+

+ Detail: 
    * Instance: 
    +-----------------------------------------------------------------+------------------------------------------------------+---------+----+-----+-----+-----+
    |                             Instance                            |                        Module                        | BRAM_18K| DSP|  FF | LUT | URAM|
    +-----------------------------------------------------------------+------------------------------------------------------+---------+----+-----+-----+-----+
    |grp_AXIvideo2MultiPixStream_Pipeline_loop_wait_for_eol_fu_201    |AXIvideo2MultiPixStream_Pipeline_loop_wait_for_eol    |        0|   0|    4|  130|    0|
    |grp_AXIvideo2MultiPixStream_Pipeline_loop_wait_for_start_fu_150  |AXIvideo2MultiPixStream_Pipeline_loop_wait_for_start  |        0|   0|    4|  121|    0|
    |grp_AXIvideo2MultiPixStream_Pipeline_loop_width_fu_170           |AXIvideo2MultiPixStream_Pipeline_loop_width           |        0|   0|  140|  311|    0|
    |grp_reg_unsigned_short_s_fu_230                                  |reg_unsigned_short_s                                  |        0|   0|   27|   13|    0|
    |grp_reg_unsigned_short_s_fu_258                                  |reg_unsigned_short_s                                  |        0|   0|   27|   13|    0|
    +-----------------------------------------------------------------+------------------------------------------------------+---------+----+-----+-----+-----+
    |Total                                                            |                                                      |        0|   0|  202|  588|    0|
    +-----------------------------------------------------------------+------------------------------------------------------+---------+----+-----+-----+-----+

    * DSP: 
    N/A

    * Memory: 
    N/A

    * FIFO: 
    N/A

    * Expression: 
    +------------------------+----------+----+---+----+------------+------------+
    |      Variable Name     | Operation| DSP| FF| LUT| Bitwidth P0| Bitwidth P1|
    +------------------------+----------+----+---+----+------------+------------+
    |i_2_fu_291_p2           |         +|   0|  0|  13|          13|           1|
    |and_ln306_fu_302_p2     |       and|   0|  0|   2|           1|           1|
    |cmp10403_fu_269_p2      |      icmp|   0|  0|  11|          11|           1|
    |cond_fu_274_p2          |      icmp|   0|  0|   5|           3|           1|
    |icmp_ln253_fu_297_p2    |      icmp|   0|  0|  13|          13|          13|
    |ap_block_state1         |        or|   0|  0|   2|           1|           1|
    |select_ln306_fu_340_p3  |    select|   0|  0|   2|           1|           1|
    |xor_ln306_fu_279_p2     |       xor|   0|  0|   2|           1|           2|
    +------------------------+----------+----+---+----+------------+------------+
    |Total                   |          |   0|  0|  50|          44|          21|
    +------------------------+----------+----+---+----+------------+------------+

    * Multiplexer: 
    +---------------------+-----+-----------+-----+-----------+
    |         Name        | LUT | Input Size| Bits| Total Bits|
    +---------------------+-----+-----------+-----+-----------+
    |ap_NS_fsm            |   10|         12|    1|         12|
    |ap_done              |    2|          2|    1|          2|
    |axi_data_2_fu_86     |  113|          2|  120|        240|
    |axi_last_2_reg_140   |    2|          2|    1|          2|
    |i_fu_90              |   11|          2|   13|         26|
    |img_write            |    2|          2|    1|          2|
    |s_axis_video_TREADY  |    2|          4|    1|          4|
    |sof_reg_128          |    2|          2|    1|          2|
    +---------------------+-----+-----------+-----+-----------+
    |Total                |  144|         28|  139|        290|
    +---------------------+-----+-----------+-----+-----------+

    * Register: 
    +------------------------------------------------------------------------------+-----+----+-----+-----------+
    |                                     Name                                     |  FF | LUT| Bits| Const Bits|
    +------------------------------------------------------------------------------+-----+----+-----+-----------+
    |and_ln306_reg_444                                                             |    1|   0|    1|          0|
    |ap_CS_fsm                                                                     |   11|   0|   11|          0|
    |ap_done_reg                                                                   |    1|   0|    1|          0|
    |axi_data_2_fu_86                                                              |  120|   0|  120|          0|
    |axi_last_2_reg_140                                                            |    1|   0|    1|          0|
    |axi_last_4_loc_fu_94                                                          |    1|   0|    1|          0|
    |cmp10403_reg_426                                                              |    1|   0|    1|          0|
    |cond_reg_431                                                                  |    1|   0|    1|          0|
    |grp_AXIvideo2MultiPixStream_Pipeline_loop_wait_for_eol_fu_201_ap_start_reg    |    1|   0|    1|          0|
    |grp_AXIvideo2MultiPixStream_Pipeline_loop_wait_for_start_fu_150_ap_start_reg  |    1|   0|    1|          0|
    |grp_AXIvideo2MultiPixStream_Pipeline_loop_width_fu_170_ap_start_reg           |    1|   0|    1|          0|
    |i_fu_90                                                                       |   13|   0|   13|          0|
    |rows_reg_418                                                                  |   13|   0|   13|          0|
    |select_ln306_reg_458                                                          |    1|   0|    1|          0|
    |sof_reg_128                                                                   |    1|   0|    1|          0|
    |trunc_ln226_1_reg_412                                                         |   11|   0|   11|          0|
    |xor_ln306_reg_436                                                             |    1|   0|    1|          0|
    +------------------------------------------------------------------------------+-----+----+-----+-----------+
    |Total                                                                         |  180|   0|  180|          0|
    +------------------------------------------------------------------------------+-----+----+-----+-----------+



================================================================
== Interface
================================================================
* Summary: 
+---------------------+-----+-----+------------+-------------------------+--------------+
|      RTL Ports      | Dir | Bits|  Protocol  |      Source Object      |    C Type    |
+---------------------+-----+-----+------------+-------------------------+--------------+
|ap_clk               |   in|    1|  ap_ctrl_hs|  AXIvideo2MultiPixStream|  return value|
|ap_rst               |   in|    1|  ap_ctrl_hs|  AXIvideo2MultiPixStream|  return value|
|ap_start             |   in|    1|  ap_ctrl_hs|  AXIvideo2MultiPixStream|  return value|
|ap_done              |  out|    1|  ap_ctrl_hs|  AXIvideo2MultiPixStream|  return value|
|ap_continue          |   in|    1|  ap_ctrl_hs|  AXIvideo2MultiPixStream|  return value|
|ap_idle              |  out|    1|  ap_ctrl_hs|  AXIvideo2MultiPixStream|  return value|
|ap_ready             |  out|    1|  ap_ctrl_hs|  AXIvideo2MultiPixStream|  return value|
|s_axis_video_TDATA   |   in|  120|        axis|    s_axis_video_V_data_V|       pointer|
|s_axis_video_TVALID  |   in|    1|        axis|    s_axis_video_V_dest_V|       pointer|
|s_axis_video_TREADY  |  out|    1|        axis|    s_axis_video_V_dest_V|       pointer|
|s_axis_video_TDEST   |   in|    1|        axis|    s_axis_video_V_dest_V|       pointer|
|s_axis_video_TKEEP   |   in|   15|        axis|    s_axis_video_V_keep_V|       pointer|
|s_axis_video_TSTRB   |   in|   15|        axis|    s_axis_video_V_strb_V|       pointer|
|s_axis_video_TUSER   |   in|    1|        axis|    s_axis_video_V_user_V|       pointer|
|s_axis_video_TLAST   |   in|    1|        axis|    s_axis_video_V_last_V|       pointer|
|s_axis_video_TID     |   in|    1|        axis|      s_axis_video_V_id_V|       pointer|
|img_din              |  out|  120|     ap_fifo|                      img|       pointer|
|img_num_data_valid   |   in|    3|     ap_fifo|                      img|       pointer|
|img_fifo_cap         |   in|    3|     ap_fifo|                      img|       pointer|
|img_full_n           |   in|    1|     ap_fifo|                      img|       pointer|
|img_write            |  out|    1|     ap_fifo|                      img|       pointer|
|Height_val           |   in|   13|   ap_stable|               Height_val|        scalar|
|WidthIn_val          |   in|   13|   ap_stable|              WidthIn_val|        scalar|
|colorFormat_val      |   in|    3|     ap_none|          colorFormat_val|        scalar|
+---------------------+-----+-----+------------+-------------------------+--------------+

