

================================================================
== Vitis HLS Report for 'AXIvideo2MultiPixStream_Pipeline_loop_width'
================================================================
* Date:           Thu May  9 19:06:47 2024

* Version:        2023.2 (Build 4023990 on Oct 11 2023)
* Project:        prj
* Solution:       sol (Vivado IP Flow Target)
* Product family: versalaicore
* Target device:  xcvc1902-vsva2197-2MP-e-S


================================================================
== Performance Estimates
================================================================
+ Timing: 
    * Summary: 
    +--------+---------+----------+------------+
    |  Clock |  Target | Estimated| Uncertainty|
    +--------+---------+----------+------------+
    |ap_clk  |  3.33 ns|  2.792 ns|     0.90 ns|
    +--------+---------+----------+------------+

+ Latency: 
    * Summary: 
    +---------+---------+----------+----------+-----+------+---------+
    |  Latency (cycles) |  Latency (absolute) |  Interval  | Pipeline|
    |   min   |   max   |    min   |    max   | min |  max |   Type  |
    +---------+---------+----------+----------+-----+------+---------+
    |        2|     1922|  6.666 ns|  6.406 us|    2|  1922|       no|
    +---------+---------+----------+----------+-----+------+---------+

    + Detail: 
        * Instance: 
        N/A

        * Loop: 
        +--------------+---------+---------+----------+-----------+-----------+----------+----------+
        |              |  Latency (cycles) | Iteration|  Initiation Interval  |   Trip   |          |
        |   Loop Name  |   min   |   max   |  Latency |  achieved |   target  |   Count  | Pipelined|
        +--------------+---------+---------+----------+-----------+-----------+----------+----------+
        |- loop_width  |        0|     1920|         2|          1|          1|  0 ~ 1920|       yes|
        +--------------+---------+---------+----------+-----------+-----------+----------+----------+



================================================================
== Utilization Estimates
================================================================
* Summary: 
+-----------------+---------+------+---------+--------+-----+
|       Name      | BRAM_18K|  DSP |    FF   |   LUT  | URAM|
+-----------------+---------+------+---------+--------+-----+
|DSP              |        -|     -|        -|       -|    -|
|Expression       |        -|     -|        0|      90|    -|
|FIFO             |        -|     -|        -|       -|    -|
|Instance         |        -|     -|        0|      70|    -|
|Memory           |        -|     -|        -|       -|    -|
|Multiplexer      |        -|     -|        -|     151|    -|
|Register         |        -|     -|      140|       -|    -|
+-----------------+---------+------+---------+--------+-----+
|Total            |        0|     0|      140|     311|    0|
+-----------------+---------+------+---------+--------+-----+
|Available        |     1934|  1968|  1799680|  899840|  463|
+-----------------+---------+------+---------+--------+-----+
|Utilization (%)  |        0|     0|       ~0|      ~0|    0|
+-----------------+---------+------+---------+--------+-----+

+ Detail: 
    * Instance: 
    +--------------------------+----------------------+---------+----+---+----+-----+
    |         Instance         |        Module        | BRAM_18K| DSP| FF| LUT| URAM|
    +--------------------------+----------------------+---------+----+---+----+-----+
    |sparsemux_5_8_10_1_1_U17  |sparsemux_5_8_10_1_1  |        0|   0|  0|  10|    0|
    |sparsemux_5_8_10_1_1_U18  |sparsemux_5_8_10_1_1  |        0|   0|  0|  10|    0|
    |sparsemux_5_8_10_1_1_U19  |sparsemux_5_8_10_1_1  |        0|   0|  0|  10|    0|
    |sparsemux_5_8_10_1_1_U20  |sparsemux_5_8_10_1_1  |        0|   0|  0|  10|    0|
    |sparsemux_5_8_10_1_1_U21  |sparsemux_5_8_10_1_1  |        0|   0|  0|  10|    0|
    |sparsemux_5_8_10_1_1_U22  |sparsemux_5_8_10_1_1  |        0|   0|  0|  10|    0|
    |sparsemux_5_8_10_1_1_U23  |sparsemux_5_8_10_1_1  |        0|   0|  0|  10|    0|
    +--------------------------+----------------------+---------+----+---+----+-----+
    |Total                     |                      |        0|   0|  0|  70|    0|
    +--------------------------+----------------------+---------+----+---+----+-----+

    * DSP: 
    N/A

    * Memory: 
    N/A

    * FIFO: 
    N/A

    * Expression: 
    +----------------------------------+----------+----+---+----+------------+------------+
    |           Variable Name          | Operation| DSP| FF| LUT| Bitwidth P0| Bitwidth P1|
    +----------------------------------+----------+----+---+----+------------+------------+
    |j_2_fu_322_p2                     |         +|   0|  0|  11|          11|           1|
    |ap_block_state1_pp0_stage0_iter0  |       and|   0|  0|   2|           1|           1|
    |ap_block_state2_pp0_stage0_iter1  |       and|   0|  0|   2|           1|           1|
    |ap_condition_430                  |       and|   0|  0|   2|           1|           1|
    |ap_condition_433                  |       and|   0|  0|   2|           1|           1|
    |ap_condition_438                  |       and|   0|  0|   2|           1|           1|
    |ap_predicate_op55_read_state1     |       and|   0|  0|   2|           1|           1|
    |icmp_ln257_fu_328_p2              |      icmp|   0|  0|  11|          11|          11|
    |icmp_ln290_fu_485_p2              |      icmp|   0|  0|   5|           3|           1|
    |ap_block_pp0_stage0_01001         |        or|   0|  0|   2|           1|           1|
    |or_ln261_fu_334_p2                |        or|   0|  0|   2|           1|           1|
    |select_ln290_1_fu_426_p3          |    select|   0|  0|   9|           1|          10|
    |select_ln290_2_fu_433_p3          |    select|   0|  0|   9|           1|          10|
    |select_ln290_3_fu_490_p3          |    select|   0|  0|   9|           1|          10|
    |select_ln290_4_fu_498_p3          |    select|   0|  0|   9|           1|          10|
    |select_ln290_fu_409_p3            |    select|   0|  0|   9|           1|          10|
    |ap_enable_pp0                     |       xor|   0|  0|   2|           1|           2|
    +----------------------------------+----------+----+---+----+------------+------------+
    |Total                             |          |   0|  0|  90|          39|          73|
    +----------------------------------+----------+----+---+----+------------+------------+

    * Multiplexer: 
    +------------------------------+-----+-----------+-----+-----------+
    |             Name             | LUT | Input Size| Bits| Total Bits|
    +------------------------------+-----+-----------+-----+-----------+
    |ap_done_int                   |    2|          2|    1|          2|
    |ap_enable_reg_pp0_iter1       |    2|          2|    1|          2|
    |ap_phi_mux_eol_phi_fu_240_p4  |    2|          3|    1|          3|
    |ap_phi_mux_sof_phi_fu_251_p4  |    2|          2|    1|          2|
    |ap_sig_allocacmp_j_1          |   11|          2|   11|         22|
    |axi_data_fu_148               |  113|          2|  120|        240|
    |axi_last_fu_152               |    2|          2|    1|          2|
    |eol_reg_237                   |    2|          2|    1|          2|
    |img_blk_n                     |    2|          2|    1|          2|
    |j_fu_144                      |   11|          2|   11|         22|
    |s_axis_video_TDATA_blk_n      |    2|          2|    1|          2|
    +------------------------------+-----+-----------+-----+-----------+
    |Total                         |  151|         23|  150|        301|
    +------------------------------+-----+-----------+-----+-----------+

    * Register: 
    +-----------------------------------+-----+----+-----+-----------+
    |                Name               |  FF | LUT| Bits| Const Bits|
    +-----------------------------------+-----+----+-----+-----------+
    |ap_CS_fsm                          |    1|   0|    1|          0|
    |ap_done_reg                        |    1|   0|    1|          0|
    |ap_enable_reg_pp0_iter1            |    1|   0|    1|          0|
    |axi_data_fu_148                    |  120|   0|  120|          0|
    |axi_last_fu_152                    |    1|   0|    1|          0|
    |colorFormat_val_cast_cast_reg_744  |    3|   0|    8|          5|
    |eol_reg_237                        |    1|   0|    1|          0|
    |icmp_ln257_reg_755                 |    1|   0|    1|          0|
    |j_fu_144                           |   11|   0|   11|          0|
    +-----------------------------------+-----+----+-----+-----------+
    |Total                              |  140|   0|  145|          5|
    +-----------------------------------+-----+----+-----+-----------+



================================================================
== Interface
================================================================
* Summary: 
+-----------------------+-----+-----+------------+---------------------------------------------+--------------+
|       RTL Ports       | Dir | Bits|  Protocol  |                Source Object                |    C Type    |
+-----------------------+-----+-----+------------+---------------------------------------------+--------------+
|ap_clk                 |   in|    1|  ap_ctrl_hs|  AXIvideo2MultiPixStream_Pipeline_loop_width|  return value|
|ap_rst                 |   in|    1|  ap_ctrl_hs|  AXIvideo2MultiPixStream_Pipeline_loop_width|  return value|
|ap_start               |   in|    1|  ap_ctrl_hs|  AXIvideo2MultiPixStream_Pipeline_loop_width|  return value|
|ap_done                |  out|    1|  ap_ctrl_hs|  AXIvideo2MultiPixStream_Pipeline_loop_width|  return value|
|ap_idle                |  out|    1|  ap_ctrl_hs|  AXIvideo2MultiPixStream_Pipeline_loop_width|  return value|
|ap_ready               |  out|    1|  ap_ctrl_hs|  AXIvideo2MultiPixStream_Pipeline_loop_width|  return value|
|s_axis_video_TVALID    |   in|    1|        axis|                        s_axis_video_V_data_V|       pointer|
|s_axis_video_TDATA     |   in|  120|        axis|                        s_axis_video_V_data_V|       pointer|
|img_din                |  out|  120|     ap_fifo|                                          img|       pointer|
|img_num_data_valid     |   in|    3|     ap_fifo|                                          img|       pointer|
|img_fifo_cap           |   in|    3|     ap_fifo|                                          img|       pointer|
|img_full_n             |   in|    1|     ap_fifo|                                          img|       pointer|
|img_write              |  out|    1|     ap_fifo|                                          img|       pointer|
|sof_2                  |   in|    1|     ap_none|                                        sof_2|        scalar|
|axi_last_2             |   in|    1|     ap_none|                                   axi_last_2|        scalar|
|axi_data_2             |   in|  120|     ap_none|                                   axi_data_2|        scalar|
|trunc_ln226_1          |   in|   11|     ap_none|                                trunc_ln226_1|        scalar|
|cond                   |   in|    1|     ap_none|                                         cond|        scalar|
|colorFormat_val_cast   |   in|    3|     ap_none|                         colorFormat_val_cast|        scalar|
|colorFormat_val        |   in|    3|     ap_none|                              colorFormat_val|        scalar|
|s_axis_video_TREADY    |  out|    1|        axis|                        s_axis_video_V_dest_V|       pointer|
|s_axis_video_TDEST     |   in|    1|        axis|                        s_axis_video_V_dest_V|       pointer|
|s_axis_video_TKEEP     |   in|   15|        axis|                        s_axis_video_V_keep_V|       pointer|
|s_axis_video_TSTRB     |   in|   15|        axis|                        s_axis_video_V_strb_V|       pointer|
|s_axis_video_TUSER     |   in|    1|        axis|                        s_axis_video_V_user_V|       pointer|
|s_axis_video_TLAST     |   in|    1|        axis|                        s_axis_video_V_last_V|       pointer|
|s_axis_video_TID       |   in|    1|        axis|                          s_axis_video_V_id_V|       pointer|
|eol_out                |  out|    1|      ap_vld|                                      eol_out|       pointer|
|eol_out_ap_vld         |  out|    1|      ap_vld|                                      eol_out|       pointer|
|axi_data_3_out         |  out|  120|      ap_vld|                               axi_data_3_out|       pointer|
|axi_data_3_out_ap_vld  |  out|    1|      ap_vld|                               axi_data_3_out|       pointer|
+-----------------------+-----+-----+------------+---------------------------------------------+--------------+

