

================================================================
== Vitis HLS Report for 'MultiPixStream2Bytes'
================================================================
* Date:           Thu May  9 19:07:23 2024

* Version:        2023.2 (Build 4023990 on Oct 11 2023)
* Project:        prj
* Solution:       sol (Vivado IP Flow Target)
* Product family: versalaicore
* Target device:  xcvc1902-vsva2197-2MP-e-S


================================================================
== Performance Estimates
================================================================
+ Timing: 
    * Summary: 
    +--------+---------+----------+------------+
    |  Clock |  Target | Estimated| Uncertainty|
    +--------+---------+----------+------------+
    |ap_clk  |  3.33 ns|  2.386 ns|     0.90 ns|
    +--------+---------+----------+------------+

+ Latency: 
    * Summary: 
    +---------+----------+----------+-----------+-----+----------+---------+
    |  Latency (cycles)  |  Latency (absolute)  |    Interval    | Pipeline|
    |   min   |    max   |    min   |    max    | min |    max   |   Type  |
    +---------+----------+----------+-----------+-----+----------+---------+
    |        1|  53110097|  3.333 ns|  0.177 sec|    1|  53110097|       no|
    +---------+----------+----------+-----------+-----+----------+---------+

    + Detail: 
        * Instance: 
        +------------------------------------------------------------+-------------------------------------------------+---------+---------+----------+-----------+-----+-------+---------+
        |                                                            |                                                 |  Latency (cycles) |  Latency (absolute)  |   Interval  | Pipeline|
        |                          Instance                          |                      Module                     |   min   |   max   |    min   |    max    | min |  max  |   Type  |
        +------------------------------------------------------------+-------------------------------------------------+---------+---------+----------+-----------+-----+-------+---------+
        |grp_MultiPixStream2Bytes_Pipeline_VITIS_LOOP_943_13_fu_436  |MultiPixStream2Bytes_Pipeline_VITIS_LOOP_943_13  |        3|     5467|  9.999 ns|  18.222 us|    3|   5467|       no|
        |grp_MultiPixStream2Bytes_Pipeline_VITIS_LOOP_806_9_fu_481   |MultiPixStream2Bytes_Pipeline_VITIS_LOOP_806_9   |        3|    12291|  9.999 ns|  40.966 us|    3|  12291|       no|
        |grp_MultiPixStream2Bytes_Pipeline_VITIS_LOOP_674_5_fu_519   |MultiPixStream2Bytes_Pipeline_VITIS_LOOP_674_5   |        3|     8195|  9.999 ns|  27.314 us|    3|   8195|       no|
        |grp_MultiPixStream2Bytes_Pipeline_VITIS_LOOP_632_1_fu_549   |MultiPixStream2Bytes_Pipeline_VITIS_LOOP_632_1   |        2|     6146|  6.666 ns|  20.485 us|    2|   6146|       no|
        +------------------------------------------------------------+-------------------------------------------------+---------+---------+----------+-----------+-----+-------+---------+

        * Loop: 
        +--------------------------+---------+----------+-----------+-----------+-----------+----------+----------+
        |                          |  Latency (cycles)  | Iteration |  Initiation Interval  |   Trip   |          |
        |         Loop Name        |   min   |    max   |  Latency  |  achieved |   target  |   Count  | Pipelined|
        +--------------------------+---------+----------+-----------+-----------+-----------+----------+----------+
        |- loop_RGBX10_YUVX10      |        0|  26563680|   5 ~ 6149|          -|          -|  0 ~ 4320|        no|
        |- loop_YUYV8              |        0|  35415360|   6 ~ 8198|          -|          -|  0 ~ 4320|        no|
        |- loop_Y_UV10_Y_UV10_420  |        0|  53110080|  6 ~ 12294|          -|          -|  0 ~ 4320|        no|
        |- loop_RGB8_YUV8          |        0|  23630400|   6 ~ 5470|          -|          -|  0 ~ 4320|        no|
        +--------------------------+---------+----------+-----------+-----------+-----------+----------+----------+



================================================================
== Utilization Estimates
================================================================
* Summary: 
+-----------------+---------+------+---------+--------+-----+
|       Name      | BRAM_18K|  DSP |    FF   |   LUT  | URAM|
+-----------------+---------+------+---------+--------+-----+
|DSP              |        -|     -|        -|       -|    -|
|Expression       |        -|     -|        0|     404|    -|
|FIFO             |        -|     -|        -|       -|    -|
|Instance         |        -|     1|     3310|    3479|    -|
|Memory           |        -|     -|        -|       -|    -|
|Multiplexer      |        -|     -|        -|     597|    -|
|Register         |        -|     -|     1810|       -|    -|
+-----------------+---------+------+---------+--------+-----+
|Total            |        0|     1|     5120|    4480|    0|
+-----------------+---------+------+---------+--------+-----+
|Available        |     1934|  1968|  1799680|  899840|  463|
+-----------------+---------+------+---------+--------+-----+
|Utilization (%)  |        0|    ~0|       ~0|      ~0|    0|
+-----------------+---------+------+---------+--------+-----+

+ Detail: 
    * Instance: 
    +------------------------------------------------------------+-------------------------------------------------+---------+----+------+------+-----+
    |                          Instance                          |                      Module                     | BRAM_18K| DSP|  FF  |  LUT | URAM|
    +------------------------------------------------------------+-------------------------------------------------+---------+----+------+------+-----+
    |grp_MultiPixStream2Bytes_Pipeline_VITIS_LOOP_632_1_fu_549   |MultiPixStream2Bytes_Pipeline_VITIS_LOOP_632_1   |        0|   0|   407|   566|    0|
    |grp_MultiPixStream2Bytes_Pipeline_VITIS_LOOP_674_5_fu_519   |MultiPixStream2Bytes_Pipeline_VITIS_LOOP_674_5   |        0|   0|   473|   519|    0|
    |grp_MultiPixStream2Bytes_Pipeline_VITIS_LOOP_806_9_fu_481   |MultiPixStream2Bytes_Pipeline_VITIS_LOOP_806_9   |        0|   0|   835|   951|    0|
    |grp_MultiPixStream2Bytes_Pipeline_VITIS_LOOP_943_13_fu_436  |MultiPixStream2Bytes_Pipeline_VITIS_LOOP_943_13  |        0|   0|  1481|  1372|    0|
    |mul_12ns_14ns_25_1_1_U191                                   |mul_12ns_14ns_25_1_1                             |        0|   1|     0|     0|    0|
    |urem_13ns_6ns_13_17_seq_1_U190                              |urem_13ns_6ns_13_17_seq_1                        |        0|   0|   114|    71|    0|
    +------------------------------------------------------------+-------------------------------------------------+---------+----+------+------+-----+
    |Total                                                       |                                                 |        0|   1|  3310|  3479|    0|
    +------------------------------------------------------------+-------------------------------------------------+---------+----+------+------+-----+

    * DSP: 
    N/A

    * Memory: 
    N/A

    * FIFO: 
    N/A

    * Expression: 
    +------------------------+----------+----+---+----+------------+------------+
    |      Variable Name     | Operation| DSP| FF| LUT| Bitwidth P0| Bitwidth P1|
    +------------------------+----------+----+---+----+------------+------------+
    |add_ln616_fu_1259_p2    |         +|   0|  0|  17|          17|           5|
    |add_ln658_fu_1162_p2    |         +|   0|  0|  17|          17|           5|
    |add_ln789_fu_981_p2     |         +|   0|  0|  17|          17|           5|
    |add_ln925_fu_717_p2     |         +|   0|  0|  17|          17|           5|
    |add_ln926_fu_733_p2     |         +|   0|  0|  12|          12|           2|
    |add_ln934_fu_656_p2     |         +|   0|  0|  23|          11|           8|
    |sub117_fu_1214_p2       |         +|   0|  0|  12|          12|           2|
    |sub220_fu_1025_p2       |         +|   0|  0|  12|          12|           2|
    |sub389_fu_782_p2        |         +|   0|  0|  11|          11|           2|
    |sub40_fu_1297_p2        |         +|   0|  0|  12|          12|           2|
    |y_11_fu_883_p2          |         +|   0|  0|  13|          13|           1|
    |y_5_fu_1402_p2          |         +|   0|  0|  13|          13|           1|
    |y_7_fu_1325_p2          |         +|   0|  0|  13|          13|           1|
    |y_9_fu_1084_p2          |         +|   0|  0|  13|          13|           1|
    |sub_ln934_fu_650_p2     |         -|   0|  0|  23|          11|          11|
    |cmp120_2_fu_1242_p2     |      icmp|   0|  0|   5|           3|           2|
    |cmp120_fu_1220_p2       |      icmp|   0|  0|   5|           3|           1|
    |cmp223_2_fu_1052_p2     |      icmp|   0|  0|   5|           3|           2|
    |cmp223_4_fu_1066_p2     |      icmp|   0|  0|   5|           3|           4|
    |cmp223_5_fu_1072_p2     |      icmp|   0|  0|   5|           3|           3|
    |cmp223_fu_1030_p2       |      icmp|   0|  0|   5|           3|           1|
    |cmp392_2_fu_809_p2      |      icmp|   0|  0|   5|           4|           2|
    |cmp392_4_fu_831_p2      |      icmp|   0|  0|   5|           4|           3|
    |cmp392_5_fu_837_p2      |      icmp|   0|  0|   5|           4|           3|
    |cmp392_6_fu_843_p2      |      icmp|   0|  0|   5|           4|           3|
    |cmp392_fu_787_p2        |      icmp|   0|  0|   5|           4|           1|
    |cmp444_2_fu_871_p2      |      icmp|   0|  0|   5|           3|           2|
    |cmp444_fu_849_p2        |      icmp|   0|  0|   5|           3|           1|
    |icmp13_fu_803_p2        |      icmp|   0|  0|   5|           3|           1|
    |icmp16_fu_825_p2        |      icmp|   0|  0|   5|           2|           1|
    |icmp19_fu_865_p2        |      icmp|   0|  0|   5|           2|           1|
    |icmp9_fu_1046_p2        |      icmp|   0|  0|   5|           2|           1|
    |icmp_fu_1236_p2         |      icmp|   0|  0|   5|           2|           1|
    |icmp_ln620_fu_1284_p2   |      icmp|   0|  0|   5|           3|           1|
    |icmp_ln628_fu_1408_p2   |      icmp|   0|  0|  13|          13|          13|
    |icmp_ln662_fu_1187_p2   |      icmp|   0|  0|   5|           4|           1|
    |icmp_ln670_fu_1331_p2   |      icmp|   0|  0|  13|          13|          13|
    |icmp_ln793_fu_1001_p2   |      icmp|   0|  0|   5|           5|           1|
    |icmp_ln802_fu_1090_p2   |      icmp|   0|  0|  13|          13|          13|
    |icmp_ln930_fu_610_p2    |      icmp|   0|  0|   5|           5|           1|
    |icmp_ln939_fu_889_p2    |      icmp|   0|  0|  13|          13|          13|
    |ap_block_state1         |        or|   0|  0|   2|           1|           1|
    |remainPix_2_fu_1206_p3  |    select|   0|  0|   4|           1|           4|
    |remainPix_4_fu_1017_p3  |    select|   0|  0|   3|           1|           3|
    |remainPix_5_fu_769_p3   |    select|   0|  0|   5|           1|           5|
    |remainTrx_fu_776_p3     |    select|   0|  0|   3|           1|           2|
    +------------------------+----------+----+---+----+------------+------------+
    |Total                   |          |   0|  0| 404|         330|         157|
    +------------------------+----------+----+---+----+------------+------------+

    * Multiplexer: 
    +---------------------------+-----+-----------+-----+-----------+
    |            Name           | LUT | Input Size| Bits| Total Bits|
    +---------------------------+-----+-----------+-----+-----------+
    |WidthInBytes_val2_c_blk_n  |    2|          2|    1|          2|
    |WidthInBytes_val_blk_n     |    2|          2|    1|          2|
    |ap_NS_fsm                  |   42|         34|    1|         34|
    |ap_done                    |    2|          2|    1|          2|
    |bytePlanes_plane0_din      |  128|          4|  256|       1024|
    |bytePlanes_plane0_write    |    6|          5|    1|          5|
    |bytePlanes_plane1_write    |    2|          2|    1|          2|
    |img_read                   |    6|          5|    1|          5|
    |out_pix_UV_fu_272          |  121|          2|  256|        512|
    |out_pix_Y_fu_268           |  121|          2|  256|        512|
    |out_pix_fu_348             |  121|          2|  256|        512|
    |y_1_fu_312                 |   11|          2|   13|         26|
    |y_2_fu_276                 |   11|          2|   13|         26|
    |y_3_fu_216                 |   11|          2|   13|         26|
    |y_fu_352                   |   11|          2|   13|         26|
    +---------------------------+-----+-----------+-----+-----------+
    |Total                      |  597|         70| 1083|       2716|
    +---------------------------+-----+-----------+-----+-----------+

    * Register: 
    +-------------------------------------------------------------------------+-----+----+-----+-----------+
    |                                   Name                                  |  FF | LUT| Bits| Const Bits|
    +-------------------------------------------------------------------------+-----+----+-----+-----------+
    |WidthInBytes_val_read_reg_1515                                           |   16|   0|   16|          0|
    |add_ln926_reg_1718                                                       |   12|   0|   12|          0|
    |ap_CS_fsm                                                                |   33|   0|   33|          0|
    |ap_done_reg                                                              |    1|   0|    1|          0|
    |cmp120_2_reg_2027                                                        |    1|   0|    1|          0|
    |cmp120_reg_2017                                                          |    1|   0|    1|          0|
    |cmp223_2_reg_1868                                                        |    1|   0|    1|          0|
    |cmp223_4_reg_1878                                                        |    1|   0|    1|          0|
    |cmp223_5_reg_1883                                                        |    1|   0|    1|          0|
    |cmp223_reg_1858                                                          |    1|   0|    1|          0|
    |cmp392_2_reg_1744                                                        |    1|   0|    1|          0|
    |cmp392_4_reg_1754                                                        |    1|   0|    1|          0|
    |cmp392_5_reg_1759                                                        |    1|   0|    1|          0|
    |cmp392_6_reg_1764                                                        |    1|   0|    1|          0|
    |cmp392_reg_1734                                                          |    1|   0|    1|          0|
    |cmp444_2_reg_1779                                                        |    1|   0|    1|          0|
    |cmp444_reg_1769                                                          |    1|   0|    1|          0|
    |grp_MultiPixStream2Bytes_Pipeline_VITIS_LOOP_632_1_fu_549_ap_start_reg   |    1|   0|    1|          0|
    |grp_MultiPixStream2Bytes_Pipeline_VITIS_LOOP_674_5_fu_519_ap_start_reg   |    1|   0|    1|          0|
    |grp_MultiPixStream2Bytes_Pipeline_VITIS_LOOP_806_9_fu_481_ap_start_reg   |    1|   0|    1|          0|
    |grp_MultiPixStream2Bytes_Pipeline_VITIS_LOOP_943_13_fu_436_ap_start_reg  |    1|   0|    1|          0|
    |icmp13_reg_1739                                                          |    1|   0|    1|          0|
    |icmp16_reg_1749                                                          |    1|   0|    1|          0|
    |icmp19_reg_1774                                                          |    1|   0|    1|          0|
    |icmp9_reg_1863                                                           |    1|   0|    1|          0|
    |icmp_ln620_reg_2138                                                      |    1|   0|    1|          0|
    |icmp_ln662_reg_2007                                                      |    1|   0|    1|          0|
    |icmp_ln930_reg_1621                                                      |    1|   0|    1|          0|
    |icmp_reg_2022                                                            |    1|   0|    1|          0|
    |out_pix_UV_fu_272                                                        |  256|   0|  256|          0|
    |out_pix_Y_fu_268                                                         |  256|   0|  256|          0|
    |out_pix_fu_348                                                           |  256|   0|  256|          0|
    |pix_10_fu_396                                                            |   10|   0|   10|          0|
    |pix_10_load_reg_2249                                                     |   10|   0|   10|          0|
    |pix_11_fu_400                                                            |   10|   0|   10|          0|
    |pix_11_load_reg_2254                                                     |   10|   0|   10|          0|
    |pix_12_fu_316                                                            |   10|   0|   10|          0|
    |pix_12_load_reg_2156                                                     |   10|   0|   10|          0|
    |pix_13_fu_320                                                            |   10|   0|   10|          0|
    |pix_13_load_reg_2161                                                     |   10|   0|   10|          0|
    |pix_14_fu_324                                                            |   10|   0|   10|          0|
    |pix_14_load_reg_2166                                                     |   10|   0|   10|          0|
    |pix_15_fu_328                                                            |   10|   0|   10|          0|
    |pix_15_load_reg_2171                                                     |   10|   0|   10|          0|
    |pix_16_fu_332                                                            |   10|   0|   10|          0|
    |pix_16_load_reg_2176                                                     |   10|   0|   10|          0|
    |pix_17_fu_336                                                            |   10|   0|   10|          0|
    |pix_17_load_reg_2181                                                     |   10|   0|   10|          0|
    |pix_18_fu_340                                                            |   10|   0|   10|          0|
    |pix_18_load_reg_2186                                                     |   10|   0|   10|          0|
    |pix_19_fu_344                                                            |   10|   0|   10|          0|
    |pix_19_load_reg_2191                                                     |   10|   0|   10|          0|
    |pix_1_fu_360                                                             |   10|   0|   10|          0|
    |pix_1_load_reg_2204                                                      |   10|   0|   10|          0|
    |pix_20_fu_280                                                            |   10|   0|   10|          0|
    |pix_20_load_reg_1891                                                     |   10|   0|   10|          0|
    |pix_21_fu_284                                                            |   10|   0|   10|          0|
    |pix_21_load_reg_1896                                                     |   10|   0|   10|          0|
    |pix_22_fu_288                                                            |   10|   0|   10|          0|
    |pix_22_load_reg_1901                                                     |   10|   0|   10|          0|
    |pix_23_fu_292                                                            |   10|   0|   10|          0|
    |pix_23_load_reg_1906                                                     |   10|   0|   10|          0|
    |pix_24_fu_296                                                            |   10|   0|   10|          0|
    |pix_24_load_reg_1911                                                     |   10|   0|   10|          0|
    |pix_25_fu_300                                                            |   10|   0|   10|          0|
    |pix_25_load_reg_1916                                                     |   10|   0|   10|          0|
    |pix_26_fu_304                                                            |   10|   0|   10|          0|
    |pix_26_load_reg_1921                                                     |   10|   0|   10|          0|
    |pix_27_fu_308                                                            |   10|   0|   10|          0|
    |pix_27_load_reg_1926                                                     |   10|   0|   10|          0|
    |pix_2_fu_364                                                             |   10|   0|   10|          0|
    |pix_2_load_reg_2209                                                      |   10|   0|   10|          0|
    |pix_3_fu_368                                                             |   10|   0|   10|          0|
    |pix_3_load_reg_2214                                                      |   10|   0|   10|          0|
    |pix_4_fu_372                                                             |   10|   0|   10|          0|
    |pix_4_load_reg_2219                                                      |   10|   0|   10|          0|
    |pix_56_fu_220                                                            |   10|   0|   10|          0|
    |pix_56_load_reg_1787                                                     |   10|   0|   10|          0|
    |pix_57_fu_224                                                            |   10|   0|   10|          0|
    |pix_57_load_reg_1792                                                     |   10|   0|   10|          0|
    |pix_58_fu_228                                                            |   10|   0|   10|          0|
    |pix_58_load_reg_1797                                                     |   10|   0|   10|          0|
    |pix_59_fu_232                                                            |   10|   0|   10|          0|
    |pix_59_load_reg_1802                                                     |   10|   0|   10|          0|
    |pix_5_fu_376                                                             |   10|   0|   10|          0|
    |pix_5_load_reg_2224                                                      |   10|   0|   10|          0|
    |pix_60_fu_236                                                            |   10|   0|   10|          0|
    |pix_60_load_reg_1807                                                     |   10|   0|   10|          0|
    |pix_61_fu_240                                                            |   10|   0|   10|          0|
    |pix_61_load_reg_1812                                                     |   10|   0|   10|          0|
    |pix_62_fu_244                                                            |   10|   0|   10|          0|
    |pix_62_load_reg_1817                                                     |   10|   0|   10|          0|
    |pix_63_fu_248                                                            |   10|   0|   10|          0|
    |pix_63_load_reg_1822                                                     |   10|   0|   10|          0|
    |pix_64_fu_252                                                            |   10|   0|   10|          0|
    |pix_64_load_reg_1827                                                     |   10|   0|   10|          0|
    |pix_65_fu_256                                                            |   10|   0|   10|          0|
    |pix_65_load_reg_1832                                                     |   10|   0|   10|          0|
    |pix_66_fu_260                                                            |   10|   0|   10|          0|
    |pix_66_load_reg_1837                                                     |   10|   0|   10|          0|
    |pix_67_fu_264                                                            |   10|   0|   10|          0|
    |pix_67_load_reg_1842                                                     |   10|   0|   10|          0|
    |pix_6_fu_380                                                             |   10|   0|   10|          0|
    |pix_6_load_reg_2229                                                      |   10|   0|   10|          0|
    |pix_7_fu_384                                                             |   10|   0|   10|          0|
    |pix_7_load_reg_2234                                                      |   10|   0|   10|          0|
    |pix_8_fu_388                                                             |   10|   0|   10|          0|
    |pix_8_load_reg_2239                                                      |   10|   0|   10|          0|
    |pix_9_fu_392                                                             |   10|   0|   10|          0|
    |pix_9_load_reg_2244                                                      |   10|   0|   10|          0|
    |pix_fu_356                                                               |   10|   0|   10|          0|
    |pix_load_reg_2199                                                        |   10|   0|   10|          0|
    |sub117_reg_2012                                                          |   12|   0|   12|          0|
    |sub220_reg_1853                                                          |   12|   0|   12|          0|
    |sub389_reg_1729                                                          |   11|   0|   11|          0|
    |sub40_reg_2148                                                           |   12|   0|   12|          0|
    |tmp_15_reg_1628                                                          |    3|   0|    3|          0|
    |tmp_19_reg_1873                                                          |    1|   0|    1|          0|
    |tmp_reg_2143                                                             |    1|   0|    1|          0|
    |trunc_ln4_reg_1723                                                       |   11|   0|   11|          0|
    |trunc_ln5_reg_1633                                                       |    3|   0|    3|          0|
    |trunc_ln616_2_reg_2133                                                   |   12|   0|   12|          0|
    |trunc_ln658_2_reg_2002                                                   |   12|   0|   12|          0|
    |trunc_ln789_1_reg_1847                                                   |   12|   0|   12|          0|
    |trunc_ln802_reg_1931                                                     |    1|   0|    1|          0|
    |y_1_fu_312                                                               |   13|   0|   13|          0|
    |y_2_fu_276                                                               |   13|   0|   13|          0|
    |y_3_fu_216                                                               |   13|   0|   13|          0|
    |y_fu_352                                                                 |   13|   0|   13|          0|
    +-------------------------------------------------------------------------+-----+----+-----+-----------+
    |Total                                                                    | 1810|   0| 1810|          0|
    +-------------------------------------------------------------------------+-----+----+-----+-----------+



================================================================
== Interface
================================================================
* Summary: 
+------------------------------------+-----+-----+------------+----------------------+--------------+
|              RTL Ports             | Dir | Bits|  Protocol  |     Source Object    |    C Type    |
+------------------------------------+-----+-----+------------+----------------------+--------------+
|ap_clk                              |   in|    1|  ap_ctrl_hs|  MultiPixStream2Bytes|  return value|
|ap_rst                              |   in|    1|  ap_ctrl_hs|  MultiPixStream2Bytes|  return value|
|ap_start                            |   in|    1|  ap_ctrl_hs|  MultiPixStream2Bytes|  return value|
|ap_done                             |  out|    1|  ap_ctrl_hs|  MultiPixStream2Bytes|  return value|
|ap_continue                         |   in|    1|  ap_ctrl_hs|  MultiPixStream2Bytes|  return value|
|ap_idle                             |  out|    1|  ap_ctrl_hs|  MultiPixStream2Bytes|  return value|
|ap_ready                            |  out|    1|  ap_ctrl_hs|  MultiPixStream2Bytes|  return value|
|img_dout                            |   in|  120|     ap_fifo|                   img|       pointer|
|img_num_data_valid                  |   in|    3|     ap_fifo|                   img|       pointer|
|img_fifo_cap                        |   in|    3|     ap_fifo|                   img|       pointer|
|img_empty_n                         |   in|    1|     ap_fifo|                   img|       pointer|
|img_read                            |  out|    1|     ap_fifo|                   img|       pointer|
|bytePlanes_plane0_din               |  out|  256|     ap_fifo|     bytePlanes_plane0|       pointer|
|bytePlanes_plane0_num_data_valid    |   in|   10|     ap_fifo|     bytePlanes_plane0|       pointer|
|bytePlanes_plane0_fifo_cap          |   in|   10|     ap_fifo|     bytePlanes_plane0|       pointer|
|bytePlanes_plane0_full_n            |   in|    1|     ap_fifo|     bytePlanes_plane0|       pointer|
|bytePlanes_plane0_write             |  out|    1|     ap_fifo|     bytePlanes_plane0|       pointer|
|bytePlanes_plane1_din               |  out|  256|     ap_fifo|     bytePlanes_plane1|       pointer|
|bytePlanes_plane1_num_data_valid    |   in|   10|     ap_fifo|     bytePlanes_plane1|       pointer|
|bytePlanes_plane1_fifo_cap          |   in|   10|     ap_fifo|     bytePlanes_plane1|       pointer|
|bytePlanes_plane1_full_n            |   in|    1|     ap_fifo|     bytePlanes_plane1|       pointer|
|bytePlanes_plane1_write             |  out|    1|     ap_fifo|     bytePlanes_plane1|       pointer|
|Height_val                          |   in|   13|   ap_stable|            Height_val|        scalar|
|WidthInPix_val                      |   in|   13|   ap_stable|        WidthInPix_val|        scalar|
|WidthInBytes_val_dout               |   in|   16|     ap_fifo|      WidthInBytes_val|       pointer|
|WidthInBytes_val_num_data_valid     |   in|    3|     ap_fifo|      WidthInBytes_val|       pointer|
|WidthInBytes_val_fifo_cap           |   in|    3|     ap_fifo|      WidthInBytes_val|       pointer|
|WidthInBytes_val_empty_n            |   in|    1|     ap_fifo|      WidthInBytes_val|       pointer|
|WidthInBytes_val_read               |  out|    1|     ap_fifo|      WidthInBytes_val|       pointer|
|VideoFormat_val                     |   in|    6|   ap_stable|       VideoFormat_val|        scalar|
|WidthInBytes_val2_c_din             |  out|   16|     ap_fifo|   WidthInBytes_val2_c|       pointer|
|WidthInBytes_val2_c_num_data_valid  |   in|    3|     ap_fifo|   WidthInBytes_val2_c|       pointer|
|WidthInBytes_val2_c_fifo_cap        |   in|    3|     ap_fifo|   WidthInBytes_val2_c|       pointer|
|WidthInBytes_val2_c_full_n          |   in|    1|     ap_fifo|   WidthInBytes_val2_c|       pointer|
|WidthInBytes_val2_c_write           |  out|    1|     ap_fifo|   WidthInBytes_val2_c|       pointer|
+------------------------------------+-----+-----+------------+----------------------+--------------+

