

================================================================
== Vitis HLS Report for 'MultiPixStream2Bytes_Pipeline_VITIS_LOOP_806_9'
================================================================
* Date:           Thu May  9 19:07:20 2024

* Version:        2023.2 (Build 4023990 on Oct 11 2023)
* Project:        prj
* Solution:       sol (Vivado IP Flow Target)
* Product family: versalaicore
* Target device:  xcvc1902-vsva2197-2MP-e-S


================================================================
== Performance Estimates
================================================================
+ Timing: 
    * Summary: 
    +--------+---------+----------+------------+
    |  Clock |  Target | Estimated| Uncertainty|
    +--------+---------+----------+------------+
    |ap_clk  |  3.33 ns|  2.386 ns|     0.90 ns|
    +--------+---------+----------+------------+

+ Latency: 
    * Summary: 
    +---------+---------+----------+-----------+-----+-------+---------+
    |  Latency (cycles) |  Latency (absolute)  |   Interval  | Pipeline|
    |   min   |   max   |    min   |    max    | min |  max  |   Type  |
    +---------+---------+----------+-----------+-----+-------+---------+
    |        3|    12291|  9.999 ns|  40.966 us|    3|  12291|       no|
    +---------+---------+----------+-----------+-----+-------+---------+

    + Detail: 
        * Instance: 
        N/A

        * Loop: 
        +--------------------+---------+---------+----------+-----------+-----------+----------+----------+
        |                    |  Latency (cycles) | Iteration|  Initiation Interval  |   Trip   |          |
        |      Loop Name     |   min   |   max   |  Latency |  achieved |   target  |   Count  | Pipelined|
        +--------------------+---------+---------+----------+-----------+-----------+----------+----------+
        |- VITIS_LOOP_806_9  |        1|    12289|         7|          6|          6|  0 ~ 2048|       yes|
        +--------------------+---------+---------+----------+-----------+-----------+----------+----------+



================================================================
== Utilization Estimates
================================================================
* Summary: 
+-----------------+---------+------+---------+--------+-----+
|       Name      | BRAM_18K|  DSP |    FF   |   LUT  | URAM|
+-----------------+---------+------+---------+--------+-----+
|DSP              |        -|     -|        -|       -|    -|
|Expression       |        -|     -|        0|     105|    -|
|FIFO             |        -|     -|        -|       -|    -|
|Instance         |        -|     -|        -|       -|    -|
|Memory           |        -|     -|        -|       -|    -|
|Multiplexer      |        -|     -|        -|     846|    -|
|Register         |        -|     -|      835|       -|    -|
+-----------------+---------+------+---------+--------+-----+
|Total            |        0|     0|      835|     951|    0|
+-----------------+---------+------+---------+--------+-----+
|Available        |     1934|  1968|  1799680|  899840|  463|
+-----------------+---------+------+---------+--------+-----+
|Utilization (%)  |        0|     0|       ~0|      ~0|    0|
+-----------------+---------+------+---------+--------+-----+

+ Detail: 
    * Instance: 
    N/A

    * DSP: 
    N/A

    * Memory: 
    N/A

    * FIFO: 
    N/A

    * Expression: 
    +----------------------------------+----------+----+---+----+------------+------------+
    |           Variable Name          | Operation| DSP| FF| LUT| Bitwidth P0| Bitwidth P1|
    +----------------------------------+----------+----+---+----+------------+------------+
    |x_3_fu_1174_p2                    |         +|   0|  0|  12|          12|           1|
    |and_ln832_fu_1208_p2              |       and|   0|  0|   2|           1|           1|
    |ap_block_pp0_stage0_01001         |       and|   0|  0|   2|           1|           1|
    |ap_block_pp0_stage1_11001         |       and|   0|  0|   2|           1|           1|
    |ap_block_pp0_stage2_11001         |       and|   0|  0|   2|           1|           1|
    |ap_block_pp0_stage3_11001         |       and|   0|  0|   2|           1|           1|
    |ap_block_pp0_stage4_11001         |       and|   0|  0|   2|           1|           1|
    |ap_block_pp0_stage5_11001         |       and|   0|  0|   2|           1|           1|
    |ap_block_state2_pp0_stage1_iter0  |       and|   0|  0|   2|           1|           1|
    |ap_block_state3_pp0_stage2_iter0  |       and|   0|  0|   2|           1|           1|
    |ap_block_state4_pp0_stage3_iter0  |       and|   0|  0|   2|           1|           1|
    |ap_block_state5_pp0_stage4_iter0  |       and|   0|  0|   2|           1|           1|
    |ap_block_state6_pp0_stage5_iter0  |       and|   0|  0|   2|           1|           1|
    |ap_condition_1033                 |       and|   0|  0|   2|           1|           1|
    |ap_condition_1038                 |       and|   0|  0|   2|           1|           1|
    |ap_condition_1042                 |       and|   0|  0|   2|           1|           1|
    |ap_condition_1046                 |       and|   0|  0|   2|           1|           1|
    |ap_condition_337                  |       and|   0|  0|   2|           1|           1|
    |ap_predicate_op125_read_state2    |       and|   0|  0|   2|           1|           1|
    |ap_predicate_op146_read_state3    |       and|   0|  0|   2|           1|           1|
    |ap_predicate_op170_read_state4    |       and|   0|  0|   2|           1|           1|
    |ap_predicate_op190_read_state5    |       and|   0|  0|   2|           1|           1|
    |ap_predicate_op210_read_state6    |       and|   0|  0|   2|           1|           1|
    |ap_predicate_op230_read_state7    |       and|   0|  0|   2|           1|           1|
    |cmp221_fu_1190_p2                 |      icmp|   0|  0|  13|          13|          13|
    |icmp_ln806_fu_1180_p2             |      icmp|   0|  0|  12|          12|          12|
    |icmp_ln832_fu_1202_p2             |      icmp|   0|  0|   6|           6|           5|
    |ap_block_state7_pp0_stage0_iter1  |        or|   0|  0|   2|           1|           1|
    |or_ln811_1_fu_1278_p2             |        or|   0|  0|   2|           1|           1|
    |or_ln811_2_fu_1286_p2             |        or|   0|  0|   2|           1|           1|
    |or_ln811_3_fu_1290_p2             |        or|   0|  0|   2|           1|           1|
    |or_ln811_4_fu_1294_p2             |        or|   0|  0|   2|           1|           1|
    |or_ln811_5_fu_1298_p2             |        or|   0|  0|   2|           1|           1|
    |or_ln811_fu_1196_p2               |        or|   0|  0|   2|           1|           1|
    |ap_enable_pp0                     |       xor|   0|  0|   2|           1|           2|
    +----------------------------------+----------+----+---+----+------------+------------+
    |Total                             |          |   0|  0| 105|          74|          63|
    +----------------------------------+----------+----+---+----+------------+------------+

    * Multiplexer: 
    +--------------------------------------+-----+-----------+-----+-----------+
    |                 Name                 | LUT | Input Size| Bits| Total Bits|
    +--------------------------------------+-----+-----------+-----+-----------+
    |ap_NS_fsm                             |    6|          7|    1|          7|
    |ap_done_int                           |    2|          2|    1|          2|
    |ap_enable_reg_pp0_iter0               |    2|          2|    1|          2|
    |ap_enable_reg_pp0_iter0_reg           |    2|          2|    1|          2|
    |ap_enable_reg_pp0_iter1               |    2|          2|    1|          2|
    |ap_phi_mux_pix_286_phi_fu_845_p4      |   10|          3|   10|         30|
    |ap_phi_mux_pix_287_phi_fu_835_p4      |   10|          3|   10|         30|
    |ap_phi_mux_pix_288_phi_fu_825_p4      |   10|          3|   10|         30|
    |ap_phi_mux_pix_289_phi_fu_815_p4      |   10|          3|   10|         30|
    |ap_phi_mux_pix_290_phi_fu_805_p4      |   10|          3|   10|         30|
    |ap_phi_mux_pix_291_phi_fu_795_p4      |   10|          3|   10|         30|
    |ap_phi_mux_pix_292_phi_fu_785_p4      |   10|          3|   10|         30|
    |ap_phi_mux_pix_293_phi_fu_775_p4      |   10|          3|   10|         30|
    |ap_phi_reg_pp0_iter0_pix_116_reg_418  |   10|          2|   10|         20|
    |ap_phi_reg_pp0_iter0_pix_117_reg_408  |   10|          2|   10|         20|
    |ap_phi_reg_pp0_iter0_pix_118_reg_398  |   10|          2|   10|         20|
    |ap_phi_reg_pp0_iter0_pix_119_reg_388  |   10|          2|   10|         20|
    |ap_phi_reg_pp0_iter0_pix_120_reg_378  |   10|          2|   10|         20|
    |ap_phi_reg_pp0_iter0_pix_121_reg_368  |   10|          2|   10|         20|
    |ap_phi_reg_pp0_iter0_pix_122_reg_358  |   10|          2|   10|         20|
    |ap_phi_reg_pp0_iter0_pix_123_reg_348  |   10|          2|   10|         20|
    |ap_phi_reg_pp0_iter0_pix_172_reg_505  |   10|          2|   10|         20|
    |ap_phi_reg_pp0_iter0_pix_173_reg_494  |   10|          2|   10|         20|
    |ap_phi_reg_pp0_iter0_pix_174_reg_483  |   10|          2|   10|         20|
    |ap_phi_reg_pp0_iter0_pix_175_reg_472  |   10|          2|   10|         20|
    |ap_phi_reg_pp0_iter0_pix_176_reg_461  |   10|          2|   10|         20|
    |ap_phi_reg_pp0_iter0_pix_177_reg_450  |   10|          2|   10|         20|
    |ap_phi_reg_pp0_iter0_pix_178_reg_439  |   10|          2|   10|         20|
    |ap_phi_reg_pp0_iter0_pix_179_reg_428  |   10|          2|   10|         20|
    |ap_phi_reg_pp0_iter0_pix_216_reg_593  |   10|          2|   10|         20|
    |ap_phi_reg_pp0_iter0_pix_217_reg_582  |   10|          2|   10|         20|
    |ap_phi_reg_pp0_iter0_pix_218_reg_571  |   10|          2|   10|         20|
    |ap_phi_reg_pp0_iter0_pix_219_reg_560  |   10|          2|   10|         20|
    |ap_phi_reg_pp0_iter0_pix_220_reg_549  |   10|          2|   10|         20|
    |ap_phi_reg_pp0_iter0_pix_221_reg_538  |   10|          2|   10|         20|
    |ap_phi_reg_pp0_iter0_pix_222_reg_527  |   10|          2|   10|         20|
    |ap_phi_reg_pp0_iter0_pix_223_reg_516  |   10|          2|   10|         20|
    |ap_phi_reg_pp0_iter0_pix_254_reg_681  |   10|          2|   10|         20|
    |ap_phi_reg_pp0_iter0_pix_255_reg_670  |   10|          2|   10|         20|
    |ap_phi_reg_pp0_iter0_pix_256_reg_659  |   10|          2|   10|         20|
    |ap_phi_reg_pp0_iter0_pix_257_reg_648  |   10|          2|   10|         20|
    |ap_phi_reg_pp0_iter0_pix_258_reg_637  |   10|          2|   10|         20|
    |ap_phi_reg_pp0_iter0_pix_259_reg_626  |   10|          2|   10|         20|
    |ap_phi_reg_pp0_iter0_pix_260_reg_615  |   10|          2|   10|         20|
    |ap_phi_reg_pp0_iter0_pix_261_reg_604  |   10|          2|   10|         20|
    |ap_phi_reg_pp0_iter1_pix_270_reg_762  |   10|          3|   10|         30|
    |ap_phi_reg_pp0_iter1_pix_271_reg_752  |   10|          3|   10|         30|
    |ap_phi_reg_pp0_iter1_pix_272_reg_742  |   10|          3|   10|         30|
    |ap_phi_reg_pp0_iter1_pix_273_reg_732  |   10|          3|   10|         30|
    |ap_phi_reg_pp0_iter1_pix_274_reg_722  |   10|          3|   10|         30|
    |ap_phi_reg_pp0_iter1_pix_275_reg_712  |   10|          3|   10|         30|
    |ap_phi_reg_pp0_iter1_pix_276_reg_702  |   10|          3|   10|         30|
    |ap_phi_reg_pp0_iter1_pix_277_reg_692  |   10|          3|   10|         30|
    |ap_sig_allocacmp_x                    |   12|          2|   12|         24|
    |bytePlanes_plane0_blk_n               |    2|          2|    1|          2|
    |bytePlanes_plane1_blk_n               |    2|          2|    1|          2|
    |img_blk_n                             |    2|          2|    1|          2|
    |out_pix_UV_1_out_o                    |  121|          2|  256|        512|
    |out_pix_Y_1_out_o                     |  121|          2|  256|        512|
    |pix_48_fu_188                         |   10|          2|   10|         20|
    |pix_49_fu_192                         |   10|          2|   10|         20|
    |pix_50_fu_196                         |   10|          2|   10|         20|
    |pix_51_fu_200                         |   10|          2|   10|         20|
    |pix_52_fu_204                         |   10|          2|   10|         20|
    |pix_53_fu_208                         |   10|          2|   10|         20|
    |pix_54_fu_212                         |   10|          2|   10|         20|
    |pix_55_fu_216                         |   10|          2|   10|         20|
    |x_2_fu_184                            |   12|          2|   12|         24|
    +--------------------------------------+-----+-----------+-----+-----------+
    |Total                                 |  846|        157| 1104|       2373|
    +--------------------------------------+-----+-----------+-----+-----------+

    * Register: 
    +--------------------------------------+----+----+-----+-----------+
    |                 Name                 | FF | LUT| Bits| Const Bits|
    +--------------------------------------+----+----+-----+-----------+
    |and_ln832_reg_2067                    |   1|   0|    1|          0|
    |ap_CS_fsm                             |   6|   0|    6|          0|
    |ap_done_reg                           |   1|   0|    1|          0|
    |ap_enable_reg_pp0_iter0_reg           |   1|   0|    1|          0|
    |ap_enable_reg_pp0_iter1               |   1|   0|    1|          0|
    |ap_phi_reg_pp0_iter0_pix_116_reg_418  |  10|   0|   10|          0|
    |ap_phi_reg_pp0_iter0_pix_117_reg_408  |  10|   0|   10|          0|
    |ap_phi_reg_pp0_iter0_pix_118_reg_398  |  10|   0|   10|          0|
    |ap_phi_reg_pp0_iter0_pix_119_reg_388  |  10|   0|   10|          0|
    |ap_phi_reg_pp0_iter0_pix_120_reg_378  |  10|   0|   10|          0|
    |ap_phi_reg_pp0_iter0_pix_121_reg_368  |  10|   0|   10|          0|
    |ap_phi_reg_pp0_iter0_pix_122_reg_358  |  10|   0|   10|          0|
    |ap_phi_reg_pp0_iter0_pix_123_reg_348  |  10|   0|   10|          0|
    |ap_phi_reg_pp0_iter0_pix_172_reg_505  |  10|   0|   10|          0|
    |ap_phi_reg_pp0_iter0_pix_173_reg_494  |  10|   0|   10|          0|
    |ap_phi_reg_pp0_iter0_pix_174_reg_483  |  10|   0|   10|          0|
    |ap_phi_reg_pp0_iter0_pix_175_reg_472  |  10|   0|   10|          0|
    |ap_phi_reg_pp0_iter0_pix_176_reg_461  |  10|   0|   10|          0|
    |ap_phi_reg_pp0_iter0_pix_177_reg_450  |  10|   0|   10|          0|
    |ap_phi_reg_pp0_iter0_pix_178_reg_439  |  10|   0|   10|          0|
    |ap_phi_reg_pp0_iter0_pix_179_reg_428  |  10|   0|   10|          0|
    |ap_phi_reg_pp0_iter0_pix_216_reg_593  |  10|   0|   10|          0|
    |ap_phi_reg_pp0_iter0_pix_217_reg_582  |  10|   0|   10|          0|
    |ap_phi_reg_pp0_iter0_pix_218_reg_571  |  10|   0|   10|          0|
    |ap_phi_reg_pp0_iter0_pix_219_reg_560  |  10|   0|   10|          0|
    |ap_phi_reg_pp0_iter0_pix_220_reg_549  |  10|   0|   10|          0|
    |ap_phi_reg_pp0_iter0_pix_221_reg_538  |  10|   0|   10|          0|
    |ap_phi_reg_pp0_iter0_pix_222_reg_527  |  10|   0|   10|          0|
    |ap_phi_reg_pp0_iter0_pix_223_reg_516  |  10|   0|   10|          0|
    |ap_phi_reg_pp0_iter0_pix_254_reg_681  |  10|   0|   10|          0|
    |ap_phi_reg_pp0_iter0_pix_255_reg_670  |  10|   0|   10|          0|
    |ap_phi_reg_pp0_iter0_pix_256_reg_659  |  10|   0|   10|          0|
    |ap_phi_reg_pp0_iter0_pix_257_reg_648  |  10|   0|   10|          0|
    |ap_phi_reg_pp0_iter0_pix_258_reg_637  |  10|   0|   10|          0|
    |ap_phi_reg_pp0_iter0_pix_259_reg_626  |  10|   0|   10|          0|
    |ap_phi_reg_pp0_iter0_pix_260_reg_615  |  10|   0|   10|          0|
    |ap_phi_reg_pp0_iter0_pix_261_reg_604  |  10|   0|   10|          0|
    |ap_phi_reg_pp0_iter1_pix_270_reg_762  |  10|   0|   10|          0|
    |ap_phi_reg_pp0_iter1_pix_271_reg_752  |  10|   0|   10|          0|
    |ap_phi_reg_pp0_iter1_pix_272_reg_742  |  10|   0|   10|          0|
    |ap_phi_reg_pp0_iter1_pix_273_reg_732  |  10|   0|   10|          0|
    |ap_phi_reg_pp0_iter1_pix_274_reg_722  |  10|   0|   10|          0|
    |ap_phi_reg_pp0_iter1_pix_275_reg_712  |  10|   0|   10|          0|
    |ap_phi_reg_pp0_iter1_pix_276_reg_702  |  10|   0|   10|          0|
    |ap_phi_reg_pp0_iter1_pix_277_reg_692  |  10|   0|   10|          0|
    |cmp221_reg_2054                       |   1|   0|    1|          0|
    |cmp223_2_read_reg_2030                |   1|   0|    1|          0|
    |cmp223_4_read_reg_2040                |   1|   0|    1|          0|
    |cmp223_5_read_reg_2045                |   1|   0|    1|          0|
    |icmp9_read_reg_2025                   |   1|   0|    1|          0|
    |icmp_ln806_reg_2050                   |   1|   0|    1|          0|
    |or_ln811_1_reg_2116                   |   1|   0|    1|          0|
    |or_ln811_2_reg_2125                   |   1|   0|    1|          0|
    |or_ln811_3_reg_2129                   |   1|   0|    1|          0|
    |or_ln811_4_reg_2133                   |   1|   0|    1|          0|
    |or_ln811_5_reg_2137                   |   1|   0|    1|          0|
    |or_ln811_reg_2063                     |   1|   0|    1|          0|
    |pix_116_reg_418                       |  10|   0|   10|          0|
    |pix_117_reg_408                       |  10|   0|   10|          0|
    |pix_118_reg_398                       |  10|   0|   10|          0|
    |pix_119_reg_388                       |  10|   0|   10|          0|
    |pix_120_reg_378                       |  10|   0|   10|          0|
    |pix_121_reg_368                       |  10|   0|   10|          0|
    |pix_122_reg_358                       |  10|   0|   10|          0|
    |pix_123_reg_348                       |  10|   0|   10|          0|
    |pix_172_reg_505                       |  10|   0|   10|          0|
    |pix_173_reg_494                       |  10|   0|   10|          0|
    |pix_174_reg_483                       |  10|   0|   10|          0|
    |pix_175_reg_472                       |  10|   0|   10|          0|
    |pix_176_reg_461                       |  10|   0|   10|          0|
    |pix_177_reg_450                       |  10|   0|   10|          0|
    |pix_178_reg_439                       |  10|   0|   10|          0|
    |pix_179_reg_428                       |  10|   0|   10|          0|
    |pix_216_reg_593                       |  10|   0|   10|          0|
    |pix_217_reg_582                       |  10|   0|   10|          0|
    |pix_218_reg_571                       |  10|   0|   10|          0|
    |pix_219_reg_560                       |  10|   0|   10|          0|
    |pix_220_reg_549                       |  10|   0|   10|          0|
    |pix_221_reg_538                       |  10|   0|   10|          0|
    |pix_222_reg_527                       |  10|   0|   10|          0|
    |pix_223_reg_516                       |  10|   0|   10|          0|
    |pix_254_reg_681                       |  10|   0|   10|          0|
    |pix_255_reg_670                       |  10|   0|   10|          0|
    |pix_256_reg_659                       |  10|   0|   10|          0|
    |pix_257_reg_648                       |  10|   0|   10|          0|
    |pix_258_reg_637                       |  10|   0|   10|          0|
    |pix_259_reg_626                       |  10|   0|   10|          0|
    |pix_260_reg_615                       |  10|   0|   10|          0|
    |pix_261_reg_604                       |  10|   0|   10|          0|
    |pix_48_fu_188                         |  10|   0|   10|          0|
    |pix_49_fu_192                         |  10|   0|   10|          0|
    |pix_50_fu_196                         |  10|   0|   10|          0|
    |pix_51_fu_200                         |  10|   0|   10|          0|
    |pix_52_fu_204                         |  10|   0|   10|          0|
    |pix_53_fu_208                         |  10|   0|   10|          0|
    |pix_54_fu_212                         |  10|   0|   10|          0|
    |pix_55_fu_216                         |  10|   0|   10|          0|
    |tmp_15_reg_2035                       |   1|   0|    1|          0|
    |x_2_fu_184                            |  12|   0|   12|          0|
    +--------------------------------------+----+----+-----+-----------+
    |Total                                 | 835|   0|  835|          0|
    +--------------------------------------+----+----+-----+-----------+



================================================================
== Interface
================================================================
* Summary: 
+----------------------------------+-----+-----+------------+------------------------------------------------+--------------+
|             RTL Ports            | Dir | Bits|  Protocol  |                  Source Object                 |    C Type    |
+----------------------------------+-----+-----+------------+------------------------------------------------+--------------+
|ap_clk                            |   in|    1|  ap_ctrl_hs|  MultiPixStream2Bytes_Pipeline_VITIS_LOOP_806_9|  return value|
|ap_rst                            |   in|    1|  ap_ctrl_hs|  MultiPixStream2Bytes_Pipeline_VITIS_LOOP_806_9|  return value|
|ap_start                          |   in|    1|  ap_ctrl_hs|  MultiPixStream2Bytes_Pipeline_VITIS_LOOP_806_9|  return value|
|ap_done                           |  out|    1|  ap_ctrl_hs|  MultiPixStream2Bytes_Pipeline_VITIS_LOOP_806_9|  return value|
|ap_idle                           |  out|    1|  ap_ctrl_hs|  MultiPixStream2Bytes_Pipeline_VITIS_LOOP_806_9|  return value|
|ap_ready                          |  out|    1|  ap_ctrl_hs|  MultiPixStream2Bytes_Pipeline_VITIS_LOOP_806_9|  return value|
|img_dout                          |   in|  120|     ap_fifo|                                             img|       pointer|
|img_num_data_valid                |   in|    3|     ap_fifo|                                             img|       pointer|
|img_fifo_cap                      |   in|    3|     ap_fifo|                                             img|       pointer|
|img_empty_n                       |   in|    1|     ap_fifo|                                             img|       pointer|
|img_read                          |  out|    1|     ap_fifo|                                             img|       pointer|
|pix_27                            |   in|   10|     ap_none|                                          pix_27|        scalar|
|pix_26                            |   in|   10|     ap_none|                                          pix_26|        scalar|
|pix_25                            |   in|   10|     ap_none|                                          pix_25|        scalar|
|pix_24                            |   in|   10|     ap_none|                                          pix_24|        scalar|
|pix_23                            |   in|   10|     ap_none|                                          pix_23|        scalar|
|pix_22                            |   in|   10|     ap_none|                                          pix_22|        scalar|
|pix_21                            |   in|   10|     ap_none|                                          pix_21|        scalar|
|pix_20                            |   in|   10|     ap_none|                                          pix_20|        scalar|
|trunc_ln789_1                     |   in|   12|     ap_none|                                   trunc_ln789_1|        scalar|
|bytePlanes_plane1_din             |  out|  256|     ap_fifo|                               bytePlanes_plane1|       pointer|
|bytePlanes_plane1_num_data_valid  |   in|   10|     ap_fifo|                               bytePlanes_plane1|       pointer|
|bytePlanes_plane1_fifo_cap        |   in|   10|     ap_fifo|                               bytePlanes_plane1|       pointer|
|bytePlanes_plane1_full_n          |   in|    1|     ap_fifo|                               bytePlanes_plane1|       pointer|
|bytePlanes_plane1_write           |  out|    1|     ap_fifo|                               bytePlanes_plane1|       pointer|
|bytePlanes_plane0_din             |  out|  256|     ap_fifo|                               bytePlanes_plane0|       pointer|
|bytePlanes_plane0_num_data_valid  |   in|   10|     ap_fifo|                               bytePlanes_plane0|       pointer|
|bytePlanes_plane0_fifo_cap        |   in|   10|     ap_fifo|                               bytePlanes_plane0|       pointer|
|bytePlanes_plane0_full_n          |   in|    1|     ap_fifo|                               bytePlanes_plane0|       pointer|
|bytePlanes_plane0_write           |  out|    1|     ap_fifo|                               bytePlanes_plane0|       pointer|
|VideoFormat_val                   |   in|    6|   ap_stable|                                 VideoFormat_val|        scalar|
|empty_66                          |   in|    1|     ap_none|                                        empty_66|        scalar|
|cmp223_5                          |   in|    1|   ap_stable|                                        cmp223_5|        scalar|
|cmp223_4                          |   in|    1|   ap_stable|                                        cmp223_4|        scalar|
|empty                             |   in|    1|   ap_stable|                                           empty|        scalar|
|cmp223_2                          |   in|    1|   ap_stable|                                        cmp223_2|        scalar|
|icmp9                             |   in|    1|   ap_stable|                                           icmp9|        scalar|
|sub220_cast                       |   in|   12|     ap_none|                                     sub220_cast|        scalar|
|cmp223                            |   in|    1|   ap_stable|                                          cmp223|        scalar|
|pix_55_out                        |  out|   10|      ap_vld|                                      pix_55_out|       pointer|
|pix_55_out_ap_vld                 |  out|    1|      ap_vld|                                      pix_55_out|       pointer|
|pix_54_out                        |  out|   10|      ap_vld|                                      pix_54_out|       pointer|
|pix_54_out_ap_vld                 |  out|    1|      ap_vld|                                      pix_54_out|       pointer|
|pix_53_out                        |  out|   10|      ap_vld|                                      pix_53_out|       pointer|
|pix_53_out_ap_vld                 |  out|    1|      ap_vld|                                      pix_53_out|       pointer|
|pix_52_out                        |  out|   10|      ap_vld|                                      pix_52_out|       pointer|
|pix_52_out_ap_vld                 |  out|    1|      ap_vld|                                      pix_52_out|       pointer|
|pix_51_out                        |  out|   10|      ap_vld|                                      pix_51_out|       pointer|
|pix_51_out_ap_vld                 |  out|    1|      ap_vld|                                      pix_51_out|       pointer|
|pix_50_out                        |  out|   10|      ap_vld|                                      pix_50_out|       pointer|
|pix_50_out_ap_vld                 |  out|    1|      ap_vld|                                      pix_50_out|       pointer|
|pix_49_out                        |  out|   10|      ap_vld|                                      pix_49_out|       pointer|
|pix_49_out_ap_vld                 |  out|    1|      ap_vld|                                      pix_49_out|       pointer|
|pix_48_out                        |  out|   10|      ap_vld|                                      pix_48_out|       pointer|
|pix_48_out_ap_vld                 |  out|    1|      ap_vld|                                      pix_48_out|       pointer|
|out_pix_UV_1_out_i                |   in|  256|     ap_ovld|                                out_pix_UV_1_out|       pointer|
|out_pix_UV_1_out_o                |  out|  256|     ap_ovld|                                out_pix_UV_1_out|       pointer|
|out_pix_UV_1_out_o_ap_vld         |  out|    1|     ap_ovld|                                out_pix_UV_1_out|       pointer|
|out_pix_Y_1_out_i                 |   in|  256|     ap_ovld|                                 out_pix_Y_1_out|       pointer|
|out_pix_Y_1_out_o                 |  out|  256|     ap_ovld|                                 out_pix_Y_1_out|       pointer|
|out_pix_Y_1_out_o_ap_vld          |  out|    1|     ap_ovld|                                 out_pix_Y_1_out|       pointer|
+----------------------------------+-----+-----+------------+------------------------------------------------+--------------+

