

================================================================
== Vitis HLS Report for 'MultiPixStream2Bytes_Pipeline_VITIS_LOOP_632_1'
================================================================
* Date:           Thu May  9 19:07:21 2024

* Version:        2023.2 (Build 4023990 on Oct 11 2023)
* Project:        prj
* Solution:       sol (Vivado IP Flow Target)
* Product family: versalaicore
* Target device:  xcvc1902-vsva2197-2MP-e-S


================================================================
== Performance Estimates
================================================================
+ Timing: 
    * Summary: 
    +--------+---------+----------+------------+
    |  Clock |  Target | Estimated| Uncertainty|
    +--------+---------+----------+------------+
    |ap_clk  |  3.33 ns|  2.386 ns|     0.90 ns|
    +--------+---------+----------+------------+

+ Latency: 
    * Summary: 
    +---------+---------+----------+-----------+-----+------+---------+
    |  Latency (cycles) |  Latency (absolute)  |  Interval  | Pipeline|
    |   min   |   max   |    min   |    max    | min |  max |   Type  |
    +---------+---------+----------+-----------+-----+------+---------+
    |        2|     6146|  6.666 ns|  20.485 us|    2|  6146|       no|
    +---------+---------+----------+-----------+-----+------+---------+

    + Detail: 
        * Instance: 
        N/A

        * Loop: 
        +--------------------+---------+---------+----------+-----------+-----------+----------+----------+
        |                    |  Latency (cycles) | Iteration|  Initiation Interval  |   Trip   |          |
        |      Loop Name     |   min   |   max   |  Latency |  achieved |   target  |   Count  | Pipelined|
        +--------------------+---------+---------+----------+-----------+-----------+----------+----------+
        |- VITIS_LOOP_632_1  |        0|     6144|         3|          3|          3|  0 ~ 2048|       yes|
        +--------------------+---------+---------+----------+-----------+-----------+----------+----------+



================================================================
== Utilization Estimates
================================================================
* Summary: 
+-----------------+---------+------+---------+--------+-----+
|       Name      | BRAM_18K|  DSP |    FF   |   LUT  | URAM|
+-----------------+---------+------+---------+--------+-----+
|DSP              |        -|     -|        -|       -|    -|
|Expression       |        -|     -|        0|      59|    -|
|FIFO             |        -|     -|        -|       -|    -|
|Instance         |        -|     -|        -|       -|    -|
|Memory           |        -|     -|        -|       -|    -|
|Multiplexer      |        -|     -|        -|     507|    -|
|Register         |        -|     -|      407|       -|    -|
+-----------------+---------+------+---------+--------+-----+
|Total            |        0|     0|      407|     566|    0|
+-----------------+---------+------+---------+--------+-----+
|Available        |     1934|  1968|  1799680|  899840|  463|
+-----------------+---------+------+---------+--------+-----+
|Utilization (%)  |        0|     0|       ~0|      ~0|    0|
+-----------------+---------+------+---------+--------+-----+

+ Detail: 
    * Instance: 
    N/A

    * DSP: 
    N/A

    * Memory: 
    N/A

    * FIFO: 
    N/A

    * Expression: 
    +----------------------------------+----------+----+---+----+------------+------------+
    |           Variable Name          | Operation| DSP| FF| LUT| Bitwidth P0| Bitwidth P1|
    +----------------------------------+----------+----+---+----+------------+------------+
    |x_6_fu_970_p2                     |         +|   0|  0|  12|          12|           1|
    |ap_block_pp0_stage0_01001         |       and|   0|  0|   2|           1|           1|
    |ap_block_pp0_stage2_11001         |       and|   0|  0|   2|           1|           1|
    |ap_block_state3_pp0_stage2_iter0  |       and|   0|  0|   2|           1|           1|
    |ap_condition_262                  |       and|   0|  0|   2|           1|           1|
    |ap_predicate_op133_read_state3    |       and|   0|  0|   2|           1|           1|
    |ap_predicate_op172_read_state4    |       and|   0|  0|   2|           1|           1|
    |cmp41_fu_985_p2                   |      icmp|   0|  0|  13|          13|          13|
    |icmp_ln632_fu_976_p2              |      icmp|   0|  0|  12|          12|          12|
    |ap_block_state4_pp0_stage0_iter1  |        or|   0|  0|   2|           1|           1|
    |or_ln637_1_fu_1004_p2             |        or|   0|  0|   2|           1|           1|
    |or_ln637_2_fu_990_p2              |        or|   0|  0|   2|           1|           1|
    |or_ln637_fu_994_p2                |        or|   0|  0|   2|           1|           1|
    |ap_enable_pp0                     |       xor|   0|  0|   2|           1|           2|
    +----------------------------------+----------+----+---+----+------------+------------+
    |Total                             |          |   0|  0|  59|          48|          38|
    +----------------------------------+----------+----+---+----+------------+------------+

    * Multiplexer: 
    +-------------------------------------+-----+-----------+-----+-----------+
    |                 Name                | LUT | Input Size| Bits| Total Bits|
    +-------------------------------------+-----+-----------+-----+-----------+
    |ap_NS_fsm                            |    2|          4|    1|          4|
    |ap_done_int                          |    2|          2|    1|          2|
    |ap_enable_reg_pp0_iter0              |    2|          2|    1|          2|
    |ap_enable_reg_pp0_iter0_reg          |    2|          2|    1|          2|
    |ap_enable_reg_pp0_iter1              |    2|          2|    1|          2|
    |ap_phi_mux_pix_136_phi_fu_572_p4     |   10|          3|   10|         30|
    |ap_phi_mux_pix_137_phi_fu_562_p4     |   10|          3|   10|         30|
    |ap_phi_mux_pix_138_phi_fu_552_p4     |   10|          3|   10|         30|
    |ap_phi_mux_pix_139_phi_fu_542_p4     |   10|          3|   10|         30|
    |ap_phi_mux_pix_140_phi_fu_532_p4     |   10|          3|   10|         30|
    |ap_phi_mux_pix_141_phi_fu_522_p4     |   10|          3|   10|         30|
    |ap_phi_mux_pix_142_phi_fu_512_p4     |   10|          3|   10|         30|
    |ap_phi_mux_pix_143_phi_fu_502_p4     |   10|          3|   10|         30|
    |ap_phi_mux_pix_144_phi_fu_492_p4     |   10|          3|   10|         30|
    |ap_phi_mux_pix_145_phi_fu_482_p4     |   10|          3|   10|         30|
    |ap_phi_mux_pix_146_phi_fu_472_p4     |   10|          3|   10|         30|
    |ap_phi_mux_pix_147_phi_fu_462_p4     |   10|          3|   10|         30|
    |ap_phi_reg_pp0_iter1_pix_80_reg_450  |   10|          2|   10|         20|
    |ap_phi_reg_pp0_iter1_pix_81_reg_441  |   10|          2|   10|         20|
    |ap_phi_reg_pp0_iter1_pix_82_reg_432  |   10|          2|   10|         20|
    |ap_phi_reg_pp0_iter1_pix_83_reg_423  |   10|          2|   10|         20|
    |ap_phi_reg_pp0_iter1_pix_84_reg_414  |   10|          2|   10|         20|
    |ap_phi_reg_pp0_iter1_pix_85_reg_405  |   10|          2|   10|         20|
    |ap_phi_reg_pp0_iter1_pix_86_reg_396  |   10|          2|   10|         20|
    |ap_phi_reg_pp0_iter1_pix_87_reg_387  |   10|          2|   10|         20|
    |ap_phi_reg_pp0_iter1_pix_88_reg_378  |   10|          2|   10|         20|
    |ap_phi_reg_pp0_iter1_pix_89_reg_369  |   10|          2|   10|         20|
    |ap_phi_reg_pp0_iter1_pix_90_reg_360  |   10|          2|   10|         20|
    |ap_phi_reg_pp0_iter1_pix_91_reg_351  |   10|          2|   10|         20|
    |bytePlanes_plane0_blk_n              |    2|          2|    1|          2|
    |img_blk_n                            |    2|          2|    1|          2|
    |out_pix_1_out_o                      |  121|          2|  256|        512|
    |pix_28_fu_194                        |   10|          2|   10|         20|
    |pix_29_fu_198                        |   10|          2|   10|         20|
    |pix_30_fu_202                        |   10|          2|   10|         20|
    |pix_31_fu_206                        |   10|          2|   10|         20|
    |pix_32_fu_210                        |   10|          2|   10|         20|
    |pix_33_fu_214                        |   10|          2|   10|         20|
    |pix_34_fu_218                        |   10|          2|   10|         20|
    |pix_35_fu_222                        |   10|          2|   10|         20|
    |pix_36_fu_226                        |   10|          2|   10|         20|
    |pix_37_fu_230                        |   10|          2|   10|         20|
    |pix_38_fu_234                        |   10|          2|   10|         20|
    |pix_39_fu_238                        |   10|          2|   10|         20|
    |x_fu_190                             |   12|          2|   12|         24|
    +-------------------------------------+-----+-----------+-----+-----------+
    |Total                                |  507|        104|  635|       1392|
    +-------------------------------------+-----+-----------+-----+-----------+

    * Register: 
    +-------------------------------------+----+----+-----+-----------+
    |                 Name                | FF | LUT| Bits| Const Bits|
    +-------------------------------------+----+----+-----+-----------+
    |ap_CS_fsm                            |   3|   0|    3|          0|
    |ap_done_reg                          |   1|   0|    1|          0|
    |ap_enable_reg_pp0_iter0_reg          |   1|   0|    1|          0|
    |ap_enable_reg_pp0_iter1              |   1|   0|    1|          0|
    |ap_phi_reg_pp0_iter0_pix_80_reg_450  |  10|   0|   10|          0|
    |ap_phi_reg_pp0_iter0_pix_81_reg_441  |  10|   0|   10|          0|
    |ap_phi_reg_pp0_iter0_pix_82_reg_432  |  10|   0|   10|          0|
    |ap_phi_reg_pp0_iter0_pix_83_reg_423  |  10|   0|   10|          0|
    |ap_phi_reg_pp0_iter0_pix_84_reg_414  |  10|   0|   10|          0|
    |ap_phi_reg_pp0_iter0_pix_85_reg_405  |  10|   0|   10|          0|
    |ap_phi_reg_pp0_iter0_pix_86_reg_396  |  10|   0|   10|          0|
    |ap_phi_reg_pp0_iter0_pix_87_reg_387  |  10|   0|   10|          0|
    |ap_phi_reg_pp0_iter0_pix_88_reg_378  |  10|   0|   10|          0|
    |ap_phi_reg_pp0_iter0_pix_89_reg_369  |  10|   0|   10|          0|
    |ap_phi_reg_pp0_iter0_pix_90_reg_360  |  10|   0|   10|          0|
    |ap_phi_reg_pp0_iter0_pix_91_reg_351  |  10|   0|   10|          0|
    |ap_phi_reg_pp0_iter1_pix_80_reg_450  |  10|   0|   10|          0|
    |ap_phi_reg_pp0_iter1_pix_81_reg_441  |  10|   0|   10|          0|
    |ap_phi_reg_pp0_iter1_pix_82_reg_432  |  10|   0|   10|          0|
    |ap_phi_reg_pp0_iter1_pix_83_reg_423  |  10|   0|   10|          0|
    |ap_phi_reg_pp0_iter1_pix_84_reg_414  |  10|   0|   10|          0|
    |ap_phi_reg_pp0_iter1_pix_85_reg_405  |  10|   0|   10|          0|
    |ap_phi_reg_pp0_iter1_pix_86_reg_396  |  10|   0|   10|          0|
    |ap_phi_reg_pp0_iter1_pix_87_reg_387  |  10|   0|   10|          0|
    |ap_phi_reg_pp0_iter1_pix_88_reg_378  |  10|   0|   10|          0|
    |ap_phi_reg_pp0_iter1_pix_89_reg_369  |  10|   0|   10|          0|
    |ap_phi_reg_pp0_iter1_pix_90_reg_360  |  10|   0|   10|          0|
    |ap_phi_reg_pp0_iter1_pix_91_reg_351  |  10|   0|   10|          0|
    |cmp41_reg_1761                       |   1|   0|    1|          0|
    |icmp_ln632_reg_1757                  |   1|   0|    1|          0|
    |or_ln637_1_reg_1830                  |   1|   0|    1|          0|
    |or_ln637_reg_1766                    |   1|   0|    1|          0|
    |pix_28_fu_194                        |  10|   0|   10|          0|
    |pix_29_fu_198                        |  10|   0|   10|          0|
    |pix_30_fu_202                        |  10|   0|   10|          0|
    |pix_31_fu_206                        |  10|   0|   10|          0|
    |pix_32_fu_210                        |  10|   0|   10|          0|
    |pix_33_fu_214                        |  10|   0|   10|          0|
    |pix_34_fu_218                        |  10|   0|   10|          0|
    |pix_35_fu_222                        |  10|   0|   10|          0|
    |pix_36_fu_226                        |  10|   0|   10|          0|
    |pix_37_fu_230                        |  10|   0|   10|          0|
    |pix_38_fu_234                        |  10|   0|   10|          0|
    |pix_39_fu_238                        |  10|   0|   10|          0|
    |sub40_cast_cast_reg_1686             |  13|   0|   13|          0|
    |x_6_reg_1751                         |  12|   0|   12|          0|
    |x_fu_190                             |  12|   0|   12|          0|
    +-------------------------------------+----+----+-----+-----------+
    |Total                                | 407|   0|  407|          0|
    +-------------------------------------+----+----+-----+-----------+



================================================================
== Interface
================================================================
* Summary: 
+----------------------------------+-----+-----+------------+------------------------------------------------+--------------+
|             RTL Ports            | Dir | Bits|  Protocol  |                  Source Object                 |    C Type    |
+----------------------------------+-----+-----+------------+------------------------------------------------+--------------+
|ap_clk                            |   in|    1|  ap_ctrl_hs|  MultiPixStream2Bytes_Pipeline_VITIS_LOOP_632_1|  return value|
|ap_rst                            |   in|    1|  ap_ctrl_hs|  MultiPixStream2Bytes_Pipeline_VITIS_LOOP_632_1|  return value|
|ap_start                          |   in|    1|  ap_ctrl_hs|  MultiPixStream2Bytes_Pipeline_VITIS_LOOP_632_1|  return value|
|ap_done                           |  out|    1|  ap_ctrl_hs|  MultiPixStream2Bytes_Pipeline_VITIS_LOOP_632_1|  return value|
|ap_idle                           |  out|    1|  ap_ctrl_hs|  MultiPixStream2Bytes_Pipeline_VITIS_LOOP_632_1|  return value|
|ap_ready                          |  out|    1|  ap_ctrl_hs|  MultiPixStream2Bytes_Pipeline_VITIS_LOOP_632_1|  return value|
|img_dout                          |   in|  120|     ap_fifo|                                             img|       pointer|
|img_num_data_valid                |   in|    3|     ap_fifo|                                             img|       pointer|
|img_fifo_cap                      |   in|    3|     ap_fifo|                                             img|       pointer|
|img_empty_n                       |   in|    1|     ap_fifo|                                             img|       pointer|
|img_read                          |  out|    1|     ap_fifo|                                             img|       pointer|
|pix_11                            |   in|   10|     ap_none|                                          pix_11|        scalar|
|pix_10                            |   in|   10|     ap_none|                                          pix_10|        scalar|
|pix_9                             |   in|   10|     ap_none|                                           pix_9|        scalar|
|pix_8                             |   in|   10|     ap_none|                                           pix_8|        scalar|
|pix_7                             |   in|   10|     ap_none|                                           pix_7|        scalar|
|pix_6                             |   in|   10|     ap_none|                                           pix_6|        scalar|
|pix_5                             |   in|   10|     ap_none|                                           pix_5|        scalar|
|pix_4                             |   in|   10|     ap_none|                                           pix_4|        scalar|
|pix_3                             |   in|   10|     ap_none|                                           pix_3|        scalar|
|pix_2                             |   in|   10|     ap_none|                                           pix_2|        scalar|
|pix_1                             |   in|   10|     ap_none|                                           pix_1|        scalar|
|pix                               |   in|   10|     ap_none|                                             pix|        scalar|
|trunc_ln616_2                     |   in|   12|     ap_none|                                   trunc_ln616_2|        scalar|
|bytePlanes_plane0_din             |  out|  256|     ap_fifo|                               bytePlanes_plane0|       pointer|
|bytePlanes_plane0_num_data_valid  |   in|   10|     ap_fifo|                               bytePlanes_plane0|       pointer|
|bytePlanes_plane0_fifo_cap        |   in|   10|     ap_fifo|                               bytePlanes_plane0|       pointer|
|bytePlanes_plane0_full_n          |   in|    1|     ap_fifo|                               bytePlanes_plane0|       pointer|
|bytePlanes_plane0_write           |  out|    1|     ap_fifo|                               bytePlanes_plane0|       pointer|
|icmp_ln620                        |   in|    1|     ap_none|                                      icmp_ln620|        scalar|
|sub40_cast                        |   in|   12|     ap_none|                                      sub40_cast|        scalar|
|empty                             |   in|    1|     ap_none|                                           empty|        scalar|
|pix_39_out                        |  out|   10|      ap_vld|                                      pix_39_out|       pointer|
|pix_39_out_ap_vld                 |  out|    1|      ap_vld|                                      pix_39_out|       pointer|
|pix_38_out                        |  out|   10|      ap_vld|                                      pix_38_out|       pointer|
|pix_38_out_ap_vld                 |  out|    1|      ap_vld|                                      pix_38_out|       pointer|
|pix_37_out                        |  out|   10|      ap_vld|                                      pix_37_out|       pointer|
|pix_37_out_ap_vld                 |  out|    1|      ap_vld|                                      pix_37_out|       pointer|
|pix_36_out                        |  out|   10|      ap_vld|                                      pix_36_out|       pointer|
|pix_36_out_ap_vld                 |  out|    1|      ap_vld|                                      pix_36_out|       pointer|
|pix_35_out                        |  out|   10|      ap_vld|                                      pix_35_out|       pointer|
|pix_35_out_ap_vld                 |  out|    1|      ap_vld|                                      pix_35_out|       pointer|
|pix_34_out                        |  out|   10|      ap_vld|                                      pix_34_out|       pointer|
|pix_34_out_ap_vld                 |  out|    1|      ap_vld|                                      pix_34_out|       pointer|
|pix_33_out                        |  out|   10|      ap_vld|                                      pix_33_out|       pointer|
|pix_33_out_ap_vld                 |  out|    1|      ap_vld|                                      pix_33_out|       pointer|
|pix_32_out                        |  out|   10|      ap_vld|                                      pix_32_out|       pointer|
|pix_32_out_ap_vld                 |  out|    1|      ap_vld|                                      pix_32_out|       pointer|
|pix_31_out                        |  out|   10|      ap_vld|                                      pix_31_out|       pointer|
|pix_31_out_ap_vld                 |  out|    1|      ap_vld|                                      pix_31_out|       pointer|
|pix_30_out                        |  out|   10|      ap_vld|                                      pix_30_out|       pointer|
|pix_30_out_ap_vld                 |  out|    1|      ap_vld|                                      pix_30_out|       pointer|
|pix_29_out                        |  out|   10|      ap_vld|                                      pix_29_out|       pointer|
|pix_29_out_ap_vld                 |  out|    1|      ap_vld|                                      pix_29_out|       pointer|
|pix_28_out                        |  out|   10|      ap_vld|                                      pix_28_out|       pointer|
|pix_28_out_ap_vld                 |  out|    1|      ap_vld|                                      pix_28_out|       pointer|
|out_pix_1_out_i                   |   in|  256|     ap_ovld|                                   out_pix_1_out|       pointer|
|out_pix_1_out_o                   |  out|  256|     ap_ovld|                                   out_pix_1_out|       pointer|
|out_pix_1_out_o_ap_vld            |  out|    1|     ap_ovld|                                   out_pix_1_out|       pointer|
+----------------------------------+-----+-----+------------+------------------------------------------------+--------------+

