Copyright 1986-2022 Xilinx, Inc. All Rights Reserved. Copyright 2022-2023 Advanced Micro Devices, Inc. All Rights Reserved.
---------------------------------------------------------------------------------------------------------------------------------------------
| Tool Version : Vivado v.2023.2 (win64) Build 4029153 Fri Oct 13 20:14:34 MDT 2023
| Date         : Wed May  8 16:56:45 2024
| Host         : Vulcan running 64-bit major release  (build 9200)
| Command      : upgrade_project -migrate_output_products
| Project_Path : C:/Vulcan/Protocol/PCie/fpga_pcie_x1_xdma_bram_blockdesign/pcie_xdma_test.xpr
---------------------------------------------------------------------------------------------------------------------------------------------

Project Status Summary

1. Project IP Status
--------------------
This project contains 0 IP and 1 Block Designs.


1.1 Project IP Instances
+----------------------------------+-------------------------+-------------------------------------+-------------------------------------+
| Instance Name                    | Status                  | Reason                              | Recommendation                      |
+----------------------------------+-------------------------+-------------------------------------+-------------------------------------+
| xdma_bram_axi_bram_ctrl_0_2      | Will be Migrated.       |                                     |                                     |
+----------------------------------+-------------------------+-------------------------------------+-------------------------------------+
| xdma_bram_axi_bram_ctrl_0_bram_0 | Will be Migrated.       |                                     |                                     |
+----------------------------------+-------------------------+-------------------------------------+-------------------------------------+
| xdma_bram_xdma_0_0               | Will be Migrated.       |                                     |                                     |
+----------------------------------+-------------------------+-------------------------------------+-------------------------------------+
| xdma_bram_xlconstant_0_0         | Will be Migrated.       |                                     |                                     |
+----------------------------------+-------------------------+-------------------------------------+-------------------------------------+


1.2 Project Block Designs
+-----------+-------------------------+-------------------------------------+-------------------------------------+
| Design    | Status                  | Reason                              | Recommendation                      |
| Name      |                         |                                     |                                     |
+-----------+-------------------------+-------------------------------------+-------------------------------------+
| xdma_bram | Will be Migrated.       |                                     |                                     |
+-----------+-------------------------+-------------------------------------+-------------------------------------+



