

================================================================
== Vitis HLS Report for 'Bytes2MultiPixStream_Pipeline_VITIS_LOOP_1072_6'
================================================================
* Date:           Thu May  9 19:06:47 2024

* Version:        2023.2 (Build 4023990 on Oct 11 2023)
* Project:        prj
* Solution:       sol (Vivado IP Flow Target)
* Product family: versalaicore
* Target device:  xcvc1902-vsva2197-2MP-e-S


================================================================
== Performance Estimates
================================================================
+ Timing: 
    * Summary: 
    +--------+---------+----------+------------+
    |  Clock |  Target | Estimated| Uncertainty|
    +--------+---------+----------+------------+
    |ap_clk  |  3.33 ns|  1.984 ns|     0.90 ns|
    +--------+---------+----------+------------+

+ Latency: 
    * Summary: 
    +---------+---------+----------+-----------+-----+------+---------+
    |  Latency (cycles) |  Latency (absolute)  |  Interval  | Pipeline|
    |   min   |   max   |    min   |    max    | min |  max |   Type  |
    +---------+---------+----------+-----------+-----+------+---------+
    |        2|     8194|  6.666 ns|  27.311 us|    2|  8194|       no|
    +---------+---------+----------+-----------+-----+------+---------+

    + Detail: 
        * Instance: 
        N/A

        * Loop: 
        +---------------------+---------+---------+----------+-----------+-----------+----------+----------+
        |                     |  Latency (cycles) | Iteration|  Initiation Interval  |   Trip   |          |
        |      Loop Name      |   min   |   max   |  Latency |  achieved |   target  |   Count  | Pipelined|
        +---------------------+---------+---------+----------+-----------+-----------+----------+----------+
        |- VITIS_LOOP_1072_6  |        0|     8192|         5|          4|          4|  0 ~ 2048|       yes|
        +---------------------+---------+---------+----------+-----------+-----------+----------+----------+



================================================================
== Utilization Estimates
================================================================
* Summary: 
+-----------------+---------+------+---------+--------+-----+
|       Name      | BRAM_18K|  DSP |    FF   |   LUT  | URAM|
+-----------------+---------+------+---------+--------+-----+
|DSP              |        -|     -|        -|       -|    -|
|Expression       |        -|     -|        0|      69|    -|
|FIFO             |        -|     -|        -|       -|    -|
|Instance         |        -|     -|        -|       -|    -|
|Memory           |        -|     -|        -|       -|    -|
|Multiplexer      |        -|     -|        -|     397|    -|
|Register         |        -|     -|      216|       -|    -|
+-----------------+---------+------+---------+--------+-----+
|Total            |        0|     0|      216|     466|    0|
+-----------------+---------+------+---------+--------+-----+
|Available        |     1934|  1968|  1799680|  899840|  463|
+-----------------+---------+------+---------+--------+-----+
|Utilization (%)  |        0|     0|       ~0|      ~0|    0|
+-----------------+---------+------+---------+--------+-----+

+ Detail: 
    * Instance: 
    N/A

    * DSP: 
    N/A

    * Memory: 
    N/A

    * FIFO: 
    N/A

    * Expression: 
    +----------------------------------+----------+----+---+----+------------+------------+
    |           Variable Name          | Operation| DSP| FF| LUT| Bitwidth P0| Bitwidth P1|
    +----------------------------------+----------+----+---+----+------------+------------+
    |x_6_fu_281_p2                     |         +|   0|  0|  12|          12|           1|
    |ap_block_pp0_stage0_01001         |       and|   0|  0|   2|           1|           1|
    |ap_block_pp0_stage1_01001         |       and|   0|  0|   2|           1|           1|
    |ap_block_pp0_stage2_01001         |       and|   0|  0|   2|           1|           1|
    |ap_block_pp0_stage3_01001         |       and|   0|  0|   2|           1|           1|
    |ap_block_state3_pp0_stage2_iter0  |       and|   0|  0|   2|           1|           1|
    |ap_block_state4_pp0_stage3_iter0  |       and|   0|  0|   2|           1|           1|
    |ap_block_state5_pp0_stage0_iter1  |       and|   0|  0|   2|           1|           1|
    |ap_predicate_op64_write_state2    |       and|   0|  0|   2|           1|           1|
    |ap_predicate_op93_write_state3    |       and|   0|  0|   2|           1|           1|
    |ap_predicate_op98_write_state4    |       and|   0|  0|   2|           1|           1|
    |cmp221_fu_297_p2                  |      icmp|   0|  0|  13|          13|          13|
    |icmp_ln1072_fu_287_p2             |      icmp|   0|  0|  12|          12|          12|
    |ap_block_state2_pp0_stage1_iter0  |        or|   0|  0|   2|           1|           1|
    |or_ln1088_1_fu_309_p2             |        or|   0|  0|   2|           1|           1|
    |or_ln1088_2_fu_315_p2             |        or|   0|  0|   2|           1|           1|
    |or_ln1088_3_fu_321_p2             |        or|   0|  0|   2|           1|           1|
    |or_ln1088_fu_303_p2               |        or|   0|  0|   2|           1|           1|
    |ap_enable_pp0                     |       xor|   0|  0|   2|           1|           2|
    +----------------------------------+----------+----+---+----+------------+------------+
    |Total                             |          |   0|  0|  69|          53|          43|
    +----------------------------------+----------+----+---+----+------------+------------+

    * Multiplexer: 
    +-----------------------------+-----+-----------+-----+-----------+
    |             Name            | LUT | Input Size| Bits| Total Bits|
    +-----------------------------+-----+-----------+-----+-----------+
    |ap_NS_fsm                    |    6|          5|    1|          5|
    |ap_done_int                  |    2|          2|    1|          2|
    |ap_enable_reg_pp0_iter0      |    2|          2|    1|          2|
    |ap_enable_reg_pp0_iter0_reg  |    2|          2|    1|          2|
    |ap_enable_reg_pp0_iter1      |    2|          2|    1|          2|
    |ap_sig_allocacmp_x           |   12|          2|   12|         24|
    |bytePlanes_plane0_blk_n      |    2|          2|    1|          2|
    |img_blk_n                    |    2|          2|    1|          2|
    |img_din                      |  355|          5|  120|        600|
    |x_1_fu_194                   |   12|          2|   12|         24|
    +-----------------------------+-----+-----------+-----+-----------+
    |Total                        |  397|         26|  151|        665|
    +-----------------------------+-----+-----------+-----+-----------+

    * Register: 
    +-----------------------------+----+----+-----+-----------+
    |             Name            | FF | LUT| Bits| Const Bits|
    +-----------------------------+----+----+-----+-----------+
    |ap_CS_fsm                    |   4|   0|    4|          0|
    |ap_done_reg                  |   1|   0|    1|          0|
    |ap_enable_reg_pp0_iter0_reg  |   1|   0|    1|          0|
    |ap_enable_reg_pp0_iter1      |   1|   0|    1|          0|
    |icmp_ln1072_reg_819          |   1|   0|    1|          0|
    |or_ln1088_1_reg_827          |   1|   0|    1|          0|
    |or_ln1088_2_reg_831          |   1|   0|    1|          0|
    |or_ln1088_3_reg_835          |   1|   0|    1|          0|
    |or_ln1088_reg_823            |   1|   0|    1|          0|
    |tmp_32_reg_839               |   8|   0|    8|          0|
    |tmp_33_reg_844               |   8|   0|    8|          0|
    |tmp_34_reg_849               |   8|   0|    8|          0|
    |tmp_35_reg_854               |   8|   0|    8|          0|
    |tmp_37_reg_859               |   8|   0|    8|          0|
    |tmp_38_reg_864               |   8|   0|    8|          0|
    |tmp_39_reg_869               |   8|   0|    8|          0|
    |tmp_40_reg_874               |   8|   0|    8|          0|
    |tmp_41_reg_879               |   8|   0|    8|          0|
    |tmp_42_reg_884               |   8|   0|    8|          0|
    |tmp_43_reg_889               |   8|   0|    8|          0|
    |tmp_44_reg_894               |   8|   0|    8|          0|
    |tmp_45_reg_899               |   8|   0|    8|          0|
    |tmp_46_reg_904               |   8|   0|    8|          0|
    |tmp_47_reg_909               |   8|   0|    8|          0|
    |tmp_48_reg_914               |   8|   0|    8|          0|
    |tmp_69_reg_919               |   8|   0|    8|          0|
    |tmp_70_reg_924               |   8|   0|    8|          0|
    |tmp_71_reg_929               |   8|   0|    8|          0|
    |tmp_72_reg_934               |   8|   0|    8|          0|
    |tmp_73_reg_939               |   8|   0|    8|          0|
    |tmp_74_reg_944               |   8|   0|    8|          0|
    |tmp_75_reg_949               |   8|   0|    8|          0|
    |tmp_76_reg_954               |   8|   0|    8|          0|
    |x_1_fu_194                   |  12|   0|   12|          0|
    +-----------------------------+----+----+-----+-----------+
    |Total                        | 216|   0|  216|          0|
    +-----------------------------+----+----+-----+-----------+



================================================================
== Interface
================================================================
* Summary: 
+----------------------------------+-----+-----+------------+-------------------------------------------------+--------------+
|             RTL Ports            | Dir | Bits|  Protocol  |                  Source Object                  |    C Type    |
+----------------------------------+-----+-----+------------+-------------------------------------------------+--------------+
|ap_clk                            |   in|    1|  ap_ctrl_hs|  Bytes2MultiPixStream_Pipeline_VITIS_LOOP_1072_6|  return value|
|ap_rst                            |   in|    1|  ap_ctrl_hs|  Bytes2MultiPixStream_Pipeline_VITIS_LOOP_1072_6|  return value|
|ap_start                          |   in|    1|  ap_ctrl_hs|  Bytes2MultiPixStream_Pipeline_VITIS_LOOP_1072_6|  return value|
|ap_done                           |  out|    1|  ap_ctrl_hs|  Bytes2MultiPixStream_Pipeline_VITIS_LOOP_1072_6|  return value|
|ap_idle                           |  out|    1|  ap_ctrl_hs|  Bytes2MultiPixStream_Pipeline_VITIS_LOOP_1072_6|  return value|
|ap_ready                          |  out|    1|  ap_ctrl_hs|  Bytes2MultiPixStream_Pipeline_VITIS_LOOP_1072_6|  return value|
|img_din                           |  out|  120|     ap_fifo|                                              img|       pointer|
|img_num_data_valid                |   in|    3|     ap_fifo|                                              img|       pointer|
|img_fifo_cap                      |   in|    3|     ap_fifo|                                              img|       pointer|
|img_full_n                        |   in|    1|     ap_fifo|                                              img|       pointer|
|img_write                         |  out|    1|     ap_fifo|                                              img|       pointer|
|trunc_ln1059_2                    |   in|   12|     ap_none|                                   trunc_ln1059_2|        scalar|
|icmp_ln1062                       |   in|    1|     ap_none|                                      icmp_ln1062|        scalar|
|cmp224_2                          |   in|    1|     ap_none|                                         cmp224_2|        scalar|
|icmp19                            |   in|    1|     ap_none|                                           icmp19|        scalar|
|bytePlanes_plane0_dout            |   in|  256|     ap_fifo|                                bytePlanes_plane0|       pointer|
|bytePlanes_plane0_num_data_valid  |   in|   10|     ap_fifo|                                bytePlanes_plane0|       pointer|
|bytePlanes_plane0_fifo_cap        |   in|   10|     ap_fifo|                                bytePlanes_plane0|       pointer|
|bytePlanes_plane0_empty_n         |   in|    1|     ap_fifo|                                bytePlanes_plane0|       pointer|
|bytePlanes_plane0_read            |  out|    1|     ap_fifo|                                bytePlanes_plane0|       pointer|
|sub220_cast                       |   in|   12|     ap_none|                                      sub220_cast|        scalar|
|cmp224                            |   in|    1|     ap_none|                                           cmp224|        scalar|
+----------------------------------+-----+-----+------------+-------------------------------------------------+--------------+

