

================================================================
== Vitis HLS Report for 'Bytes2MultiPixStream_Pipeline_VITIS_LOOP_1406_12'
================================================================
* Date:           Thu May  9 19:06:44 2024

* Version:        2023.2 (Build 4023990 on Oct 11 2023)
* Project:        prj
* Solution:       sol (Vivado IP Flow Target)
* Product family: versalaicore
* Target device:  xcvc1902-vsva2197-2MP-e-S


================================================================
== Performance Estimates
================================================================
+ Timing: 
    * Summary: 
    +--------+---------+----------+------------+
    |  Clock |  Target | Estimated| Uncertainty|
    +--------+---------+----------+------------+
    |ap_clk  |  3.33 ns|  1.984 ns|     0.90 ns|
    +--------+---------+----------+------------+

+ Latency: 
    * Summary: 
    +---------+---------+----------+-----------+-----+------+---------+
    |  Latency (cycles) |  Latency (absolute)  |  Interval  | Pipeline|
    |   min   |   max   |    min   |    max    | min |  max |   Type  |
    +---------+---------+----------+-----------+-----+------+---------+
    |        2|     4098|  6.666 ns|  13.659 us|    2|  4098|       no|
    +---------+---------+----------+-----------+-----+------+---------+

    + Detail: 
        * Instance: 
        N/A

        * Loop: 
        +----------------------+---------+---------+----------+-----------+-----------+----------+----------+
        |                      |  Latency (cycles) | Iteration|  Initiation Interval  |   Trip   |          |
        |       Loop Name      |   min   |   max   |  Latency |  achieved |   target  |   Count  | Pipelined|
        +----------------------+---------+---------+----------+-----------+-----------+----------+----------+
        |- VITIS_LOOP_1406_12  |        0|     4096|         3|          2|          2|  0 ~ 2048|       yes|
        +----------------------+---------+---------+----------+-----------+-----------+----------+----------+



================================================================
== Utilization Estimates
================================================================
* Summary: 
+-----------------+---------+------+---------+--------+-----+
|       Name      | BRAM_18K|  DSP |    FF   |   LUT  | URAM|
+-----------------+---------+------+---------+--------+-----+
|DSP              |        -|     -|        -|       -|    -|
|Expression       |        -|     -|        0|      55|    -|
|FIFO             |        -|     -|        -|       -|    -|
|Instance         |        -|     -|        -|       -|    -|
|Memory           |        -|     -|        -|       -|    -|
|Multiplexer      |        -|     -|        -|     158|    -|
|Register         |        -|     -|      140|       -|    -|
+-----------------+---------+------+---------+--------+-----+
|Total            |        0|     0|      140|     213|    0|
+-----------------+---------+------+---------+--------+-----+
|Available        |     1934|  1968|  1799680|  899840|  463|
+-----------------+---------+------+---------+--------+-----+
|Utilization (%)  |        0|     0|       ~0|      ~0|    0|
+-----------------+---------+------+---------+--------+-----+

+ Detail: 
    * Instance: 
    N/A

    * DSP: 
    N/A

    * Memory: 
    N/A

    * FIFO: 
    N/A

    * Expression: 
    +----------------------------------+----------+----+---+----+------------+------------+
    |           Variable Name          | Operation| DSP| FF| LUT| Bitwidth P0| Bitwidth P1|
    +----------------------------------+----------+----+---+----+------------+------------+
    |x_4_fu_163_p2                     |         +|   0|  0|  12|          12|           1|
    |ap_block_pp0_stage0_01001         |       and|   0|  0|   2|           1|           1|
    |ap_block_pp0_stage1_01001         |       and|   0|  0|   2|           1|           1|
    |ap_block_state3_pp0_stage0_iter1  |       and|   0|  0|   2|           1|           1|
    |ap_predicate_op50_write_state2    |       and|   0|  0|   2|           1|           1|
    |cmp526_fu_179_p2                  |      icmp|   0|  0|  13|          13|          13|
    |icmp_ln1406_fu_169_p2             |      icmp|   0|  0|  12|          12|          12|
    |ap_block_state2_pp0_stage1_iter0  |        or|   0|  0|   2|           1|           1|
    |or_ln1423_1_fu_197_p2             |        or|   0|  0|   2|           1|           1|
    |or_ln1423_2_fu_185_p2             |        or|   0|  0|   2|           1|           1|
    |or_ln1423_fu_191_p2               |        or|   0|  0|   2|           1|           1|
    |ap_enable_pp0                     |       xor|   0|  0|   2|           1|           2|
    +----------------------------------+----------+----+---+----+------------+------------+
    |Total                             |          |   0|  0|  55|          46|          36|
    +----------------------------------+----------+----+---+----+------------+------------+

    * Multiplexer: 
    +-----------------------------+-----+-----------+-----+-----------+
    |             Name            | LUT | Input Size| Bits| Total Bits|
    +-----------------------------+-----+-----------+-----+-----------+
    |ap_NS_fsm                    |    2|          3|    1|          3|
    |ap_done_int                  |    2|          2|    1|          2|
    |ap_enable_reg_pp0_iter0      |    2|          2|    1|          2|
    |ap_enable_reg_pp0_iter0_reg  |    2|          2|    1|          2|
    |ap_enable_reg_pp0_iter1      |    2|          2|    1|          2|
    |ap_sig_allocacmp_x_3         |   12|          2|   12|         24|
    |bytePlanes_plane0_blk_n      |    2|          2|    1|          2|
    |img_blk_n                    |    2|          2|    1|          2|
    |img_din                      |  120|          3|  120|        360|
    |x_fu_92                      |   12|          2|   12|         24|
    +-----------------------------+-----+-----------+-----+-----------+
    |Total                        |  158|         22|  151|        423|
    +-----------------------------+-----+-----------+-----+-----------+

    * Register: 
    +-----------------------------+----+----+-----+-----------+
    |             Name            | FF | LUT| Bits| Const Bits|
    +-----------------------------+----+----+-----+-----------+
    |ap_CS_fsm                    |   2|   0|    2|          0|
    |ap_done_reg                  |   1|   0|    1|          0|
    |ap_enable_reg_pp0_iter0_reg  |   1|   0|    1|          0|
    |ap_enable_reg_pp0_iter1      |   1|   0|    1|          0|
    |icmp_ln1406_reg_329          |   1|   0|    1|          0|
    |or_ln1423_1_reg_337          |   1|   0|    1|          0|
    |or_ln1423_reg_333            |   1|   0|    1|          0|
    |tmp_10_reg_356               |  30|   0|   30|          0|
    |tmp_7_reg_341                |  30|   0|   30|          0|
    |tmp_8_reg_346                |  30|   0|   30|          0|
    |tmp_9_reg_351                |  30|   0|   30|          0|
    |x_fu_92                      |  12|   0|   12|          0|
    +-----------------------------+----+----+-----+-----------+
    |Total                        | 140|   0|  140|          0|
    +-----------------------------+----+----+-----+-----------+



================================================================
== Interface
================================================================
* Summary: 
+----------------------------------+-----+-----+------------+--------------------------------------------------+--------------+
|             RTL Ports            | Dir | Bits|  Protocol  |                   Source Object                  |    C Type    |
+----------------------------------+-----+-----+------------+--------------------------------------------------+--------------+
|ap_clk                            |   in|    1|  ap_ctrl_hs|  Bytes2MultiPixStream_Pipeline_VITIS_LOOP_1406_12|  return value|
|ap_rst                            |   in|    1|  ap_ctrl_hs|  Bytes2MultiPixStream_Pipeline_VITIS_LOOP_1406_12|  return value|
|ap_start                          |   in|    1|  ap_ctrl_hs|  Bytes2MultiPixStream_Pipeline_VITIS_LOOP_1406_12|  return value|
|ap_done                           |  out|    1|  ap_ctrl_hs|  Bytes2MultiPixStream_Pipeline_VITIS_LOOP_1406_12|  return value|
|ap_idle                           |  out|    1|  ap_ctrl_hs|  Bytes2MultiPixStream_Pipeline_VITIS_LOOP_1406_12|  return value|
|ap_ready                          |  out|    1|  ap_ctrl_hs|  Bytes2MultiPixStream_Pipeline_VITIS_LOOP_1406_12|  return value|
|img_din                           |  out|  120|     ap_fifo|                                               img|       pointer|
|img_num_data_valid                |   in|    3|     ap_fifo|                                               img|       pointer|
|img_fifo_cap                      |   in|    3|     ap_fifo|                                               img|       pointer|
|img_full_n                        |   in|    1|     ap_fifo|                                               img|       pointer|
|img_write                         |  out|    1|     ap_fifo|                                               img|       pointer|
|bytePlanes_plane0_dout            |   in|  256|     ap_fifo|                                 bytePlanes_plane0|       pointer|
|bytePlanes_plane0_num_data_valid  |   in|   10|     ap_fifo|                                 bytePlanes_plane0|       pointer|
|bytePlanes_plane0_fifo_cap        |   in|   10|     ap_fifo|                                 bytePlanes_plane0|       pointer|
|bytePlanes_plane0_empty_n         |   in|    1|     ap_fifo|                                 bytePlanes_plane0|       pointer|
|bytePlanes_plane0_read            |  out|    1|     ap_fifo|                                 bytePlanes_plane0|       pointer|
|trunc_ln1393_2                    |   in|   12|     ap_none|                                    trunc_ln1393_2|        scalar|
|icmp_ln1396                       |   in|    1|     ap_none|                                       icmp_ln1396|        scalar|
|sub525_cast                       |   in|   12|     ap_none|                                       sub525_cast|        scalar|
|empty                             |   in|    1|     ap_none|                                             empty|        scalar|
+----------------------------------+-----+-----+------------+--------------------------------------------------+--------------+

