

================================================================
== Vitis HLS Report for 'Bytes2MultiPixStream'
================================================================
* Date:           Thu May  9 19:07:06 2024

* Version:        2023.2 (Build 4023990 on Oct 11 2023)
* Project:        prj
* Solution:       sol (Vivado IP Flow Target)
* Product family: versalaicore
* Target device:  xcvc1902-vsva2197-2MP-e-S


================================================================
== Performance Estimates
================================================================
+ Timing: 
    * Summary: 
    +--------+---------+----------+------------+
    |  Clock |  Target | Estimated| Uncertainty|
    +--------+---------+----------+------------+
    |ap_clk  |  3.33 ns|  2.430 ns|     0.90 ns|
    +--------+---------+----------+------------+

+ Latency: 
    * Summary: 
    +---------+----------+----------+-----------+-----+----------+---------+
    |  Latency (cycles)  |  Latency (absolute)  |    Interval    | Pipeline|
    |   min   |    max   |    min   |    max    | min |    max   |   Type  |
    +---------+----------+----------+-----------+-----+----------+---------+
    |        1|  53101457|  3.333 ns|  0.177 sec|    1|  53101457|       no|
    +---------+----------+----------+-----------+-----+----------+---------+

    + Detail: 
        * Instance: 
        +-------------------------------------------------------------+--------------------------------------------------+---------+---------+----------+-----------+-----+-------+---------+
        |                                                             |                                                  |  Latency (cycles) |  Latency (absolute)  |   Interval  | Pipeline|
        |                           Instance                          |                      Module                      |   min   |   max   |    min   |    max    | min |  max  |   Type  |
        +-------------------------------------------------------------+--------------------------------------------------+---------+---------+----------+-----------+-----+-------+---------+
        |grp_Bytes2MultiPixStream_Pipeline_VITIS_LOOP_1406_12_fu_248  |Bytes2MultiPixStream_Pipeline_VITIS_LOOP_1406_12  |        2|     4098|  6.666 ns|  13.659 us|    2|   4098|       no|
        |grp_Bytes2MultiPixStream_Pipeline_VITIS_LOOP_1155_9_fu_260   |Bytes2MultiPixStream_Pipeline_VITIS_LOOP_1155_9   |        2|     5466|  6.666 ns|  18.218 us|    2|   5466|       no|
        |grp_Bytes2MultiPixStream_Pipeline_VITIS_LOOP_1072_6_fu_280   |Bytes2MultiPixStream_Pipeline_VITIS_LOOP_1072_6   |        2|     8194|  6.666 ns|  27.311 us|    2|   8194|       no|
        |grp_Bytes2MultiPixStream_Pipeline_VITIS_LOOP_914_1_fu_294    |Bytes2MultiPixStream_Pipeline_VITIS_LOOP_914_1    |        2|    12290|  6.666 ns|  40.963 us|    2|  12290|       no|
        +-------------------------------------------------------------+--------------------------------------------------+---------+---------+----------+-----------+-----+-------+---------+

        * Loop: 
        +--------------------------+---------+----------+-----------+-----------+-----------+----------+----------+
        |                          |  Latency (cycles)  | Iteration |  Initiation Interval  |   Trip   |          |
        |         Loop Name        |   min   |    max   |  Latency  |  achieved |   target  |   Count  | Pipelined|
        +--------------------------+---------+----------+-----------+-----------+-----------+----------+----------+
        |- loop_Y_UV10_Y_UV10_420  |        0|  53101440|  4 ~ 12292|          -|          -|  0 ~ 4320|        no|
        |- loop_YUYV8              |        0|  35406720|   4 ~ 8196|          -|          -|  0 ~ 4320|        no|
        |- loop_RGB8_YUV8          |        0|  23621760|   4 ~ 5468|          -|          -|  0 ~ 4320|        no|
        |- loop_RGBX10_YUVX10      |        0|  17712000|   4 ~ 4100|          -|          -|  0 ~ 4320|        no|
        +--------------------------+---------+----------+-----------+-----------+-----------+----------+----------+



================================================================
== Utilization Estimates
================================================================
* Summary: 
+-----------------+---------+------+---------+--------+-----+
|       Name      | BRAM_18K|  DSP |    FF   |   LUT  | URAM|
+-----------------+---------+------+---------+--------+-----+
|DSP              |        -|     -|        -|       -|    -|
|Expression       |        -|     -|        0|     350|    -|
|FIFO             |        -|     -|        -|       -|    -|
|Instance         |        -|     1|     1709|    2180|    -|
|Memory           |        -|     -|        -|       -|    -|
|Multiplexer      |        -|     -|        -|     224|    -|
|Register         |        -|     -|      229|       -|    -|
+-----------------+---------+------+---------+--------+-----+
|Total            |        0|     1|     1938|    2754|    0|
+-----------------+---------+------+---------+--------+-----+
|Available        |     1934|  1968|  1799680|  899840|  463|
+-----------------+---------+------+---------+--------+-----+
|Utilization (%)  |        0|    ~0|       ~0|      ~0|    0|
+-----------------+---------+------+---------+--------+-----+

+ Detail: 
    * Instance: 
    +-------------------------------------------------------------+--------------------------------------------------+---------+----+-----+-----+-----+
    |                           Instance                          |                      Module                      | BRAM_18K| DSP|  FF | LUT | URAM|
    +-------------------------------------------------------------+--------------------------------------------------+---------+----+-----+-----+-----+
    |grp_Bytes2MultiPixStream_Pipeline_VITIS_LOOP_1072_6_fu_280   |Bytes2MultiPixStream_Pipeline_VITIS_LOOP_1072_6   |        0|   0|  216|  466|    0|
    |grp_Bytes2MultiPixStream_Pipeline_VITIS_LOOP_1155_9_fu_260   |Bytes2MultiPixStream_Pipeline_VITIS_LOOP_1155_9   |        0|   0|  704|  746|    0|
    |grp_Bytes2MultiPixStream_Pipeline_VITIS_LOOP_1406_12_fu_248  |Bytes2MultiPixStream_Pipeline_VITIS_LOOP_1406_12  |        0|   0|  140|  213|    0|
    |grp_Bytes2MultiPixStream_Pipeline_VITIS_LOOP_914_1_fu_294    |Bytes2MultiPixStream_Pipeline_VITIS_LOOP_914_1    |        0|   0|  429|  615|    0|
    |mul_12ns_14ns_25_1_1_U64                                     |mul_12ns_14ns_25_1_1                              |        0|   1|    0|    0|    0|
    |urem_12ns_3ns_2_16_seq_1_U62                                 |urem_12ns_3ns_2_16_seq_1                          |        0|   0|  106|   69|    0|
    |urem_13ns_6ns_13_17_seq_1_U63                                |urem_13ns_6ns_13_17_seq_1                         |        0|   0|  114|   71|    0|
    +-------------------------------------------------------------+--------------------------------------------------+---------+----+-----+-----+-----+
    |Total                                                        |                                                  |        0|   1| 1709| 2180|    0|
    +-------------------------------------------------------------+--------------------------------------------------+---------+----+-----+-----+-----+

    * DSP: 
    N/A

    * Memory: 
    N/A

    * FIFO: 
    N/A

    * Expression: 
    +-----------------------+----------+----+---+----+------------+------------+
    |     Variable Name     | Operation| DSP| FF| LUT| Bitwidth P0| Bitwidth P1|
    +-----------------------+----------+----+---+----+------------+------------+
    |add_ln1059_fu_448_p2   |         +|   0|  0|  17|          17|           5|
    |add_ln1139_fu_388_p2   |         +|   0|  0|  17|          17|           5|
    |add_ln1140_fu_404_p2   |         +|   0|  0|  12|          12|           2|
    |add_ln1393_fu_330_p2   |         +|   0|  0|  17|          17|           5|
    |add_ln901_fu_548_p2    |         +|   0|  0|  17|          17|           5|
    |sub113_fu_795_p2       |         +|   0|  0|  12|          12|           2|
    |sub220_fu_480_p2       |         +|   0|  0|  12|          12|           2|
    |sub280_fu_638_p2       |         +|   0|  0|  11|          11|           2|
    |sub525_fu_362_p2       |         +|   0|  0|  12|          12|           2|
    |y_11_fu_584_p2         |         +|   0|  0|  13|          13|           1|
    |y_5_fu_872_p2          |         +|   0|  0|  13|          13|           1|
    |y_7_fu_762_p2          |         +|   0|  0|  13|          13|           1|
    |y_9_fu_733_p2          |         +|   0|  0|  13|          13|           1|
    |cmp117_2_fu_840_p2     |      icmp|   0|  0|   5|           3|           2|
    |cmp117_4_fu_854_p2     |      icmp|   0|  0|   5|           3|           4|
    |cmp117_5_fu_860_p2     |      icmp|   0|  0|   5|           3|           3|
    |cmp117_fu_818_p2       |      icmp|   0|  0|   5|           3|           1|
    |cmp224_2_fu_530_p2     |      icmp|   0|  0|   5|           3|           2|
    |cmp224_fu_508_p2       |      icmp|   0|  0|   5|           3|           1|
    |cmp283_fu_643_p2       |      icmp|   0|  0|   5|           2|           1|
    |cmp292_fu_649_p2       |      icmp|   0|  0|   5|           2|           1|
    |cmp392_2_fu_687_p2     |      icmp|   0|  0|   5|           4|           2|
    |cmp392_4_fu_709_p2     |      icmp|   0|  0|   5|           4|           3|
    |cmp392_5_fu_715_p2     |      icmp|   0|  0|   5|           4|           3|
    |cmp392_6_fu_721_p2     |      icmp|   0|  0|   5|           4|           3|
    |cmp392_fu_665_p2       |      icmp|   0|  0|   5|           4|           1|
    |icmp19_fu_524_p2       |      icmp|   0|  0|   5|           2|           1|
    |icmp22_fu_681_p2       |      icmp|   0|  0|   5|           3|           1|
    |icmp25_fu_703_p2       |      icmp|   0|  0|   5|           2|           1|
    |icmp_fu_834_p2         |      icmp|   0|  0|   5|           2|           1|
    |icmp_ln1062_fu_474_p2  |      icmp|   0|  0|   5|           4|           1|
    |icmp_ln1065_fu_768_p2  |      icmp|   0|  0|  13|          13|          13|
    |icmp_ln1144_fu_420_p2  |      icmp|   0|  0|   5|           5|           1|
    |icmp_ln1147_fu_739_p2  |      icmp|   0|  0|  13|          13|          13|
    |icmp_ln1396_fu_356_p2  |      icmp|   0|  0|   5|           3|           1|
    |icmp_ln1399_fu_590_p2  |      icmp|   0|  0|  13|          13|          13|
    |icmp_ln904_fu_789_p2   |      icmp|   0|  0|   5|           5|           1|
    |icmp_ln907_fu_878_p2   |      icmp|   0|  0|  13|          13|          13|
    |ap_block_state1        |        or|   0|  0|   2|           1|           1|
    |div116_fu_810_p3       |    select|   0|  0|   3|           1|           3|
    |div223_fu_500_p3       |    select|   0|  0|   4|           1|           4|
    |div391_fu_658_p3       |    select|   0|  0|   5|           1|           5|
    +-----------------------+----------+----+---+----+------------+------------+
    |Total                  |          |   0|  0| 350|         303|         134|
    +-----------------------+----------+----+---+----+------------+------------+

    * Multiplexer: 
    +------------------------+-----+-----------+-----+-----------+
    |          Name          | LUT | Input Size| Bits| Total Bits|
    +------------------------+-----+-----------+-----+-----------+
    |WidthInBytes_val_blk_n  |    2|          2|    1|          2|
    |ap_NS_fsm               |   42|         41|    1|         41|
    |ap_done                 |    2|          2|    1|          2|
    |bytePlanes_plane0_read  |    6|          5|    1|          5|
    |bytePlanes_plane1_read  |    2|          2|    1|          2|
    |img_din                 |  120|          4|  120|        480|
    |img_write               |    6|          5|    1|          5|
    |y_1_fu_216              |   11|          2|   13|         26|
    |y_2_fu_212              |   11|          2|   13|         26|
    |y_3_fu_208              |   11|          2|   13|         26|
    |y_fu_220                |   11|          2|   13|         26|
    +------------------------+-----+-----------+-----+-----------+
    |Total                   |  224|         69|  178|        641|
    +------------------------+-----+-----------+-----+-----------+

    * Register: 
    +--------------------------------------------------------------------------+----+----+-----+-----------+
    |                                   Name                                   | FF | LUT| Bits| Const Bits|
    +--------------------------------------------------------------------------+----+----+-----+-----------+
    |add_ln1140_reg_963                                                        |  12|   0|   12|          0|
    |ap_CS_fsm                                                                 |  40|   0|   40|          0|
    |ap_done_reg                                                               |   1|   0|    1|          0|
    |cmp117_2_reg_1115                                                         |   1|   0|    1|          0|
    |cmp117_4_reg_1125                                                         |   1|   0|    1|          0|
    |cmp117_5_reg_1130                                                         |   1|   0|    1|          0|
    |cmp117_reg_1105                                                           |   1|   0|    1|          0|
    |cmp224_2_reg_1014                                                         |   1|   0|    1|          0|
    |cmp224_reg_1004                                                           |   1|   0|    1|          0|
    |cmp283_reg_1049                                                           |   1|   0|    1|          0|
    |cmp292_reg_1054                                                           |   1|   0|    1|          0|
    |cmp392_2_reg_1069                                                         |   1|   0|    1|          0|
    |cmp392_4_reg_1079                                                         |   1|   0|    1|          0|
    |cmp392_5_reg_1084                                                         |   1|   0|    1|          0|
    |cmp392_6_reg_1089                                                         |   1|   0|    1|          0|
    |cmp392_reg_1059                                                           |   1|   0|    1|          0|
    |grp_Bytes2MultiPixStream_Pipeline_VITIS_LOOP_1072_6_fu_280_ap_start_reg   |   1|   0|    1|          0|
    |grp_Bytes2MultiPixStream_Pipeline_VITIS_LOOP_1155_9_fu_260_ap_start_reg   |   1|   0|    1|          0|
    |grp_Bytes2MultiPixStream_Pipeline_VITIS_LOOP_1406_12_fu_248_ap_start_reg  |   1|   0|    1|          0|
    |grp_Bytes2MultiPixStream_Pipeline_VITIS_LOOP_914_1_fu_294_ap_start_reg    |   1|   0|    1|          0|
    |icmp19_reg_1009                                                           |   1|   0|    1|          0|
    |icmp22_reg_1064                                                           |   1|   0|    1|          0|
    |icmp25_reg_1074                                                           |   1|   0|    1|          0|
    |icmp_ln1062_reg_994                                                       |   1|   0|    1|          0|
    |icmp_ln1144_reg_968                                                       |   1|   0|    1|          0|
    |icmp_ln1396_reg_933                                                       |   1|   0|    1|          0|
    |icmp_reg_1110                                                             |   1|   0|    1|          0|
    |sub113_reg_1100                                                           |  12|   0|   12|          0|
    |sub220_reg_999                                                            |  12|   0|   12|          0|
    |sub280_reg_1044                                                           |  11|   0|   11|          0|
    |sub525_reg_938                                                            |  12|   0|   12|          0|
    |tmp_15_reg_974                                                            |   3|   0|    3|          0|
    |tmp_25_reg_1120                                                           |   1|   0|    1|          0|
    |tmp_29_reg_943                                                            |   1|   0|    1|          0|
    |trunc_ln1059_2_reg_989                                                    |  12|   0|   12|          0|
    |trunc_ln1393_2_reg_928                                                    |  12|   0|   12|          0|
    |trunc_ln2_reg_1038                                                        |  11|   0|   11|          0|
    |trunc_ln901_1_reg_1029                                                    |  12|   0|   12|          0|
    |trunc_ln907_reg_1138                                                      |   1|   0|    1|          0|
    |y_1_fu_216                                                                |  13|   0|   13|          0|
    |y_2_fu_212                                                                |  13|   0|   13|          0|
    |y_3_fu_208                                                                |  13|   0|   13|          0|
    |y_fu_220                                                                  |  13|   0|   13|          0|
    +--------------------------------------------------------------------------+----+----+-----+-----------+
    |Total                                                                     | 229|   0|  229|          0|
    +--------------------------------------------------------------------------+----+----+-----+-----------+



================================================================
== Interface
================================================================
* Summary: 
+----------------------------------+-----+-----+------------+----------------------+--------------+
|             RTL Ports            | Dir | Bits|  Protocol  |     Source Object    |    C Type    |
+----------------------------------+-----+-----+------------+----------------------+--------------+
|ap_clk                            |   in|    1|  ap_ctrl_hs|  Bytes2MultiPixStream|  return value|
|ap_rst                            |   in|    1|  ap_ctrl_hs|  Bytes2MultiPixStream|  return value|
|ap_start                          |   in|    1|  ap_ctrl_hs|  Bytes2MultiPixStream|  return value|
|ap_done                           |  out|    1|  ap_ctrl_hs|  Bytes2MultiPixStream|  return value|
|ap_continue                       |   in|    1|  ap_ctrl_hs|  Bytes2MultiPixStream|  return value|
|ap_idle                           |  out|    1|  ap_ctrl_hs|  Bytes2MultiPixStream|  return value|
|ap_ready                          |  out|    1|  ap_ctrl_hs|  Bytes2MultiPixStream|  return value|
|bytePlanes_plane0_dout            |   in|  256|     ap_fifo|     bytePlanes_plane0|       pointer|
|bytePlanes_plane0_num_data_valid  |   in|   10|     ap_fifo|     bytePlanes_plane0|       pointer|
|bytePlanes_plane0_fifo_cap        |   in|   10|     ap_fifo|     bytePlanes_plane0|       pointer|
|bytePlanes_plane0_empty_n         |   in|    1|     ap_fifo|     bytePlanes_plane0|       pointer|
|bytePlanes_plane0_read            |  out|    1|     ap_fifo|     bytePlanes_plane0|       pointer|
|bytePlanes_plane1_dout            |   in|  256|     ap_fifo|     bytePlanes_plane1|       pointer|
|bytePlanes_plane1_num_data_valid  |   in|   10|     ap_fifo|     bytePlanes_plane1|       pointer|
|bytePlanes_plane1_fifo_cap        |   in|   10|     ap_fifo|     bytePlanes_plane1|       pointer|
|bytePlanes_plane1_empty_n         |   in|    1|     ap_fifo|     bytePlanes_plane1|       pointer|
|bytePlanes_plane1_read            |  out|    1|     ap_fifo|     bytePlanes_plane1|       pointer|
|img_din                           |  out|  120|     ap_fifo|                   img|       pointer|
|img_num_data_valid                |   in|    3|     ap_fifo|                   img|       pointer|
|img_fifo_cap                      |   in|    3|     ap_fifo|                   img|       pointer|
|img_full_n                        |   in|    1|     ap_fifo|                   img|       pointer|
|img_write                         |  out|    1|     ap_fifo|                   img|       pointer|
|Height_val                        |   in|   13|   ap_stable|            Height_val|        scalar|
|Width_val                         |   in|   13|   ap_stable|             Width_val|        scalar|
|WidthInBytes_val_dout             |   in|   16|     ap_fifo|      WidthInBytes_val|       pointer|
|WidthInBytes_val_num_data_valid   |   in|    3|     ap_fifo|      WidthInBytes_val|       pointer|
|WidthInBytes_val_fifo_cap         |   in|    3|     ap_fifo|      WidthInBytes_val|       pointer|
|WidthInBytes_val_empty_n          |   in|    1|     ap_fifo|      WidthInBytes_val|       pointer|
|WidthInBytes_val_read             |  out|    1|     ap_fifo|      WidthInBytes_val|       pointer|
|VideoFormat_val                   |   in|    6|   ap_stable|       VideoFormat_val|        scalar|
+----------------------------------+-----+-----+------------+----------------------+--------------+

