

================================================================
== Vitis HLS Report for 'Bytes2MultiPixStream_Pipeline_VITIS_LOOP_914_1'
================================================================
* Date:           Thu May  9 19:06:48 2024

* Version:        2023.2 (Build 4023990 on Oct 11 2023)
* Project:        prj
* Solution:       sol (Vivado IP Flow Target)
* Product family: versalaicore
* Target device:  xcvc1902-vsva2197-2MP-e-S


================================================================
== Performance Estimates
================================================================
+ Timing: 
    * Summary: 
    +--------+---------+----------+------------+
    |  Clock |  Target | Estimated| Uncertainty|
    +--------+---------+----------+------------+
    |ap_clk  |  3.33 ns|  1.984 ns|     0.90 ns|
    +--------+---------+----------+------------+

+ Latency: 
    * Summary: 
    +---------+---------+----------+-----------+-----+-------+---------+
    |  Latency (cycles) |  Latency (absolute)  |   Interval  | Pipeline|
    |   min   |   max   |    min   |    max    | min |  max  |   Type  |
    +---------+---------+----------+-----------+-----+-------+---------+
    |        2|    12290|  6.666 ns|  40.963 us|    2|  12290|       no|
    +---------+---------+----------+-----------+-----+-------+---------+

    + Detail: 
        * Instance: 
        N/A

        * Loop: 
        +--------------------+---------+---------+----------+-----------+-----------+----------+----------+
        |                    |  Latency (cycles) | Iteration|  Initiation Interval  |   Trip   |          |
        |      Loop Name     |   min   |   max   |  Latency |  achieved |   target  |   Count  | Pipelined|
        +--------------------+---------+---------+----------+-----------+-----------+----------+----------+
        |- VITIS_LOOP_914_1  |        0|    12288|         7|          6|          6|  0 ~ 2048|       yes|
        +--------------------+---------+---------+----------+-----------+-----------+----------+----------+



================================================================
== Utilization Estimates
================================================================
* Summary: 
+-----------------+---------+------+---------+--------+-----+
|       Name      | BRAM_18K|  DSP |    FF   |   LUT  | URAM|
+-----------------+---------+------+---------+--------+-----+
|DSP              |        -|     -|        -|       -|    -|
|Expression       |        -|     -|        0|      95|    -|
|FIFO             |        -|     -|        -|       -|    -|
|Instance         |        -|     -|        -|       -|    -|
|Memory           |        -|     -|        -|       -|    -|
|Multiplexer      |        -|     -|        -|     520|    -|
|Register         |        -|     -|      429|       -|    -|
+-----------------+---------+------+---------+--------+-----+
|Total            |        0|     0|      429|     615|    0|
+-----------------+---------+------+---------+--------+-----+
|Available        |     1934|  1968|  1799680|  899840|  463|
+-----------------+---------+------+---------+--------+-----+
|Utilization (%)  |        0|     0|       ~0|      ~0|    0|
+-----------------+---------+------+---------+--------+-----+

+ Detail: 
    * Instance: 
    N/A

    * DSP: 
    N/A

    * Memory: 
    N/A

    * FIFO: 
    N/A

    * Expression: 
    +----------------------------------+----------+----+---+----+------------+------------+
    |           Variable Name          | Operation| DSP| FF| LUT| Bitwidth P0| Bitwidth P1|
    +----------------------------------+----------+----+---+----+------------+------------+
    |x_2_fu_396_p2                     |         +|   0|  0|  12|          12|           1|
    |and_ln928_fu_418_p2               |       and|   0|  0|   2|           1|           1|
    |ap_block_pp0_stage0_01001         |       and|   0|  0|   2|           1|           1|
    |ap_block_pp0_stage1_01001         |       and|   0|  0|   2|           1|           1|
    |ap_block_pp0_stage2_01001         |       and|   0|  0|   2|           1|           1|
    |ap_block_pp0_stage3_01001         |       and|   0|  0|   2|           1|           1|
    |ap_block_pp0_stage4_01001         |       and|   0|  0|   2|           1|           1|
    |ap_block_pp0_stage5_01001         |       and|   0|  0|   2|           1|           1|
    |ap_block_state3_pp0_stage2_iter0  |       and|   0|  0|   2|           1|           1|
    |ap_block_state4_pp0_stage3_iter0  |       and|   0|  0|   2|           1|           1|
    |ap_block_state5_pp0_stage4_iter0  |       and|   0|  0|   2|           1|           1|
    |ap_block_state6_pp0_stage5_iter0  |       and|   0|  0|   2|           1|           1|
    |ap_block_state7_pp0_stage0_iter1  |       and|   0|  0|   2|           1|           1|
    |ap_predicate_op142_write_state3   |       and|   0|  0|   2|           1|           1|
    |ap_predicate_op147_write_state4   |       and|   0|  0|   2|           1|           1|
    |ap_predicate_op152_write_state5   |       and|   0|  0|   2|           1|           1|
    |ap_predicate_op157_write_state6   |       and|   0|  0|   2|           1|           1|
    |ap_predicate_op74_read_state2     |       and|   0|  0|   2|           1|           1|
    |ap_predicate_op97_write_state2    |       and|   0|  0|   2|           1|           1|
    |cmp114_fu_424_p2                  |      icmp|   0|  0|  13|          13|          13|
    |icmp_ln914_fu_402_p2              |      icmp|   0|  0|  12|          12|          12|
    |icmp_ln928_fu_412_p2              |      icmp|   0|  0|   6|           6|           5|
    |ap_block_state2_pp0_stage1_iter0  |        or|   0|  0|   2|           1|           1|
    |or_ln948_1_fu_436_p2              |        or|   0|  0|   2|           1|           1|
    |or_ln948_2_fu_442_p2              |        or|   0|  0|   2|           1|           1|
    |or_ln948_3_fu_448_p2              |        or|   0|  0|   2|           1|           1|
    |or_ln948_4_fu_454_p2              |        or|   0|  0|   2|           1|           1|
    |or_ln948_5_fu_460_p2              |        or|   0|  0|   2|           1|           1|
    |or_ln948_fu_430_p2                |        or|   0|  0|   2|           1|           1|
    |ap_enable_pp0                     |       xor|   0|  0|   2|           1|           2|
    +----------------------------------+----------+----+---+----+------------+------------+
    |Total                             |          |   0|  0|  95|          69|          58|
    +----------------------------------+----------+----+---+----+------------+------------+

    * Multiplexer: 
    +-------------------------------+-----+-----------+-----+-----------+
    |              Name             | LUT | Input Size| Bits| Total Bits|
    +-------------------------------+-----+-----------+-----+-----------+
    |ap_NS_fsm                      |    6|          7|    1|          7|
    |ap_done_int                    |    2|          2|    1|          2|
    |ap_enable_reg_pp0_iter0        |    2|          2|    1|          2|
    |ap_enable_reg_pp0_iter0_reg    |    2|          2|    1|          2|
    |ap_enable_reg_pp0_iter1        |    2|          2|    1|          2|
    |ap_phi_mux_rdUv_phi_fu_347_p4  |  121|          2|  240|        480|
    |ap_sig_allocacmp_x_1           |   12|          2|   12|         24|
    |bytePlanes_plane0_blk_n        |    2|          2|    1|          2|
    |bytePlanes_plane1_blk_n        |    2|          2|    1|          2|
    |img_blk_n                      |    2|          2|    1|          2|
    |img_din                        |  355|          7|  120|        840|
    |x_fu_260                       |   12|          2|   12|         24|
    +-------------------------------+-----+-----------+-----+-----------+
    |Total                          |  520|         34|  392|       1389|
    +-------------------------------+-----+-----------+-----+-----------+

    * Register: 
    +-----------------------------+----+----+-----+-----------+
    |             Name            | FF | LUT| Bits| Const Bits|
    +-----------------------------+----+----+-----+-----------+
    |and_ln928_reg_1225           |   1|   0|    1|          0|
    |ap_CS_fsm                    |   6|   0|    6|          0|
    |ap_done_reg                  |   1|   0|    1|          0|
    |ap_enable_reg_pp0_iter0_reg  |   1|   0|    1|          0|
    |ap_enable_reg_pp0_iter1      |   1|   0|    1|          0|
    |icmp_ln914_reg_1221          |   1|   0|    1|          0|
    |or_ln948_1_reg_1233          |   1|   0|    1|          0|
    |or_ln948_2_reg_1237          |   1|   0|    1|          0|
    |or_ln948_3_reg_1241          |   1|   0|    1|          0|
    |or_ln948_4_reg_1245          |   1|   0|    1|          0|
    |or_ln948_5_reg_1249          |   1|   0|    1|          0|
    |or_ln948_reg_1229            |   1|   0|    1|          0|
    |tmp_27_reg_1253              |  10|   0|   10|          0|
    |tmp_28_reg_1258              |  10|   0|   10|          0|
    |tmp_29_reg_1263              |  10|   0|   10|          0|
    |tmp_30_reg_1268              |  10|   0|   10|          0|
    |tmp_31_reg_1273              |  10|   0|   10|          0|
    |tmp_32_reg_1278              |  10|   0|   10|          0|
    |tmp_33_reg_1283              |  10|   0|   10|          0|
    |tmp_34_reg_1288              |  10|   0|   10|          0|
    |tmp_36_reg_1293              |  10|   0|   10|          0|
    |tmp_37_reg_1298              |  10|   0|   10|          0|
    |tmp_38_reg_1303              |  10|   0|   10|          0|
    |tmp_39_reg_1308              |  10|   0|   10|          0|
    |tmp_40_reg_1313              |  10|   0|   10|          0|
    |tmp_41_reg_1318              |  10|   0|   10|          0|
    |tmp_42_reg_1323              |  10|   0|   10|          0|
    |tmp_43_reg_1328              |  10|   0|   10|          0|
    |tmp_45_reg_1333              |  10|   0|   10|          0|
    |tmp_46_reg_1338              |  10|   0|   10|          0|
    |tmp_47_reg_1343              |  10|   0|   10|          0|
    |tmp_48_reg_1348              |  10|   0|   10|          0|
    |tmp_49_reg_1353              |  10|   0|   10|          0|
    |tmp_50_reg_1358              |  10|   0|   10|          0|
    |tmp_51_reg_1363              |  10|   0|   10|          0|
    |tmp_52_reg_1368              |  10|   0|   10|          0|
    |tmp_54_reg_1373              |  10|   0|   10|          0|
    |tmp_55_reg_1378              |  10|   0|   10|          0|
    |tmp_56_reg_1383              |  10|   0|   10|          0|
    |tmp_57_reg_1388              |  10|   0|   10|          0|
    |tmp_58_reg_1393              |  10|   0|   10|          0|
    |tmp_59_reg_1398              |  10|   0|   10|          0|
    |tmp_60_reg_1403              |  10|   0|   10|          0|
    |tmp_61_reg_1408              |  10|   0|   10|          0|
    |tmp_63_reg_1413              |  10|   0|   10|          0|
    |tmp_64_reg_1418              |  10|   0|   10|          0|
    |tmp_65_reg_1423              |  10|   0|   10|          0|
    |tmp_66_reg_1428              |  10|   0|   10|          0|
    |tmp_67_reg_1433              |  10|   0|   10|          0|
    |tmp_68_reg_1438              |  10|   0|   10|          0|
    |tmp_69_reg_1443              |  10|   0|   10|          0|
    |tmp_70_reg_1448              |  10|   0|   10|          0|
    |x_fu_260                     |  12|   0|   12|          0|
    +-----------------------------+----+----+-----+-----------+
    |Total                        | 429|   0|  429|          0|
    +-----------------------------+----+----+-----+-----------+



================================================================
== Interface
================================================================
* Summary: 
+----------------------------------+-----+-----+------------+------------------------------------------------+--------------+
|             RTL Ports            | Dir | Bits|  Protocol  |                  Source Object                 |    C Type    |
+----------------------------------+-----+-----+------------+------------------------------------------------+--------------+
|ap_clk                            |   in|    1|  ap_ctrl_hs|  Bytes2MultiPixStream_Pipeline_VITIS_LOOP_914_1|  return value|
|ap_rst                            |   in|    1|  ap_ctrl_hs|  Bytes2MultiPixStream_Pipeline_VITIS_LOOP_914_1|  return value|
|ap_start                          |   in|    1|  ap_ctrl_hs|  Bytes2MultiPixStream_Pipeline_VITIS_LOOP_914_1|  return value|
|ap_done                           |  out|    1|  ap_ctrl_hs|  Bytes2MultiPixStream_Pipeline_VITIS_LOOP_914_1|  return value|
|ap_idle                           |  out|    1|  ap_ctrl_hs|  Bytes2MultiPixStream_Pipeline_VITIS_LOOP_914_1|  return value|
|ap_ready                          |  out|    1|  ap_ctrl_hs|  Bytes2MultiPixStream_Pipeline_VITIS_LOOP_914_1|  return value|
|img_din                           |  out|  120|     ap_fifo|                                             img|       pointer|
|img_num_data_valid                |   in|    3|     ap_fifo|                                             img|       pointer|
|img_fifo_cap                      |   in|    3|     ap_fifo|                                             img|       pointer|
|img_full_n                        |   in|    1|     ap_fifo|                                             img|       pointer|
|img_write                         |  out|    1|     ap_fifo|                                             img|       pointer|
|trunc_ln901_1                     |   in|   12|     ap_none|                                   trunc_ln901_1|        scalar|
|cmp117_5                          |   in|    1|   ap_stable|                                        cmp117_5|        scalar|
|cmp117_4                          |   in|    1|   ap_stable|                                        cmp117_4|        scalar|
|empty_73                          |   in|    1|   ap_stable|                                        empty_73|        scalar|
|cmp117_2                          |   in|    1|   ap_stable|                                        cmp117_2|        scalar|
|icmp                              |   in|    1|   ap_stable|                                            icmp|        scalar|
|sub113_cast                       |   in|   12|     ap_none|                                     sub113_cast|        scalar|
|cmp117                            |   in|    1|   ap_stable|                                          cmp117|        scalar|
|bytePlanes_plane0_dout            |   in|  256|     ap_fifo|                               bytePlanes_plane0|       pointer|
|bytePlanes_plane0_num_data_valid  |   in|   10|     ap_fifo|                               bytePlanes_plane0|       pointer|
|bytePlanes_plane0_fifo_cap        |   in|   10|     ap_fifo|                               bytePlanes_plane0|       pointer|
|bytePlanes_plane0_empty_n         |   in|    1|     ap_fifo|                               bytePlanes_plane0|       pointer|
|bytePlanes_plane0_read            |  out|    1|     ap_fifo|                               bytePlanes_plane0|       pointer|
|VideoFormat_val                   |   in|    6|   ap_stable|                                 VideoFormat_val|        scalar|
|empty                             |   in|    1|     ap_none|                                           empty|        scalar|
|bytePlanes_plane1_dout            |   in|  256|     ap_fifo|                               bytePlanes_plane1|       pointer|
|bytePlanes_plane1_num_data_valid  |   in|   10|     ap_fifo|                               bytePlanes_plane1|       pointer|
|bytePlanes_plane1_fifo_cap        |   in|   10|     ap_fifo|                               bytePlanes_plane1|       pointer|
|bytePlanes_plane1_empty_n         |   in|    1|     ap_fifo|                               bytePlanes_plane1|       pointer|
|bytePlanes_plane1_read            |  out|    1|     ap_fifo|                               bytePlanes_plane1|       pointer|
+----------------------------------+-----+-----+------------+------------------------------------------------+--------------+

