

================================================================
== Vitis HLS Report for 'MultiPixStream2AXIvideo'
================================================================
* Date:           Thu May  9 19:07:21 2024

* Version:        2023.2 (Build 4023990 on Oct 11 2023)
* Project:        prj
* Solution:       sol (Vivado IP Flow Target)
* Product family: versalaicore
* Target device:  xcvc1902-vsva2197-2MP-e-S


================================================================
== Performance Estimates
================================================================
+ Timing: 
    * Summary: 
    +--------+---------+----------+------------+
    |  Clock |  Target | Estimated| Uncertainty|
    +--------+---------+----------+------------+
    |ap_clk  |  3.33 ns|  2.111 ns|     0.90 ns|
    +--------+---------+----------+------------+

+ Latency: 
    * Summary: 
    +---------+---------+-----------+-----------+-----+---------+---------+
    |  Latency (cycles) |   Latency (absolute)  |    Interval   | Pipeline|
    |   min   |   max   |    min    |    max    | min |   max   |   Type  |
    +---------+---------+-----------+-----------+-----+---------+---------+
    |       19|  8320339|  63.327 ns|  27.732 ms|   19|  8320339|       no|
    +---------+---------+-----------+-----------+-----+---------+---------+

    + Detail: 
        * Instance: 
        +--------------------------------------------------------------+---------------------------------------------------+---------+---------+-----------+-----------+-----+------+---------+
        |                                                              |                                                   |  Latency (cycles) |   Latency (absolute)  |  Interval  | Pipeline|
        |                           Instance                           |                       Module                      |   min   |   max   |    min    |    max    | min |  max |   Type  |
        +--------------------------------------------------------------+---------------------------------------------------+---------+---------+-----------+-----------+-----+------+---------+
        |grp_MultiPixStream2AXIvideo_Pipeline_VITIS_LOOP_341_1_fu_184  |MultiPixStream2AXIvideo_Pipeline_VITIS_LOOP_341_1  |       15|       15|  49.995 ns|  49.995 ns|   15|    15|       no|
        |grp_MultiPixStream2AXIvideo_Pipeline_VITIS_LOOP_350_3_fu_203  |MultiPixStream2AXIvideo_Pipeline_VITIS_LOOP_350_3  |        4|     1924|  13.332 ns|   6.413 us|    4|  1924|       no|
        |grp_reg_unsigned_short_s_fu_280                               |reg_unsigned_short_s                               |        1|        1|   3.333 ns|   3.333 ns|    1|     1|      yes|
        |grp_reg_unsigned_short_s_fu_286                               |reg_unsigned_short_s                               |        1|        1|   3.333 ns|   3.333 ns|    1|     1|      yes|
        +--------------------------------------------------------------+---------------------------------------------------+---------+---------+-----------+-----------+-----+------+---------+

        * Loop: 
        +--------------------+---------+---------+----------+-----------+-----------+----------+----------+
        |                    |  Latency (cycles) | Iteration|  Initiation Interval  |   Trip   |          |
        |      Loop Name     |   min   |   max   |  Latency |  achieved |   target  |   Count  | Pipelined|
        +--------------------+---------+---------+----------+-----------+-----------+----------+----------+
        |- VITIS_LOOP_348_2  |        0|  8320320|  6 ~ 1926|          -|          -|  0 ~ 4320|        no|
        +--------------------+---------+---------+----------+-----------+-----------+----------+----------+



================================================================
== Utilization Estimates
================================================================
* Summary: 
+-----------------+---------+------+---------+--------+-----+
|       Name      | BRAM_18K|  DSP |    FF   |   LUT  | URAM|
+-----------------+---------+------+---------+--------+-----+
|DSP              |        -|     -|        -|       -|    -|
|Expression       |        -|     -|        0|      61|    -|
|FIFO             |        -|     -|        -|       -|    -|
|Instance         |        1|     -|      257|     732|    -|
|Memory           |        -|     -|        -|       -|    -|
|Multiplexer      |        -|     -|        -|      25|    -|
|Register         |        -|     -|      115|       -|    -|
+-----------------+---------+------+---------+--------+-----+
|Total            |        1|     0|      372|     818|    0|
+-----------------+---------+------+---------+--------+-----+
|Available        |     1934|  1968|  1799680|  899840|  463|
+-----------------+---------+------+---------+--------+-----+
|Utilization (%)  |       ~0|     0|       ~0|      ~0|    0|
+-----------------+---------+------+---------+--------+-----+

+ Detail: 
    * Instance: 
    +--------------------------------------------------------------+---------------------------------------------------+---------+----+-----+-----+-----+
    |                           Instance                           |                       Module                      | BRAM_18K| DSP|  FF | LUT | URAM|
    +--------------------------------------------------------------+---------------------------------------------------+---------+----+-----+-----+-----+
    |grp_MultiPixStream2AXIvideo_Pipeline_VITIS_LOOP_341_1_fu_184  |MultiPixStream2AXIvideo_Pipeline_VITIS_LOOP_341_1  |        1|   0|   61|   30|    0|
    |grp_MultiPixStream2AXIvideo_Pipeline_VITIS_LOOP_350_3_fu_203  |MultiPixStream2AXIvideo_Pipeline_VITIS_LOOP_350_3  |        0|   0|  142|  676|    0|
    |grp_reg_unsigned_short_s_fu_280                               |reg_unsigned_short_s                               |        0|   0|   27|   13|    0|
    |grp_reg_unsigned_short_s_fu_286                               |reg_unsigned_short_s                               |        0|   0|   27|   13|    0|
    +--------------------------------------------------------------+---------------------------------------------------+---------+----+-----+-----+-----+
    |Total                                                         |                                                   |        1|   0|  257|  732|    0|
    +--------------------------------------------------------------+---------------------------------------------------+---------+----+-----+-----+-----+

    * DSP: 
    N/A

    * Memory: 
    N/A

    * FIFO: 
    N/A

    * Expression: 
    +----------------------------------------------------------------------------------+----------+----+---+----+------------+------------+
    |                                   Variable Name                                  | Operation| DSP| FF| LUT| Bitwidth P0| Bitwidth P1|
    +----------------------------------------------------------------------------------+----------+----+---+----+------------+------------+
    |i_2_fu_396_p2                                                                     |         +|   0|  0|  13|          13|           1|
    |sub_fu_378_p2                                                                     |         +|   0|  0|  12|          12|           2|
    |sub_ln343_fu_271_p2                                                               |         -|   0|  0|   6|           6|           6|
    |and_ln348_fu_407_p2                                                               |       and|   0|  0|   2|           1|           1|
    |grp_MultiPixStream2AXIvideo_Pipeline_VITIS_LOOP_350_3_fu_203_m_axis_video_TREADY  |       and|   0|  0|   2|           1|           1|
    |icmp_ln348_1_fu_402_p2                                                            |      icmp|   0|  0|  13|          13|          13|
    |icmp_ln348_fu_384_p2                                                              |      icmp|   0|  0|  11|          11|           1|
    |ap_block_state1                                                                   |        or|   0|  0|   2|           1|           1|
    +----------------------------------------------------------------------------------+----------+----+---+----+------------+------------+
    |Total                                                                             |          |   0|  0|  61|          58|          26|
    +----------------------------------------------------------------------------------+----------+----+---+----+------------+------------+

    * Multiplexer: 
    +-----------------------+----+-----------+-----+-----------+
    |          Name         | LUT| Input Size| Bits| Total Bits|
    +-----------------------+----+-----------+-----+-----------+
    |ap_NS_fsm              |   6|          7|    1|          7|
    |ap_done                |   2|          2|    1|          2|
    |colorFormat_val_blk_n  |   2|          2|    1|          2|
    |i_1_fu_102             |  11|          2|   13|         26|
    |img_read               |   2|          2|    1|          2|
    |sof_reg_172            |   2|          2|    1|          2|
    +-----------------------+----+-----------+-----+-----------+
    |Total                  |  25|         17|   18|         41|
    +-----------------------+----+-----------+-----+-----------+

    * Register: 
    +---------------------------------------------------------------------------+----+----+-----+-----------+
    |                                    Name                                   | FF | LUT| Bits| Const Bits|
    +---------------------------------------------------------------------------+----+----+-----+-----------+
    |and_ln348_reg_588                                                          |   1|   0|    1|          0|
    |ap_CS_fsm                                                                  |   6|   0|    6|          0|
    |ap_done_reg                                                                |   1|   0|    1|          0|
    |colorFormat_val_read_reg_518                                               |   2|   0|    2|          0|
    |div_cast1_reg_570                                                          |  11|   0|   11|          0|
    |grp_MultiPixStream2AXIvideo_Pipeline_VITIS_LOOP_341_1_fu_184_ap_start_reg  |   1|   0|    1|          0|
    |grp_MultiPixStream2AXIvideo_Pipeline_VITIS_LOOP_350_3_fu_203_ap_start_reg  |   1|   0|    1|          0|
    |i_1_fu_102                                                                 |  13|   0|   13|          0|
    |icmp_ln348_reg_580                                                         |   1|   0|    1|          0|
    |p_loc15_fu_146                                                             |   4|   0|    4|          0|
    |p_loc16_fu_142                                                             |   4|   0|    4|          0|
    |p_loc17_fu_138                                                             |   4|   0|    4|          0|
    |p_loc18_fu_134                                                             |   4|   0|    4|          0|
    |p_loc19_fu_130                                                             |   4|   0|    4|          0|
    |p_loc20_fu_126                                                             |   4|   0|    4|          0|
    |p_loc21_fu_122                                                             |   4|   0|    4|          0|
    |p_loc22_fu_118                                                             |   4|   0|    4|          0|
    |p_loc23_fu_114                                                             |   4|   0|    4|          0|
    |p_loc24_fu_110                                                             |   4|   0|    4|          0|
    |p_loc25_fu_106                                                             |   4|   0|    4|          0|
    |p_loc_fu_150                                                               |   4|   0|    4|          0|
    |rows_reg_529                                                               |  13|   0|   13|          0|
    |sof_reg_172                                                                |   1|   0|    1|          0|
    |sub_ln343_reg_524                                                          |   4|   0|    6|          2|
    |sub_reg_575                                                                |  12|   0|   12|          0|
    +---------------------------------------------------------------------------+----+----+-----+-----------+
    |Total                                                                      | 115|   0|  117|          2|
    +---------------------------------------------------------------------------+----+----+-----+-----------+



================================================================
== Interface
================================================================
* Summary: 
+--------------------------------+-----+-----+------------+-------------------------+--------------+
|            RTL Ports           | Dir | Bits|  Protocol  |      Source Object      |    C Type    |
+--------------------------------+-----+-----+------------+-------------------------+--------------+
|ap_clk                          |   in|    1|  ap_ctrl_hs|  MultiPixStream2AXIvideo|  return value|
|ap_rst                          |   in|    1|  ap_ctrl_hs|  MultiPixStream2AXIvideo|  return value|
|ap_start                        |   in|    1|  ap_ctrl_hs|  MultiPixStream2AXIvideo|  return value|
|ap_done                         |  out|    1|  ap_ctrl_hs|  MultiPixStream2AXIvideo|  return value|
|ap_continue                     |   in|    1|  ap_ctrl_hs|  MultiPixStream2AXIvideo|  return value|
|ap_idle                         |  out|    1|  ap_ctrl_hs|  MultiPixStream2AXIvideo|  return value|
|ap_ready                        |  out|    1|  ap_ctrl_hs|  MultiPixStream2AXIvideo|  return value|
|img_dout                        |   in|  120|     ap_fifo|                      img|       pointer|
|img_num_data_valid              |   in|    3|     ap_fifo|                      img|       pointer|
|img_fifo_cap                    |   in|    3|     ap_fifo|                      img|       pointer|
|img_empty_n                     |   in|    1|     ap_fifo|                      img|       pointer|
|img_read                        |  out|    1|     ap_fifo|                      img|       pointer|
|m_axis_video_TDATA              |  out|  120|        axis|    m_axis_video_V_data_V|       pointer|
|m_axis_video_TVALID             |  out|    1|        axis|    m_axis_video_V_dest_V|       pointer|
|m_axis_video_TREADY             |   in|    1|        axis|    m_axis_video_V_dest_V|       pointer|
|m_axis_video_TDEST              |  out|    1|        axis|    m_axis_video_V_dest_V|       pointer|
|m_axis_video_TKEEP              |  out|   15|        axis|    m_axis_video_V_keep_V|       pointer|
|m_axis_video_TSTRB              |  out|   15|        axis|    m_axis_video_V_strb_V|       pointer|
|m_axis_video_TUSER              |  out|    1|        axis|    m_axis_video_V_user_V|       pointer|
|m_axis_video_TLAST              |  out|    1|        axis|    m_axis_video_V_last_V|       pointer|
|m_axis_video_TID                |  out|    1|        axis|      m_axis_video_V_id_V|       pointer|
|Height_val                      |   in|   13|   ap_stable|               Height_val|        scalar|
|WidthOut_val                    |   in|   13|   ap_stable|             WidthOut_val|        scalar|
|colorFormat_val_dout            |   in|    2|     ap_fifo|          colorFormat_val|       pointer|
|colorFormat_val_num_data_valid  |   in|    3|     ap_fifo|          colorFormat_val|       pointer|
|colorFormat_val_fifo_cap        |   in|    3|     ap_fifo|          colorFormat_val|       pointer|
|colorFormat_val_empty_n         |   in|    1|     ap_fifo|          colorFormat_val|       pointer|
|colorFormat_val_read            |  out|    1|     ap_fifo|          colorFormat_val|       pointer|
+--------------------------------+-----+-----+------------+-------------------------+--------------+

