Duplicated file found; will not be sent for synthesis: c:/Vulcan/Protocol/Display/v_dp_rxss1_0_ex/v_dp_rxss1_0_ex.gen/sources_1/bd/dpss_vck190_pt/ipshared/ef1e/hdl/lib_cdc_v1_0_rfs.vhd
Duplicated file found; will not be sent for synthesis: c:/Vulcan/Protocol/Display/v_dp_rxss1_0_ex/v_dp_rxss1_0_ex.gen/sources_1/bd/dpss_vck190_pt/ipshared/408c/hdl/proc_sys_reset_v5_0_vh_rfs.vhd
Duplicated file found; will not be sent for synthesis: c:/Vulcan/Protocol/Display/v_dp_rxss1_0_ex/v_dp_rxss1_0_ex.gen/sources_1/bd/dpss_vck190_pt/ipshared/ef1e/hdl/lib_cdc_v1_0_rfs.vhd
Duplicated file found; will not be sent for synthesis: c:/Vulcan/Protocol/Display/v_dp_rxss1_0_ex/v_dp_rxss1_0_ex.gen/sources_1/bd/dpss_vck190_pt/ipshared/408c/hdl/proc_sys_reset_v5_0_vh_rfs.vhd
Duplicated file found; will not be sent for synthesis: c:/Vulcan/Protocol/Display/v_dp_rxss1_0_ex/v_dp_rxss1_0_ex.gen/sources_1/bd/dpss_vck190_pt/ipshared/f0b6/hdl/verilog/sc_util_v1_0_4_constants.vh
Duplicated file found; will not be sent for synthesis: c:/Vulcan/Protocol/Display/v_dp_rxss1_0_ex/v_dp_rxss1_0_ex.gen/sources_1/bd/dpss_vck190_pt/ipshared/f0b6/hdl/verilog/sc_util_v1_0_4_constants_noc.vh
Duplicated file found; will not be sent for synthesis: c:/Vulcan/Protocol/Display/v_dp_rxss1_0_ex/v_dp_rxss1_0_ex.gen/sources_1/bd/dpss_vck190_pt/ipshared/f0b6/hdl/verilog/sc_util_v1_0_4_structs.svh
Duplicated file found; will not be sent for synthesis: c:/Vulcan/Protocol/Display/v_dp_rxss1_0_ex/v_dp_rxss1_0_ex.gen/sources_1/bd/dpss_vck190_pt/ipshared/f0b6/hdl/sc_util_v1_0_vl_rfs.sv
Duplicated file found; will not be sent for synthesis: c:/Vulcan/Protocol/Display/v_dp_rxss1_0_ex/v_dp_rxss1_0_ex.gen/sources_1/bd/dpss_vck190_pt/ipshared/bd53/hdl/sc_switchboard_v1_0_vl_rfs.sv
Duplicated file found; will not be sent for synthesis: c:/Vulcan/Protocol/Display/v_dp_rxss1_0_ex/v_dp_rxss1_0_ex.gen/sources_1/bd/dpss_vck190_pt/ipshared/f0b6/hdl/verilog/sc_util_v1_0_4_constants.vh
Duplicated file found; will not be sent for synthesis: c:/Vulcan/Protocol/Display/v_dp_rxss1_0_ex/v_dp_rxss1_0_ex.gen/sources_1/bd/dpss_vck190_pt/ipshared/f0b6/hdl/verilog/sc_util_v1_0_4_constants_noc.vh
Duplicated file found; will not be sent for synthesis: c:/Vulcan/Protocol/Display/v_dp_rxss1_0_ex/v_dp_rxss1_0_ex.gen/sources_1/bd/dpss_vck190_pt/ipshared/f0b6/hdl/verilog/sc_util_v1_0_4_structs.svh
Duplicated file found; will not be sent for synthesis: c:/Vulcan/Protocol/Display/v_dp_rxss1_0_ex/v_dp_rxss1_0_ex.gen/sources_1/bd/dpss_vck190_pt/ipshared/f0b6/hdl/sc_util_v1_0_vl_rfs.sv
Duplicated file found; will not be sent for synthesis: c:/Vulcan/Protocol/Display/v_dp_rxss1_0_ex/v_dp_rxss1_0_ex.gen/sources_1/bd/dpss_vck190_pt/ipshared/bd53/hdl/sc_switchboard_v1_0_vl_rfs.sv
Duplicated file found; will not be sent for synthesis: c:/Vulcan/Protocol/Display/v_dp_rxss1_0_ex/v_dp_rxss1_0_ex.gen/sources_1/bd/dpss_vck190_pt/ipshared/f0b6/hdl/verilog/sc_util_v1_0_4_constants.vh
Duplicated file found; will not be sent for synthesis: c:/Vulcan/Protocol/Display/v_dp_rxss1_0_ex/v_dp_rxss1_0_ex.gen/sources_1/bd/dpss_vck190_pt/ipshared/f0b6/hdl/verilog/sc_util_v1_0_4_constants_noc.vh
Duplicated file found; will not be sent for synthesis: c:/Vulcan/Protocol/Display/v_dp_rxss1_0_ex/v_dp_rxss1_0_ex.gen/sources_1/bd/dpss_vck190_pt/ipshared/f0b6/hdl/verilog/sc_util_v1_0_4_structs.svh
Duplicated file found; will not be sent for synthesis: c:/Vulcan/Protocol/Display/v_dp_rxss1_0_ex/v_dp_rxss1_0_ex.gen/sources_1/bd/dpss_vck190_pt/ipshared/f0b6/hdl/sc_util_v1_0_vl_rfs.sv
Duplicated file found; will not be sent for synthesis: c:/Vulcan/Protocol/Display/v_dp_rxss1_0_ex/v_dp_rxss1_0_ex.gen/sources_1/bd/dpss_vck190_pt/ipshared/bd53/hdl/sc_switchboard_v1_0_vl_rfs.sv
Duplicated file found; will not be sent for synthesis: c:/Vulcan/Protocol/Display/v_dp_rxss1_0_ex/v_dp_rxss1_0_ex.gen/sources_1/bd/dpss_vck190_pt/ipshared/f0b6/hdl/verilog/sc_util_v1_0_4_constants.vh
Duplicated file found; will not be sent for synthesis: c:/Vulcan/Protocol/Display/v_dp_rxss1_0_ex/v_dp_rxss1_0_ex.gen/sources_1/bd/dpss_vck190_pt/ipshared/f0b6/hdl/verilog/sc_util_v1_0_4_constants_noc.vh
Duplicated file found; will not be sent for synthesis: c:/Vulcan/Protocol/Display/v_dp_rxss1_0_ex/v_dp_rxss1_0_ex.gen/sources_1/bd/dpss_vck190_pt/ipshared/f0b6/hdl/verilog/sc_util_v1_0_4_structs.svh
Duplicated file found; will not be sent for synthesis: c:/Vulcan/Protocol/Display/v_dp_rxss1_0_ex/v_dp_rxss1_0_ex.gen/sources_1/bd/dpss_vck190_pt/ipshared/f0b6/hdl/sc_util_v1_0_vl_rfs.sv
Duplicated file found; will not be sent for synthesis: c:/Vulcan/Protocol/Display/v_dp_rxss1_0_ex/v_dp_rxss1_0_ex.gen/sources_1/bd/dpss_vck190_pt/ipshared/bd53/hdl/sc_switchboard_v1_0_vl_rfs.sv
Duplicated file found; will not be sent for synthesis: c:/Vulcan/Protocol/Display/v_dp_rxss1_0_ex/v_dp_rxss1_0_ex.gen/sources_1/bd/dpss_vck190_pt/ipshared/f0b6/hdl/verilog/sc_util_v1_0_4_constants.vh
Duplicated file found; will not be sent for synthesis: c:/Vulcan/Protocol/Display/v_dp_rxss1_0_ex/v_dp_rxss1_0_ex.gen/sources_1/bd/dpss_vck190_pt/ipshared/f0b6/hdl/verilog/sc_util_v1_0_4_constants_noc.vh
Duplicated file found; will not be sent for synthesis: c:/Vulcan/Protocol/Display/v_dp_rxss1_0_ex/v_dp_rxss1_0_ex.gen/sources_1/bd/dpss_vck190_pt/ipshared/f0b6/hdl/verilog/sc_util_v1_0_4_structs.svh
Duplicated file found; will not be sent for synthesis: c:/Vulcan/Protocol/Display/v_dp_rxss1_0_ex/v_dp_rxss1_0_ex.gen/sources_1/bd/dpss_vck190_pt/ipshared/f0b6/hdl/sc_util_v1_0_vl_rfs.sv
Duplicated file found; will not be sent for synthesis: c:/Vulcan/Protocol/Display/v_dp_rxss1_0_ex/v_dp_rxss1_0_ex.gen/sources_1/bd/dpss_vck190_pt/ipshared/bd53/hdl/sc_switchboard_v1_0_vl_rfs.sv
Duplicated file found; will not be sent for synthesis: c:/Vulcan/Protocol/Display/v_dp_rxss1_0_ex/v_dp_rxss1_0_ex.gen/sources_1/bd/dpss_vck190_pt/ipshared/f0b6/hdl/verilog/sc_util_v1_0_4_constants.vh
Duplicated file found; will not be sent for synthesis: c:/Vulcan/Protocol/Display/v_dp_rxss1_0_ex/v_dp_rxss1_0_ex.gen/sources_1/bd/dpss_vck190_pt/ipshared/f0b6/hdl/verilog/sc_util_v1_0_4_constants_noc.vh
Duplicated file found; will not be sent for synthesis: c:/Vulcan/Protocol/Display/v_dp_rxss1_0_ex/v_dp_rxss1_0_ex.gen/sources_1/bd/dpss_vck190_pt/ipshared/f0b6/hdl/verilog/sc_util_v1_0_4_structs.svh
Duplicated file found; will not be sent for synthesis: c:/Vulcan/Protocol/Display/v_dp_rxss1_0_ex/v_dp_rxss1_0_ex.gen/sources_1/bd/dpss_vck190_pt/ipshared/f0b6/hdl/sc_util_v1_0_vl_rfs.sv
Duplicated file found; will not be sent for synthesis: c:/Vulcan/Protocol/Display/v_dp_rxss1_0_ex/v_dp_rxss1_0_ex.gen/sources_1/bd/dpss_vck190_pt/ipshared/bd53/hdl/sc_switchboard_v1_0_vl_rfs.sv
Duplicated file found; will not be sent for synthesis: c:/Vulcan/Protocol/Display/v_dp_rxss1_0_ex/v_dp_rxss1_0_ex.gen/sources_1/bd/dpss_vck190_pt/ipshared/f0b6/hdl/verilog/sc_util_v1_0_4_constants.vh
Duplicated file found; will not be sent for synthesis: c:/Vulcan/Protocol/Display/v_dp_rxss1_0_ex/v_dp_rxss1_0_ex.gen/sources_1/bd/dpss_vck190_pt/ipshared/f0b6/hdl/verilog/sc_util_v1_0_4_constants_noc.vh
Duplicated file found; will not be sent for synthesis: c:/Vulcan/Protocol/Display/v_dp_rxss1_0_ex/v_dp_rxss1_0_ex.gen/sources_1/bd/dpss_vck190_pt/ipshared/f0b6/hdl/verilog/sc_util_v1_0_4_structs.svh
Duplicated file found; will not be sent for synthesis: c:/Vulcan/Protocol/Display/v_dp_rxss1_0_ex/v_dp_rxss1_0_ex.gen/sources_1/bd/dpss_vck190_pt/ipshared/f0b6/hdl/sc_util_v1_0_vl_rfs.sv
Duplicated file found; will not be sent for synthesis: c:/Vulcan/Protocol/Display/v_dp_rxss1_0_ex/v_dp_rxss1_0_ex.gen/sources_1/bd/dpss_vck190_pt/ipshared/bd53/hdl/sc_switchboard_v1_0_vl_rfs.sv
Duplicated file found; will not be sent for synthesis: c:/Vulcan/Protocol/Display/v_dp_rxss1_0_ex/v_dp_rxss1_0_ex.gen/sources_1/bd/dpss_vck190_pt/ipshared/f0b6/hdl/verilog/sc_util_v1_0_4_constants.vh
Duplicated file found; will not be sent for synthesis: c:/Vulcan/Protocol/Display/v_dp_rxss1_0_ex/v_dp_rxss1_0_ex.gen/sources_1/bd/dpss_vck190_pt/ipshared/f0b6/hdl/verilog/sc_util_v1_0_4_constants_noc.vh
Duplicated file found; will not be sent for synthesis: c:/Vulcan/Protocol/Display/v_dp_rxss1_0_ex/v_dp_rxss1_0_ex.gen/sources_1/bd/dpss_vck190_pt/ipshared/f0b6/hdl/verilog/sc_util_v1_0_4_structs.svh
Duplicated file found; will not be sent for synthesis: c:/Vulcan/Protocol/Display/v_dp_rxss1_0_ex/v_dp_rxss1_0_ex.gen/sources_1/bd/dpss_vck190_pt/ipshared/f0b6/hdl/sc_util_v1_0_vl_rfs.sv
Duplicated file found; will not be sent for synthesis: c:/Vulcan/Protocol/Display/v_dp_rxss1_0_ex/v_dp_rxss1_0_ex.gen/sources_1/bd/dpss_vck190_pt/ipshared/bd53/hdl/sc_switchboard_v1_0_vl_rfs.sv
Duplicated file found; will not be sent for synthesis: c:/Vulcan/Protocol/Display/v_dp_rxss1_0_ex/v_dp_rxss1_0_ex.gen/sources_1/bd/dpss_vck190_pt/ipshared/f0b6/hdl/verilog/sc_util_v1_0_4_constants.vh
Duplicated file found; will not be sent for synthesis: c:/Vulcan/Protocol/Display/v_dp_rxss1_0_ex/v_dp_rxss1_0_ex.gen/sources_1/bd/dpss_vck190_pt/ipshared/f0b6/hdl/verilog/sc_util_v1_0_4_constants_noc.vh
Duplicated file found; will not be sent for synthesis: c:/Vulcan/Protocol/Display/v_dp_rxss1_0_ex/v_dp_rxss1_0_ex.gen/sources_1/bd/dpss_vck190_pt/ipshared/f0b6/hdl/verilog/sc_util_v1_0_4_structs.svh
Duplicated file found; will not be sent for synthesis: c:/Vulcan/Protocol/Display/v_dp_rxss1_0_ex/v_dp_rxss1_0_ex.gen/sources_1/bd/dpss_vck190_pt/ipshared/f0b6/hdl/sc_util_v1_0_vl_rfs.sv
Duplicated file found; will not be sent for synthesis: c:/Vulcan/Protocol/Display/v_dp_rxss1_0_ex/v_dp_rxss1_0_ex.gen/sources_1/bd/dpss_vck190_pt/ipshared/bd53/hdl/sc_switchboard_v1_0_vl_rfs.sv
Duplicated file found; will not be sent for synthesis: c:/Vulcan/Protocol/Display/v_dp_rxss1_0_ex/v_dp_rxss1_0_ex.gen/sources_1/bd/dpss_vck190_pt/ipshared/f0b6/hdl/verilog/sc_util_v1_0_4_constants.vh
Duplicated file found; will not be sent for synthesis: c:/Vulcan/Protocol/Display/v_dp_rxss1_0_ex/v_dp_rxss1_0_ex.gen/sources_1/bd/dpss_vck190_pt/ipshared/f0b6/hdl/verilog/sc_util_v1_0_4_constants_noc.vh
Duplicated file found; will not be sent for synthesis: c:/Vulcan/Protocol/Display/v_dp_rxss1_0_ex/v_dp_rxss1_0_ex.gen/sources_1/bd/dpss_vck190_pt/ipshared/f0b6/hdl/verilog/sc_util_v1_0_4_structs.svh
Duplicated file found; will not be sent for synthesis: c:/Vulcan/Protocol/Display/v_dp_rxss1_0_ex/v_dp_rxss1_0_ex.gen/sources_1/bd/dpss_vck190_pt/ipshared/f0b6/hdl/sc_util_v1_0_vl_rfs.sv
Duplicated file found; will not be sent for synthesis: c:/Vulcan/Protocol/Display/v_dp_rxss1_0_ex/v_dp_rxss1_0_ex.gen/sources_1/bd/dpss_vck190_pt/ipshared/f0b6/hdl/verilog/sc_util_v1_0_4_constants.vh
Duplicated file found; will not be sent for synthesis: c:/Vulcan/Protocol/Display/v_dp_rxss1_0_ex/v_dp_rxss1_0_ex.gen/sources_1/bd/dpss_vck190_pt/ipshared/f0b6/hdl/verilog/sc_util_v1_0_4_constants_noc.vh
Duplicated file found; will not be sent for synthesis: c:/Vulcan/Protocol/Display/v_dp_rxss1_0_ex/v_dp_rxss1_0_ex.gen/sources_1/bd/dpss_vck190_pt/ipshared/f0b6/hdl/verilog/sc_util_v1_0_4_structs.svh
Duplicated file found; will not be sent for synthesis: c:/Vulcan/Protocol/Display/v_dp_rxss1_0_ex/v_dp_rxss1_0_ex.gen/sources_1/bd/dpss_vck190_pt/ipshared/f0b6/hdl/sc_util_v1_0_vl_rfs.sv
Duplicated file found; will not be sent for synthesis: c:/Vulcan/Protocol/Display/v_dp_rxss1_0_ex/v_dp_rxss1_0_ex.gen/sources_1/bd/dpss_vck190_pt/ipshared/35de/hdl/verilog/sc_node_v1_0_15_t_reqsend.svh
Duplicated file found; will not be sent for synthesis: c:/Vulcan/Protocol/Display/v_dp_rxss1_0_ex/v_dp_rxss1_0_ex.gen/sources_1/bd/dpss_vck190_pt/ipshared/35de/hdl/sc_node_v1_0_vl_rfs.sv
Duplicated file found; will not be sent for synthesis: c:/Vulcan/Protocol/Display/v_dp_rxss1_0_ex/v_dp_rxss1_0_ex.gen/sources_1/bd/dpss_vck190_pt/ipshared/f0b6/hdl/verilog/sc_util_v1_0_4_constants.vh
Duplicated file found; will not be sent for synthesis: c:/Vulcan/Protocol/Display/v_dp_rxss1_0_ex/v_dp_rxss1_0_ex.gen/sources_1/bd/dpss_vck190_pt/ipshared/f0b6/hdl/verilog/sc_util_v1_0_4_constants_noc.vh
Duplicated file found; will not be sent for synthesis: c:/Vulcan/Protocol/Display/v_dp_rxss1_0_ex/v_dp_rxss1_0_ex.gen/sources_1/bd/dpss_vck190_pt/ipshared/f0b6/hdl/verilog/sc_util_v1_0_4_structs.svh
Duplicated file found; will not be sent for synthesis: c:/Vulcan/Protocol/Display/v_dp_rxss1_0_ex/v_dp_rxss1_0_ex.gen/sources_1/bd/dpss_vck190_pt/ipshared/f0b6/hdl/sc_util_v1_0_vl_rfs.sv
Duplicated file found; will not be sent for synthesis: c:/Vulcan/Protocol/Display/v_dp_rxss1_0_ex/v_dp_rxss1_0_ex.gen/sources_1/bd/dpss_vck190_pt/ipshared/35de/hdl/verilog/sc_node_v1_0_15_t_reqsend.svh
Duplicated file found; will not be sent for synthesis: c:/Vulcan/Protocol/Display/v_dp_rxss1_0_ex/v_dp_rxss1_0_ex.gen/sources_1/bd/dpss_vck190_pt/ipshared/35de/hdl/sc_node_v1_0_vl_rfs.sv
Duplicated file found; will not be sent for synthesis: c:/Vulcan/Protocol/Display/v_dp_rxss1_0_ex/v_dp_rxss1_0_ex.gen/sources_1/bd/dpss_vck190_pt/ipshared/f0b6/hdl/verilog/sc_util_v1_0_4_constants.vh
Duplicated file found; will not be sent for synthesis: c:/Vulcan/Protocol/Display/v_dp_rxss1_0_ex/v_dp_rxss1_0_ex.gen/sources_1/bd/dpss_vck190_pt/ipshared/f0b6/hdl/verilog/sc_util_v1_0_4_constants_noc.vh
Duplicated file found; will not be sent for synthesis: c:/Vulcan/Protocol/Display/v_dp_rxss1_0_ex/v_dp_rxss1_0_ex.gen/sources_1/bd/dpss_vck190_pt/ipshared/f0b6/hdl/verilog/sc_util_v1_0_4_structs.svh
Duplicated file found; will not be sent for synthesis: c:/Vulcan/Protocol/Display/v_dp_rxss1_0_ex/v_dp_rxss1_0_ex.gen/sources_1/bd/dpss_vck190_pt/ipshared/f0b6/hdl/sc_util_v1_0_vl_rfs.sv
Duplicated file found; will not be sent for synthesis: c:/Vulcan/Protocol/Display/v_dp_rxss1_0_ex/v_dp_rxss1_0_ex.gen/sources_1/bd/dpss_vck190_pt/ipshared/35de/hdl/verilog/sc_node_v1_0_15_t_reqsend.svh
Duplicated file found; will not be sent for synthesis: c:/Vulcan/Protocol/Display/v_dp_rxss1_0_ex/v_dp_rxss1_0_ex.gen/sources_1/bd/dpss_vck190_pt/ipshared/35de/hdl/sc_node_v1_0_vl_rfs.sv
Duplicated file found; will not be sent for synthesis: c:/Vulcan/Protocol/Display/v_dp_rxss1_0_ex/v_dp_rxss1_0_ex.gen/sources_1/bd/dpss_vck190_pt/ipshared/f0b6/hdl/verilog/sc_util_v1_0_4_constants.vh
Duplicated file found; will not be sent for synthesis: c:/Vulcan/Protocol/Display/v_dp_rxss1_0_ex/v_dp_rxss1_0_ex.gen/sources_1/bd/dpss_vck190_pt/ipshared/f0b6/hdl/verilog/sc_util_v1_0_4_constants_noc.vh
Duplicated file found; will not be sent for synthesis: c:/Vulcan/Protocol/Display/v_dp_rxss1_0_ex/v_dp_rxss1_0_ex.gen/sources_1/bd/dpss_vck190_pt/ipshared/f0b6/hdl/verilog/sc_util_v1_0_4_structs.svh
Duplicated file found; will not be sent for synthesis: c:/Vulcan/Protocol/Display/v_dp_rxss1_0_ex/v_dp_rxss1_0_ex.gen/sources_1/bd/dpss_vck190_pt/ipshared/f0b6/hdl/sc_util_v1_0_vl_rfs.sv
Duplicated file found; will not be sent for synthesis: c:/Vulcan/Protocol/Display/v_dp_rxss1_0_ex/v_dp_rxss1_0_ex.gen/sources_1/bd/dpss_vck190_pt/ipshared/35de/hdl/verilog/sc_node_v1_0_15_t_reqsend.svh
Duplicated file found; will not be sent for synthesis: c:/Vulcan/Protocol/Display/v_dp_rxss1_0_ex/v_dp_rxss1_0_ex.gen/sources_1/bd/dpss_vck190_pt/ipshared/35de/hdl/sc_node_v1_0_vl_rfs.sv
Duplicated file found; will not be sent for synthesis: c:/Vulcan/Protocol/Display/v_dp_rxss1_0_ex/v_dp_rxss1_0_ex.gen/sources_1/bd/dpss_vck190_pt/ipshared/f0b6/hdl/verilog/sc_util_v1_0_4_constants.vh
Duplicated file found; will not be sent for synthesis: c:/Vulcan/Protocol/Display/v_dp_rxss1_0_ex/v_dp_rxss1_0_ex.gen/sources_1/bd/dpss_vck190_pt/ipshared/f0b6/hdl/verilog/sc_util_v1_0_4_constants_noc.vh
Duplicated file found; will not be sent for synthesis: c:/Vulcan/Protocol/Display/v_dp_rxss1_0_ex/v_dp_rxss1_0_ex.gen/sources_1/bd/dpss_vck190_pt/ipshared/f0b6/hdl/verilog/sc_util_v1_0_4_structs.svh
Duplicated file found; will not be sent for synthesis: c:/Vulcan/Protocol/Display/v_dp_rxss1_0_ex/v_dp_rxss1_0_ex.gen/sources_1/bd/dpss_vck190_pt/ipshared/f0b6/hdl/sc_util_v1_0_vl_rfs.sv
Duplicated file found; will not be sent for synthesis: c:/Vulcan/Protocol/Display/v_dp_rxss1_0_ex/v_dp_rxss1_0_ex.gen/sources_1/bd/dpss_vck190_pt/ipshared/f0b6/hdl/verilog/sc_util_v1_0_4_constants.vh
Duplicated file found; will not be sent for synthesis: c:/Vulcan/Protocol/Display/v_dp_rxss1_0_ex/v_dp_rxss1_0_ex.gen/sources_1/bd/dpss_vck190_pt/ipshared/f0b6/hdl/verilog/sc_util_v1_0_4_constants_noc.vh
Duplicated file found; will not be sent for synthesis: c:/Vulcan/Protocol/Display/v_dp_rxss1_0_ex/v_dp_rxss1_0_ex.gen/sources_1/bd/dpss_vck190_pt/ipshared/f0b6/hdl/verilog/sc_util_v1_0_4_structs.svh
Duplicated file found; will not be sent for synthesis: c:/Vulcan/Protocol/Display/v_dp_rxss1_0_ex/v_dp_rxss1_0_ex.gen/sources_1/bd/dpss_vck190_pt/ipshared/f0b6/hdl/sc_util_v1_0_vl_rfs.sv
Duplicated file found; will not be sent for synthesis: c:/Vulcan/Protocol/Display/v_dp_rxss1_0_ex/v_dp_rxss1_0_ex.gen/sources_1/bd/dpss_vck190_pt/ipshared/f0b6/hdl/verilog/sc_util_v1_0_4_constants.vh
Duplicated file found; will not be sent for synthesis: c:/Vulcan/Protocol/Display/v_dp_rxss1_0_ex/v_dp_rxss1_0_ex.gen/sources_1/bd/dpss_vck190_pt/ipshared/f0b6/hdl/verilog/sc_util_v1_0_4_constants_noc.vh
Duplicated file found; will not be sent for synthesis: c:/Vulcan/Protocol/Display/v_dp_rxss1_0_ex/v_dp_rxss1_0_ex.gen/sources_1/bd/dpss_vck190_pt/ipshared/f0b6/hdl/verilog/sc_util_v1_0_4_structs.svh
Duplicated file found; will not be sent for synthesis: c:/Vulcan/Protocol/Display/v_dp_rxss1_0_ex/v_dp_rxss1_0_ex.gen/sources_1/bd/dpss_vck190_pt/ipshared/f0b6/hdl/sc_util_v1_0_vl_rfs.sv
Duplicated file found; will not be sent for synthesis: c:/Vulcan/Protocol/Display/v_dp_rxss1_0_ex/v_dp_rxss1_0_ex.gen/sources_1/bd/dpss_vck190_pt/ipshared/f0b6/hdl/verilog/sc_util_v1_0_4_constants.vh
Duplicated file found; will not be sent for synthesis: c:/Vulcan/Protocol/Display/v_dp_rxss1_0_ex/v_dp_rxss1_0_ex.gen/sources_1/bd/dpss_vck190_pt/ipshared/f0b6/hdl/verilog/sc_util_v1_0_4_constants_noc.vh
Duplicated file found; will not be sent for synthesis: c:/Vulcan/Protocol/Display/v_dp_rxss1_0_ex/v_dp_rxss1_0_ex.gen/sources_1/bd/dpss_vck190_pt/ipshared/f0b6/hdl/verilog/sc_util_v1_0_4_structs.svh
Duplicated file found; will not be sent for synthesis: c:/Vulcan/Protocol/Display/v_dp_rxss1_0_ex/v_dp_rxss1_0_ex.gen/sources_1/bd/dpss_vck190_pt/ipshared/f0b6/hdl/sc_util_v1_0_vl_rfs.sv
Duplicated file found; will not be sent for synthesis: c:/Vulcan/Protocol/Display/v_dp_rxss1_0_ex/v_dp_rxss1_0_ex.gen/sources_1/bd/dpss_vck190_pt/ipshared/f0b6/hdl/verilog/sc_util_v1_0_4_constants.vh
Duplicated file found; will not be sent for synthesis: c:/Vulcan/Protocol/Display/v_dp_rxss1_0_ex/v_dp_rxss1_0_ex.gen/sources_1/bd/dpss_vck190_pt/ipshared/f0b6/hdl/verilog/sc_util_v1_0_4_constants_noc.vh
Duplicated file found; will not be sent for synthesis: c:/Vulcan/Protocol/Display/v_dp_rxss1_0_ex/v_dp_rxss1_0_ex.gen/sources_1/bd/dpss_vck190_pt/ipshared/f0b6/hdl/verilog/sc_util_v1_0_4_structs.svh
Duplicated file found; will not be sent for synthesis: c:/Vulcan/Protocol/Display/v_dp_rxss1_0_ex/v_dp_rxss1_0_ex.gen/sources_1/bd/dpss_vck190_pt/ipshared/f0b6/hdl/sc_util_v1_0_vl_rfs.sv
Duplicated file found; will not be sent for synthesis: c:/Vulcan/Protocol/Display/v_dp_rxss1_0_ex/v_dp_rxss1_0_ex.gen/sources_1/bd/dpss_vck190_pt/ipshared/35de/hdl/verilog/sc_node_v1_0_15_t_reqsend.svh
Duplicated file found; will not be sent for synthesis: c:/Vulcan/Protocol/Display/v_dp_rxss1_0_ex/v_dp_rxss1_0_ex.gen/sources_1/bd/dpss_vck190_pt/ipshared/35de/hdl/sc_node_v1_0_vl_rfs.sv
Duplicated file found; will not be sent for synthesis: c:/Vulcan/Protocol/Display/v_dp_rxss1_0_ex/v_dp_rxss1_0_ex.gen/sources_1/bd/dpss_vck190_pt/ipshared/f0b6/hdl/verilog/sc_util_v1_0_4_constants.vh
Duplicated file found; will not be sent for synthesis: c:/Vulcan/Protocol/Display/v_dp_rxss1_0_ex/v_dp_rxss1_0_ex.gen/sources_1/bd/dpss_vck190_pt/ipshared/f0b6/hdl/verilog/sc_util_v1_0_4_constants_noc.vh
Duplicated file found; will not be sent for synthesis: c:/Vulcan/Protocol/Display/v_dp_rxss1_0_ex/v_dp_rxss1_0_ex.gen/sources_1/bd/dpss_vck190_pt/ipshared/f0b6/hdl/verilog/sc_util_v1_0_4_structs.svh
Duplicated file found; will not be sent for synthesis: c:/Vulcan/Protocol/Display/v_dp_rxss1_0_ex/v_dp_rxss1_0_ex.gen/sources_1/bd/dpss_vck190_pt/ipshared/f0b6/hdl/sc_util_v1_0_vl_rfs.sv
Duplicated file found; will not be sent for synthesis: c:/Vulcan/Protocol/Display/v_dp_rxss1_0_ex/v_dp_rxss1_0_ex.gen/sources_1/bd/dpss_vck190_pt/ipshared/35de/hdl/verilog/sc_node_v1_0_15_t_reqsend.svh
Duplicated file found; will not be sent for synthesis: c:/Vulcan/Protocol/Display/v_dp_rxss1_0_ex/v_dp_rxss1_0_ex.gen/sources_1/bd/dpss_vck190_pt/ipshared/35de/hdl/sc_node_v1_0_vl_rfs.sv
Duplicated file found; will not be sent for synthesis: c:/Vulcan/Protocol/Display/v_dp_rxss1_0_ex/v_dp_rxss1_0_ex.gen/sources_1/bd/dpss_vck190_pt/ipshared/f0b6/hdl/verilog/sc_util_v1_0_4_constants.vh
Duplicated file found; will not be sent for synthesis: c:/Vulcan/Protocol/Display/v_dp_rxss1_0_ex/v_dp_rxss1_0_ex.gen/sources_1/bd/dpss_vck190_pt/ipshared/f0b6/hdl/verilog/sc_util_v1_0_4_constants_noc.vh
Duplicated file found; will not be sent for synthesis: c:/Vulcan/Protocol/Display/v_dp_rxss1_0_ex/v_dp_rxss1_0_ex.gen/sources_1/bd/dpss_vck190_pt/ipshared/f0b6/hdl/verilog/sc_util_v1_0_4_structs.svh
Duplicated file found; will not be sent for synthesis: c:/Vulcan/Protocol/Display/v_dp_rxss1_0_ex/v_dp_rxss1_0_ex.gen/sources_1/bd/dpss_vck190_pt/ipshared/f0b6/hdl/sc_util_v1_0_vl_rfs.sv
Duplicated file found; will not be sent for synthesis: c:/Vulcan/Protocol/Display/v_dp_rxss1_0_ex/v_dp_rxss1_0_ex.gen/sources_1/bd/dpss_vck190_pt/ipshared/35de/hdl/verilog/sc_node_v1_0_15_t_reqsend.svh
Duplicated file found; will not be sent for synthesis: c:/Vulcan/Protocol/Display/v_dp_rxss1_0_ex/v_dp_rxss1_0_ex.gen/sources_1/bd/dpss_vck190_pt/ipshared/35de/hdl/sc_node_v1_0_vl_rfs.sv
Duplicated file found; will not be sent for synthesis: c:/Vulcan/Protocol/Display/v_dp_rxss1_0_ex/v_dp_rxss1_0_ex.gen/sources_1/bd/dpss_vck190_pt/ipshared/f0b6/hdl/verilog/sc_util_v1_0_4_constants.vh
Duplicated file found; will not be sent for synthesis: c:/Vulcan/Protocol/Display/v_dp_rxss1_0_ex/v_dp_rxss1_0_ex.gen/sources_1/bd/dpss_vck190_pt/ipshared/f0b6/hdl/verilog/sc_util_v1_0_4_constants_noc.vh
Duplicated file found; will not be sent for synthesis: c:/Vulcan/Protocol/Display/v_dp_rxss1_0_ex/v_dp_rxss1_0_ex.gen/sources_1/bd/dpss_vck190_pt/ipshared/f0b6/hdl/verilog/sc_util_v1_0_4_structs.svh
Duplicated file found; will not be sent for synthesis: c:/Vulcan/Protocol/Display/v_dp_rxss1_0_ex/v_dp_rxss1_0_ex.gen/sources_1/bd/dpss_vck190_pt/ipshared/f0b6/hdl/sc_util_v1_0_vl_rfs.sv
Duplicated file found; will not be sent for synthesis: c:/Vulcan/Protocol/Display/v_dp_rxss1_0_ex/v_dp_rxss1_0_ex.gen/sources_1/bd/dpss_vck190_pt/ipshared/35de/hdl/verilog/sc_node_v1_0_15_t_reqsend.svh
Duplicated file found; will not be sent for synthesis: c:/Vulcan/Protocol/Display/v_dp_rxss1_0_ex/v_dp_rxss1_0_ex.gen/sources_1/bd/dpss_vck190_pt/ipshared/35de/hdl/sc_node_v1_0_vl_rfs.sv
Duplicated file found; will not be sent for synthesis: c:/Vulcan/Protocol/Display/v_dp_rxss1_0_ex/v_dp_rxss1_0_ex.gen/sources_1/bd/dpss_vck190_pt/ipshared/f0b6/hdl/verilog/sc_util_v1_0_4_constants.vh
Duplicated file found; will not be sent for synthesis: c:/Vulcan/Protocol/Display/v_dp_rxss1_0_ex/v_dp_rxss1_0_ex.gen/sources_1/bd/dpss_vck190_pt/ipshared/f0b6/hdl/verilog/sc_util_v1_0_4_constants_noc.vh
Duplicated file found; will not be sent for synthesis: c:/Vulcan/Protocol/Display/v_dp_rxss1_0_ex/v_dp_rxss1_0_ex.gen/sources_1/bd/dpss_vck190_pt/ipshared/f0b6/hdl/verilog/sc_util_v1_0_4_structs.svh
Duplicated file found; will not be sent for synthesis: c:/Vulcan/Protocol/Display/v_dp_rxss1_0_ex/v_dp_rxss1_0_ex.gen/sources_1/bd/dpss_vck190_pt/ipshared/f0b6/hdl/sc_util_v1_0_vl_rfs.sv
Duplicated file found; will not be sent for synthesis: c:/Vulcan/Protocol/Display/v_dp_rxss1_0_ex/v_dp_rxss1_0_ex.gen/sources_1/bd/dpss_vck190_pt/ipshared/35de/hdl/verilog/sc_node_v1_0_15_t_reqsend.svh
Duplicated file found; will not be sent for synthesis: c:/Vulcan/Protocol/Display/v_dp_rxss1_0_ex/v_dp_rxss1_0_ex.gen/sources_1/bd/dpss_vck190_pt/ipshared/35de/hdl/sc_node_v1_0_vl_rfs.sv
Duplicated file found; will not be sent for synthesis: c:/Vulcan/Protocol/Display/v_dp_rxss1_0_ex/v_dp_rxss1_0_ex.gen/sources_1/bd/dpss_vck190_pt/ipshared/f0b6/hdl/verilog/sc_util_v1_0_4_constants.vh
Duplicated file found; will not be sent for synthesis: c:/Vulcan/Protocol/Display/v_dp_rxss1_0_ex/v_dp_rxss1_0_ex.gen/sources_1/bd/dpss_vck190_pt/ipshared/f0b6/hdl/verilog/sc_util_v1_0_4_constants_noc.vh
Duplicated file found; will not be sent for synthesis: c:/Vulcan/Protocol/Display/v_dp_rxss1_0_ex/v_dp_rxss1_0_ex.gen/sources_1/bd/dpss_vck190_pt/ipshared/f0b6/hdl/verilog/sc_util_v1_0_4_structs.svh
Duplicated file found; will not be sent for synthesis: c:/Vulcan/Protocol/Display/v_dp_rxss1_0_ex/v_dp_rxss1_0_ex.gen/sources_1/bd/dpss_vck190_pt/ipshared/f0b6/hdl/sc_util_v1_0_vl_rfs.sv
Duplicated file found; will not be sent for synthesis: c:/Vulcan/Protocol/Display/v_dp_rxss1_0_ex/v_dp_rxss1_0_ex.gen/sources_1/bd/dpss_vck190_pt/ipshared/f0b6/hdl/verilog/sc_util_v1_0_4_constants.vh
Duplicated file found; will not be sent for synthesis: c:/Vulcan/Protocol/Display/v_dp_rxss1_0_ex/v_dp_rxss1_0_ex.gen/sources_1/bd/dpss_vck190_pt/ipshared/f0b6/hdl/verilog/sc_util_v1_0_4_constants_noc.vh
Duplicated file found; will not be sent for synthesis: c:/Vulcan/Protocol/Display/v_dp_rxss1_0_ex/v_dp_rxss1_0_ex.gen/sources_1/bd/dpss_vck190_pt/ipshared/f0b6/hdl/verilog/sc_util_v1_0_4_structs.svh
Duplicated file found; will not be sent for synthesis: c:/Vulcan/Protocol/Display/v_dp_rxss1_0_ex/v_dp_rxss1_0_ex.gen/sources_1/bd/dpss_vck190_pt/ipshared/f0b6/hdl/sc_util_v1_0_vl_rfs.sv
Duplicated file found; will not be sent for synthesis: c:/Vulcan/Protocol/Display/v_dp_rxss1_0_ex/v_dp_rxss1_0_ex.gen/sources_1/bd/dpss_vck190_pt/ipshared/35de/hdl/verilog/sc_node_v1_0_15_t_reqsend.svh
Duplicated file found; will not be sent for synthesis: c:/Vulcan/Protocol/Display/v_dp_rxss1_0_ex/v_dp_rxss1_0_ex.gen/sources_1/bd/dpss_vck190_pt/ipshared/35de/hdl/sc_node_v1_0_vl_rfs.sv
Duplicated file found; will not be sent for synthesis: c:/Vulcan/Protocol/Display/v_dp_rxss1_0_ex/v_dp_rxss1_0_ex.gen/sources_1/bd/dpss_vck190_pt/ipshared/f0b6/hdl/verilog/sc_util_v1_0_4_constants.vh
Duplicated file found; will not be sent for synthesis: c:/Vulcan/Protocol/Display/v_dp_rxss1_0_ex/v_dp_rxss1_0_ex.gen/sources_1/bd/dpss_vck190_pt/ipshared/f0b6/hdl/verilog/sc_util_v1_0_4_constants_noc.vh
Duplicated file found; will not be sent for synthesis: c:/Vulcan/Protocol/Display/v_dp_rxss1_0_ex/v_dp_rxss1_0_ex.gen/sources_1/bd/dpss_vck190_pt/ipshared/f0b6/hdl/verilog/sc_util_v1_0_4_structs.svh
Duplicated file found; will not be sent for synthesis: c:/Vulcan/Protocol/Display/v_dp_rxss1_0_ex/v_dp_rxss1_0_ex.gen/sources_1/bd/dpss_vck190_pt/ipshared/f0b6/hdl/sc_util_v1_0_vl_rfs.sv
Duplicated file found; will not be sent for synthesis: c:/Vulcan/Protocol/Display/v_dp_rxss1_0_ex/v_dp_rxss1_0_ex.gen/sources_1/bd/dpss_vck190_pt/ipshared/35de/hdl/verilog/sc_node_v1_0_15_t_reqsend.svh
Duplicated file found; will not be sent for synthesis: c:/Vulcan/Protocol/Display/v_dp_rxss1_0_ex/v_dp_rxss1_0_ex.gen/sources_1/bd/dpss_vck190_pt/ipshared/35de/hdl/sc_node_v1_0_vl_rfs.sv
Duplicated file found; will not be sent for synthesis: c:/Vulcan/Protocol/Display/v_dp_rxss1_0_ex/v_dp_rxss1_0_ex.gen/sources_1/bd/dpss_vck190_pt/ipshared/f0b6/hdl/verilog/sc_util_v1_0_4_constants.vh
Duplicated file found; will not be sent for synthesis: c:/Vulcan/Protocol/Display/v_dp_rxss1_0_ex/v_dp_rxss1_0_ex.gen/sources_1/bd/dpss_vck190_pt/ipshared/f0b6/hdl/verilog/sc_util_v1_0_4_constants_noc.vh
Duplicated file found; will not be sent for synthesis: c:/Vulcan/Protocol/Display/v_dp_rxss1_0_ex/v_dp_rxss1_0_ex.gen/sources_1/bd/dpss_vck190_pt/ipshared/f0b6/hdl/verilog/sc_util_v1_0_4_structs.svh
Duplicated file found; will not be sent for synthesis: c:/Vulcan/Protocol/Display/v_dp_rxss1_0_ex/v_dp_rxss1_0_ex.gen/sources_1/bd/dpss_vck190_pt/ipshared/f0b6/hdl/sc_util_v1_0_vl_rfs.sv
Duplicated file found; will not be sent for synthesis: c:/Vulcan/Protocol/Display/v_dp_rxss1_0_ex/v_dp_rxss1_0_ex.gen/sources_1/bd/dpss_vck190_pt/ipshared/35de/hdl/verilog/sc_node_v1_0_15_t_reqsend.svh
Duplicated file found; will not be sent for synthesis: c:/Vulcan/Protocol/Display/v_dp_rxss1_0_ex/v_dp_rxss1_0_ex.gen/sources_1/bd/dpss_vck190_pt/ipshared/35de/hdl/sc_node_v1_0_vl_rfs.sv
Duplicated file found; will not be sent for synthesis: c:/Vulcan/Protocol/Display/v_dp_rxss1_0_ex/v_dp_rxss1_0_ex.gen/sources_1/bd/dpss_vck190_pt/ipshared/f0b6/hdl/verilog/sc_util_v1_0_4_constants.vh
Duplicated file found; will not be sent for synthesis: c:/Vulcan/Protocol/Display/v_dp_rxss1_0_ex/v_dp_rxss1_0_ex.gen/sources_1/bd/dpss_vck190_pt/ipshared/f0b6/hdl/verilog/sc_util_v1_0_4_constants_noc.vh
Duplicated file found; will not be sent for synthesis: c:/Vulcan/Protocol/Display/v_dp_rxss1_0_ex/v_dp_rxss1_0_ex.gen/sources_1/bd/dpss_vck190_pt/ipshared/f0b6/hdl/verilog/sc_util_v1_0_4_structs.svh
Duplicated file found; will not be sent for synthesis: c:/Vulcan/Protocol/Display/v_dp_rxss1_0_ex/v_dp_rxss1_0_ex.gen/sources_1/bd/dpss_vck190_pt/ipshared/f0b6/hdl/sc_util_v1_0_vl_rfs.sv
Duplicated file found; will not be sent for synthesis: c:/Vulcan/Protocol/Display/v_dp_rxss1_0_ex/v_dp_rxss1_0_ex.gen/sources_1/bd/dpss_vck190_pt/ipshared/35de/hdl/verilog/sc_node_v1_0_15_t_reqsend.svh
Duplicated file found; will not be sent for synthesis: c:/Vulcan/Protocol/Display/v_dp_rxss1_0_ex/v_dp_rxss1_0_ex.gen/sources_1/bd/dpss_vck190_pt/ipshared/35de/hdl/sc_node_v1_0_vl_rfs.sv
Duplicated file found; will not be sent for synthesis: c:/Vulcan/Protocol/Display/v_dp_rxss1_0_ex/v_dp_rxss1_0_ex.gen/sources_1/bd/dpss_vck190_pt/ipshared/f0b6/hdl/verilog/sc_util_v1_0_4_constants.vh
Duplicated file found; will not be sent for synthesis: c:/Vulcan/Protocol/Display/v_dp_rxss1_0_ex/v_dp_rxss1_0_ex.gen/sources_1/bd/dpss_vck190_pt/ipshared/f0b6/hdl/verilog/sc_util_v1_0_4_constants_noc.vh
Duplicated file found; will not be sent for synthesis: c:/Vulcan/Protocol/Display/v_dp_rxss1_0_ex/v_dp_rxss1_0_ex.gen/sources_1/bd/dpss_vck190_pt/ipshared/f0b6/hdl/verilog/sc_util_v1_0_4_structs.svh
Duplicated file found; will not be sent for synthesis: c:/Vulcan/Protocol/Display/v_dp_rxss1_0_ex/v_dp_rxss1_0_ex.gen/sources_1/bd/dpss_vck190_pt/ipshared/f0b6/hdl/sc_util_v1_0_vl_rfs.sv
Duplicated file found; will not be sent for synthesis: c:/Vulcan/Protocol/Display/v_dp_rxss1_0_ex/v_dp_rxss1_0_ex.gen/sources_1/bd/dpss_vck190_pt/ipshared/35de/hdl/verilog/sc_node_v1_0_15_t_reqsend.svh
Duplicated file found; will not be sent for synthesis: c:/Vulcan/Protocol/Display/v_dp_rxss1_0_ex/v_dp_rxss1_0_ex.gen/sources_1/bd/dpss_vck190_pt/ipshared/35de/hdl/sc_node_v1_0_vl_rfs.sv
Duplicated file found; will not be sent for synthesis: c:/Vulcan/Protocol/Display/v_dp_rxss1_0_ex/v_dp_rxss1_0_ex.gen/sources_1/bd/dpss_vck190_pt/ipshared/f0b6/hdl/verilog/sc_util_v1_0_4_constants.vh
Duplicated file found; will not be sent for synthesis: c:/Vulcan/Protocol/Display/v_dp_rxss1_0_ex/v_dp_rxss1_0_ex.gen/sources_1/bd/dpss_vck190_pt/ipshared/f0b6/hdl/verilog/sc_util_v1_0_4_constants_noc.vh
Duplicated file found; will not be sent for synthesis: c:/Vulcan/Protocol/Display/v_dp_rxss1_0_ex/v_dp_rxss1_0_ex.gen/sources_1/bd/dpss_vck190_pt/ipshared/f0b6/hdl/verilog/sc_util_v1_0_4_structs.svh
Duplicated file found; will not be sent for synthesis: c:/Vulcan/Protocol/Display/v_dp_rxss1_0_ex/v_dp_rxss1_0_ex.gen/sources_1/bd/dpss_vck190_pt/ipshared/f0b6/hdl/sc_util_v1_0_vl_rfs.sv
Duplicated file found; will not be sent for synthesis: c:/Vulcan/Protocol/Display/v_dp_rxss1_0_ex/v_dp_rxss1_0_ex.gen/sources_1/bd/dpss_vck190_pt/ipshared/f0b6/hdl/verilog/sc_util_v1_0_4_constants.vh
Duplicated file found; will not be sent for synthesis: c:/Vulcan/Protocol/Display/v_dp_rxss1_0_ex/v_dp_rxss1_0_ex.gen/sources_1/bd/dpss_vck190_pt/ipshared/f0b6/hdl/verilog/sc_util_v1_0_4_constants_noc.vh
Duplicated file found; will not be sent for synthesis: c:/Vulcan/Protocol/Display/v_dp_rxss1_0_ex/v_dp_rxss1_0_ex.gen/sources_1/bd/dpss_vck190_pt/ipshared/f0b6/hdl/verilog/sc_util_v1_0_4_structs.svh
Duplicated file found; will not be sent for synthesis: c:/Vulcan/Protocol/Display/v_dp_rxss1_0_ex/v_dp_rxss1_0_ex.gen/sources_1/bd/dpss_vck190_pt/ipshared/f0b6/hdl/sc_util_v1_0_vl_rfs.sv
Duplicated file found; will not be sent for synthesis: c:/Vulcan/Protocol/Display/v_dp_rxss1_0_ex/v_dp_rxss1_0_ex.gen/sources_1/bd/dpss_vck190_pt/ipshared/ebf7/hdl/sc_sc2axi_v1_0_vl_rfs.sv
Duplicated file found; will not be sent for synthesis: c:/Vulcan/Protocol/Display/v_dp_rxss1_0_ex/v_dp_rxss1_0_ex.gen/sources_1/bd/dpss_vck190_pt/ipshared/f0b6/hdl/verilog/sc_util_v1_0_4_constants.vh
Duplicated file found; will not be sent for synthesis: c:/Vulcan/Protocol/Display/v_dp_rxss1_0_ex/v_dp_rxss1_0_ex.gen/sources_1/bd/dpss_vck190_pt/ipshared/f0b6/hdl/verilog/sc_util_v1_0_4_constants_noc.vh
Duplicated file found; will not be sent for synthesis: c:/Vulcan/Protocol/Display/v_dp_rxss1_0_ex/v_dp_rxss1_0_ex.gen/sources_1/bd/dpss_vck190_pt/ipshared/f0b6/hdl/verilog/sc_util_v1_0_4_structs.svh
Duplicated file found; will not be sent for synthesis: c:/Vulcan/Protocol/Display/v_dp_rxss1_0_ex/v_dp_rxss1_0_ex.gen/sources_1/bd/dpss_vck190_pt/ipshared/f0b6/hdl/sc_util_v1_0_vl_rfs.sv
Duplicated file found; will not be sent for synthesis: c:/Vulcan/Protocol/Display/v_dp_rxss1_0_ex/v_dp_rxss1_0_ex.gen/sources_1/bd/dpss_vck190_pt/ipshared/35de/hdl/verilog/sc_node_v1_0_15_t_reqsend.svh
Duplicated file found; will not be sent for synthesis: c:/Vulcan/Protocol/Display/v_dp_rxss1_0_ex/v_dp_rxss1_0_ex.gen/sources_1/bd/dpss_vck190_pt/ipshared/35de/hdl/sc_node_v1_0_vl_rfs.sv
Duplicated file found; will not be sent for synthesis: c:/Vulcan/Protocol/Display/v_dp_rxss1_0_ex/v_dp_rxss1_0_ex.gen/sources_1/bd/dpss_vck190_pt/ipshared/f0b6/hdl/verilog/sc_util_v1_0_4_constants.vh
Duplicated file found; will not be sent for synthesis: c:/Vulcan/Protocol/Display/v_dp_rxss1_0_ex/v_dp_rxss1_0_ex.gen/sources_1/bd/dpss_vck190_pt/ipshared/f0b6/hdl/verilog/sc_util_v1_0_4_constants_noc.vh
Duplicated file found; will not be sent for synthesis: c:/Vulcan/Protocol/Display/v_dp_rxss1_0_ex/v_dp_rxss1_0_ex.gen/sources_1/bd/dpss_vck190_pt/ipshared/f0b6/hdl/verilog/sc_util_v1_0_4_structs.svh
Duplicated file found; will not be sent for synthesis: c:/Vulcan/Protocol/Display/v_dp_rxss1_0_ex/v_dp_rxss1_0_ex.gen/sources_1/bd/dpss_vck190_pt/ipshared/f0b6/hdl/sc_util_v1_0_vl_rfs.sv
Duplicated file found; will not be sent for synthesis: c:/Vulcan/Protocol/Display/v_dp_rxss1_0_ex/v_dp_rxss1_0_ex.gen/sources_1/bd/dpss_vck190_pt/ipshared/35de/hdl/verilog/sc_node_v1_0_15_t_reqsend.svh
Duplicated file found; will not be sent for synthesis: c:/Vulcan/Protocol/Display/v_dp_rxss1_0_ex/v_dp_rxss1_0_ex.gen/sources_1/bd/dpss_vck190_pt/ipshared/35de/hdl/sc_node_v1_0_vl_rfs.sv
Duplicated file found; will not be sent for synthesis: c:/Vulcan/Protocol/Display/v_dp_rxss1_0_ex/v_dp_rxss1_0_ex.gen/sources_1/bd/dpss_vck190_pt/ipshared/f0b6/hdl/verilog/sc_util_v1_0_4_constants.vh
Duplicated file found; will not be sent for synthesis: c:/Vulcan/Protocol/Display/v_dp_rxss1_0_ex/v_dp_rxss1_0_ex.gen/sources_1/bd/dpss_vck190_pt/ipshared/f0b6/hdl/verilog/sc_util_v1_0_4_constants_noc.vh
Duplicated file found; will not be sent for synthesis: c:/Vulcan/Protocol/Display/v_dp_rxss1_0_ex/v_dp_rxss1_0_ex.gen/sources_1/bd/dpss_vck190_pt/ipshared/f0b6/hdl/verilog/sc_util_v1_0_4_structs.svh
Duplicated file found; will not be sent for synthesis: c:/Vulcan/Protocol/Display/v_dp_rxss1_0_ex/v_dp_rxss1_0_ex.gen/sources_1/bd/dpss_vck190_pt/ipshared/f0b6/hdl/sc_util_v1_0_vl_rfs.sv
Duplicated file found; will not be sent for synthesis: c:/Vulcan/Protocol/Display/v_dp_rxss1_0_ex/v_dp_rxss1_0_ex.gen/sources_1/bd/dpss_vck190_pt/ipshared/35de/hdl/verilog/sc_node_v1_0_15_t_reqsend.svh
Duplicated file found; will not be sent for synthesis: c:/Vulcan/Protocol/Display/v_dp_rxss1_0_ex/v_dp_rxss1_0_ex.gen/sources_1/bd/dpss_vck190_pt/ipshared/35de/hdl/sc_node_v1_0_vl_rfs.sv
Duplicated file found; will not be sent for synthesis: c:/Vulcan/Protocol/Display/v_dp_rxss1_0_ex/v_dp_rxss1_0_ex.gen/sources_1/bd/dpss_vck190_pt/ipshared/f0b6/hdl/verilog/sc_util_v1_0_4_constants.vh
Duplicated file found; will not be sent for synthesis: c:/Vulcan/Protocol/Display/v_dp_rxss1_0_ex/v_dp_rxss1_0_ex.gen/sources_1/bd/dpss_vck190_pt/ipshared/f0b6/hdl/verilog/sc_util_v1_0_4_constants_noc.vh
Duplicated file found; will not be sent for synthesis: c:/Vulcan/Protocol/Display/v_dp_rxss1_0_ex/v_dp_rxss1_0_ex.gen/sources_1/bd/dpss_vck190_pt/ipshared/f0b6/hdl/verilog/sc_util_v1_0_4_structs.svh
Duplicated file found; will not be sent for synthesis: c:/Vulcan/Protocol/Display/v_dp_rxss1_0_ex/v_dp_rxss1_0_ex.gen/sources_1/bd/dpss_vck190_pt/ipshared/f0b6/hdl/sc_util_v1_0_vl_rfs.sv
Duplicated file found; will not be sent for synthesis: c:/Vulcan/Protocol/Display/v_dp_rxss1_0_ex/v_dp_rxss1_0_ex.gen/sources_1/bd/dpss_vck190_pt/ipshared/35de/hdl/verilog/sc_node_v1_0_15_t_reqsend.svh
Duplicated file found; will not be sent for synthesis: c:/Vulcan/Protocol/Display/v_dp_rxss1_0_ex/v_dp_rxss1_0_ex.gen/sources_1/bd/dpss_vck190_pt/ipshared/35de/hdl/sc_node_v1_0_vl_rfs.sv
Duplicated file found; will not be sent for synthesis: c:/Vulcan/Protocol/Display/v_dp_rxss1_0_ex/v_dp_rxss1_0_ex.gen/sources_1/bd/dpss_vck190_pt/ipshared/f0b6/hdl/verilog/sc_util_v1_0_4_constants.vh
Duplicated file found; will not be sent for synthesis: c:/Vulcan/Protocol/Display/v_dp_rxss1_0_ex/v_dp_rxss1_0_ex.gen/sources_1/bd/dpss_vck190_pt/ipshared/f0b6/hdl/verilog/sc_util_v1_0_4_constants_noc.vh
Duplicated file found; will not be sent for synthesis: c:/Vulcan/Protocol/Display/v_dp_rxss1_0_ex/v_dp_rxss1_0_ex.gen/sources_1/bd/dpss_vck190_pt/ipshared/f0b6/hdl/verilog/sc_util_v1_0_4_structs.svh
Duplicated file found; will not be sent for synthesis: c:/Vulcan/Protocol/Display/v_dp_rxss1_0_ex/v_dp_rxss1_0_ex.gen/sources_1/bd/dpss_vck190_pt/ipshared/f0b6/hdl/sc_util_v1_0_vl_rfs.sv
Duplicated file found; will not be sent for synthesis: c:/Vulcan/Protocol/Display/v_dp_rxss1_0_ex/v_dp_rxss1_0_ex.gen/sources_1/bd/dpss_vck190_pt/ipshared/35de/hdl/verilog/sc_node_v1_0_15_t_reqsend.svh
Duplicated file found; will not be sent for synthesis: c:/Vulcan/Protocol/Display/v_dp_rxss1_0_ex/v_dp_rxss1_0_ex.gen/sources_1/bd/dpss_vck190_pt/ipshared/35de/hdl/sc_node_v1_0_vl_rfs.sv
Duplicated file found; will not be sent for synthesis: c:/Vulcan/Protocol/Display/v_dp_rxss1_0_ex/v_dp_rxss1_0_ex.gen/sources_1/bd/dpss_vck190_pt/ipshared/f0b6/hdl/verilog/sc_util_v1_0_4_constants.vh
Duplicated file found; will not be sent for synthesis: c:/Vulcan/Protocol/Display/v_dp_rxss1_0_ex/v_dp_rxss1_0_ex.gen/sources_1/bd/dpss_vck190_pt/ipshared/f0b6/hdl/verilog/sc_util_v1_0_4_constants_noc.vh
Duplicated file found; will not be sent for synthesis: c:/Vulcan/Protocol/Display/v_dp_rxss1_0_ex/v_dp_rxss1_0_ex.gen/sources_1/bd/dpss_vck190_pt/ipshared/f0b6/hdl/verilog/sc_util_v1_0_4_structs.svh
Duplicated file found; will not be sent for synthesis: c:/Vulcan/Protocol/Display/v_dp_rxss1_0_ex/v_dp_rxss1_0_ex.gen/sources_1/bd/dpss_vck190_pt/ipshared/f0b6/hdl/sc_util_v1_0_vl_rfs.sv
Duplicated file found; will not be sent for synthesis: c:/Vulcan/Protocol/Display/v_dp_rxss1_0_ex/v_dp_rxss1_0_ex.gen/sources_1/bd/dpss_vck190_pt/ipshared/6eea/hdl/sc_exit_v1_0_vl_rfs.sv
Duplicated file found; will not be sent for synthesis: c:/Vulcan/Protocol/Display/v_dp_rxss1_0_ex/v_dp_rxss1_0_ex.gen/sources_1/bd/dpss_vck190_pt/ipshared/f0b6/hdl/verilog/sc_util_v1_0_4_constants.vh
Duplicated file found; will not be sent for synthesis: c:/Vulcan/Protocol/Display/v_dp_rxss1_0_ex/v_dp_rxss1_0_ex.gen/sources_1/bd/dpss_vck190_pt/ipshared/f0b6/hdl/verilog/sc_util_v1_0_4_constants_noc.vh
Duplicated file found; will not be sent for synthesis: c:/Vulcan/Protocol/Display/v_dp_rxss1_0_ex/v_dp_rxss1_0_ex.gen/sources_1/bd/dpss_vck190_pt/ipshared/f0b6/hdl/verilog/sc_util_v1_0_4_structs.svh
Duplicated file found; will not be sent for synthesis: c:/Vulcan/Protocol/Display/v_dp_rxss1_0_ex/v_dp_rxss1_0_ex.gen/sources_1/bd/dpss_vck190_pt/ipshared/f0b6/hdl/sc_util_v1_0_vl_rfs.sv
Duplicated file found; will not be sent for synthesis: c:/Vulcan/Protocol/Display/v_dp_rxss1_0_ex/v_dp_rxss1_0_ex.gen/sources_1/bd/dpss_vck190_pt/ipshared/ebf7/hdl/sc_sc2axi_v1_0_vl_rfs.sv
Duplicated file found; will not be sent for synthesis: c:/Vulcan/Protocol/Display/v_dp_rxss1_0_ex/v_dp_rxss1_0_ex.gen/sources_1/bd/dpss_vck190_pt/ipshared/f0b6/hdl/verilog/sc_util_v1_0_4_constants.vh
Duplicated file found; will not be sent for synthesis: c:/Vulcan/Protocol/Display/v_dp_rxss1_0_ex/v_dp_rxss1_0_ex.gen/sources_1/bd/dpss_vck190_pt/ipshared/f0b6/hdl/verilog/sc_util_v1_0_4_constants_noc.vh
Duplicated file found; will not be sent for synthesis: c:/Vulcan/Protocol/Display/v_dp_rxss1_0_ex/v_dp_rxss1_0_ex.gen/sources_1/bd/dpss_vck190_pt/ipshared/f0b6/hdl/verilog/sc_util_v1_0_4_structs.svh
Duplicated file found; will not be sent for synthesis: c:/Vulcan/Protocol/Display/v_dp_rxss1_0_ex/v_dp_rxss1_0_ex.gen/sources_1/bd/dpss_vck190_pt/ipshared/f0b6/hdl/sc_util_v1_0_vl_rfs.sv
Duplicated file found; will not be sent for synthesis: c:/Vulcan/Protocol/Display/v_dp_rxss1_0_ex/v_dp_rxss1_0_ex.gen/sources_1/bd/dpss_vck190_pt/ipshared/35de/hdl/verilog/sc_node_v1_0_15_t_reqsend.svh
Duplicated file found; will not be sent for synthesis: c:/Vulcan/Protocol/Display/v_dp_rxss1_0_ex/v_dp_rxss1_0_ex.gen/sources_1/bd/dpss_vck190_pt/ipshared/35de/hdl/sc_node_v1_0_vl_rfs.sv
Duplicated file found; will not be sent for synthesis: c:/Vulcan/Protocol/Display/v_dp_rxss1_0_ex/v_dp_rxss1_0_ex.gen/sources_1/bd/dpss_vck190_pt/ipshared/f0b6/hdl/verilog/sc_util_v1_0_4_constants.vh
Duplicated file found; will not be sent for synthesis: c:/Vulcan/Protocol/Display/v_dp_rxss1_0_ex/v_dp_rxss1_0_ex.gen/sources_1/bd/dpss_vck190_pt/ipshared/f0b6/hdl/verilog/sc_util_v1_0_4_constants_noc.vh
Duplicated file found; will not be sent for synthesis: c:/Vulcan/Protocol/Display/v_dp_rxss1_0_ex/v_dp_rxss1_0_ex.gen/sources_1/bd/dpss_vck190_pt/ipshared/f0b6/hdl/verilog/sc_util_v1_0_4_structs.svh
Duplicated file found; will not be sent for synthesis: c:/Vulcan/Protocol/Display/v_dp_rxss1_0_ex/v_dp_rxss1_0_ex.gen/sources_1/bd/dpss_vck190_pt/ipshared/f0b6/hdl/sc_util_v1_0_vl_rfs.sv
Duplicated file found; will not be sent for synthesis: c:/Vulcan/Protocol/Display/v_dp_rxss1_0_ex/v_dp_rxss1_0_ex.gen/sources_1/bd/dpss_vck190_pt/ipshared/35de/hdl/verilog/sc_node_v1_0_15_t_reqsend.svh
Duplicated file found; will not be sent for synthesis: c:/Vulcan/Protocol/Display/v_dp_rxss1_0_ex/v_dp_rxss1_0_ex.gen/sources_1/bd/dpss_vck190_pt/ipshared/35de/hdl/sc_node_v1_0_vl_rfs.sv
Duplicated file found; will not be sent for synthesis: c:/Vulcan/Protocol/Display/v_dp_rxss1_0_ex/v_dp_rxss1_0_ex.gen/sources_1/bd/dpss_vck190_pt/ipshared/f0b6/hdl/verilog/sc_util_v1_0_4_constants.vh
Duplicated file found; will not be sent for synthesis: c:/Vulcan/Protocol/Display/v_dp_rxss1_0_ex/v_dp_rxss1_0_ex.gen/sources_1/bd/dpss_vck190_pt/ipshared/f0b6/hdl/verilog/sc_util_v1_0_4_constants_noc.vh
Duplicated file found; will not be sent for synthesis: c:/Vulcan/Protocol/Display/v_dp_rxss1_0_ex/v_dp_rxss1_0_ex.gen/sources_1/bd/dpss_vck190_pt/ipshared/f0b6/hdl/verilog/sc_util_v1_0_4_structs.svh
Duplicated file found; will not be sent for synthesis: c:/Vulcan/Protocol/Display/v_dp_rxss1_0_ex/v_dp_rxss1_0_ex.gen/sources_1/bd/dpss_vck190_pt/ipshared/f0b6/hdl/sc_util_v1_0_vl_rfs.sv
Duplicated file found; will not be sent for synthesis: c:/Vulcan/Protocol/Display/v_dp_rxss1_0_ex/v_dp_rxss1_0_ex.gen/sources_1/bd/dpss_vck190_pt/ipshared/35de/hdl/verilog/sc_node_v1_0_15_t_reqsend.svh
Duplicated file found; will not be sent for synthesis: c:/Vulcan/Protocol/Display/v_dp_rxss1_0_ex/v_dp_rxss1_0_ex.gen/sources_1/bd/dpss_vck190_pt/ipshared/35de/hdl/sc_node_v1_0_vl_rfs.sv
Duplicated file found; will not be sent for synthesis: c:/Vulcan/Protocol/Display/v_dp_rxss1_0_ex/v_dp_rxss1_0_ex.gen/sources_1/bd/dpss_vck190_pt/ipshared/f0b6/hdl/verilog/sc_util_v1_0_4_constants.vh
Duplicated file found; will not be sent for synthesis: c:/Vulcan/Protocol/Display/v_dp_rxss1_0_ex/v_dp_rxss1_0_ex.gen/sources_1/bd/dpss_vck190_pt/ipshared/f0b6/hdl/verilog/sc_util_v1_0_4_constants_noc.vh
Duplicated file found; will not be sent for synthesis: c:/Vulcan/Protocol/Display/v_dp_rxss1_0_ex/v_dp_rxss1_0_ex.gen/sources_1/bd/dpss_vck190_pt/ipshared/f0b6/hdl/verilog/sc_util_v1_0_4_structs.svh
Duplicated file found; will not be sent for synthesis: c:/Vulcan/Protocol/Display/v_dp_rxss1_0_ex/v_dp_rxss1_0_ex.gen/sources_1/bd/dpss_vck190_pt/ipshared/f0b6/hdl/sc_util_v1_0_vl_rfs.sv
Duplicated file found; will not be sent for synthesis: c:/Vulcan/Protocol/Display/v_dp_rxss1_0_ex/v_dp_rxss1_0_ex.gen/sources_1/bd/dpss_vck190_pt/ipshared/35de/hdl/verilog/sc_node_v1_0_15_t_reqsend.svh
Duplicated file found; will not be sent for synthesis: c:/Vulcan/Protocol/Display/v_dp_rxss1_0_ex/v_dp_rxss1_0_ex.gen/sources_1/bd/dpss_vck190_pt/ipshared/35de/hdl/sc_node_v1_0_vl_rfs.sv
Duplicated file found; will not be sent for synthesis: c:/Vulcan/Protocol/Display/v_dp_rxss1_0_ex/v_dp_rxss1_0_ex.gen/sources_1/bd/dpss_vck190_pt/ipshared/f0b6/hdl/verilog/sc_util_v1_0_4_constants.vh
Duplicated file found; will not be sent for synthesis: c:/Vulcan/Protocol/Display/v_dp_rxss1_0_ex/v_dp_rxss1_0_ex.gen/sources_1/bd/dpss_vck190_pt/ipshared/f0b6/hdl/verilog/sc_util_v1_0_4_constants_noc.vh
Duplicated file found; will not be sent for synthesis: c:/Vulcan/Protocol/Display/v_dp_rxss1_0_ex/v_dp_rxss1_0_ex.gen/sources_1/bd/dpss_vck190_pt/ipshared/f0b6/hdl/verilog/sc_util_v1_0_4_structs.svh
Duplicated file found; will not be sent for synthesis: c:/Vulcan/Protocol/Display/v_dp_rxss1_0_ex/v_dp_rxss1_0_ex.gen/sources_1/bd/dpss_vck190_pt/ipshared/f0b6/hdl/sc_util_v1_0_vl_rfs.sv
Duplicated file found; will not be sent for synthesis: c:/Vulcan/Protocol/Display/v_dp_rxss1_0_ex/v_dp_rxss1_0_ex.gen/sources_1/bd/dpss_vck190_pt/ipshared/35de/hdl/verilog/sc_node_v1_0_15_t_reqsend.svh
Duplicated file found; will not be sent for synthesis: c:/Vulcan/Protocol/Display/v_dp_rxss1_0_ex/v_dp_rxss1_0_ex.gen/sources_1/bd/dpss_vck190_pt/ipshared/35de/hdl/sc_node_v1_0_vl_rfs.sv
Duplicated file found; will not be sent for synthesis: c:/Vulcan/Protocol/Display/v_dp_rxss1_0_ex/v_dp_rxss1_0_ex.gen/sources_1/bd/dpss_vck190_pt/ipshared/f0b6/hdl/verilog/sc_util_v1_0_4_constants.vh
Duplicated file found; will not be sent for synthesis: c:/Vulcan/Protocol/Display/v_dp_rxss1_0_ex/v_dp_rxss1_0_ex.gen/sources_1/bd/dpss_vck190_pt/ipshared/f0b6/hdl/verilog/sc_util_v1_0_4_constants_noc.vh
Duplicated file found; will not be sent for synthesis: c:/Vulcan/Protocol/Display/v_dp_rxss1_0_ex/v_dp_rxss1_0_ex.gen/sources_1/bd/dpss_vck190_pt/ipshared/f0b6/hdl/verilog/sc_util_v1_0_4_structs.svh
Duplicated file found; will not be sent for synthesis: c:/Vulcan/Protocol/Display/v_dp_rxss1_0_ex/v_dp_rxss1_0_ex.gen/sources_1/bd/dpss_vck190_pt/ipshared/f0b6/hdl/sc_util_v1_0_vl_rfs.sv
Duplicated file found; will not be sent for synthesis: c:/Vulcan/Protocol/Display/v_dp_rxss1_0_ex/v_dp_rxss1_0_ex.gen/sources_1/bd/dpss_vck190_pt/ipshared/6eea/hdl/sc_exit_v1_0_vl_rfs.sv
Duplicated file found; will not be sent for synthesis: c:/Vulcan/Protocol/Display/v_dp_rxss1_0_ex/v_dp_rxss1_0_ex.gen/sources_1/bd/dpss_vck190_pt/ipshared/f0b6/hdl/verilog/sc_util_v1_0_4_constants.vh
Duplicated file found; will not be sent for synthesis: c:/Vulcan/Protocol/Display/v_dp_rxss1_0_ex/v_dp_rxss1_0_ex.gen/sources_1/bd/dpss_vck190_pt/ipshared/f0b6/hdl/verilog/sc_util_v1_0_4_constants_noc.vh
Duplicated file found; will not be sent for synthesis: c:/Vulcan/Protocol/Display/v_dp_rxss1_0_ex/v_dp_rxss1_0_ex.gen/sources_1/bd/dpss_vck190_pt/ipshared/f0b6/hdl/verilog/sc_util_v1_0_4_structs.svh
Duplicated file found; will not be sent for synthesis: c:/Vulcan/Protocol/Display/v_dp_rxss1_0_ex/v_dp_rxss1_0_ex.gen/sources_1/bd/dpss_vck190_pt/ipshared/f0b6/hdl/sc_util_v1_0_vl_rfs.sv
Duplicated file found; will not be sent for synthesis: c:/Vulcan/Protocol/Display/v_dp_rxss1_0_ex/v_dp_rxss1_0_ex.gen/sources_1/bd/dpss_vck190_pt/ipshared/ebf7/hdl/sc_sc2axi_v1_0_vl_rfs.sv
Duplicated file found; will not be sent for synthesis: c:/Vulcan/Protocol/Display/v_dp_rxss1_0_ex/v_dp_rxss1_0_ex.gen/sources_1/bd/dpss_vck190_pt/ipshared/f0b6/hdl/verilog/sc_util_v1_0_4_constants.vh
Duplicated file found; will not be sent for synthesis: c:/Vulcan/Protocol/Display/v_dp_rxss1_0_ex/v_dp_rxss1_0_ex.gen/sources_1/bd/dpss_vck190_pt/ipshared/f0b6/hdl/verilog/sc_util_v1_0_4_constants_noc.vh
Duplicated file found; will not be sent for synthesis: c:/Vulcan/Protocol/Display/v_dp_rxss1_0_ex/v_dp_rxss1_0_ex.gen/sources_1/bd/dpss_vck190_pt/ipshared/f0b6/hdl/verilog/sc_util_v1_0_4_structs.svh
Duplicated file found; will not be sent for synthesis: c:/Vulcan/Protocol/Display/v_dp_rxss1_0_ex/v_dp_rxss1_0_ex.gen/sources_1/bd/dpss_vck190_pt/ipshared/f0b6/hdl/sc_util_v1_0_vl_rfs.sv
Duplicated file found; will not be sent for synthesis: c:/Vulcan/Protocol/Display/v_dp_rxss1_0_ex/v_dp_rxss1_0_ex.gen/sources_1/bd/dpss_vck190_pt/ipshared/35de/hdl/verilog/sc_node_v1_0_15_t_reqsend.svh
Duplicated file found; will not be sent for synthesis: c:/Vulcan/Protocol/Display/v_dp_rxss1_0_ex/v_dp_rxss1_0_ex.gen/sources_1/bd/dpss_vck190_pt/ipshared/35de/hdl/sc_node_v1_0_vl_rfs.sv
Duplicated file found; will not be sent for synthesis: c:/Vulcan/Protocol/Display/v_dp_rxss1_0_ex/v_dp_rxss1_0_ex.gen/sources_1/bd/dpss_vck190_pt/ipshared/f0b6/hdl/verilog/sc_util_v1_0_4_constants.vh
Duplicated file found; will not be sent for synthesis: c:/Vulcan/Protocol/Display/v_dp_rxss1_0_ex/v_dp_rxss1_0_ex.gen/sources_1/bd/dpss_vck190_pt/ipshared/f0b6/hdl/verilog/sc_util_v1_0_4_constants_noc.vh
Duplicated file found; will not be sent for synthesis: c:/Vulcan/Protocol/Display/v_dp_rxss1_0_ex/v_dp_rxss1_0_ex.gen/sources_1/bd/dpss_vck190_pt/ipshared/f0b6/hdl/verilog/sc_util_v1_0_4_structs.svh
Duplicated file found; will not be sent for synthesis: c:/Vulcan/Protocol/Display/v_dp_rxss1_0_ex/v_dp_rxss1_0_ex.gen/sources_1/bd/dpss_vck190_pt/ipshared/f0b6/hdl/sc_util_v1_0_vl_rfs.sv
Duplicated file found; will not be sent for synthesis: c:/Vulcan/Protocol/Display/v_dp_rxss1_0_ex/v_dp_rxss1_0_ex.gen/sources_1/bd/dpss_vck190_pt/ipshared/35de/hdl/verilog/sc_node_v1_0_15_t_reqsend.svh
Duplicated file found; will not be sent for synthesis: c:/Vulcan/Protocol/Display/v_dp_rxss1_0_ex/v_dp_rxss1_0_ex.gen/sources_1/bd/dpss_vck190_pt/ipshared/35de/hdl/sc_node_v1_0_vl_rfs.sv
Duplicated file found; will not be sent for synthesis: c:/Vulcan/Protocol/Display/v_dp_rxss1_0_ex/v_dp_rxss1_0_ex.gen/sources_1/bd/dpss_vck190_pt/ipshared/f0b6/hdl/verilog/sc_util_v1_0_4_constants.vh
Duplicated file found; will not be sent for synthesis: c:/Vulcan/Protocol/Display/v_dp_rxss1_0_ex/v_dp_rxss1_0_ex.gen/sources_1/bd/dpss_vck190_pt/ipshared/f0b6/hdl/verilog/sc_util_v1_0_4_constants_noc.vh
Duplicated file found; will not be sent for synthesis: c:/Vulcan/Protocol/Display/v_dp_rxss1_0_ex/v_dp_rxss1_0_ex.gen/sources_1/bd/dpss_vck190_pt/ipshared/f0b6/hdl/verilog/sc_util_v1_0_4_structs.svh
Duplicated file found; will not be sent for synthesis: c:/Vulcan/Protocol/Display/v_dp_rxss1_0_ex/v_dp_rxss1_0_ex.gen/sources_1/bd/dpss_vck190_pt/ipshared/f0b6/hdl/sc_util_v1_0_vl_rfs.sv
Duplicated file found; will not be sent for synthesis: c:/Vulcan/Protocol/Display/v_dp_rxss1_0_ex/v_dp_rxss1_0_ex.gen/sources_1/bd/dpss_vck190_pt/ipshared/35de/hdl/verilog/sc_node_v1_0_15_t_reqsend.svh
Duplicated file found; will not be sent for synthesis: c:/Vulcan/Protocol/Display/v_dp_rxss1_0_ex/v_dp_rxss1_0_ex.gen/sources_1/bd/dpss_vck190_pt/ipshared/35de/hdl/sc_node_v1_0_vl_rfs.sv
Duplicated file found; will not be sent for synthesis: c:/Vulcan/Protocol/Display/v_dp_rxss1_0_ex/v_dp_rxss1_0_ex.gen/sources_1/bd/dpss_vck190_pt/ipshared/f0b6/hdl/verilog/sc_util_v1_0_4_constants.vh
Duplicated file found; will not be sent for synthesis: c:/Vulcan/Protocol/Display/v_dp_rxss1_0_ex/v_dp_rxss1_0_ex.gen/sources_1/bd/dpss_vck190_pt/ipshared/f0b6/hdl/verilog/sc_util_v1_0_4_constants_noc.vh
Duplicated file found; will not be sent for synthesis: c:/Vulcan/Protocol/Display/v_dp_rxss1_0_ex/v_dp_rxss1_0_ex.gen/sources_1/bd/dpss_vck190_pt/ipshared/f0b6/hdl/verilog/sc_util_v1_0_4_structs.svh
Duplicated file found; will not be sent for synthesis: c:/Vulcan/Protocol/Display/v_dp_rxss1_0_ex/v_dp_rxss1_0_ex.gen/sources_1/bd/dpss_vck190_pt/ipshared/f0b6/hdl/sc_util_v1_0_vl_rfs.sv
Duplicated file found; will not be sent for synthesis: c:/Vulcan/Protocol/Display/v_dp_rxss1_0_ex/v_dp_rxss1_0_ex.gen/sources_1/bd/dpss_vck190_pt/ipshared/35de/hdl/verilog/sc_node_v1_0_15_t_reqsend.svh
Duplicated file found; will not be sent for synthesis: c:/Vulcan/Protocol/Display/v_dp_rxss1_0_ex/v_dp_rxss1_0_ex.gen/sources_1/bd/dpss_vck190_pt/ipshared/35de/hdl/sc_node_v1_0_vl_rfs.sv
Duplicated file found; will not be sent for synthesis: c:/Vulcan/Protocol/Display/v_dp_rxss1_0_ex/v_dp_rxss1_0_ex.gen/sources_1/bd/dpss_vck190_pt/ipshared/f0b6/hdl/verilog/sc_util_v1_0_4_constants.vh
Duplicated file found; will not be sent for synthesis: c:/Vulcan/Protocol/Display/v_dp_rxss1_0_ex/v_dp_rxss1_0_ex.gen/sources_1/bd/dpss_vck190_pt/ipshared/f0b6/hdl/verilog/sc_util_v1_0_4_constants_noc.vh
Duplicated file found; will not be sent for synthesis: c:/Vulcan/Protocol/Display/v_dp_rxss1_0_ex/v_dp_rxss1_0_ex.gen/sources_1/bd/dpss_vck190_pt/ipshared/f0b6/hdl/verilog/sc_util_v1_0_4_structs.svh
Duplicated file found; will not be sent for synthesis: c:/Vulcan/Protocol/Display/v_dp_rxss1_0_ex/v_dp_rxss1_0_ex.gen/sources_1/bd/dpss_vck190_pt/ipshared/f0b6/hdl/sc_util_v1_0_vl_rfs.sv
Duplicated file found; will not be sent for synthesis: c:/Vulcan/Protocol/Display/v_dp_rxss1_0_ex/v_dp_rxss1_0_ex.gen/sources_1/bd/dpss_vck190_pt/ipshared/35de/hdl/verilog/sc_node_v1_0_15_t_reqsend.svh
Duplicated file found; will not be sent for synthesis: c:/Vulcan/Protocol/Display/v_dp_rxss1_0_ex/v_dp_rxss1_0_ex.gen/sources_1/bd/dpss_vck190_pt/ipshared/35de/hdl/sc_node_v1_0_vl_rfs.sv
Duplicated file found; will not be sent for synthesis: c:/Vulcan/Protocol/Display/v_dp_rxss1_0_ex/v_dp_rxss1_0_ex.gen/sources_1/bd/dpss_vck190_pt/ipshared/f0b6/hdl/verilog/sc_util_v1_0_4_constants.vh
Duplicated file found; will not be sent for synthesis: c:/Vulcan/Protocol/Display/v_dp_rxss1_0_ex/v_dp_rxss1_0_ex.gen/sources_1/bd/dpss_vck190_pt/ipshared/f0b6/hdl/verilog/sc_util_v1_0_4_constants_noc.vh
Duplicated file found; will not be sent for synthesis: c:/Vulcan/Protocol/Display/v_dp_rxss1_0_ex/v_dp_rxss1_0_ex.gen/sources_1/bd/dpss_vck190_pt/ipshared/f0b6/hdl/verilog/sc_util_v1_0_4_structs.svh
Duplicated file found; will not be sent for synthesis: c:/Vulcan/Protocol/Display/v_dp_rxss1_0_ex/v_dp_rxss1_0_ex.gen/sources_1/bd/dpss_vck190_pt/ipshared/f0b6/hdl/sc_util_v1_0_vl_rfs.sv
Duplicated file found; will not be sent for synthesis: c:/Vulcan/Protocol/Display/v_dp_rxss1_0_ex/v_dp_rxss1_0_ex.gen/sources_1/bd/dpss_vck190_pt/ipshared/6eea/hdl/sc_exit_v1_0_vl_rfs.sv
Duplicated file found; will not be sent for synthesis: c:/Vulcan/Protocol/Display/v_dp_rxss1_0_ex/v_dp_rxss1_0_ex.gen/sources_1/bd/dpss_vck190_pt/ipshared/f0b6/hdl/verilog/sc_util_v1_0_4_constants.vh
Duplicated file found; will not be sent for synthesis: c:/Vulcan/Protocol/Display/v_dp_rxss1_0_ex/v_dp_rxss1_0_ex.gen/sources_1/bd/dpss_vck190_pt/ipshared/f0b6/hdl/verilog/sc_util_v1_0_4_constants_noc.vh
Duplicated file found; will not be sent for synthesis: c:/Vulcan/Protocol/Display/v_dp_rxss1_0_ex/v_dp_rxss1_0_ex.gen/sources_1/bd/dpss_vck190_pt/ipshared/f0b6/hdl/verilog/sc_util_v1_0_4_structs.svh
Duplicated file found; will not be sent for synthesis: c:/Vulcan/Protocol/Display/v_dp_rxss1_0_ex/v_dp_rxss1_0_ex.gen/sources_1/bd/dpss_vck190_pt/ipshared/f0b6/hdl/sc_util_v1_0_vl_rfs.sv
Duplicated file found; will not be sent for synthesis: c:/Vulcan/Protocol/Display/v_dp_rxss1_0_ex/v_dp_rxss1_0_ex.gen/sources_1/bd/dpss_vck190_pt/ipshared/ebf7/hdl/sc_sc2axi_v1_0_vl_rfs.sv
Duplicated file found; will not be sent for synthesis: c:/Vulcan/Protocol/Display/v_dp_rxss1_0_ex/v_dp_rxss1_0_ex.gen/sources_1/bd/dpss_vck190_pt/ipshared/f0b6/hdl/verilog/sc_util_v1_0_4_constants.vh
Duplicated file found; will not be sent for synthesis: c:/Vulcan/Protocol/Display/v_dp_rxss1_0_ex/v_dp_rxss1_0_ex.gen/sources_1/bd/dpss_vck190_pt/ipshared/f0b6/hdl/verilog/sc_util_v1_0_4_constants_noc.vh
Duplicated file found; will not be sent for synthesis: c:/Vulcan/Protocol/Display/v_dp_rxss1_0_ex/v_dp_rxss1_0_ex.gen/sources_1/bd/dpss_vck190_pt/ipshared/f0b6/hdl/verilog/sc_util_v1_0_4_structs.svh
Duplicated file found; will not be sent for synthesis: c:/Vulcan/Protocol/Display/v_dp_rxss1_0_ex/v_dp_rxss1_0_ex.gen/sources_1/bd/dpss_vck190_pt/ipshared/f0b6/hdl/sc_util_v1_0_vl_rfs.sv
Duplicated file found; will not be sent for synthesis: c:/Vulcan/Protocol/Display/v_dp_rxss1_0_ex/v_dp_rxss1_0_ex.gen/sources_1/bd/dpss_vck190_pt/ipshared/35de/hdl/verilog/sc_node_v1_0_15_t_reqsend.svh
Duplicated file found; will not be sent for synthesis: c:/Vulcan/Protocol/Display/v_dp_rxss1_0_ex/v_dp_rxss1_0_ex.gen/sources_1/bd/dpss_vck190_pt/ipshared/35de/hdl/sc_node_v1_0_vl_rfs.sv
Duplicated file found; will not be sent for synthesis: c:/Vulcan/Protocol/Display/v_dp_rxss1_0_ex/v_dp_rxss1_0_ex.gen/sources_1/bd/dpss_vck190_pt/ipshared/f0b6/hdl/verilog/sc_util_v1_0_4_constants.vh
Duplicated file found; will not be sent for synthesis: c:/Vulcan/Protocol/Display/v_dp_rxss1_0_ex/v_dp_rxss1_0_ex.gen/sources_1/bd/dpss_vck190_pt/ipshared/f0b6/hdl/verilog/sc_util_v1_0_4_constants_noc.vh
Duplicated file found; will not be sent for synthesis: c:/Vulcan/Protocol/Display/v_dp_rxss1_0_ex/v_dp_rxss1_0_ex.gen/sources_1/bd/dpss_vck190_pt/ipshared/f0b6/hdl/verilog/sc_util_v1_0_4_structs.svh
Duplicated file found; will not be sent for synthesis: c:/Vulcan/Protocol/Display/v_dp_rxss1_0_ex/v_dp_rxss1_0_ex.gen/sources_1/bd/dpss_vck190_pt/ipshared/f0b6/hdl/sc_util_v1_0_vl_rfs.sv
Duplicated file found; will not be sent for synthesis: c:/Vulcan/Protocol/Display/v_dp_rxss1_0_ex/v_dp_rxss1_0_ex.gen/sources_1/bd/dpss_vck190_pt/ipshared/35de/hdl/verilog/sc_node_v1_0_15_t_reqsend.svh
Duplicated file found; will not be sent for synthesis: c:/Vulcan/Protocol/Display/v_dp_rxss1_0_ex/v_dp_rxss1_0_ex.gen/sources_1/bd/dpss_vck190_pt/ipshared/35de/hdl/sc_node_v1_0_vl_rfs.sv
Duplicated file found; will not be sent for synthesis: c:/Vulcan/Protocol/Display/v_dp_rxss1_0_ex/v_dp_rxss1_0_ex.gen/sources_1/bd/dpss_vck190_pt/ipshared/f0b6/hdl/verilog/sc_util_v1_0_4_constants.vh
Duplicated file found; will not be sent for synthesis: c:/Vulcan/Protocol/Display/v_dp_rxss1_0_ex/v_dp_rxss1_0_ex.gen/sources_1/bd/dpss_vck190_pt/ipshared/f0b6/hdl/verilog/sc_util_v1_0_4_constants_noc.vh
Duplicated file found; will not be sent for synthesis: c:/Vulcan/Protocol/Display/v_dp_rxss1_0_ex/v_dp_rxss1_0_ex.gen/sources_1/bd/dpss_vck190_pt/ipshared/f0b6/hdl/verilog/sc_util_v1_0_4_structs.svh
Duplicated file found; will not be sent for synthesis: c:/Vulcan/Protocol/Display/v_dp_rxss1_0_ex/v_dp_rxss1_0_ex.gen/sources_1/bd/dpss_vck190_pt/ipshared/f0b6/hdl/sc_util_v1_0_vl_rfs.sv
Duplicated file found; will not be sent for synthesis: c:/Vulcan/Protocol/Display/v_dp_rxss1_0_ex/v_dp_rxss1_0_ex.gen/sources_1/bd/dpss_vck190_pt/ipshared/35de/hdl/verilog/sc_node_v1_0_15_t_reqsend.svh
Duplicated file found; will not be sent for synthesis: c:/Vulcan/Protocol/Display/v_dp_rxss1_0_ex/v_dp_rxss1_0_ex.gen/sources_1/bd/dpss_vck190_pt/ipshared/35de/hdl/sc_node_v1_0_vl_rfs.sv
Duplicated file found; will not be sent for synthesis: c:/Vulcan/Protocol/Display/v_dp_rxss1_0_ex/v_dp_rxss1_0_ex.gen/sources_1/bd/dpss_vck190_pt/ipshared/f0b6/hdl/verilog/sc_util_v1_0_4_constants.vh
Duplicated file found; will not be sent for synthesis: c:/Vulcan/Protocol/Display/v_dp_rxss1_0_ex/v_dp_rxss1_0_ex.gen/sources_1/bd/dpss_vck190_pt/ipshared/f0b6/hdl/verilog/sc_util_v1_0_4_constants_noc.vh
Duplicated file found; will not be sent for synthesis: c:/Vulcan/Protocol/Display/v_dp_rxss1_0_ex/v_dp_rxss1_0_ex.gen/sources_1/bd/dpss_vck190_pt/ipshared/f0b6/hdl/verilog/sc_util_v1_0_4_structs.svh
Duplicated file found; will not be sent for synthesis: c:/Vulcan/Protocol/Display/v_dp_rxss1_0_ex/v_dp_rxss1_0_ex.gen/sources_1/bd/dpss_vck190_pt/ipshared/f0b6/hdl/sc_util_v1_0_vl_rfs.sv
Duplicated file found; will not be sent for synthesis: c:/Vulcan/Protocol/Display/v_dp_rxss1_0_ex/v_dp_rxss1_0_ex.gen/sources_1/bd/dpss_vck190_pt/ipshared/35de/hdl/verilog/sc_node_v1_0_15_t_reqsend.svh
Duplicated file found; will not be sent for synthesis: c:/Vulcan/Protocol/Display/v_dp_rxss1_0_ex/v_dp_rxss1_0_ex.gen/sources_1/bd/dpss_vck190_pt/ipshared/35de/hdl/sc_node_v1_0_vl_rfs.sv
Duplicated file found; will not be sent for synthesis: c:/Vulcan/Protocol/Display/v_dp_rxss1_0_ex/v_dp_rxss1_0_ex.gen/sources_1/bd/dpss_vck190_pt/ipshared/f0b6/hdl/verilog/sc_util_v1_0_4_constants.vh
Duplicated file found; will not be sent for synthesis: c:/Vulcan/Protocol/Display/v_dp_rxss1_0_ex/v_dp_rxss1_0_ex.gen/sources_1/bd/dpss_vck190_pt/ipshared/f0b6/hdl/verilog/sc_util_v1_0_4_constants_noc.vh
Duplicated file found; will not be sent for synthesis: c:/Vulcan/Protocol/Display/v_dp_rxss1_0_ex/v_dp_rxss1_0_ex.gen/sources_1/bd/dpss_vck190_pt/ipshared/f0b6/hdl/verilog/sc_util_v1_0_4_structs.svh
Duplicated file found; will not be sent for synthesis: c:/Vulcan/Protocol/Display/v_dp_rxss1_0_ex/v_dp_rxss1_0_ex.gen/sources_1/bd/dpss_vck190_pt/ipshared/f0b6/hdl/sc_util_v1_0_vl_rfs.sv
Duplicated file found; will not be sent for synthesis: c:/Vulcan/Protocol/Display/v_dp_rxss1_0_ex/v_dp_rxss1_0_ex.gen/sources_1/bd/dpss_vck190_pt/ipshared/35de/hdl/verilog/sc_node_v1_0_15_t_reqsend.svh
Duplicated file found; will not be sent for synthesis: c:/Vulcan/Protocol/Display/v_dp_rxss1_0_ex/v_dp_rxss1_0_ex.gen/sources_1/bd/dpss_vck190_pt/ipshared/35de/hdl/sc_node_v1_0_vl_rfs.sv
Duplicated file found; will not be sent for synthesis: c:/Vulcan/Protocol/Display/v_dp_rxss1_0_ex/v_dp_rxss1_0_ex.gen/sources_1/bd/dpss_vck190_pt/ipshared/f0b6/hdl/verilog/sc_util_v1_0_4_constants.vh
Duplicated file found; will not be sent for synthesis: c:/Vulcan/Protocol/Display/v_dp_rxss1_0_ex/v_dp_rxss1_0_ex.gen/sources_1/bd/dpss_vck190_pt/ipshared/f0b6/hdl/verilog/sc_util_v1_0_4_constants_noc.vh
Duplicated file found; will not be sent for synthesis: c:/Vulcan/Protocol/Display/v_dp_rxss1_0_ex/v_dp_rxss1_0_ex.gen/sources_1/bd/dpss_vck190_pt/ipshared/f0b6/hdl/verilog/sc_util_v1_0_4_structs.svh
Duplicated file found; will not be sent for synthesis: c:/Vulcan/Protocol/Display/v_dp_rxss1_0_ex/v_dp_rxss1_0_ex.gen/sources_1/bd/dpss_vck190_pt/ipshared/f0b6/hdl/sc_util_v1_0_vl_rfs.sv
Duplicated file found; will not be sent for synthesis: c:/Vulcan/Protocol/Display/v_dp_rxss1_0_ex/v_dp_rxss1_0_ex.gen/sources_1/bd/dpss_vck190_pt/ipshared/6eea/hdl/sc_exit_v1_0_vl_rfs.sv
Duplicated file found; will not be sent for synthesis: c:/Vulcan/Protocol/Display/v_dp_rxss1_0_ex/v_dp_rxss1_0_ex.gen/sources_1/bd/dpss_vck190_pt/ipshared/f0b6/hdl/verilog/sc_util_v1_0_4_constants.vh
Duplicated file found; will not be sent for synthesis: c:/Vulcan/Protocol/Display/v_dp_rxss1_0_ex/v_dp_rxss1_0_ex.gen/sources_1/bd/dpss_vck190_pt/ipshared/f0b6/hdl/verilog/sc_util_v1_0_4_constants_noc.vh
Duplicated file found; will not be sent for synthesis: c:/Vulcan/Protocol/Display/v_dp_rxss1_0_ex/v_dp_rxss1_0_ex.gen/sources_1/bd/dpss_vck190_pt/ipshared/f0b6/hdl/verilog/sc_util_v1_0_4_structs.svh
Duplicated file found; will not be sent for synthesis: c:/Vulcan/Protocol/Display/v_dp_rxss1_0_ex/v_dp_rxss1_0_ex.gen/sources_1/bd/dpss_vck190_pt/ipshared/f0b6/hdl/sc_util_v1_0_vl_rfs.sv
Duplicated file found; will not be sent for synthesis: c:/Vulcan/Protocol/Display/v_dp_rxss1_0_ex/v_dp_rxss1_0_ex.gen/sources_1/bd/dpss_vck190_pt/ipshared/ebf7/hdl/sc_sc2axi_v1_0_vl_rfs.sv
Duplicated file found; will not be sent for synthesis: c:/Vulcan/Protocol/Display/v_dp_rxss1_0_ex/v_dp_rxss1_0_ex.gen/sources_1/bd/dpss_vck190_pt/ipshared/f0b6/hdl/verilog/sc_util_v1_0_4_constants.vh
Duplicated file found; will not be sent for synthesis: c:/Vulcan/Protocol/Display/v_dp_rxss1_0_ex/v_dp_rxss1_0_ex.gen/sources_1/bd/dpss_vck190_pt/ipshared/f0b6/hdl/verilog/sc_util_v1_0_4_constants_noc.vh
Duplicated file found; will not be sent for synthesis: c:/Vulcan/Protocol/Display/v_dp_rxss1_0_ex/v_dp_rxss1_0_ex.gen/sources_1/bd/dpss_vck190_pt/ipshared/f0b6/hdl/verilog/sc_util_v1_0_4_structs.svh
Duplicated file found; will not be sent for synthesis: c:/Vulcan/Protocol/Display/v_dp_rxss1_0_ex/v_dp_rxss1_0_ex.gen/sources_1/bd/dpss_vck190_pt/ipshared/f0b6/hdl/sc_util_v1_0_vl_rfs.sv
Duplicated file found; will not be sent for synthesis: c:/Vulcan/Protocol/Display/v_dp_rxss1_0_ex/v_dp_rxss1_0_ex.gen/sources_1/bd/dpss_vck190_pt/ipshared/35de/hdl/verilog/sc_node_v1_0_15_t_reqsend.svh
Duplicated file found; will not be sent for synthesis: c:/Vulcan/Protocol/Display/v_dp_rxss1_0_ex/v_dp_rxss1_0_ex.gen/sources_1/bd/dpss_vck190_pt/ipshared/35de/hdl/sc_node_v1_0_vl_rfs.sv
Duplicated file found; will not be sent for synthesis: c:/Vulcan/Protocol/Display/v_dp_rxss1_0_ex/v_dp_rxss1_0_ex.gen/sources_1/bd/dpss_vck190_pt/ipshared/f0b6/hdl/verilog/sc_util_v1_0_4_constants.vh
Duplicated file found; will not be sent for synthesis: c:/Vulcan/Protocol/Display/v_dp_rxss1_0_ex/v_dp_rxss1_0_ex.gen/sources_1/bd/dpss_vck190_pt/ipshared/f0b6/hdl/verilog/sc_util_v1_0_4_constants_noc.vh
Duplicated file found; will not be sent for synthesis: c:/Vulcan/Protocol/Display/v_dp_rxss1_0_ex/v_dp_rxss1_0_ex.gen/sources_1/bd/dpss_vck190_pt/ipshared/f0b6/hdl/verilog/sc_util_v1_0_4_structs.svh
Duplicated file found; will not be sent for synthesis: c:/Vulcan/Protocol/Display/v_dp_rxss1_0_ex/v_dp_rxss1_0_ex.gen/sources_1/bd/dpss_vck190_pt/ipshared/f0b6/hdl/sc_util_v1_0_vl_rfs.sv
Duplicated file found; will not be sent for synthesis: c:/Vulcan/Protocol/Display/v_dp_rxss1_0_ex/v_dp_rxss1_0_ex.gen/sources_1/bd/dpss_vck190_pt/ipshared/35de/hdl/verilog/sc_node_v1_0_15_t_reqsend.svh
Duplicated file found; will not be sent for synthesis: c:/Vulcan/Protocol/Display/v_dp_rxss1_0_ex/v_dp_rxss1_0_ex.gen/sources_1/bd/dpss_vck190_pt/ipshared/35de/hdl/sc_node_v1_0_vl_rfs.sv
Duplicated file found; will not be sent for synthesis: c:/Vulcan/Protocol/Display/v_dp_rxss1_0_ex/v_dp_rxss1_0_ex.gen/sources_1/bd/dpss_vck190_pt/ipshared/f0b6/hdl/verilog/sc_util_v1_0_4_constants.vh
Duplicated file found; will not be sent for synthesis: c:/Vulcan/Protocol/Display/v_dp_rxss1_0_ex/v_dp_rxss1_0_ex.gen/sources_1/bd/dpss_vck190_pt/ipshared/f0b6/hdl/verilog/sc_util_v1_0_4_constants_noc.vh
Duplicated file found; will not be sent for synthesis: c:/Vulcan/Protocol/Display/v_dp_rxss1_0_ex/v_dp_rxss1_0_ex.gen/sources_1/bd/dpss_vck190_pt/ipshared/f0b6/hdl/verilog/sc_util_v1_0_4_structs.svh
Duplicated file found; will not be sent for synthesis: c:/Vulcan/Protocol/Display/v_dp_rxss1_0_ex/v_dp_rxss1_0_ex.gen/sources_1/bd/dpss_vck190_pt/ipshared/f0b6/hdl/sc_util_v1_0_vl_rfs.sv
Duplicated file found; will not be sent for synthesis: c:/Vulcan/Protocol/Display/v_dp_rxss1_0_ex/v_dp_rxss1_0_ex.gen/sources_1/bd/dpss_vck190_pt/ipshared/35de/hdl/verilog/sc_node_v1_0_15_t_reqsend.svh
Duplicated file found; will not be sent for synthesis: c:/Vulcan/Protocol/Display/v_dp_rxss1_0_ex/v_dp_rxss1_0_ex.gen/sources_1/bd/dpss_vck190_pt/ipshared/35de/hdl/sc_node_v1_0_vl_rfs.sv
Duplicated file found; will not be sent for synthesis: c:/Vulcan/Protocol/Display/v_dp_rxss1_0_ex/v_dp_rxss1_0_ex.gen/sources_1/bd/dpss_vck190_pt/ipshared/f0b6/hdl/verilog/sc_util_v1_0_4_constants.vh
Duplicated file found; will not be sent for synthesis: c:/Vulcan/Protocol/Display/v_dp_rxss1_0_ex/v_dp_rxss1_0_ex.gen/sources_1/bd/dpss_vck190_pt/ipshared/f0b6/hdl/verilog/sc_util_v1_0_4_constants_noc.vh
Duplicated file found; will not be sent for synthesis: c:/Vulcan/Protocol/Display/v_dp_rxss1_0_ex/v_dp_rxss1_0_ex.gen/sources_1/bd/dpss_vck190_pt/ipshared/f0b6/hdl/verilog/sc_util_v1_0_4_structs.svh
Duplicated file found; will not be sent for synthesis: c:/Vulcan/Protocol/Display/v_dp_rxss1_0_ex/v_dp_rxss1_0_ex.gen/sources_1/bd/dpss_vck190_pt/ipshared/f0b6/hdl/sc_util_v1_0_vl_rfs.sv
Duplicated file found; will not be sent for synthesis: c:/Vulcan/Protocol/Display/v_dp_rxss1_0_ex/v_dp_rxss1_0_ex.gen/sources_1/bd/dpss_vck190_pt/ipshared/35de/hdl/verilog/sc_node_v1_0_15_t_reqsend.svh
Duplicated file found; will not be sent for synthesis: c:/Vulcan/Protocol/Display/v_dp_rxss1_0_ex/v_dp_rxss1_0_ex.gen/sources_1/bd/dpss_vck190_pt/ipshared/35de/hdl/sc_node_v1_0_vl_rfs.sv
Duplicated file found; will not be sent for synthesis: c:/Vulcan/Protocol/Display/v_dp_rxss1_0_ex/v_dp_rxss1_0_ex.gen/sources_1/bd/dpss_vck190_pt/ipshared/f0b6/hdl/verilog/sc_util_v1_0_4_constants.vh
Duplicated file found; will not be sent for synthesis: c:/Vulcan/Protocol/Display/v_dp_rxss1_0_ex/v_dp_rxss1_0_ex.gen/sources_1/bd/dpss_vck190_pt/ipshared/f0b6/hdl/verilog/sc_util_v1_0_4_constants_noc.vh
Duplicated file found; will not be sent for synthesis: c:/Vulcan/Protocol/Display/v_dp_rxss1_0_ex/v_dp_rxss1_0_ex.gen/sources_1/bd/dpss_vck190_pt/ipshared/f0b6/hdl/verilog/sc_util_v1_0_4_structs.svh
Duplicated file found; will not be sent for synthesis: c:/Vulcan/Protocol/Display/v_dp_rxss1_0_ex/v_dp_rxss1_0_ex.gen/sources_1/bd/dpss_vck190_pt/ipshared/f0b6/hdl/sc_util_v1_0_vl_rfs.sv
Duplicated file found; will not be sent for synthesis: c:/Vulcan/Protocol/Display/v_dp_rxss1_0_ex/v_dp_rxss1_0_ex.gen/sources_1/bd/dpss_vck190_pt/ipshared/35de/hdl/verilog/sc_node_v1_0_15_t_reqsend.svh
Duplicated file found; will not be sent for synthesis: c:/Vulcan/Protocol/Display/v_dp_rxss1_0_ex/v_dp_rxss1_0_ex.gen/sources_1/bd/dpss_vck190_pt/ipshared/35de/hdl/sc_node_v1_0_vl_rfs.sv
Duplicated file found; will not be sent for synthesis: c:/Vulcan/Protocol/Display/v_dp_rxss1_0_ex/v_dp_rxss1_0_ex.gen/sources_1/bd/dpss_vck190_pt/ipshared/f0b6/hdl/verilog/sc_util_v1_0_4_constants.vh
Duplicated file found; will not be sent for synthesis: c:/Vulcan/Protocol/Display/v_dp_rxss1_0_ex/v_dp_rxss1_0_ex.gen/sources_1/bd/dpss_vck190_pt/ipshared/f0b6/hdl/verilog/sc_util_v1_0_4_constants_noc.vh
Duplicated file found; will not be sent for synthesis: c:/Vulcan/Protocol/Display/v_dp_rxss1_0_ex/v_dp_rxss1_0_ex.gen/sources_1/bd/dpss_vck190_pt/ipshared/f0b6/hdl/verilog/sc_util_v1_0_4_structs.svh
Duplicated file found; will not be sent for synthesis: c:/Vulcan/Protocol/Display/v_dp_rxss1_0_ex/v_dp_rxss1_0_ex.gen/sources_1/bd/dpss_vck190_pt/ipshared/f0b6/hdl/sc_util_v1_0_vl_rfs.sv
Duplicated file found; will not be sent for synthesis: c:/Vulcan/Protocol/Display/v_dp_rxss1_0_ex/v_dp_rxss1_0_ex.gen/sources_1/bd/dpss_vck190_pt/ipshared/6eea/hdl/sc_exit_v1_0_vl_rfs.sv
Duplicated file found; will not be sent for synthesis: c:/Vulcan/Protocol/Display/v_dp_rxss1_0_ex/v_dp_rxss1_0_ex.gen/sources_1/bd/dpss_vck190_pt/ipshared/f0b6/hdl/verilog/sc_util_v1_0_4_constants.vh
Duplicated file found; will not be sent for synthesis: c:/Vulcan/Protocol/Display/v_dp_rxss1_0_ex/v_dp_rxss1_0_ex.gen/sources_1/bd/dpss_vck190_pt/ipshared/f0b6/hdl/verilog/sc_util_v1_0_4_constants_noc.vh
Duplicated file found; will not be sent for synthesis: c:/Vulcan/Protocol/Display/v_dp_rxss1_0_ex/v_dp_rxss1_0_ex.gen/sources_1/bd/dpss_vck190_pt/ipshared/f0b6/hdl/verilog/sc_util_v1_0_4_structs.svh
Duplicated file found; will not be sent for synthesis: c:/Vulcan/Protocol/Display/v_dp_rxss1_0_ex/v_dp_rxss1_0_ex.gen/sources_1/bd/dpss_vck190_pt/ipshared/f0b6/hdl/sc_util_v1_0_vl_rfs.sv
Duplicated file found; will not be sent for synthesis: c:/Vulcan/Protocol/Display/v_dp_rxss1_0_ex/v_dp_rxss1_0_ex.gen/sources_1/bd/dpss_vck190_pt/ipshared/ebf7/hdl/sc_sc2axi_v1_0_vl_rfs.sv
Duplicated file found; will not be sent for synthesis: c:/Vulcan/Protocol/Display/v_dp_rxss1_0_ex/v_dp_rxss1_0_ex.gen/sources_1/bd/dpss_vck190_pt/ipshared/f0b6/hdl/verilog/sc_util_v1_0_4_constants.vh
Duplicated file found; will not be sent for synthesis: c:/Vulcan/Protocol/Display/v_dp_rxss1_0_ex/v_dp_rxss1_0_ex.gen/sources_1/bd/dpss_vck190_pt/ipshared/f0b6/hdl/verilog/sc_util_v1_0_4_constants_noc.vh
Duplicated file found; will not be sent for synthesis: c:/Vulcan/Protocol/Display/v_dp_rxss1_0_ex/v_dp_rxss1_0_ex.gen/sources_1/bd/dpss_vck190_pt/ipshared/f0b6/hdl/verilog/sc_util_v1_0_4_structs.svh
Duplicated file found; will not be sent for synthesis: c:/Vulcan/Protocol/Display/v_dp_rxss1_0_ex/v_dp_rxss1_0_ex.gen/sources_1/bd/dpss_vck190_pt/ipshared/f0b6/hdl/sc_util_v1_0_vl_rfs.sv
Duplicated file found; will not be sent for synthesis: c:/Vulcan/Protocol/Display/v_dp_rxss1_0_ex/v_dp_rxss1_0_ex.gen/sources_1/bd/dpss_vck190_pt/ipshared/35de/hdl/verilog/sc_node_v1_0_15_t_reqsend.svh
Duplicated file found; will not be sent for synthesis: c:/Vulcan/Protocol/Display/v_dp_rxss1_0_ex/v_dp_rxss1_0_ex.gen/sources_1/bd/dpss_vck190_pt/ipshared/35de/hdl/sc_node_v1_0_vl_rfs.sv
Duplicated file found; will not be sent for synthesis: c:/Vulcan/Protocol/Display/v_dp_rxss1_0_ex/v_dp_rxss1_0_ex.gen/sources_1/bd/dpss_vck190_pt/ipshared/f0b6/hdl/verilog/sc_util_v1_0_4_constants.vh
Duplicated file found; will not be sent for synthesis: c:/Vulcan/Protocol/Display/v_dp_rxss1_0_ex/v_dp_rxss1_0_ex.gen/sources_1/bd/dpss_vck190_pt/ipshared/f0b6/hdl/verilog/sc_util_v1_0_4_constants_noc.vh
Duplicated file found; will not be sent for synthesis: c:/Vulcan/Protocol/Display/v_dp_rxss1_0_ex/v_dp_rxss1_0_ex.gen/sources_1/bd/dpss_vck190_pt/ipshared/f0b6/hdl/verilog/sc_util_v1_0_4_structs.svh
Duplicated file found; will not be sent for synthesis: c:/Vulcan/Protocol/Display/v_dp_rxss1_0_ex/v_dp_rxss1_0_ex.gen/sources_1/bd/dpss_vck190_pt/ipshared/f0b6/hdl/sc_util_v1_0_vl_rfs.sv
Duplicated file found; will not be sent for synthesis: c:/Vulcan/Protocol/Display/v_dp_rxss1_0_ex/v_dp_rxss1_0_ex.gen/sources_1/bd/dpss_vck190_pt/ipshared/35de/hdl/verilog/sc_node_v1_0_15_t_reqsend.svh
Duplicated file found; will not be sent for synthesis: c:/Vulcan/Protocol/Display/v_dp_rxss1_0_ex/v_dp_rxss1_0_ex.gen/sources_1/bd/dpss_vck190_pt/ipshared/35de/hdl/sc_node_v1_0_vl_rfs.sv
Duplicated file found; will not be sent for synthesis: c:/Vulcan/Protocol/Display/v_dp_rxss1_0_ex/v_dp_rxss1_0_ex.gen/sources_1/bd/dpss_vck190_pt/ipshared/f0b6/hdl/verilog/sc_util_v1_0_4_constants.vh
Duplicated file found; will not be sent for synthesis: c:/Vulcan/Protocol/Display/v_dp_rxss1_0_ex/v_dp_rxss1_0_ex.gen/sources_1/bd/dpss_vck190_pt/ipshared/f0b6/hdl/verilog/sc_util_v1_0_4_constants_noc.vh
Duplicated file found; will not be sent for synthesis: c:/Vulcan/Protocol/Display/v_dp_rxss1_0_ex/v_dp_rxss1_0_ex.gen/sources_1/bd/dpss_vck190_pt/ipshared/f0b6/hdl/verilog/sc_util_v1_0_4_structs.svh
Duplicated file found; will not be sent for synthesis: c:/Vulcan/Protocol/Display/v_dp_rxss1_0_ex/v_dp_rxss1_0_ex.gen/sources_1/bd/dpss_vck190_pt/ipshared/f0b6/hdl/sc_util_v1_0_vl_rfs.sv
Duplicated file found; will not be sent for synthesis: c:/Vulcan/Protocol/Display/v_dp_rxss1_0_ex/v_dp_rxss1_0_ex.gen/sources_1/bd/dpss_vck190_pt/ipshared/35de/hdl/verilog/sc_node_v1_0_15_t_reqsend.svh
Duplicated file found; will not be sent for synthesis: c:/Vulcan/Protocol/Display/v_dp_rxss1_0_ex/v_dp_rxss1_0_ex.gen/sources_1/bd/dpss_vck190_pt/ipshared/35de/hdl/sc_node_v1_0_vl_rfs.sv
Duplicated file found; will not be sent for synthesis: c:/Vulcan/Protocol/Display/v_dp_rxss1_0_ex/v_dp_rxss1_0_ex.gen/sources_1/bd/dpss_vck190_pt/ipshared/f0b6/hdl/verilog/sc_util_v1_0_4_constants.vh
Duplicated file found; will not be sent for synthesis: c:/Vulcan/Protocol/Display/v_dp_rxss1_0_ex/v_dp_rxss1_0_ex.gen/sources_1/bd/dpss_vck190_pt/ipshared/f0b6/hdl/verilog/sc_util_v1_0_4_constants_noc.vh
Duplicated file found; will not be sent for synthesis: c:/Vulcan/Protocol/Display/v_dp_rxss1_0_ex/v_dp_rxss1_0_ex.gen/sources_1/bd/dpss_vck190_pt/ipshared/f0b6/hdl/verilog/sc_util_v1_0_4_structs.svh
Duplicated file found; will not be sent for synthesis: c:/Vulcan/Protocol/Display/v_dp_rxss1_0_ex/v_dp_rxss1_0_ex.gen/sources_1/bd/dpss_vck190_pt/ipshared/f0b6/hdl/sc_util_v1_0_vl_rfs.sv
Duplicated file found; will not be sent for synthesis: c:/Vulcan/Protocol/Display/v_dp_rxss1_0_ex/v_dp_rxss1_0_ex.gen/sources_1/bd/dpss_vck190_pt/ipshared/35de/hdl/verilog/sc_node_v1_0_15_t_reqsend.svh
Duplicated file found; will not be sent for synthesis: c:/Vulcan/Protocol/Display/v_dp_rxss1_0_ex/v_dp_rxss1_0_ex.gen/sources_1/bd/dpss_vck190_pt/ipshared/35de/hdl/sc_node_v1_0_vl_rfs.sv
Duplicated file found; will not be sent for synthesis: c:/Vulcan/Protocol/Display/v_dp_rxss1_0_ex/v_dp_rxss1_0_ex.gen/sources_1/bd/dpss_vck190_pt/ipshared/f0b6/hdl/verilog/sc_util_v1_0_4_constants.vh
Duplicated file found; will not be sent for synthesis: c:/Vulcan/Protocol/Display/v_dp_rxss1_0_ex/v_dp_rxss1_0_ex.gen/sources_1/bd/dpss_vck190_pt/ipshared/f0b6/hdl/verilog/sc_util_v1_0_4_constants_noc.vh
Duplicated file found; will not be sent for synthesis: c:/Vulcan/Protocol/Display/v_dp_rxss1_0_ex/v_dp_rxss1_0_ex.gen/sources_1/bd/dpss_vck190_pt/ipshared/f0b6/hdl/verilog/sc_util_v1_0_4_structs.svh
Duplicated file found; will not be sent for synthesis: c:/Vulcan/Protocol/Display/v_dp_rxss1_0_ex/v_dp_rxss1_0_ex.gen/sources_1/bd/dpss_vck190_pt/ipshared/f0b6/hdl/sc_util_v1_0_vl_rfs.sv
Duplicated file found; will not be sent for synthesis: c:/Vulcan/Protocol/Display/v_dp_rxss1_0_ex/v_dp_rxss1_0_ex.gen/sources_1/bd/dpss_vck190_pt/ipshared/35de/hdl/verilog/sc_node_v1_0_15_t_reqsend.svh
Duplicated file found; will not be sent for synthesis: c:/Vulcan/Protocol/Display/v_dp_rxss1_0_ex/v_dp_rxss1_0_ex.gen/sources_1/bd/dpss_vck190_pt/ipshared/35de/hdl/sc_node_v1_0_vl_rfs.sv
Duplicated file found; will not be sent for synthesis: c:/Vulcan/Protocol/Display/v_dp_rxss1_0_ex/v_dp_rxss1_0_ex.gen/sources_1/bd/dpss_vck190_pt/ipshared/f0b6/hdl/verilog/sc_util_v1_0_4_constants.vh
Duplicated file found; will not be sent for synthesis: c:/Vulcan/Protocol/Display/v_dp_rxss1_0_ex/v_dp_rxss1_0_ex.gen/sources_1/bd/dpss_vck190_pt/ipshared/f0b6/hdl/verilog/sc_util_v1_0_4_constants_noc.vh
Duplicated file found; will not be sent for synthesis: c:/Vulcan/Protocol/Display/v_dp_rxss1_0_ex/v_dp_rxss1_0_ex.gen/sources_1/bd/dpss_vck190_pt/ipshared/f0b6/hdl/verilog/sc_util_v1_0_4_structs.svh
Duplicated file found; will not be sent for synthesis: c:/Vulcan/Protocol/Display/v_dp_rxss1_0_ex/v_dp_rxss1_0_ex.gen/sources_1/bd/dpss_vck190_pt/ipshared/f0b6/hdl/sc_util_v1_0_vl_rfs.sv
Duplicated file found; will not be sent for synthesis: c:/Vulcan/Protocol/Display/v_dp_rxss1_0_ex/v_dp_rxss1_0_ex.gen/sources_1/bd/dpss_vck190_pt/ipshared/6eea/hdl/sc_exit_v1_0_vl_rfs.sv
Duplicated file found; will not be sent for synthesis: c:/Vulcan/Protocol/Display/v_dp_rxss1_0_ex/v_dp_rxss1_0_ex.gen/sources_1/bd/dpss_vck190_pt/ipshared/f0b6/hdl/verilog/sc_util_v1_0_4_constants.vh
Duplicated file found; will not be sent for synthesis: c:/Vulcan/Protocol/Display/v_dp_rxss1_0_ex/v_dp_rxss1_0_ex.gen/sources_1/bd/dpss_vck190_pt/ipshared/f0b6/hdl/verilog/sc_util_v1_0_4_constants_noc.vh
Duplicated file found; will not be sent for synthesis: c:/Vulcan/Protocol/Display/v_dp_rxss1_0_ex/v_dp_rxss1_0_ex.gen/sources_1/bd/dpss_vck190_pt/ipshared/f0b6/hdl/verilog/sc_util_v1_0_4_structs.svh
Duplicated file found; will not be sent for synthesis: c:/Vulcan/Protocol/Display/v_dp_rxss1_0_ex/v_dp_rxss1_0_ex.gen/sources_1/bd/dpss_vck190_pt/ipshared/f0b6/hdl/sc_util_v1_0_vl_rfs.sv
Duplicated file found; will not be sent for synthesis: c:/Vulcan/Protocol/Display/v_dp_rxss1_0_ex/v_dp_rxss1_0_ex.gen/sources_1/bd/dpss_vck190_pt/ipshared/ebf7/hdl/sc_sc2axi_v1_0_vl_rfs.sv
Duplicated file found; will not be sent for synthesis: c:/Vulcan/Protocol/Display/v_dp_rxss1_0_ex/v_dp_rxss1_0_ex.gen/sources_1/bd/dpss_vck190_pt/ipshared/f0b6/hdl/verilog/sc_util_v1_0_4_constants.vh
Duplicated file found; will not be sent for synthesis: c:/Vulcan/Protocol/Display/v_dp_rxss1_0_ex/v_dp_rxss1_0_ex.gen/sources_1/bd/dpss_vck190_pt/ipshared/f0b6/hdl/verilog/sc_util_v1_0_4_constants_noc.vh
Duplicated file found; will not be sent for synthesis: c:/Vulcan/Protocol/Display/v_dp_rxss1_0_ex/v_dp_rxss1_0_ex.gen/sources_1/bd/dpss_vck190_pt/ipshared/f0b6/hdl/verilog/sc_util_v1_0_4_structs.svh
Duplicated file found; will not be sent for synthesis: c:/Vulcan/Protocol/Display/v_dp_rxss1_0_ex/v_dp_rxss1_0_ex.gen/sources_1/bd/dpss_vck190_pt/ipshared/f0b6/hdl/sc_util_v1_0_vl_rfs.sv
Duplicated file found; will not be sent for synthesis: c:/Vulcan/Protocol/Display/v_dp_rxss1_0_ex/v_dp_rxss1_0_ex.gen/sources_1/bd/dpss_vck190_pt/ipshared/35de/hdl/verilog/sc_node_v1_0_15_t_reqsend.svh
Duplicated file found; will not be sent for synthesis: c:/Vulcan/Protocol/Display/v_dp_rxss1_0_ex/v_dp_rxss1_0_ex.gen/sources_1/bd/dpss_vck190_pt/ipshared/35de/hdl/sc_node_v1_0_vl_rfs.sv
Duplicated file found; will not be sent for synthesis: c:/Vulcan/Protocol/Display/v_dp_rxss1_0_ex/v_dp_rxss1_0_ex.gen/sources_1/bd/dpss_vck190_pt/ipshared/f0b6/hdl/verilog/sc_util_v1_0_4_constants.vh
Duplicated file found; will not be sent for synthesis: c:/Vulcan/Protocol/Display/v_dp_rxss1_0_ex/v_dp_rxss1_0_ex.gen/sources_1/bd/dpss_vck190_pt/ipshared/f0b6/hdl/verilog/sc_util_v1_0_4_constants_noc.vh
Duplicated file found; will not be sent for synthesis: c:/Vulcan/Protocol/Display/v_dp_rxss1_0_ex/v_dp_rxss1_0_ex.gen/sources_1/bd/dpss_vck190_pt/ipshared/f0b6/hdl/verilog/sc_util_v1_0_4_structs.svh
Duplicated file found; will not be sent for synthesis: c:/Vulcan/Protocol/Display/v_dp_rxss1_0_ex/v_dp_rxss1_0_ex.gen/sources_1/bd/dpss_vck190_pt/ipshared/f0b6/hdl/sc_util_v1_0_vl_rfs.sv
Duplicated file found; will not be sent for synthesis: c:/Vulcan/Protocol/Display/v_dp_rxss1_0_ex/v_dp_rxss1_0_ex.gen/sources_1/bd/dpss_vck190_pt/ipshared/35de/hdl/verilog/sc_node_v1_0_15_t_reqsend.svh
Duplicated file found; will not be sent for synthesis: c:/Vulcan/Protocol/Display/v_dp_rxss1_0_ex/v_dp_rxss1_0_ex.gen/sources_1/bd/dpss_vck190_pt/ipshared/35de/hdl/sc_node_v1_0_vl_rfs.sv
Duplicated file found; will not be sent for synthesis: c:/Vulcan/Protocol/Display/v_dp_rxss1_0_ex/v_dp_rxss1_0_ex.gen/sources_1/bd/dpss_vck190_pt/ipshared/f0b6/hdl/verilog/sc_util_v1_0_4_constants.vh
Duplicated file found; will not be sent for synthesis: c:/Vulcan/Protocol/Display/v_dp_rxss1_0_ex/v_dp_rxss1_0_ex.gen/sources_1/bd/dpss_vck190_pt/ipshared/f0b6/hdl/verilog/sc_util_v1_0_4_constants_noc.vh
Duplicated file found; will not be sent for synthesis: c:/Vulcan/Protocol/Display/v_dp_rxss1_0_ex/v_dp_rxss1_0_ex.gen/sources_1/bd/dpss_vck190_pt/ipshared/f0b6/hdl/verilog/sc_util_v1_0_4_structs.svh
Duplicated file found; will not be sent for synthesis: c:/Vulcan/Protocol/Display/v_dp_rxss1_0_ex/v_dp_rxss1_0_ex.gen/sources_1/bd/dpss_vck190_pt/ipshared/f0b6/hdl/sc_util_v1_0_vl_rfs.sv
Duplicated file found; will not be sent for synthesis: c:/Vulcan/Protocol/Display/v_dp_rxss1_0_ex/v_dp_rxss1_0_ex.gen/sources_1/bd/dpss_vck190_pt/ipshared/35de/hdl/verilog/sc_node_v1_0_15_t_reqsend.svh
Duplicated file found; will not be sent for synthesis: c:/Vulcan/Protocol/Display/v_dp_rxss1_0_ex/v_dp_rxss1_0_ex.gen/sources_1/bd/dpss_vck190_pt/ipshared/35de/hdl/sc_node_v1_0_vl_rfs.sv
Duplicated file found; will not be sent for synthesis: c:/Vulcan/Protocol/Display/v_dp_rxss1_0_ex/v_dp_rxss1_0_ex.gen/sources_1/bd/dpss_vck190_pt/ipshared/f0b6/hdl/verilog/sc_util_v1_0_4_constants.vh
Duplicated file found; will not be sent for synthesis: c:/Vulcan/Protocol/Display/v_dp_rxss1_0_ex/v_dp_rxss1_0_ex.gen/sources_1/bd/dpss_vck190_pt/ipshared/f0b6/hdl/verilog/sc_util_v1_0_4_constants_noc.vh
Duplicated file found; will not be sent for synthesis: c:/Vulcan/Protocol/Display/v_dp_rxss1_0_ex/v_dp_rxss1_0_ex.gen/sources_1/bd/dpss_vck190_pt/ipshared/f0b6/hdl/verilog/sc_util_v1_0_4_structs.svh
Duplicated file found; will not be sent for synthesis: c:/Vulcan/Protocol/Display/v_dp_rxss1_0_ex/v_dp_rxss1_0_ex.gen/sources_1/bd/dpss_vck190_pt/ipshared/f0b6/hdl/sc_util_v1_0_vl_rfs.sv
Duplicated file found; will not be sent for synthesis: c:/Vulcan/Protocol/Display/v_dp_rxss1_0_ex/v_dp_rxss1_0_ex.gen/sources_1/bd/dpss_vck190_pt/ipshared/35de/hdl/verilog/sc_node_v1_0_15_t_reqsend.svh
Duplicated file found; will not be sent for synthesis: c:/Vulcan/Protocol/Display/v_dp_rxss1_0_ex/v_dp_rxss1_0_ex.gen/sources_1/bd/dpss_vck190_pt/ipshared/35de/hdl/sc_node_v1_0_vl_rfs.sv
Duplicated file found; will not be sent for synthesis: c:/Vulcan/Protocol/Display/v_dp_rxss1_0_ex/v_dp_rxss1_0_ex.gen/sources_1/bd/dpss_vck190_pt/ipshared/f0b6/hdl/verilog/sc_util_v1_0_4_constants.vh
Duplicated file found; will not be sent for synthesis: c:/Vulcan/Protocol/Display/v_dp_rxss1_0_ex/v_dp_rxss1_0_ex.gen/sources_1/bd/dpss_vck190_pt/ipshared/f0b6/hdl/verilog/sc_util_v1_0_4_constants_noc.vh
Duplicated file found; will not be sent for synthesis: c:/Vulcan/Protocol/Display/v_dp_rxss1_0_ex/v_dp_rxss1_0_ex.gen/sources_1/bd/dpss_vck190_pt/ipshared/f0b6/hdl/verilog/sc_util_v1_0_4_structs.svh
Duplicated file found; will not be sent for synthesis: c:/Vulcan/Protocol/Display/v_dp_rxss1_0_ex/v_dp_rxss1_0_ex.gen/sources_1/bd/dpss_vck190_pt/ipshared/f0b6/hdl/sc_util_v1_0_vl_rfs.sv
Duplicated file found; will not be sent for synthesis: c:/Vulcan/Protocol/Display/v_dp_rxss1_0_ex/v_dp_rxss1_0_ex.gen/sources_1/bd/dpss_vck190_pt/ipshared/35de/hdl/verilog/sc_node_v1_0_15_t_reqsend.svh
Duplicated file found; will not be sent for synthesis: c:/Vulcan/Protocol/Display/v_dp_rxss1_0_ex/v_dp_rxss1_0_ex.gen/sources_1/bd/dpss_vck190_pt/ipshared/35de/hdl/sc_node_v1_0_vl_rfs.sv
Duplicated file found; will not be sent for synthesis: c:/Vulcan/Protocol/Display/v_dp_rxss1_0_ex/v_dp_rxss1_0_ex.gen/sources_1/bd/dpss_vck190_pt/ipshared/f0b6/hdl/verilog/sc_util_v1_0_4_constants.vh
Duplicated file found; will not be sent for synthesis: c:/Vulcan/Protocol/Display/v_dp_rxss1_0_ex/v_dp_rxss1_0_ex.gen/sources_1/bd/dpss_vck190_pt/ipshared/f0b6/hdl/verilog/sc_util_v1_0_4_constants_noc.vh
Duplicated file found; will not be sent for synthesis: c:/Vulcan/Protocol/Display/v_dp_rxss1_0_ex/v_dp_rxss1_0_ex.gen/sources_1/bd/dpss_vck190_pt/ipshared/f0b6/hdl/verilog/sc_util_v1_0_4_structs.svh
Duplicated file found; will not be sent for synthesis: c:/Vulcan/Protocol/Display/v_dp_rxss1_0_ex/v_dp_rxss1_0_ex.gen/sources_1/bd/dpss_vck190_pt/ipshared/f0b6/hdl/sc_util_v1_0_vl_rfs.sv
Duplicated file found; will not be sent for synthesis: c:/Vulcan/Protocol/Display/v_dp_rxss1_0_ex/v_dp_rxss1_0_ex.gen/sources_1/bd/dpss_vck190_pt/ipshared/6eea/hdl/sc_exit_v1_0_vl_rfs.sv
CRC performance measure: elapsed=00:00:00.137s;;memory_peak=1610.520MB;;memory_gain=0.000MB
