Copyright 1986-2022 Xilinx, Inc. All Rights Reserved. Copyright 2022-2023 Advanced Micro Devices, Inc. All Rights Reserved.
---------------------------------------------------------------------------------------------------------------------------------------------
| Tool Version : Vivado v.2023.2 (win64) Build 4029153 Fri Oct 13 20:14:34 MDT 2023
| Date         : Wed May  8 17:36:22 2024
| Host         : Vulcan running 64-bit major release  (build 9200)
| Command      : report_utilization -file cpm_qdma_ep_part_wrapper_utilization_synth.rpt -pb cpm_qdma_ep_part_wrapper_utilization_synth.pb
| Design       : cpm_qdma_ep_part_wrapper
| Device       : xcvp1202-vsva2785-3HP-e-S
| Speed File   : -3HP
| Design State : Synthesized
---------------------------------------------------------------------------------------------------------------------------------------------

Utilization Design Information

Table of Contents
-----------------
1. Netlist Logic
2. BLOCKRAM
3. ARITHMETIC
4. I/O
5. CLOCK
6. NOC Interfaces
7. AI Engines
8. ADVANCED
9. Primitives
10. Black Boxes
11. Instantiated Netlists

1. Netlist Logic
----------------

+----------------------------+-------+-------+------------+-----------+-------+
|          Site Type         |  Used | Fixed | Prohibited | Available | Util% |
+----------------------------+-------+-------+------------+-----------+-------+
| Registers                  | 33166 |     0 |          0 |   1800448 |  1.84 |
|   Register as Flip Flop    | 33165 |     0 |          0 |   1800448 |  1.84 |
|   Register as Latch        |     1 |     0 |          0 |   1800448 | <0.01 |
| CLB LUTs*                  | 39347 |     0 |          0 |    900224 |  4.37 |
|   LUT as Logic             | 36351 |     0 |          0 |    900224 |  4.04 |
|   LUT as Memory            |  2996 |     0 |          0 |    450112 |  0.67 |
|     LUT as Distributed RAM |  2978 |     0 |            |           |       |
|     LUT as Shift Register  |    18 |     0 |            |           |       |
|       Variable Length      |    16 |     0 |            |           |       |
|       Fixed Length         |     2 |     0 |            |           |       |
| LOOKAHEAD8                 |   651 |     0 |          0 |    112528 |  0.58 |
+----------------------------+-------+-------+------------+-----------+-------+
* Warning! The Final LUT count, after physical optimizations and full implementation, is typically lower. Run opt_design after synthesis, if not already completed, for a more realistic count.
Warning! LUT value is adjusted to account for LUT combining.


2. BLOCKRAM
-----------

+--------------------------+------+-------+------------+-----------+-------+
|         Site Type        | Used | Fixed | Prohibited | Available | Util% |
+--------------------------+------+-------+------------+-----------+-------+
| Block RAM Tile           |   25 |     0 |          0 |      1341 |  1.86 |
|   RAMB36E5               |   16 |     0 |          0 |      1341 |  1.19 |
|   RAMB18E5*              |   18 |     0 |          0 |      2682 |  0.67 |
| Block RAM Imux registers |    0 |     0 |            |           |       |
|   Pipelining             |    0 |       |            |           |       |
| URAM                     |   22 |     0 |          0 |       677 |  3.25 |
| URAM Imux registers      |    0 |     0 |            |           |       |
|   Pipelining             |    0 |       |            |           |       |
+--------------------------+------+-------+------------+-----------+-------+
* Note: Each RAMB18 is counted as 0.5 Block RAM tiles


3. ARITHMETIC
-------------

+--------------------+------+-------+------------+-----------+-------+
|      Site Type     | Used | Fixed | Prohibited | Available | Util% |
+--------------------+------+-------+------------+-----------+-------+
| DSP Slices         |    3 |     0 |          0 |      3984 |  0.08 |
|   DSP58            |    3 |     0 |            |           |       |
|   DSPCPLX          |    0 |     0 |            |           |       |
|   DSPFP32          |    0 |     0 |            |           |       |
|   DSP48E5          |    0 |     0 |            |           |       |
| DSP Imux registers |    0 |     0 |            |           |       |
|   Pipelining       |    0 |       |            |           |       |
+--------------------+------+-------+------------+-----------+-------+


4. I/O
------

+------------------------------+------+-------+------------+-----------+-------+
|           Site Type          | Used | Fixed | Prohibited | Available | Util% |
+------------------------------+------+-------+------------+-----------+-------+
| Bonded IOB                   |   44 |     0 |          0 |       702 |  6.27 |
| IDELAY                       |    0 |     0 |            |           |       |
| ODELAY                       |    0 |     0 |            |           |       |
| Input Registers              |    0 |     0 |            |           |       |
|   IDDR                       |    0 |     0 |            |           |       |
|   Single Data Rate Registers |    0 |     0 |            |           |       |
| Output Registers             |    0 |     0 |            |           |       |
|   ODDR                       |    0 |     0 |            |           |       |
|   Single Data Rate Registers |    0 |     0 |            |           |       |
| Output Tristate Registers    |    0 |     0 |            |           |       |
|   ODDR                       |    0 |     0 |            |           |       |
|   Single Data Rate Registers |    0 |     0 |            |           |       |
+------------------------------+------+-------+------------+-----------+-------+


5. CLOCK
--------

+--------------------------+------+-------+------------+-----------+-------+
|         Site Type        | Used | Fixed | Prohibited | Available | Util% |
+--------------------------+------+-------+------------+-----------+-------+
| GLOBAL CLOCK BUFFERs     |    5 |     0 |          0 |       984 |  0.51 |
|   BUFGCE_DIV/MBUFGCE_DIV |    0 |     0 |          0 |        44 |  0.00 |
|   BUFG_PS/MBUFG_PS       |    5 |     0 |          0 |        36 | 13.89 |
|   BUFG_GT/MBUFG_GT       |    0 |     0 |          0 |       120 |  0.00 |
|   BUFGCE/MBUFGCE         |    0 |     0 |          0 |       312 |  0.00 |
|   BUFGCTRL/MBUFGCTRL*    |    0 |     0 |          0 |        88 |  0.00 |
|   BUFG_FABRIC            |    0 |     0 |          0 |       384 |  0.00 |
| DPLL                     |    0 |     0 |          0 |        21 |  0.00 |
| XPLL                     |    3 |     0 |          0 |        26 | 11.54 |
| MMCM                     |    0 |     0 |          0 |        13 |  0.00 |
+--------------------------+------+-------+------------+-----------+-------+
* Note: Each used BUFGCTRL/MBUFGCTRL counts as two GLOBAL CLOCK BUFFERs. This table does not include global clocking resources, only buffer cell usage. See the Clock Utilization Report (report_clock_utilization) for detailed accounting of global clocking resource availability.


6. NOC Interfaces
-----------------

+--------------------+------+-------+------------+-----------+-------+
|      Site Type     | Used | Fixed | Prohibited | Available | Util% |
+--------------------+------+-------+------------+-----------+-------+
| NOC Master 512 bit |    0 |     0 |          0 |        28 |  0.00 |
| NOC Slave 512 bit  |    3 |     0 |          0 |        28 | 10.71 |
| PS NOC Master Unit |    2 |     0 |          0 |        10 | 20.00 |
| PS NOC Slave Unit  |    0 |     0 |          0 |         6 |  0.00 |
+--------------------+------+-------+------------+-----------+-------+


7. AI Engines
-------------

+-----------+------+-------+------------+-----------+-------+
| Site Type | Used | Fixed | Prohibited | Available | Util% |
+-----------+------+-------+------------+-----------+-------+


8. ADVANCED
-----------

+--------------------+------+-------+------------+-----------+--------+
|      Site Type     | Used | Fixed | Prohibited | Available |  Util% |
+--------------------+------+-------+------------+-----------+--------+
| CPM5               |    1 |     0 |          0 |         1 | 100.00 |
| DCMAC              |    0 |     0 |          0 |         1 |   0.00 |
| DDRMC              |    1 |     0 |          0 |         4 |  25.00 |
| DDRMC_RIU          |    1 |     0 |          0 |         4 |  25.00 |
| GTME5_QUAD         |    0 |     0 |          0 |         5 |   0.00 |
| GTYP_QUAD          |    2 |     0 |          0 |         7 |  28.57 |
| HSC                |    0 |     0 |          0 |         1 |   0.00 |
| MRMAC              |    0 |     0 |          0 |         2 |   0.00 |
| NPI_NIR            |    0 |     0 |          0 |         1 |   0.00 |
| OBUFDS_GTE5        |    0 |     0 |          0 |        14 |   0.00 |
| OBUFDS_GTE5_ADV    |    0 |     0 |          0 |        14 |   0.00 |
| OBUFDS_GTME5       |    0 |     0 |          0 |        10 |   0.00 |
| OBUFDS_GTME5_ADV   |    0 |     0 |          0 |        10 |   0.00 |
| OBUFTDS_COMP       |    0 |     0 |          0 |       351 |   0.00 |
| PCIE50E5           |    0 |     0 |          0 |         2 |   0.00 |
| PS9                |    1 |     0 |          0 |         1 | 100.00 |
| BLI Registers      |    0 |     0 |          0 |     50032 |   0.00 |
| BLI Imux Registers |    0 |     0 |            |           |        |
|   Pipelining       |    0 |     0 |            |           |        |
| HSC                |    0 |     0 |          0 |         1 |   0.00 |
| DCMAC              |    0 |     0 |          0 |         1 |   0.00 |
+--------------------+------+-------+------------+-----------+--------+


9. Primitives
-------------

+--------------+-------+---------------------+
|   Ref Name   |  Used | Functional Category |
+--------------+-------+---------------------+
| FDRE         | 29946 |            Register |
| LUT6         | 13907 |                 CLB |
| LUT4         |  8905 |                 CLB |
| LUT3         |  6797 |                 CLB |
| LUT5         |  6668 |                 CLB |
| LUTCY2       |  5136 |                 CLB |
| LUTCY1       |  5136 |                 CLB |
| LUT2         |  5111 |                 CLB |
| RAMD32       |  3962 |                 CLB |
| FDCE         |  2983 |            Register |
| RAMD64E5     |   704 |                 CLB |
| LOOKAHEAD8   |   651 |                 CLB |
| RAMS32       |   580 |                 CLB |
| LUT1         |   292 |                 CLB |
| FDSE         |   213 |            Register |
| IOBUF        |    72 |                 I/O |
| OBUF         |    34 |                 I/O |
| XPHY         |    24 |                 I/O |
| FDPE         |    23 |            Register |
| URAM288E5    |    22 |            BLOCKRAM |
| SRL16E       |    18 |                 CLB |
| RAMB18E5_INT |    18 |            BLOCKRAM |
| XPIO_VREF    |    16 |                 I/O |
| RAMB36E5_INT |    16 |            BLOCKRAM |
| IOBUFDS_COMP |     8 |                 I/O |
| BUFG_PS      |     5 |               Clock |
| OBUFDS       |     4 |                 I/O |
| XPLL         |     3 |               Clock |
| NOC_NSU512   |     3 |            Advanced |
| DSP58        |     3 |          Arithmetic |
| NOC_NMU128   |     2 |            Advanced |
| GTYP_QUAD    |     2 |            Advanced |
| PS9          |     1 |            Advanced |
| LDCE         |     1 |            Register |
| IBUFDS_GTE5  |     1 |                 I/O |
| IBUFDS       |     1 |                 I/O |
| DDRMC_RIU    |     1 |            Advanced |
| DDRMC        |     1 |            Advanced |
| CPM5         |     1 |            Advanced |
+--------------+-------+---------------------+


10. Black Boxes
---------------

+----------+------+
| Ref Name | Used |
+----------+------+


11. Instantiated Netlists
-------------------------

+----------+------+
| Ref Name | Used |
+----------+------+


