
*** Running vivado
    with args -log bd_98fb_notof_0_0.vds -m64 -product Vivado -mode batch -messageDb vivado.pb -notrace -source bd_98fb_notof_0_0.tcl



****** Vivado v2023.2 (64-bit)
  **** SW Build 4029153 on Fri Oct 13 20:14:34 MDT 2023
  **** IP Build 4028589 on Sat Oct 14 00:45:43 MDT 2023
  **** SharedData Build 4025554 on Tue Oct 10 17:18:54 MDT 2023
    ** Copyright 1986-2022 Xilinx, Inc. All Rights Reserved.
    ** Copyright 2022-2023 Advanced Micro Devices, Inc. All Rights Reserved.

source bd_98fb_notof_0_0.tcl -notrace
create_project: Time (s): cpu = 00:00:13 ; elapsed = 00:00:17 . Memory (MB): peak = 583.473 ; gain = 182.465
INFO: [IP_Flow 19-6924] IPCACHE: Running cache check for IP inst: bd_98fb_notof_0_0
Command: synth_design -top bd_98fb_notof_0_0 -part xcvc1902-vsva2197-2MP-e-S -incremental_mode off -mode out_of_context
Starting synth_design
Attempting to get a license for feature 'Synthesis' and/or device 'xcvc1902'
INFO: [Common 17-349] Got license for feature 'Synthesis' and/or device 'xcvc1902'
INFO: [Device 21-403] Loading part xcvc1902-vsva2197-2MP-e-S
INFO: [Synth 8-7079] Multithreading enabled for synth_design using a maximum of 2 processes.
INFO: [Synth 8-7078] Launching helper process for spawning children vivado processes
INFO: [Synth 8-7075] Helper process launched with PID 23656
---------------------------------------------------------------------------------
Starting RTL Elaboration : Time (s): cpu = 00:00:04 ; elapsed = 00:00:21 . Memory (MB): peak = 2011.094 ; gain = 437.199
---------------------------------------------------------------------------------
INFO: [Synth 8-6157] synthesizing module 'bd_98fb_notof_0_0' [c:/Vulcan/Protocol/Display/v_dp_rxss1_0_ex/v_dp_rxss1_0_ex.gen/sources_1/bd/dpss_vck190_pt/ip/dpss_vck190_pt_v_dp_rxss1_0_0/bd_0/ip/ip_4/synth/bd_98fb_notof_0_0.v:53]
INFO: [Synth 8-6157] synthesizing module 'util_vector_logic_v2_0_3_util_vector_logic' [c:/Vulcan/Protocol/Display/v_dp_rxss1_0_ex/v_dp_rxss1_0_ex.gen/sources_1/bd/dpss_vck190_pt/ipshared/5e7b/hdl/util_vector_logic_v2_0_vl_rfs.v:90]
INFO: [Synth 8-6155] done synthesizing module 'util_vector_logic_v2_0_3_util_vector_logic' (0#1) [c:/Vulcan/Protocol/Display/v_dp_rxss1_0_ex/v_dp_rxss1_0_ex.gen/sources_1/bd/dpss_vck190_pt/ipshared/5e7b/hdl/util_vector_logic_v2_0_vl_rfs.v:90]
INFO: [Synth 8-6155] done synthesizing module 'bd_98fb_notof_0_0' (0#1) [c:/Vulcan/Protocol/Display/v_dp_rxss1_0_ex/v_dp_rxss1_0_ex.gen/sources_1/bd/dpss_vck190_pt/ip/dpss_vck190_pt_v_dp_rxss1_0_0/bd_0/ip/ip_4/synth/bd_98fb_notof_0_0.v:53]
WARNING: [Synth 8-7129] Port Op2[0] in module util_vector_logic_v2_0_3_util_vector_logic is either unconnected or has no load
---------------------------------------------------------------------------------
Finished RTL Elaboration : Time (s): cpu = 00:00:04 ; elapsed = 00:00:26 . Memory (MB): peak = 2122.582 ; gain = 548.688
---------------------------------------------------------------------------------
---------------------------------------------------------------------------------
Start Handling Custom Attributes
---------------------------------------------------------------------------------
---------------------------------------------------------------------------------
Finished Handling Custom Attributes : Time (s): cpu = 00:00:04 ; elapsed = 00:00:27 . Memory (MB): peak = 2122.582 ; gain = 548.688
---------------------------------------------------------------------------------
---------------------------------------------------------------------------------
Finished RTL Optimization Phase 1 : Time (s): cpu = 00:00:04 ; elapsed = 00:00:27 . Memory (MB): peak = 2122.582 ; gain = 548.688
---------------------------------------------------------------------------------
Netlist sorting complete. Time (s): cpu = 00:00:00 ; elapsed = 00:00:00 . Memory (MB): peak = 2122.582 ; gain = 0.000
INFO: [Common 17-83] Releasing license: Synthesis
11 Infos, 1 Warnings, 0 Critical Warnings and 1 Errors encountered.
synth_design failed
The application has run out of memory
    while executing
"synth_design -top bd_98fb_notof_0_0 -part xcvc1902-vsva2197-2MP-e-S -incremental_mode off -mode out_of_context"
    invoked from within
"if { $cacheID == "" } {
close [open __synthesis_is_running__ w]

OPTRACE "synth_design" START { }
synth_design -top bd_98fb_notof_0_0 -part xcvc1902-v..."
    (file "bd_98fb_notof_0_0.tcl" line 111)
INFO: [Common 17-206] Exiting Vivado at Thu May  9 19:00:28 2024...
