

================================================================
== Vitis HLS Report for 'Bytes2MultiPixStream_Pipeline_VITIS_LOOP_1155_9'
================================================================
* Date:           Thu May  9 19:06:36 2024

* Version:        2023.2 (Build 4023990 on Oct 11 2023)
* Project:        prj
* Solution:       sol (Vivado IP Flow Target)
* Product family: versalaicore
* Target device:  xcvc1902-vsva2197-2MP-e-S


================================================================
== Performance Estimates
================================================================
+ Timing: 
    * Summary: 
    +--------+---------+----------+------------+
    |  Clock |  Target | Estimated| Uncertainty|
    +--------+---------+----------+------------+
    |ap_clk  |  3.33 ns|  1.984 ns|     0.90 ns|
    +--------+---------+----------+------------+

+ Latency: 
    * Summary: 
    +---------+---------+----------+-----------+-----+------+---------+
    |  Latency (cycles) |  Latency (absolute)  |  Interval  | Pipeline|
    |   min   |   max   |    min   |    max    | min |  max |   Type  |
    +---------+---------+----------+-----------+-----+------+---------+
    |        2|     5466|  6.666 ns|  18.218 us|    2|  5466|       no|
    +---------+---------+----------+-----------+-----+------+---------+

    + Detail: 
        * Instance: 
        N/A

        * Loop: 
        +---------------------+---------+---------+----------+-----------+-----------+---------+----------+
        |                     |  Latency (cycles) | Iteration|  Initiation Interval  |   Trip  |          |
        |      Loop Name      |   min   |   max   |  Latency |  achieved |   target  |  Count  | Pipelined|
        +---------------------+---------+---------+----------+-----------+-----------+---------+----------+
        |- VITIS_LOOP_1155_9  |        0|     5464|         9|          8|          8|  0 ~ 683|       yes|
        +---------------------+---------+---------+----------+-----------+-----------+---------+----------+

============================================================
+ Verbose Summary: Synthesis Manager
============================================================
InlineROM: 1
ExposeGlobal: 0
============================================================
+ Verbose Summary: CDFG Model
============================================================
IsTopModel: 0
ResetActiveHigh: 1
IsCombinational: 0
IsDatapathOnly: 0
HasWiredReturn: 1
HasMFsm: 2
HasVarLatency: 1
IsPipeline: 0
IsRtlPipelined: 0
IsInstanceOverlapped: 0
IsDontTouch: 0
HasImplIP: 0
IsGatedGlobalClock: 0

+ Individual pipeline summary: 
  * Pipeline-0: initiation interval (II) = 8, depth = 9


============================================================
+ Verbose Summary: Schedule
============================================================
* Number of FSM states : 9
* Pipeline : 1
  Pipeline-0 : II = 8, D = 9, States = { 1 2 3 4 5 6 7 8 9 }
* Dataflow Pipeline: 0

* FSM state transitions: 
1 --> 2 
2 --> 3 
3 --> 4 
4 --> 5 
5 --> 6 
6 --> 7 
7 --> 8 
8 --> 9 
9 --> 

* FSM state operations: 

State 1 <SV = 0> <Delay = 1.60>
ST_1 : Operation 12 [1/1] (0.00ns)   --->   "%x_2 = alloca i32 1" [C:/Vulcan/Protocol/Display/v_dp_rxss1_0_ex/v_dp_rxss1_0_ex.runs/dpss_vck190_pt_v_frmbuf_rd_0_0_synth_1/prj/sol/.autopilot/db/v_frmbuf_rd.cpp:1155]   --->   Operation 12 'alloca' 'x_2' <Predicate = true> <Delay = 0.00>
ST_1 : Operation 13 [1/1] (0.00ns)   --->   "%rd1 = alloca i32 1" [C:/Vulcan/Protocol/Display/v_dp_rxss1_0_ex/v_dp_rxss1_0_ex.runs/dpss_vck190_pt_v_frmbuf_rd_0_0_synth_1/prj/sol/.autopilot/db/v_frmbuf_rd.cpp:1151]   --->   Operation 13 'alloca' 'rd1' <Predicate = true> <Delay = 0.00>
ST_1 : Operation 14 [1/1] (0.00ns)   --->   "%rd2 = alloca i32 1" [C:/Vulcan/Protocol/Display/v_dp_rxss1_0_ex/v_dp_rxss1_0_ex.runs/dpss_vck190_pt_v_frmbuf_rd_0_0_synth_1/prj/sol/.autopilot/db/v_frmbuf_rd.cpp:1151]   --->   Operation 14 'alloca' 'rd2' <Predicate = true> <Delay = 0.00>
ST_1 : Operation 15 [1/1] (0.00ns)   --->   "%specmemcore_ln0 = specmemcore void @_ssdm_op_SpecMemCore, i256 %bytePlanes_plane0, i64 666, i64 8, i64 18446744073709551615"   --->   Operation 15 'specmemcore' 'specmemcore_ln0' <Predicate = true> <Delay = 0.00>
ST_1 : Operation 16 [1/1] (0.00ns)   --->   "%specinterface_ln0 = specinterface void @_ssdm_op_SpecInterface, i120 %img, void @empty_6, i32 0, i32 0, void @empty_24, i32 0, i32 0, void @empty_24, void @empty_24, void @empty_24, i32 0, i32 0, i32 0, i32 0, void @empty_24, void @empty_24, i32 4294967295, i32 0"   --->   Operation 16 'specinterface' 'specinterface_ln0' <Predicate = true> <Delay = 0.00>
ST_1 : Operation 17 [1/1] (0.00ns)   --->   "%specinterface_ln0 = specinterface void @_ssdm_op_SpecInterface, i256 %bytePlanes_plane0, void @empty_6, i32 0, i32 0, void @empty_24, i32 0, i32 0, void @empty_24, void @empty_24, void @empty_24, i32 0, i32 0, i32 0, i32 0, void @empty_24, void @empty_24, i32 4294967295, i32 0"   --->   Operation 17 'specinterface' 'specinterface_ln0' <Predicate = true> <Delay = 0.00>
ST_1 : Operation 18 [1/1] (0.00ns)   --->   "%muxLogicCE_to_cmp283_read = muxlogic"   --->   Operation 18 'muxlogic' 'muxLogicCE_to_cmp283_read' <Predicate = true> <Delay = 0.00>
ST_1 : Operation 19 [1/1] (0.00ns)   --->   "%cmp283_read = read i1 @_ssdm_op_Read.ap_auto.i1, i1 %cmp283" [C:/Vulcan/Protocol/Display/v_dp_rxss1_0_ex/v_dp_rxss1_0_ex.runs/dpss_vck190_pt_v_frmbuf_rd_0_0_synth_1/prj/sol/.autopilot/db/v_frmbuf_rd.cpp:663]   --->   Operation 19 'read' 'cmp283_read' <Predicate = true> <Delay = 0.00>
ST_1 : Operation 20 [1/1] (0.00ns)   --->   "%muxLogicCE_to_sub280_read = muxlogic"   --->   Operation 20 'muxlogic' 'muxLogicCE_to_sub280_read' <Predicate = true> <Delay = 0.00>
ST_1 : Operation 21 [1/1] (0.00ns)   --->   "%sub280_read = read i11 @_ssdm_op_Read.ap_auto.i11, i11 %sub280" [C:/Vulcan/Protocol/Display/v_dp_rxss1_0_ex/v_dp_rxss1_0_ex.runs/dpss_vck190_pt_v_frmbuf_rd_0_0_synth_1/prj/sol/.autopilot/db/v_frmbuf_rd.cpp:663]   --->   Operation 21 'read' 'sub280_read' <Predicate = true> <Delay = 0.00>
ST_1 : Operation 22 [1/1] (0.00ns)   --->   "%muxLogicCE_to_cmp292_read = muxlogic"   --->   Operation 22 'muxlogic' 'muxLogicCE_to_cmp292_read' <Predicate = true> <Delay = 0.00>
ST_1 : Operation 23 [1/1] (0.00ns)   --->   "%cmp292_read = read i1 @_ssdm_op_Read.ap_auto.i1, i1 %cmp292" [C:/Vulcan/Protocol/Display/v_dp_rxss1_0_ex/v_dp_rxss1_0_ex.runs/dpss_vck190_pt_v_frmbuf_rd_0_0_synth_1/prj/sol/.autopilot/db/v_frmbuf_rd.cpp:663]   --->   Operation 23 'read' 'cmp292_read' <Predicate = true> <Delay = 0.00>
ST_1 : Operation 24 [1/1] (0.00ns)   --->   "%muxLogicCE_to_cmp392_read = muxlogic"   --->   Operation 24 'muxlogic' 'muxLogicCE_to_cmp392_read' <Predicate = true> <Delay = 0.00>
ST_1 : Operation 25 [1/1] (0.00ns)   --->   "%cmp392_read = read i1 @_ssdm_op_Read.ap_auto.i1, i1 %cmp392" [C:/Vulcan/Protocol/Display/v_dp_rxss1_0_ex/v_dp_rxss1_0_ex.runs/dpss_vck190_pt_v_frmbuf_rd_0_0_synth_1/prj/sol/.autopilot/db/v_frmbuf_rd.cpp:663]   --->   Operation 25 'read' 'cmp392_read' <Predicate = true> <Delay = 0.00>
ST_1 : Operation 26 [1/1] (0.00ns)   --->   "%muxLogicCE_to_icmp22_read = muxlogic"   --->   Operation 26 'muxlogic' 'muxLogicCE_to_icmp22_read' <Predicate = true> <Delay = 0.00>
ST_1 : Operation 27 [1/1] (0.00ns)   --->   "%icmp22_read = read i1 @_ssdm_op_Read.ap_auto.i1, i1 %icmp22" [C:/Vulcan/Protocol/Display/v_dp_rxss1_0_ex/v_dp_rxss1_0_ex.runs/dpss_vck190_pt_v_frmbuf_rd_0_0_synth_1/prj/sol/.autopilot/db/v_frmbuf_rd.cpp:663]   --->   Operation 27 'read' 'icmp22_read' <Predicate = true> <Delay = 0.00>
ST_1 : Operation 28 [1/1] (0.00ns)   --->   "%muxLogicCE_to_cmp392_2_read = muxlogic"   --->   Operation 28 'muxlogic' 'muxLogicCE_to_cmp392_2_read' <Predicate = true> <Delay = 0.00>
ST_1 : Operation 29 [1/1] (0.00ns)   --->   "%cmp392_2_read = read i1 @_ssdm_op_Read.ap_auto.i1, i1 %cmp392_2" [C:/Vulcan/Protocol/Display/v_dp_rxss1_0_ex/v_dp_rxss1_0_ex.runs/dpss_vck190_pt_v_frmbuf_rd_0_0_synth_1/prj/sol/.autopilot/db/v_frmbuf_rd.cpp:663]   --->   Operation 29 'read' 'cmp392_2_read' <Predicate = true> <Delay = 0.00>
ST_1 : Operation 30 [1/1] (0.00ns)   --->   "%muxLogicCE_to_icmp25_read = muxlogic"   --->   Operation 30 'muxlogic' 'muxLogicCE_to_icmp25_read' <Predicate = true> <Delay = 0.00>
ST_1 : Operation 31 [1/1] (0.00ns)   --->   "%icmp25_read = read i1 @_ssdm_op_Read.ap_auto.i1, i1 %icmp25" [C:/Vulcan/Protocol/Display/v_dp_rxss1_0_ex/v_dp_rxss1_0_ex.runs/dpss_vck190_pt_v_frmbuf_rd_0_0_synth_1/prj/sol/.autopilot/db/v_frmbuf_rd.cpp:663]   --->   Operation 31 'read' 'icmp25_read' <Predicate = true> <Delay = 0.00>
ST_1 : Operation 32 [1/1] (0.00ns)   --->   "%muxLogicCE_to_cmp392_4_read = muxlogic"   --->   Operation 32 'muxlogic' 'muxLogicCE_to_cmp392_4_read' <Predicate = true> <Delay = 0.00>
ST_1 : Operation 33 [1/1] (0.00ns)   --->   "%cmp392_4_read = read i1 @_ssdm_op_Read.ap_auto.i1, i1 %cmp392_4" [C:/Vulcan/Protocol/Display/v_dp_rxss1_0_ex/v_dp_rxss1_0_ex.runs/dpss_vck190_pt_v_frmbuf_rd_0_0_synth_1/prj/sol/.autopilot/db/v_frmbuf_rd.cpp:663]   --->   Operation 33 'read' 'cmp392_4_read' <Predicate = true> <Delay = 0.00>
ST_1 : Operation 34 [1/1] (0.00ns)   --->   "%muxLogicCE_to_cmp392_5_read = muxlogic"   --->   Operation 34 'muxlogic' 'muxLogicCE_to_cmp392_5_read' <Predicate = true> <Delay = 0.00>
ST_1 : Operation 35 [1/1] (0.00ns)   --->   "%cmp392_5_read = read i1 @_ssdm_op_Read.ap_auto.i1, i1 %cmp392_5" [C:/Vulcan/Protocol/Display/v_dp_rxss1_0_ex/v_dp_rxss1_0_ex.runs/dpss_vck190_pt_v_frmbuf_rd_0_0_synth_1/prj/sol/.autopilot/db/v_frmbuf_rd.cpp:663]   --->   Operation 35 'read' 'cmp392_5_read' <Predicate = true> <Delay = 0.00>
ST_1 : Operation 36 [1/1] (0.00ns)   --->   "%muxLogicCE_to_cmp392_6_read = muxlogic"   --->   Operation 36 'muxlogic' 'muxLogicCE_to_cmp392_6_read' <Predicate = true> <Delay = 0.00>
ST_1 : Operation 37 [1/1] (0.00ns)   --->   "%cmp392_6_read = read i1 @_ssdm_op_Read.ap_auto.i1, i1 %cmp392_6" [C:/Vulcan/Protocol/Display/v_dp_rxss1_0_ex/v_dp_rxss1_0_ex.runs/dpss_vck190_pt_v_frmbuf_rd_0_0_synth_1/prj/sol/.autopilot/db/v_frmbuf_rd.cpp:663]   --->   Operation 37 'read' 'cmp392_6_read' <Predicate = true> <Delay = 0.00>
ST_1 : Operation 38 [1/1] (0.00ns)   --->   "%muxLogicCE_to_icmp_ln1144_read = muxlogic"   --->   Operation 38 'muxlogic' 'muxLogicCE_to_icmp_ln1144_read' <Predicate = true> <Delay = 0.00>
ST_1 : Operation 39 [1/1] (0.00ns)   --->   "%icmp_ln1144_read = read i1 @_ssdm_op_Read.ap_auto.i1, i1 %icmp_ln1144" [C:/Vulcan/Protocol/Display/v_dp_rxss1_0_ex/v_dp_rxss1_0_ex.runs/dpss_vck190_pt_v_frmbuf_rd_0_0_synth_1/prj/sol/.autopilot/db/v_frmbuf_rd.cpp:663]   --->   Operation 39 'read' 'icmp_ln1144_read' <Predicate = true> <Delay = 0.00>
ST_1 : Operation 40 [1/1] (0.00ns)   --->   "%muxLogicCE_to_trunc_ln2_read = muxlogic"   --->   Operation 40 'muxlogic' 'muxLogicCE_to_trunc_ln2_read' <Predicate = true> <Delay = 0.00>
ST_1 : Operation 41 [1/1] (0.00ns)   --->   "%trunc_ln2_read = read i11 @_ssdm_op_Read.ap_auto.i11, i11 %trunc_ln2" [C:/Vulcan/Protocol/Display/v_dp_rxss1_0_ex/v_dp_rxss1_0_ex.runs/dpss_vck190_pt_v_frmbuf_rd_0_0_synth_1/prj/sol/.autopilot/db/v_frmbuf_rd.cpp:663]   --->   Operation 41 'read' 'trunc_ln2_read' <Predicate = true> <Delay = 0.00>
ST_1 : Operation 42 [1/1] (0.00ns)   --->   "%muxLogicData_to_store_ln1155 = muxlogic i10 0"   --->   Operation 42 'muxlogic' 'muxLogicData_to_store_ln1155' <Predicate = true> <Delay = 0.00>
ST_1 : Operation 43 [1/1] (0.00ns)   --->   "%muxLogicAddr_to_store_ln1155 = muxlogic i10 %x_2"   --->   Operation 43 'muxlogic' 'muxLogicAddr_to_store_ln1155' <Predicate = true> <Delay = 0.00>
ST_1 : Operation 44 [1/1] (0.40ns)   --->   "%store_ln1155 = store i10 0, i10 %x_2" [C:/Vulcan/Protocol/Display/v_dp_rxss1_0_ex/v_dp_rxss1_0_ex.runs/dpss_vck190_pt_v_frmbuf_rd_0_0_synth_1/prj/sol/.autopilot/db/v_frmbuf_rd.cpp:1155]   --->   Operation 44 'store' 'store_ln1155' <Predicate = true> <Delay = 0.40>
ST_1 : Operation 45 [1/1] (0.00ns)   --->   "%br_ln0 = br void %for.body275"   --->   Operation 45 'br' 'br_ln0' <Predicate = true> <Delay = 0.00>
ST_1 : Operation 46 [1/1] (0.00ns)   --->   "%MuxLogicAddr_to_x = muxlogic i10 %x_2"   --->   Operation 46 'muxlogic' 'MuxLogicAddr_to_x' <Predicate = true> <Delay = 0.00>
ST_1 : Operation 47 [1/1] (0.00ns)   --->   "%x = load i10 %x_2" [C:/Vulcan/Protocol/Display/v_dp_rxss1_0_ex/v_dp_rxss1_0_ex.runs/dpss_vck190_pt_v_frmbuf_rd_0_0_synth_1/prj/sol/.autopilot/db/v_frmbuf_rd.cpp:1155]   --->   Operation 47 'load' 'x' <Predicate = true> <Delay = 0.00>
ST_1 : Operation 48 [1/1] (0.79ns)   --->   "%x_5 = add i10 %x, i10 1" [C:/Vulcan/Protocol/Display/v_dp_rxss1_0_ex/v_dp_rxss1_0_ex.runs/dpss_vck190_pt_v_frmbuf_rd_0_0_synth_1/prj/sol/.autopilot/db/v_frmbuf_rd.cpp:1155]   --->   Operation 48 'add' 'x_5' <Predicate = true> <Delay = 0.79> <CoreInst = "Adder">   --->   Core 1 'Adder' <Latency = 0> <II = 1> <Delay = 0.79> <FuncUnit> <Opcode : 'add' 'sub'> <InPorts = 2> <OutPorts = 1>
ST_1 : Operation 49 [1/1] (0.00ns)   --->   "%zext_ln1155 = zext i10 %x" [C:/Vulcan/Protocol/Display/v_dp_rxss1_0_ex/v_dp_rxss1_0_ex.runs/dpss_vck190_pt_v_frmbuf_rd_0_0_synth_1/prj/sol/.autopilot/db/v_frmbuf_rd.cpp:1155]   --->   Operation 49 'zext' 'zext_ln1155' <Predicate = true> <Delay = 0.00>
ST_1 : Operation 50 [1/1] (0.80ns)   --->   "%icmp_ln1155 = icmp_slt  i11 %zext_ln1155, i11 %trunc_ln2_read" [C:/Vulcan/Protocol/Display/v_dp_rxss1_0_ex/v_dp_rxss1_0_ex.runs/dpss_vck190_pt_v_frmbuf_rd_0_0_synth_1/prj/sol/.autopilot/db/v_frmbuf_rd.cpp:1155]   --->   Operation 50 'icmp' 'icmp_ln1155' <Predicate = true> <Delay = 0.80> <CoreInst = "Cmp">   --->   Core 9 'Cmp' <Latency = 0> <II = 1> <Delay = 0.80> <FuncUnit> <Opcode : 'icmp'> <InPorts = 2> <OutPorts = 1>
ST_1 : Operation 51 [1/1] (0.00ns)   --->   "%speclooptripcount_ln0 = speclooptripcount void @_ssdm_op_SpecLoopTripCount, i64 0, i64 683, i64 0"   --->   Operation 51 'speclooptripcount' 'speclooptripcount_ln0' <Predicate = true> <Delay = 0.00>
ST_1 : Operation 52 [1/1] (0.00ns)   --->   "%br_ln1155 = br i1 %icmp_ln1155, void %for.inc401.loopexit.exitStub, void %for.body275.split" [C:/Vulcan/Protocol/Display/v_dp_rxss1_0_ex/v_dp_rxss1_0_ex.runs/dpss_vck190_pt_v_frmbuf_rd_0_0_synth_1/prj/sol/.autopilot/db/v_frmbuf_rd.cpp:1155]   --->   Operation 52 'br' 'br_ln1155' <Predicate = true> <Delay = 0.00>
ST_1 : Operation 53 [1/1] (0.80ns)   --->   "%icmp_ln1162 = icmp_slt  i11 %zext_ln1155, i11 %sub280_read" [C:/Vulcan/Protocol/Display/v_dp_rxss1_0_ex/v_dp_rxss1_0_ex.runs/dpss_vck190_pt_v_frmbuf_rd_0_0_synth_1/prj/sol/.autopilot/db/v_frmbuf_rd.cpp:1162]   --->   Operation 53 'icmp' 'icmp_ln1162' <Predicate = (icmp_ln1155)> <Delay = 0.80> <CoreInst = "Cmp">   --->   Core 9 'Cmp' <Latency = 0> <II = 1> <Delay = 0.80> <FuncUnit> <Opcode : 'icmp'> <InPorts = 2> <OutPorts = 1>
ST_1 : Operation 54 [1/1] (0.30ns)   --->   "%or_ln1162 = or i1 %icmp_ln1162, i1 %cmp283_read" [C:/Vulcan/Protocol/Display/v_dp_rxss1_0_ex/v_dp_rxss1_0_ex.runs/dpss_vck190_pt_v_frmbuf_rd_0_0_synth_1/prj/sol/.autopilot/db/v_frmbuf_rd.cpp:1162]   --->   Operation 54 'or' 'or_ln1162' <Predicate = (icmp_ln1155)> <Delay = 0.30> <CoreInst = "LogicGate">   --->   Core 78 'LogicGate' <Latency = 0> <II = 1> <Delay = 0.30> <FuncUnit> <Opcode : 'and' 'or' 'xor'> <InPorts = 2> <OutPorts = 1>
ST_1 : Operation 55 [1/1] (0.00ns)   --->   "%br_ln1162 = br i1 %or_ln1162, void %if.end286, void %if.then284" [C:/Vulcan/Protocol/Display/v_dp_rxss1_0_ex/v_dp_rxss1_0_ex.runs/dpss_vck190_pt_v_frmbuf_rd_0_0_synth_1/prj/sol/.autopilot/db/v_frmbuf_rd.cpp:1162]   --->   Operation 55 'br' 'br_ln1162' <Predicate = (icmp_ln1155)> <Delay = 0.00>
ST_1 : Operation 56 [1/1] (0.30ns)   --->   "%or_ln1165 = or i1 %icmp_ln1162, i1 %cmp292_read" [C:/Vulcan/Protocol/Display/v_dp_rxss1_0_ex/v_dp_rxss1_0_ex.runs/dpss_vck190_pt_v_frmbuf_rd_0_0_synth_1/prj/sol/.autopilot/db/v_frmbuf_rd.cpp:1165]   --->   Operation 56 'or' 'or_ln1165' <Predicate = (icmp_ln1155)> <Delay = 0.30> <CoreInst = "LogicGate">   --->   Core 78 'LogicGate' <Latency = 0> <II = 1> <Delay = 0.30> <FuncUnit> <Opcode : 'and' 'or' 'xor'> <InPorts = 2> <OutPorts = 1>
ST_1 : Operation 57 [1/1] (0.00ns)   --->   "%br_ln1165 = br i1 %or_ln1165, void %VITIS_LOOP_1169_10, void %if.then293" [C:/Vulcan/Protocol/Display/v_dp_rxss1_0_ex/v_dp_rxss1_0_ex.runs/dpss_vck190_pt_v_frmbuf_rd_0_0_synth_1/prj/sol/.autopilot/db/v_frmbuf_rd.cpp:1165]   --->   Operation 57 'br' 'br_ln1165' <Predicate = (icmp_ln1155)> <Delay = 0.00>
ST_1 : Operation 58 [1/1] (0.30ns)   --->   "%or_ln1186 = or i1 %icmp_ln1162, i1 %cmp392_read" [C:/Vulcan/Protocol/Display/v_dp_rxss1_0_ex/v_dp_rxss1_0_ex.runs/dpss_vck190_pt_v_frmbuf_rd_0_0_synth_1/prj/sol/.autopilot/db/v_frmbuf_rd.cpp:1186]   --->   Operation 58 'or' 'or_ln1186' <Predicate = (icmp_ln1155)> <Delay = 0.30> <CoreInst = "LogicGate">   --->   Core 78 'LogicGate' <Latency = 0> <II = 1> <Delay = 0.30> <FuncUnit> <Opcode : 'and' 'or' 'xor'> <InPorts = 2> <OutPorts = 1>
ST_1 : Operation 59 [1/1] (0.00ns)   --->   "%br_ln1186 = br i1 %or_ln1186, void %for.inc385.1, void %if.then393" [C:/Vulcan/Protocol/Display/v_dp_rxss1_0_ex/v_dp_rxss1_0_ex.runs/dpss_vck190_pt_v_frmbuf_rd_0_0_synth_1/prj/sol/.autopilot/db/v_frmbuf_rd.cpp:1186]   --->   Operation 59 'br' 'br_ln1186' <Predicate = (icmp_ln1155)> <Delay = 0.00>
ST_1 : Operation 60 [1/1] (0.30ns)   --->   "%or_ln1186_1 = or i1 %icmp_ln1162, i1 %icmp22_read" [C:/Vulcan/Protocol/Display/v_dp_rxss1_0_ex/v_dp_rxss1_0_ex.runs/dpss_vck190_pt_v_frmbuf_rd_0_0_synth_1/prj/sol/.autopilot/db/v_frmbuf_rd.cpp:1186]   --->   Operation 60 'or' 'or_ln1186_1' <Predicate = (icmp_ln1155)> <Delay = 0.30> <CoreInst = "LogicGate">   --->   Core 78 'LogicGate' <Latency = 0> <II = 1> <Delay = 0.30> <FuncUnit> <Opcode : 'and' 'or' 'xor'> <InPorts = 2> <OutPorts = 1>
ST_1 : Operation 61 [1/1] (0.00ns)   --->   "%br_ln1186 = br i1 %or_ln1186_1, void %for.inc385.2, void %if.then393.1" [C:/Vulcan/Protocol/Display/v_dp_rxss1_0_ex/v_dp_rxss1_0_ex.runs/dpss_vck190_pt_v_frmbuf_rd_0_0_synth_1/prj/sol/.autopilot/db/v_frmbuf_rd.cpp:1186]   --->   Operation 61 'br' 'br_ln1186' <Predicate = (icmp_ln1155)> <Delay = 0.00>
ST_1 : Operation 62 [1/1] (0.30ns)   --->   "%or_ln1186_2 = or i1 %icmp_ln1162, i1 %cmp392_2_read" [C:/Vulcan/Protocol/Display/v_dp_rxss1_0_ex/v_dp_rxss1_0_ex.runs/dpss_vck190_pt_v_frmbuf_rd_0_0_synth_1/prj/sol/.autopilot/db/v_frmbuf_rd.cpp:1186]   --->   Operation 62 'or' 'or_ln1186_2' <Predicate = (icmp_ln1155)> <Delay = 0.30> <CoreInst = "LogicGate">   --->   Core 78 'LogicGate' <Latency = 0> <II = 1> <Delay = 0.30> <FuncUnit> <Opcode : 'and' 'or' 'xor'> <InPorts = 2> <OutPorts = 1>
ST_1 : Operation 63 [1/1] (0.00ns)   --->   "%br_ln1186 = br i1 %or_ln1186_2, void %for.inc385.3, void %if.then393.2" [C:/Vulcan/Protocol/Display/v_dp_rxss1_0_ex/v_dp_rxss1_0_ex.runs/dpss_vck190_pt_v_frmbuf_rd_0_0_synth_1/prj/sol/.autopilot/db/v_frmbuf_rd.cpp:1186]   --->   Operation 63 'br' 'br_ln1186' <Predicate = (icmp_ln1155)> <Delay = 0.00>
ST_1 : Operation 64 [1/1] (0.30ns)   --->   "%or_ln1186_3 = or i1 %icmp_ln1162, i1 %icmp25_read" [C:/Vulcan/Protocol/Display/v_dp_rxss1_0_ex/v_dp_rxss1_0_ex.runs/dpss_vck190_pt_v_frmbuf_rd_0_0_synth_1/prj/sol/.autopilot/db/v_frmbuf_rd.cpp:1186]   --->   Operation 64 'or' 'or_ln1186_3' <Predicate = (icmp_ln1155)> <Delay = 0.30> <CoreInst = "LogicGate">   --->   Core 78 'LogicGate' <Latency = 0> <II = 1> <Delay = 0.30> <FuncUnit> <Opcode : 'and' 'or' 'xor'> <InPorts = 2> <OutPorts = 1>
ST_1 : Operation 65 [1/1] (0.00ns)   --->   "%br_ln1186 = br i1 %or_ln1186_3, void %for.inc385.4, void %if.then393.3" [C:/Vulcan/Protocol/Display/v_dp_rxss1_0_ex/v_dp_rxss1_0_ex.runs/dpss_vck190_pt_v_frmbuf_rd_0_0_synth_1/prj/sol/.autopilot/db/v_frmbuf_rd.cpp:1186]   --->   Operation 65 'br' 'br_ln1186' <Predicate = (icmp_ln1155)> <Delay = 0.00>
ST_1 : Operation 66 [1/1] (0.30ns)   --->   "%or_ln1186_4 = or i1 %icmp_ln1162, i1 %cmp392_4_read" [C:/Vulcan/Protocol/Display/v_dp_rxss1_0_ex/v_dp_rxss1_0_ex.runs/dpss_vck190_pt_v_frmbuf_rd_0_0_synth_1/prj/sol/.autopilot/db/v_frmbuf_rd.cpp:1186]   --->   Operation 66 'or' 'or_ln1186_4' <Predicate = (icmp_ln1155)> <Delay = 0.30> <CoreInst = "LogicGate">   --->   Core 78 'LogicGate' <Latency = 0> <II = 1> <Delay = 0.30> <FuncUnit> <Opcode : 'and' 'or' 'xor'> <InPorts = 2> <OutPorts = 1>
ST_1 : Operation 67 [1/1] (0.00ns)   --->   "%br_ln1186 = br i1 %or_ln1186_4, void %for.inc385.5, void %if.then393.4" [C:/Vulcan/Protocol/Display/v_dp_rxss1_0_ex/v_dp_rxss1_0_ex.runs/dpss_vck190_pt_v_frmbuf_rd_0_0_synth_1/prj/sol/.autopilot/db/v_frmbuf_rd.cpp:1186]   --->   Operation 67 'br' 'br_ln1186' <Predicate = (icmp_ln1155)> <Delay = 0.00>
ST_1 : Operation 68 [1/1] (0.30ns)   --->   "%or_ln1186_5 = or i1 %icmp_ln1162, i1 %cmp392_5_read" [C:/Vulcan/Protocol/Display/v_dp_rxss1_0_ex/v_dp_rxss1_0_ex.runs/dpss_vck190_pt_v_frmbuf_rd_0_0_synth_1/prj/sol/.autopilot/db/v_frmbuf_rd.cpp:1186]   --->   Operation 68 'or' 'or_ln1186_5' <Predicate = (icmp_ln1155)> <Delay = 0.30> <CoreInst = "LogicGate">   --->   Core 78 'LogicGate' <Latency = 0> <II = 1> <Delay = 0.30> <FuncUnit> <Opcode : 'and' 'or' 'xor'> <InPorts = 2> <OutPorts = 1>
ST_1 : Operation 69 [1/1] (0.00ns)   --->   "%br_ln1186 = br i1 %or_ln1186_5, void %for.inc385.6, void %if.then393.5" [C:/Vulcan/Protocol/Display/v_dp_rxss1_0_ex/v_dp_rxss1_0_ex.runs/dpss_vck190_pt_v_frmbuf_rd_0_0_synth_1/prj/sol/.autopilot/db/v_frmbuf_rd.cpp:1186]   --->   Operation 69 'br' 'br_ln1186' <Predicate = (icmp_ln1155)> <Delay = 0.00>
ST_1 : Operation 70 [1/1] (0.30ns)   --->   "%or_ln1186_6 = or i1 %icmp_ln1162, i1 %cmp392_6_read" [C:/Vulcan/Protocol/Display/v_dp_rxss1_0_ex/v_dp_rxss1_0_ex.runs/dpss_vck190_pt_v_frmbuf_rd_0_0_synth_1/prj/sol/.autopilot/db/v_frmbuf_rd.cpp:1186]   --->   Operation 70 'or' 'or_ln1186_6' <Predicate = (icmp_ln1155)> <Delay = 0.30> <CoreInst = "LogicGate">   --->   Core 78 'LogicGate' <Latency = 0> <II = 1> <Delay = 0.30> <FuncUnit> <Opcode : 'and' 'or' 'xor'> <InPorts = 2> <OutPorts = 1>
ST_1 : Operation 71 [1/1] (0.00ns)   --->   "%br_ln1186 = br i1 %or_ln1186_6, void %for.inc385.7, void %if.then393.6" [C:/Vulcan/Protocol/Display/v_dp_rxss1_0_ex/v_dp_rxss1_0_ex.runs/dpss_vck190_pt_v_frmbuf_rd_0_0_synth_1/prj/sol/.autopilot/db/v_frmbuf_rd.cpp:1186]   --->   Operation 71 'br' 'br_ln1186' <Predicate = (icmp_ln1155)> <Delay = 0.00>
ST_1 : Operation 72 [1/1] (0.30ns)   --->   "%or_ln1186_7 = or i1 %icmp_ln1162, i1 %icmp_ln1144_read" [C:/Vulcan/Protocol/Display/v_dp_rxss1_0_ex/v_dp_rxss1_0_ex.runs/dpss_vck190_pt_v_frmbuf_rd_0_0_synth_1/prj/sol/.autopilot/db/v_frmbuf_rd.cpp:1186]   --->   Operation 72 'or' 'or_ln1186_7' <Predicate = (icmp_ln1155)> <Delay = 0.30> <CoreInst = "LogicGate">   --->   Core 78 'LogicGate' <Latency = 0> <II = 1> <Delay = 0.30> <FuncUnit> <Opcode : 'and' 'or' 'xor'> <InPorts = 2> <OutPorts = 1>
ST_1 : Operation 73 [1/1] (0.00ns)   --->   "%br_ln1186 = br i1 %or_ln1186_7, void %for.inc395.7, void %if.then393.7" [C:/Vulcan/Protocol/Display/v_dp_rxss1_0_ex/v_dp_rxss1_0_ex.runs/dpss_vck190_pt_v_frmbuf_rd_0_0_synth_1/prj/sol/.autopilot/db/v_frmbuf_rd.cpp:1186]   --->   Operation 73 'br' 'br_ln1186' <Predicate = (icmp_ln1155)> <Delay = 0.00>
ST_1 : Operation 74 [1/1] (0.00ns)   --->   "%muxLogicData_to_store_ln1155 = muxlogic i10 %x_5"   --->   Operation 74 'muxlogic' 'muxLogicData_to_store_ln1155' <Predicate = (icmp_ln1155)> <Delay = 0.00>
ST_1 : Operation 75 [1/1] (0.00ns)   --->   "%muxLogicAddr_to_store_ln1155 = muxlogic i10 %x_2"   --->   Operation 75 'muxlogic' 'muxLogicAddr_to_store_ln1155' <Predicate = (icmp_ln1155)> <Delay = 0.00>
ST_1 : Operation 76 [1/1] (0.40ns)   --->   "%store_ln1155 = store i10 %x_5, i10 %x_2" [C:/Vulcan/Protocol/Display/v_dp_rxss1_0_ex/v_dp_rxss1_0_ex.runs/dpss_vck190_pt_v_frmbuf_rd_0_0_synth_1/prj/sol/.autopilot/db/v_frmbuf_rd.cpp:1155]   --->   Operation 76 'store' 'store_ln1155' <Predicate = (icmp_ln1155)> <Delay = 0.40>
ST_1 : Operation 77 [1/1] (0.00ns)   --->   "%br_ln1155 = br void %for.body275" [C:/Vulcan/Protocol/Display/v_dp_rxss1_0_ex/v_dp_rxss1_0_ex.runs/dpss_vck190_pt_v_frmbuf_rd_0_0_synth_1/prj/sol/.autopilot/db/v_frmbuf_rd.cpp:1155]   --->   Operation 77 'br' 'br_ln1155' <Predicate = (icmp_ln1155)> <Delay = 0.00>
ST_1 : Operation 236 [1/1] (0.00ns)   --->   "%ret_ln0 = ret"   --->   Operation 236 'ret' 'ret_ln0' <Predicate = (!icmp_ln1155)> <Delay = 0.00>

State 2 <SV = 1> <Delay = 1.98>
ST_2 : Operation 78 [1/1] (0.00ns)   --->   "%specpipeline_ln1157 = specpipeline void @_ssdm_op_SpecPipeline, i32 8, i32 0, i32 0, i32 0, void @empty_24" [C:/Vulcan/Protocol/Display/v_dp_rxss1_0_ex/v_dp_rxss1_0_ex.runs/dpss_vck190_pt_v_frmbuf_rd_0_0_synth_1/prj/sol/.autopilot/db/v_frmbuf_rd.cpp:1157]   --->   Operation 78 'specpipeline' 'specpipeline_ln1157' <Predicate = (icmp_ln1155)> <Delay = 0.00>
ST_2 : Operation 79 [1/1] (0.00ns)   --->   "%specloopname_ln1155 = specloopname void @_ssdm_op_SpecLoopName, void @empty_12" [C:/Vulcan/Protocol/Display/v_dp_rxss1_0_ex/v_dp_rxss1_0_ex.runs/dpss_vck190_pt_v_frmbuf_rd_0_0_synth_1/prj/sol/.autopilot/db/v_frmbuf_rd.cpp:1155]   --->   Operation 79 'specloopname' 'specloopname_ln1155' <Predicate = (icmp_ln1155)> <Delay = 0.00>
ST_2 : Operation 80 [1/1] (0.00ns)   --->   "%muxLogicCE_to_rd0 = muxlogic"   --->   Operation 80 'muxlogic' 'muxLogicCE_to_rd0' <Predicate = (icmp_ln1155)> <Delay = 0.00>
ST_2 : Operation 81 [1/1] (1.12ns)   --->   "%rd0 = read i256 @_ssdm_op_Read.ap_fifo.volatile.i256P0A, i256 %bytePlanes_plane0" [C:/Vulcan/Protocol/Display/v_dp_rxss1_0_ex/v_dp_rxss1_0_ex.runs/dpss_vck190_pt_v_frmbuf_rd_0_0_synth_1/prj/sol/.autopilot/db/v_frmbuf_rd.cpp:1160]   --->   Operation 81 'read' 'rd0' <Predicate = (icmp_ln1155)> <Delay = 1.12> <CoreInst = "FIFO_BRAM">   --->   Core 83 'FIFO_BRAM' <Latency = 0> <II = 1> <Delay = 1.12> <Storage> <Opcode : 'read' 'write' 'nbread' 'nbwrite'> <Ports = 0> <Width = 256> <Depth = 480> <FIFO>
ST_2 : Operation 82 [1/1] (0.00ns)   --->   "%trunc_ln1182 = trunc i256 %rd0" [C:/Vulcan/Protocol/Display/v_dp_rxss1_0_ex/v_dp_rxss1_0_ex.runs/dpss_vck190_pt_v_frmbuf_rd_0_0_synth_1/prj/sol/.autopilot/db/v_frmbuf_rd.cpp:1182]   --->   Operation 82 'trunc' 'trunc_ln1182' <Predicate = (icmp_ln1155)> <Delay = 0.00>
ST_2 : Operation 83 [1/1] (0.00ns)   --->   "%tmp_50 = partselect i8 @_ssdm_op_PartSelect.i8.i256.i32.i32, i256 %rd0, i32 8, i32 15" [C:/Vulcan/Protocol/Display/v_dp_rxss1_0_ex/v_dp_rxss1_0_ex.runs/dpss_vck190_pt_v_frmbuf_rd_0_0_synth_1/prj/sol/.autopilot/db/v_frmbuf_rd.cpp:1183]   --->   Operation 83 'partselect' 'tmp_50' <Predicate = (icmp_ln1155)> <Delay = 0.00>
ST_2 : Operation 84 [1/1] (0.00ns)   --->   "%tmp_51 = partselect i8 @_ssdm_op_PartSelect.i8.i256.i32.i32, i256 %rd0, i32 16, i32 23" [C:/Vulcan/Protocol/Display/v_dp_rxss1_0_ex/v_dp_rxss1_0_ex.runs/dpss_vck190_pt_v_frmbuf_rd_0_0_synth_1/prj/sol/.autopilot/db/v_frmbuf_rd.cpp:1184]   --->   Operation 84 'partselect' 'tmp_51' <Predicate = (icmp_ln1155)> <Delay = 0.00>
ST_2 : Operation 85 [1/1] (0.00ns)   --->   "%tmp_52 = partselect i8 @_ssdm_op_PartSelect.i8.i256.i32.i32, i256 %rd0, i32 24, i32 31" [C:/Vulcan/Protocol/Display/v_dp_rxss1_0_ex/v_dp_rxss1_0_ex.runs/dpss_vck190_pt_v_frmbuf_rd_0_0_synth_1/prj/sol/.autopilot/db/v_frmbuf_rd.cpp:1182]   --->   Operation 85 'partselect' 'tmp_52' <Predicate = (icmp_ln1155)> <Delay = 0.00>
ST_2 : Operation 86 [1/1] (0.00ns)   --->   "%tmp_53 = partselect i8 @_ssdm_op_PartSelect.i8.i256.i32.i32, i256 %rd0, i32 32, i32 39" [C:/Vulcan/Protocol/Display/v_dp_rxss1_0_ex/v_dp_rxss1_0_ex.runs/dpss_vck190_pt_v_frmbuf_rd_0_0_synth_1/prj/sol/.autopilot/db/v_frmbuf_rd.cpp:1183]   --->   Operation 86 'partselect' 'tmp_53' <Predicate = (icmp_ln1155)> <Delay = 0.00>
ST_2 : Operation 87 [1/1] (0.00ns)   --->   "%tmp_54 = partselect i8 @_ssdm_op_PartSelect.i8.i256.i32.i32, i256 %rd0, i32 40, i32 47" [C:/Vulcan/Protocol/Display/v_dp_rxss1_0_ex/v_dp_rxss1_0_ex.runs/dpss_vck190_pt_v_frmbuf_rd_0_0_synth_1/prj/sol/.autopilot/db/v_frmbuf_rd.cpp:1184]   --->   Operation 87 'partselect' 'tmp_54' <Predicate = (icmp_ln1155)> <Delay = 0.00>
ST_2 : Operation 88 [1/1] (0.00ns)   --->   "%tmp_55 = partselect i8 @_ssdm_op_PartSelect.i8.i256.i32.i32, i256 %rd0, i32 48, i32 55" [C:/Vulcan/Protocol/Display/v_dp_rxss1_0_ex/v_dp_rxss1_0_ex.runs/dpss_vck190_pt_v_frmbuf_rd_0_0_synth_1/prj/sol/.autopilot/db/v_frmbuf_rd.cpp:1182]   --->   Operation 88 'partselect' 'tmp_55' <Predicate = (icmp_ln1155)> <Delay = 0.00>
ST_2 : Operation 89 [1/1] (0.00ns)   --->   "%tmp_56 = partselect i8 @_ssdm_op_PartSelect.i8.i256.i32.i32, i256 %rd0, i32 56, i32 63" [C:/Vulcan/Protocol/Display/v_dp_rxss1_0_ex/v_dp_rxss1_0_ex.runs/dpss_vck190_pt_v_frmbuf_rd_0_0_synth_1/prj/sol/.autopilot/db/v_frmbuf_rd.cpp:1183]   --->   Operation 89 'partselect' 'tmp_56' <Predicate = (icmp_ln1155)> <Delay = 0.00>
ST_2 : Operation 90 [1/1] (0.00ns)   --->   "%tmp_65 = partselect i8 @_ssdm_op_PartSelect.i8.i256.i32.i32, i256 %rd0, i32 64, i32 71" [C:/Vulcan/Protocol/Display/v_dp_rxss1_0_ex/v_dp_rxss1_0_ex.runs/dpss_vck190_pt_v_frmbuf_rd_0_0_synth_1/prj/sol/.autopilot/db/v_frmbuf_rd.cpp:1184]   --->   Operation 90 'partselect' 'tmp_65' <Predicate = (icmp_ln1155)> <Delay = 0.00>
ST_2 : Operation 91 [1/1] (0.00ns)   --->   "%tmp_66 = partselect i8 @_ssdm_op_PartSelect.i8.i256.i32.i32, i256 %rd0, i32 72, i32 79" [C:/Vulcan/Protocol/Display/v_dp_rxss1_0_ex/v_dp_rxss1_0_ex.runs/dpss_vck190_pt_v_frmbuf_rd_0_0_synth_1/prj/sol/.autopilot/db/v_frmbuf_rd.cpp:1182]   --->   Operation 91 'partselect' 'tmp_66' <Predicate = (icmp_ln1155)> <Delay = 0.00>
ST_2 : Operation 92 [1/1] (0.00ns)   --->   "%tmp_67 = partselect i8 @_ssdm_op_PartSelect.i8.i256.i32.i32, i256 %rd0, i32 80, i32 87" [C:/Vulcan/Protocol/Display/v_dp_rxss1_0_ex/v_dp_rxss1_0_ex.runs/dpss_vck190_pt_v_frmbuf_rd_0_0_synth_1/prj/sol/.autopilot/db/v_frmbuf_rd.cpp:1183]   --->   Operation 92 'partselect' 'tmp_67' <Predicate = (icmp_ln1155)> <Delay = 0.00>
ST_2 : Operation 93 [1/1] (0.00ns)   --->   "%tmp_68 = partselect i8 @_ssdm_op_PartSelect.i8.i256.i32.i32, i256 %rd0, i32 88, i32 95" [C:/Vulcan/Protocol/Display/v_dp_rxss1_0_ex/v_dp_rxss1_0_ex.runs/dpss_vck190_pt_v_frmbuf_rd_0_0_synth_1/prj/sol/.autopilot/db/v_frmbuf_rd.cpp:1184]   --->   Operation 93 'partselect' 'tmp_68' <Predicate = (icmp_ln1155)> <Delay = 0.00>
ST_2 : Operation 94 [1/1] (0.00ns)   --->   "%p_s = bitconcatenate i120 @_ssdm_op_BitConcatenate.i120.i8.i2.i8.i2.i8.i2.i8.i2.i8.i2.i8.i2.i8.i2.i8.i2.i8.i2.i8.i2.i8.i2.i8.i2, i8 %tmp_68, i2 0, i8 %tmp_67, i2 0, i8 %tmp_66, i2 0, i8 %tmp_65, i2 0, i8 %tmp_56, i2 0, i8 %tmp_55, i2 0, i8 %tmp_54, i2 0, i8 %tmp_53, i2 0, i8 %tmp_52, i2 0, i8 %tmp_51, i2 0, i8 %tmp_50, i2 0, i8 %trunc_ln1182, i2 0" [C:/Vulcan/Protocol/Display/v_dp_rxss1_0_ex/v_dp_rxss1_0_ex.runs/dpss_vck190_pt_v_frmbuf_rd_0_0_synth_1/prj/sol/.autopilot/db/v_frmbuf_rd.cpp:1187]   --->   Operation 94 'bitconcatenate' 'p_s' <Predicate = (icmp_ln1155 & or_ln1186)> <Delay = 0.00>
ST_2 : Operation 95 [1/1] (0.00ns)   --->   "%muxLogicData_to_write_ln1187 = muxlogic i120 %p_s"   --->   Operation 95 'muxlogic' 'muxLogicData_to_write_ln1187' <Predicate = (icmp_ln1155 & or_ln1186)> <Delay = 0.00>
ST_2 : Operation 96 [1/1] (0.85ns)   --->   "%write_ln1187 = write void @_ssdm_op_Write.ap_fifo.volatile.i120P0A, i120 %img, i120 %p_s" [C:/Vulcan/Protocol/Display/v_dp_rxss1_0_ex/v_dp_rxss1_0_ex.runs/dpss_vck190_pt_v_frmbuf_rd_0_0_synth_1/prj/sol/.autopilot/db/v_frmbuf_rd.cpp:1187]   --->   Operation 96 'write' 'write_ln1187' <Predicate = (icmp_ln1155 & or_ln1186)> <Delay = 0.85> <CoreInst = "FIFO_SRL">   --->   Core 85 'FIFO_SRL' <Latency = 0> <II = 1> <Delay = 0.85> <Storage> <Opcode : 'read' 'write' 'nbread' 'nbwrite'> <Ports = 0> <Width = 120> <Depth = 2> <FIFO>
ST_2 : Operation 97 [1/1] (0.00ns)   --->   "%br_ln1187 = br void %for.inc385.1" [C:/Vulcan/Protocol/Display/v_dp_rxss1_0_ex/v_dp_rxss1_0_ex.runs/dpss_vck190_pt_v_frmbuf_rd_0_0_synth_1/prj/sol/.autopilot/db/v_frmbuf_rd.cpp:1187]   --->   Operation 97 'br' 'br_ln1187' <Predicate = (icmp_ln1155 & or_ln1186)> <Delay = 0.00>
ST_2 : Operation 98 [1/1] (0.00ns)   --->   "%tmp_s = partselect i8 @_ssdm_op_PartSelect.i8.i256.i32.i32, i256 %rd0, i32 96, i32 103" [C:/Vulcan/Protocol/Display/v_dp_rxss1_0_ex/v_dp_rxss1_0_ex.runs/dpss_vck190_pt_v_frmbuf_rd_0_0_synth_1/prj/sol/.autopilot/db/v_frmbuf_rd.cpp:1182]   --->   Operation 98 'partselect' 'tmp_s' <Predicate = (icmp_ln1155)> <Delay = 0.00>
ST_2 : Operation 99 [1/1] (0.00ns)   --->   "%tmp_72 = partselect i8 @_ssdm_op_PartSelect.i8.i256.i32.i32, i256 %rd0, i32 104, i32 111" [C:/Vulcan/Protocol/Display/v_dp_rxss1_0_ex/v_dp_rxss1_0_ex.runs/dpss_vck190_pt_v_frmbuf_rd_0_0_synth_1/prj/sol/.autopilot/db/v_frmbuf_rd.cpp:1183]   --->   Operation 99 'partselect' 'tmp_72' <Predicate = (icmp_ln1155)> <Delay = 0.00>
ST_2 : Operation 100 [1/1] (0.00ns)   --->   "%tmp_73 = partselect i8 @_ssdm_op_PartSelect.i8.i256.i32.i32, i256 %rd0, i32 112, i32 119" [C:/Vulcan/Protocol/Display/v_dp_rxss1_0_ex/v_dp_rxss1_0_ex.runs/dpss_vck190_pt_v_frmbuf_rd_0_0_synth_1/prj/sol/.autopilot/db/v_frmbuf_rd.cpp:1184]   --->   Operation 100 'partselect' 'tmp_73' <Predicate = (icmp_ln1155)> <Delay = 0.00>
ST_2 : Operation 101 [1/1] (0.00ns)   --->   "%tmp_74 = partselect i8 @_ssdm_op_PartSelect.i8.i256.i32.i32, i256 %rd0, i32 120, i32 127" [C:/Vulcan/Protocol/Display/v_dp_rxss1_0_ex/v_dp_rxss1_0_ex.runs/dpss_vck190_pt_v_frmbuf_rd_0_0_synth_1/prj/sol/.autopilot/db/v_frmbuf_rd.cpp:1182]   --->   Operation 101 'partselect' 'tmp_74' <Predicate = (icmp_ln1155)> <Delay = 0.00>
ST_2 : Operation 102 [1/1] (0.00ns)   --->   "%tmp_75 = partselect i8 @_ssdm_op_PartSelect.i8.i256.i32.i32, i256 %rd0, i32 128, i32 135" [C:/Vulcan/Protocol/Display/v_dp_rxss1_0_ex/v_dp_rxss1_0_ex.runs/dpss_vck190_pt_v_frmbuf_rd_0_0_synth_1/prj/sol/.autopilot/db/v_frmbuf_rd.cpp:1183]   --->   Operation 102 'partselect' 'tmp_75' <Predicate = (icmp_ln1155)> <Delay = 0.00>
ST_2 : Operation 103 [1/1] (0.00ns)   --->   "%tmp_76 = partselect i8 @_ssdm_op_PartSelect.i8.i256.i32.i32, i256 %rd0, i32 136, i32 143" [C:/Vulcan/Protocol/Display/v_dp_rxss1_0_ex/v_dp_rxss1_0_ex.runs/dpss_vck190_pt_v_frmbuf_rd_0_0_synth_1/prj/sol/.autopilot/db/v_frmbuf_rd.cpp:1184]   --->   Operation 103 'partselect' 'tmp_76' <Predicate = (icmp_ln1155)> <Delay = 0.00>
ST_2 : Operation 104 [1/1] (0.00ns)   --->   "%tmp_77 = partselect i8 @_ssdm_op_PartSelect.i8.i256.i32.i32, i256 %rd0, i32 144, i32 151" [C:/Vulcan/Protocol/Display/v_dp_rxss1_0_ex/v_dp_rxss1_0_ex.runs/dpss_vck190_pt_v_frmbuf_rd_0_0_synth_1/prj/sol/.autopilot/db/v_frmbuf_rd.cpp:1182]   --->   Operation 104 'partselect' 'tmp_77' <Predicate = (icmp_ln1155)> <Delay = 0.00>
ST_2 : Operation 105 [1/1] (0.00ns)   --->   "%tmp_78 = partselect i8 @_ssdm_op_PartSelect.i8.i256.i32.i32, i256 %rd0, i32 152, i32 159" [C:/Vulcan/Protocol/Display/v_dp_rxss1_0_ex/v_dp_rxss1_0_ex.runs/dpss_vck190_pt_v_frmbuf_rd_0_0_synth_1/prj/sol/.autopilot/db/v_frmbuf_rd.cpp:1183]   --->   Operation 105 'partselect' 'tmp_78' <Predicate = (icmp_ln1155)> <Delay = 0.00>
ST_2 : Operation 106 [1/1] (0.00ns)   --->   "%tmp_79 = partselect i8 @_ssdm_op_PartSelect.i8.i256.i32.i32, i256 %rd0, i32 160, i32 167" [C:/Vulcan/Protocol/Display/v_dp_rxss1_0_ex/v_dp_rxss1_0_ex.runs/dpss_vck190_pt_v_frmbuf_rd_0_0_synth_1/prj/sol/.autopilot/db/v_frmbuf_rd.cpp:1184]   --->   Operation 106 'partselect' 'tmp_79' <Predicate = (icmp_ln1155)> <Delay = 0.00>
ST_2 : Operation 107 [1/1] (0.00ns)   --->   "%tmp_80 = partselect i8 @_ssdm_op_PartSelect.i8.i256.i32.i32, i256 %rd0, i32 168, i32 175" [C:/Vulcan/Protocol/Display/v_dp_rxss1_0_ex/v_dp_rxss1_0_ex.runs/dpss_vck190_pt_v_frmbuf_rd_0_0_synth_1/prj/sol/.autopilot/db/v_frmbuf_rd.cpp:1182]   --->   Operation 107 'partselect' 'tmp_80' <Predicate = (icmp_ln1155)> <Delay = 0.00>
ST_2 : Operation 108 [1/1] (0.00ns)   --->   "%tmp_81 = partselect i8 @_ssdm_op_PartSelect.i8.i256.i32.i32, i256 %rd0, i32 176, i32 183" [C:/Vulcan/Protocol/Display/v_dp_rxss1_0_ex/v_dp_rxss1_0_ex.runs/dpss_vck190_pt_v_frmbuf_rd_0_0_synth_1/prj/sol/.autopilot/db/v_frmbuf_rd.cpp:1183]   --->   Operation 108 'partselect' 'tmp_81' <Predicate = (icmp_ln1155)> <Delay = 0.00>
ST_2 : Operation 109 [1/1] (0.00ns)   --->   "%tmp_82 = partselect i8 @_ssdm_op_PartSelect.i8.i256.i32.i32, i256 %rd0, i32 184, i32 191" [C:/Vulcan/Protocol/Display/v_dp_rxss1_0_ex/v_dp_rxss1_0_ex.runs/dpss_vck190_pt_v_frmbuf_rd_0_0_synth_1/prj/sol/.autopilot/db/v_frmbuf_rd.cpp:1184]   --->   Operation 109 'partselect' 'tmp_82' <Predicate = (icmp_ln1155)> <Delay = 0.00>
ST_2 : Operation 110 [1/1] (0.00ns)   --->   "%tmp_83 = partselect i8 @_ssdm_op_PartSelect.i8.i256.i32.i32, i256 %rd0, i32 192, i32 199" [C:/Vulcan/Protocol/Display/v_dp_rxss1_0_ex/v_dp_rxss1_0_ex.runs/dpss_vck190_pt_v_frmbuf_rd_0_0_synth_1/prj/sol/.autopilot/db/v_frmbuf_rd.cpp:1182]   --->   Operation 110 'partselect' 'tmp_83' <Predicate = (icmp_ln1155)> <Delay = 0.00>
ST_2 : Operation 111 [1/1] (0.00ns)   --->   "%tmp_84 = partselect i8 @_ssdm_op_PartSelect.i8.i256.i32.i32, i256 %rd0, i32 200, i32 207" [C:/Vulcan/Protocol/Display/v_dp_rxss1_0_ex/v_dp_rxss1_0_ex.runs/dpss_vck190_pt_v_frmbuf_rd_0_0_synth_1/prj/sol/.autopilot/db/v_frmbuf_rd.cpp:1183]   --->   Operation 111 'partselect' 'tmp_84' <Predicate = (icmp_ln1155)> <Delay = 0.00>
ST_2 : Operation 112 [1/1] (0.00ns)   --->   "%tmp_85 = partselect i8 @_ssdm_op_PartSelect.i8.i256.i32.i32, i256 %rd0, i32 208, i32 215" [C:/Vulcan/Protocol/Display/v_dp_rxss1_0_ex/v_dp_rxss1_0_ex.runs/dpss_vck190_pt_v_frmbuf_rd_0_0_synth_1/prj/sol/.autopilot/db/v_frmbuf_rd.cpp:1184]   --->   Operation 112 'partselect' 'tmp_85' <Predicate = (icmp_ln1155)> <Delay = 0.00>
ST_2 : Operation 113 [1/1] (0.00ns)   --->   "%tmp_86 = partselect i8 @_ssdm_op_PartSelect.i8.i256.i32.i32, i256 %rd0, i32 216, i32 223" [C:/Vulcan/Protocol/Display/v_dp_rxss1_0_ex/v_dp_rxss1_0_ex.runs/dpss_vck190_pt_v_frmbuf_rd_0_0_synth_1/prj/sol/.autopilot/db/v_frmbuf_rd.cpp:1182]   --->   Operation 113 'partselect' 'tmp_86' <Predicate = (icmp_ln1155)> <Delay = 0.00>
ST_2 : Operation 114 [1/1] (0.00ns)   --->   "%tmp_87 = partselect i8 @_ssdm_op_PartSelect.i8.i256.i32.i32, i256 %rd0, i32 224, i32 231" [C:/Vulcan/Protocol/Display/v_dp_rxss1_0_ex/v_dp_rxss1_0_ex.runs/dpss_vck190_pt_v_frmbuf_rd_0_0_synth_1/prj/sol/.autopilot/db/v_frmbuf_rd.cpp:1183]   --->   Operation 114 'partselect' 'tmp_87' <Predicate = (icmp_ln1155)> <Delay = 0.00>
ST_2 : Operation 115 [1/1] (0.00ns)   --->   "%tmp_88 = partselect i8 @_ssdm_op_PartSelect.i8.i256.i32.i32, i256 %rd0, i32 232, i32 239" [C:/Vulcan/Protocol/Display/v_dp_rxss1_0_ex/v_dp_rxss1_0_ex.runs/dpss_vck190_pt_v_frmbuf_rd_0_0_synth_1/prj/sol/.autopilot/db/v_frmbuf_rd.cpp:1184]   --->   Operation 115 'partselect' 'tmp_88' <Predicate = (icmp_ln1155)> <Delay = 0.00>
ST_2 : Operation 116 [1/1] (0.00ns)   --->   "%tmp_89 = partselect i8 @_ssdm_op_PartSelect.i8.i256.i32.i32, i256 %rd0, i32 240, i32 247" [C:/Vulcan/Protocol/Display/v_dp_rxss1_0_ex/v_dp_rxss1_0_ex.runs/dpss_vck190_pt_v_frmbuf_rd_0_0_synth_1/prj/sol/.autopilot/db/v_frmbuf_rd.cpp:1182]   --->   Operation 116 'partselect' 'tmp_89' <Predicate = (icmp_ln1155)> <Delay = 0.00>
ST_2 : Operation 117 [1/1] (0.00ns)   --->   "%tmp_90 = partselect i8 @_ssdm_op_PartSelect.i8.i256.i32.i32, i256 %rd0, i32 248, i32 255" [C:/Vulcan/Protocol/Display/v_dp_rxss1_0_ex/v_dp_rxss1_0_ex.runs/dpss_vck190_pt_v_frmbuf_rd_0_0_synth_1/prj/sol/.autopilot/db/v_frmbuf_rd.cpp:1183]   --->   Operation 117 'partselect' 'tmp_90' <Predicate = (icmp_ln1155)> <Delay = 0.00>

State 3 <SV = 2> <Delay = 1.12>
ST_3 : Operation 118 [1/1] (0.00ns)   --->   "%muxLogicCE_to_rd1_1 = muxlogic"   --->   Operation 118 'muxlogic' 'muxLogicCE_to_rd1_1' <Predicate = (icmp_ln1155 & or_ln1162)> <Delay = 0.00>
ST_3 : Operation 119 [1/1] (1.12ns)   --->   "%rd1_1 = read i256 @_ssdm_op_Read.ap_fifo.volatile.i256P0A, i256 %bytePlanes_plane0" [C:/Vulcan/Protocol/Display/v_dp_rxss1_0_ex/v_dp_rxss1_0_ex.runs/dpss_vck190_pt_v_frmbuf_rd_0_0_synth_1/prj/sol/.autopilot/db/v_frmbuf_rd.cpp:1163]   --->   Operation 119 'read' 'rd1_1' <Predicate = (icmp_ln1155 & or_ln1162)> <Delay = 1.12> <CoreInst = "FIFO_BRAM">   --->   Core 83 'FIFO_BRAM' <Latency = 0> <II = 1> <Delay = 1.12> <Storage> <Opcode : 'read' 'write' 'nbread' 'nbwrite'> <Ports = 0> <Width = 256> <Depth = 480> <FIFO>
ST_3 : Operation 120 [1/1] (0.00ns)   --->   "%muxLogicData_to_store_ln1151 = muxlogic i256 %rd1_1"   --->   Operation 120 'muxlogic' 'muxLogicData_to_store_ln1151' <Predicate = (icmp_ln1155 & or_ln1162)> <Delay = 0.00>
ST_3 : Operation 121 [1/1] (0.00ns)   --->   "%muxLogicAddr_to_store_ln1151 = muxlogic i256 %rd1"   --->   Operation 121 'muxlogic' 'muxLogicAddr_to_store_ln1151' <Predicate = (icmp_ln1155 & or_ln1162)> <Delay = 0.00>
ST_3 : Operation 122 [1/1] (0.00ns)   --->   "%store_ln1151 = store i256 %rd1_1, i256 %rd1" [C:/Vulcan/Protocol/Display/v_dp_rxss1_0_ex/v_dp_rxss1_0_ex.runs/dpss_vck190_pt_v_frmbuf_rd_0_0_synth_1/prj/sol/.autopilot/db/v_frmbuf_rd.cpp:1151]   --->   Operation 122 'store' 'store_ln1151' <Predicate = (icmp_ln1155 & or_ln1162)> <Delay = 0.00>
ST_3 : Operation 123 [1/1] (0.00ns)   --->   "%br_ln1163 = br void %if.end286" [C:/Vulcan/Protocol/Display/v_dp_rxss1_0_ex/v_dp_rxss1_0_ex.runs/dpss_vck190_pt_v_frmbuf_rd_0_0_synth_1/prj/sol/.autopilot/db/v_frmbuf_rd.cpp:1163]   --->   Operation 123 'br' 'br_ln1163' <Predicate = (icmp_ln1155 & or_ln1162)> <Delay = 0.00>
ST_3 : Operation 124 [1/1] (0.00ns)   --->   "%p_1 = bitconcatenate i120 @_ssdm_op_BitConcatenate.i120.i8.i2.i8.i2.i8.i2.i8.i2.i8.i2.i8.i2.i8.i2.i8.i2.i8.i2.i8.i2.i8.i2.i8.i2, i8 %tmp_82, i2 0, i8 %tmp_81, i2 0, i8 %tmp_80, i2 0, i8 %tmp_79, i2 0, i8 %tmp_78, i2 0, i8 %tmp_77, i2 0, i8 %tmp_76, i2 0, i8 %tmp_75, i2 0, i8 %tmp_74, i2 0, i8 %tmp_73, i2 0, i8 %tmp_72, i2 0, i8 %tmp_s, i2 0" [C:/Vulcan/Protocol/Display/v_dp_rxss1_0_ex/v_dp_rxss1_0_ex.runs/dpss_vck190_pt_v_frmbuf_rd_0_0_synth_1/prj/sol/.autopilot/db/v_frmbuf_rd.cpp:1187]   --->   Operation 124 'bitconcatenate' 'p_1' <Predicate = (icmp_ln1155 & or_ln1186_1)> <Delay = 0.00>
ST_3 : Operation 125 [1/1] (0.00ns)   --->   "%muxLogicData_to_write_ln1187 = muxlogic i120 %p_1"   --->   Operation 125 'muxlogic' 'muxLogicData_to_write_ln1187' <Predicate = (icmp_ln1155 & or_ln1186_1)> <Delay = 0.00>
ST_3 : Operation 126 [1/1] (0.85ns)   --->   "%write_ln1187 = write void @_ssdm_op_Write.ap_fifo.volatile.i120P0A, i120 %img, i120 %p_1" [C:/Vulcan/Protocol/Display/v_dp_rxss1_0_ex/v_dp_rxss1_0_ex.runs/dpss_vck190_pt_v_frmbuf_rd_0_0_synth_1/prj/sol/.autopilot/db/v_frmbuf_rd.cpp:1187]   --->   Operation 126 'write' 'write_ln1187' <Predicate = (icmp_ln1155 & or_ln1186_1)> <Delay = 0.85> <CoreInst = "FIFO_SRL">   --->   Core 85 'FIFO_SRL' <Latency = 0> <II = 1> <Delay = 0.85> <Storage> <Opcode : 'read' 'write' 'nbread' 'nbwrite'> <Ports = 0> <Width = 120> <Depth = 2> <FIFO>
ST_3 : Operation 127 [1/1] (0.00ns)   --->   "%br_ln1187 = br void %for.inc385.2" [C:/Vulcan/Protocol/Display/v_dp_rxss1_0_ex/v_dp_rxss1_0_ex.runs/dpss_vck190_pt_v_frmbuf_rd_0_0_synth_1/prj/sol/.autopilot/db/v_frmbuf_rd.cpp:1187]   --->   Operation 127 'br' 'br_ln1187' <Predicate = (icmp_ln1155 & or_ln1186_1)> <Delay = 0.00>

State 4 <SV = 3> <Delay = 1.12>
ST_4 : Operation 128 [1/1] (0.00ns)   --->   "%muxLogicCE_to_rd2_1 = muxlogic"   --->   Operation 128 'muxlogic' 'muxLogicCE_to_rd2_1' <Predicate = (icmp_ln1155 & or_ln1165)> <Delay = 0.00>
ST_4 : Operation 129 [1/1] (1.12ns)   --->   "%rd2_1 = read i256 @_ssdm_op_Read.ap_fifo.volatile.i256P0A, i256 %bytePlanes_plane0" [C:/Vulcan/Protocol/Display/v_dp_rxss1_0_ex/v_dp_rxss1_0_ex.runs/dpss_vck190_pt_v_frmbuf_rd_0_0_synth_1/prj/sol/.autopilot/db/v_frmbuf_rd.cpp:1166]   --->   Operation 129 'read' 'rd2_1' <Predicate = (icmp_ln1155 & or_ln1165)> <Delay = 1.12> <CoreInst = "FIFO_BRAM">   --->   Core 83 'FIFO_BRAM' <Latency = 0> <II = 1> <Delay = 1.12> <Storage> <Opcode : 'read' 'write' 'nbread' 'nbwrite'> <Ports = 0> <Width = 256> <Depth = 480> <FIFO>
ST_4 : Operation 130 [1/1] (0.00ns)   --->   "%muxLogicData_to_store_ln1151 = muxlogic i256 %rd2_1"   --->   Operation 130 'muxlogic' 'muxLogicData_to_store_ln1151' <Predicate = (icmp_ln1155 & or_ln1165)> <Delay = 0.00>
ST_4 : Operation 131 [1/1] (0.00ns)   --->   "%muxLogicAddr_to_store_ln1151 = muxlogic i256 %rd2"   --->   Operation 131 'muxlogic' 'muxLogicAddr_to_store_ln1151' <Predicate = (icmp_ln1155 & or_ln1165)> <Delay = 0.00>
ST_4 : Operation 132 [1/1] (0.00ns)   --->   "%store_ln1151 = store i256 %rd2_1, i256 %rd2" [C:/Vulcan/Protocol/Display/v_dp_rxss1_0_ex/v_dp_rxss1_0_ex.runs/dpss_vck190_pt_v_frmbuf_rd_0_0_synth_1/prj/sol/.autopilot/db/v_frmbuf_rd.cpp:1151]   --->   Operation 132 'store' 'store_ln1151' <Predicate = (icmp_ln1155 & or_ln1165)> <Delay = 0.00>
ST_4 : Operation 133 [1/1] (0.00ns)   --->   "%br_ln1166 = br void %VITIS_LOOP_1169_10" [C:/Vulcan/Protocol/Display/v_dp_rxss1_0_ex/v_dp_rxss1_0_ex.runs/dpss_vck190_pt_v_frmbuf_rd_0_0_synth_1/prj/sol/.autopilot/db/v_frmbuf_rd.cpp:1166]   --->   Operation 133 'br' 'br_ln1166' <Predicate = (icmp_ln1155 & or_ln1165)> <Delay = 0.00>
ST_4 : Operation 134 [1/1] (0.00ns)   --->   "%MuxLogicAddr_to_rd1_load = muxlogic i256 %rd1"   --->   Operation 134 'muxlogic' 'MuxLogicAddr_to_rd1_load' <Predicate = (icmp_ln1155)> <Delay = 0.00>
ST_4 : Operation 135 [1/1] (0.00ns)   --->   "%rd1_load = load i256 %rd1" [C:/Vulcan/Protocol/Display/v_dp_rxss1_0_ex/v_dp_rxss1_0_ex.runs/dpss_vck190_pt_v_frmbuf_rd_0_0_synth_1/prj/sol/.autopilot/db/v_frmbuf_rd.cpp:1184]   --->   Operation 135 'load' 'rd1_load' <Predicate = (icmp_ln1155)> <Delay = 0.00>
ST_4 : Operation 136 [1/1] (0.00ns)   --->   "%trunc_ln1184 = trunc i256 %rd1_load" [C:/Vulcan/Protocol/Display/v_dp_rxss1_0_ex/v_dp_rxss1_0_ex.runs/dpss_vck190_pt_v_frmbuf_rd_0_0_synth_1/prj/sol/.autopilot/db/v_frmbuf_rd.cpp:1184]   --->   Operation 136 'trunc' 'trunc_ln1184' <Predicate = (icmp_ln1155)> <Delay = 0.00>
ST_4 : Operation 137 [1/1] (0.00ns)   --->   "%tmp_91 = partselect i8 @_ssdm_op_PartSelect.i8.i256.i32.i32, i256 %rd1_load, i32 8, i32 15" [C:/Vulcan/Protocol/Display/v_dp_rxss1_0_ex/v_dp_rxss1_0_ex.runs/dpss_vck190_pt_v_frmbuf_rd_0_0_synth_1/prj/sol/.autopilot/db/v_frmbuf_rd.cpp:1182]   --->   Operation 137 'partselect' 'tmp_91' <Predicate = (icmp_ln1155)> <Delay = 0.00>
ST_4 : Operation 138 [1/1] (0.00ns)   --->   "%tmp_92 = partselect i8 @_ssdm_op_PartSelect.i8.i256.i32.i32, i256 %rd1_load, i32 16, i32 23" [C:/Vulcan/Protocol/Display/v_dp_rxss1_0_ex/v_dp_rxss1_0_ex.runs/dpss_vck190_pt_v_frmbuf_rd_0_0_synth_1/prj/sol/.autopilot/db/v_frmbuf_rd.cpp:1183]   --->   Operation 138 'partselect' 'tmp_92' <Predicate = (icmp_ln1155)> <Delay = 0.00>
ST_4 : Operation 139 [1/1] (0.00ns)   --->   "%tmp_93 = partselect i8 @_ssdm_op_PartSelect.i8.i256.i32.i32, i256 %rd1_load, i32 24, i32 31" [C:/Vulcan/Protocol/Display/v_dp_rxss1_0_ex/v_dp_rxss1_0_ex.runs/dpss_vck190_pt_v_frmbuf_rd_0_0_synth_1/prj/sol/.autopilot/db/v_frmbuf_rd.cpp:1184]   --->   Operation 139 'partselect' 'tmp_93' <Predicate = (icmp_ln1155)> <Delay = 0.00>
ST_4 : Operation 140 [1/1] (0.00ns)   --->   "%p_2 = bitconcatenate i120 @_ssdm_op_BitConcatenate.i120.i8.i2.i8.i2.i8.i2.i8.i2.i8.i2.i8.i2.i8.i2.i8.i2.i8.i2.i8.i2.i8.i2.i8.i2, i8 %tmp_93, i2 0, i8 %tmp_92, i2 0, i8 %tmp_91, i2 0, i8 %trunc_ln1184, i2 0, i8 %tmp_90, i2 0, i8 %tmp_89, i2 0, i8 %tmp_88, i2 0, i8 %tmp_87, i2 0, i8 %tmp_86, i2 0, i8 %tmp_85, i2 0, i8 %tmp_84, i2 0, i8 %tmp_83, i2 0" [C:/Vulcan/Protocol/Display/v_dp_rxss1_0_ex/v_dp_rxss1_0_ex.runs/dpss_vck190_pt_v_frmbuf_rd_0_0_synth_1/prj/sol/.autopilot/db/v_frmbuf_rd.cpp:1187]   --->   Operation 140 'bitconcatenate' 'p_2' <Predicate = (icmp_ln1155 & or_ln1186_2)> <Delay = 0.00>
ST_4 : Operation 141 [1/1] (0.00ns)   --->   "%muxLogicData_to_write_ln1187 = muxlogic i120 %p_2"   --->   Operation 141 'muxlogic' 'muxLogicData_to_write_ln1187' <Predicate = (icmp_ln1155 & or_ln1186_2)> <Delay = 0.00>
ST_4 : Operation 142 [1/1] (0.85ns)   --->   "%write_ln1187 = write void @_ssdm_op_Write.ap_fifo.volatile.i120P0A, i120 %img, i120 %p_2" [C:/Vulcan/Protocol/Display/v_dp_rxss1_0_ex/v_dp_rxss1_0_ex.runs/dpss_vck190_pt_v_frmbuf_rd_0_0_synth_1/prj/sol/.autopilot/db/v_frmbuf_rd.cpp:1187]   --->   Operation 142 'write' 'write_ln1187' <Predicate = (icmp_ln1155 & or_ln1186_2)> <Delay = 0.85> <CoreInst = "FIFO_SRL">   --->   Core 85 'FIFO_SRL' <Latency = 0> <II = 1> <Delay = 0.85> <Storage> <Opcode : 'read' 'write' 'nbread' 'nbwrite'> <Ports = 0> <Width = 120> <Depth = 2> <FIFO>
ST_4 : Operation 143 [1/1] (0.00ns)   --->   "%br_ln1187 = br void %for.inc385.3" [C:/Vulcan/Protocol/Display/v_dp_rxss1_0_ex/v_dp_rxss1_0_ex.runs/dpss_vck190_pt_v_frmbuf_rd_0_0_synth_1/prj/sol/.autopilot/db/v_frmbuf_rd.cpp:1187]   --->   Operation 143 'br' 'br_ln1187' <Predicate = (icmp_ln1155 & or_ln1186_2)> <Delay = 0.00>

State 5 <SV = 4> <Delay = 0.85>
ST_5 : Operation 144 [1/1] (0.00ns)   --->   "%MuxLogicAddr_to_rd1_load_1 = muxlogic i256 %rd1"   --->   Operation 144 'muxlogic' 'MuxLogicAddr_to_rd1_load_1' <Predicate = (icmp_ln1155)> <Delay = 0.00>
ST_5 : Operation 145 [1/1] (0.00ns)   --->   "%rd1_load_1 = load i256 %rd1" [C:/Vulcan/Protocol/Display/v_dp_rxss1_0_ex/v_dp_rxss1_0_ex.runs/dpss_vck190_pt_v_frmbuf_rd_0_0_synth_1/prj/sol/.autopilot/db/v_frmbuf_rd.cpp:1182]   --->   Operation 145 'load' 'rd1_load_1' <Predicate = (icmp_ln1155)> <Delay = 0.00>
ST_5 : Operation 146 [1/1] (0.00ns)   --->   "%tmp_94 = partselect i8 @_ssdm_op_PartSelect.i8.i256.i32.i32, i256 %rd1_load_1, i32 32, i32 39" [C:/Vulcan/Protocol/Display/v_dp_rxss1_0_ex/v_dp_rxss1_0_ex.runs/dpss_vck190_pt_v_frmbuf_rd_0_0_synth_1/prj/sol/.autopilot/db/v_frmbuf_rd.cpp:1182]   --->   Operation 146 'partselect' 'tmp_94' <Predicate = (icmp_ln1155)> <Delay = 0.00>
ST_5 : Operation 147 [1/1] (0.00ns)   --->   "%tmp_95 = partselect i8 @_ssdm_op_PartSelect.i8.i256.i32.i32, i256 %rd1_load_1, i32 40, i32 47" [C:/Vulcan/Protocol/Display/v_dp_rxss1_0_ex/v_dp_rxss1_0_ex.runs/dpss_vck190_pt_v_frmbuf_rd_0_0_synth_1/prj/sol/.autopilot/db/v_frmbuf_rd.cpp:1183]   --->   Operation 147 'partselect' 'tmp_95' <Predicate = (icmp_ln1155)> <Delay = 0.00>
ST_5 : Operation 148 [1/1] (0.00ns)   --->   "%tmp_96 = partselect i8 @_ssdm_op_PartSelect.i8.i256.i32.i32, i256 %rd1_load_1, i32 48, i32 55" [C:/Vulcan/Protocol/Display/v_dp_rxss1_0_ex/v_dp_rxss1_0_ex.runs/dpss_vck190_pt_v_frmbuf_rd_0_0_synth_1/prj/sol/.autopilot/db/v_frmbuf_rd.cpp:1184]   --->   Operation 148 'partselect' 'tmp_96' <Predicate = (icmp_ln1155)> <Delay = 0.00>
ST_5 : Operation 149 [1/1] (0.00ns)   --->   "%tmp_97 = partselect i8 @_ssdm_op_PartSelect.i8.i256.i32.i32, i256 %rd1_load_1, i32 56, i32 63" [C:/Vulcan/Protocol/Display/v_dp_rxss1_0_ex/v_dp_rxss1_0_ex.runs/dpss_vck190_pt_v_frmbuf_rd_0_0_synth_1/prj/sol/.autopilot/db/v_frmbuf_rd.cpp:1182]   --->   Operation 149 'partselect' 'tmp_97' <Predicate = (icmp_ln1155)> <Delay = 0.00>
ST_5 : Operation 150 [1/1] (0.00ns)   --->   "%tmp_98 = partselect i8 @_ssdm_op_PartSelect.i8.i256.i32.i32, i256 %rd1_load_1, i32 64, i32 71" [C:/Vulcan/Protocol/Display/v_dp_rxss1_0_ex/v_dp_rxss1_0_ex.runs/dpss_vck190_pt_v_frmbuf_rd_0_0_synth_1/prj/sol/.autopilot/db/v_frmbuf_rd.cpp:1183]   --->   Operation 150 'partselect' 'tmp_98' <Predicate = (icmp_ln1155)> <Delay = 0.00>
ST_5 : Operation 151 [1/1] (0.00ns)   --->   "%tmp_99 = partselect i8 @_ssdm_op_PartSelect.i8.i256.i32.i32, i256 %rd1_load_1, i32 72, i32 79" [C:/Vulcan/Protocol/Display/v_dp_rxss1_0_ex/v_dp_rxss1_0_ex.runs/dpss_vck190_pt_v_frmbuf_rd_0_0_synth_1/prj/sol/.autopilot/db/v_frmbuf_rd.cpp:1184]   --->   Operation 151 'partselect' 'tmp_99' <Predicate = (icmp_ln1155)> <Delay = 0.00>
ST_5 : Operation 152 [1/1] (0.00ns)   --->   "%tmp_100 = partselect i8 @_ssdm_op_PartSelect.i8.i256.i32.i32, i256 %rd1_load_1, i32 80, i32 87" [C:/Vulcan/Protocol/Display/v_dp_rxss1_0_ex/v_dp_rxss1_0_ex.runs/dpss_vck190_pt_v_frmbuf_rd_0_0_synth_1/prj/sol/.autopilot/db/v_frmbuf_rd.cpp:1182]   --->   Operation 152 'partselect' 'tmp_100' <Predicate = (icmp_ln1155)> <Delay = 0.00>
ST_5 : Operation 153 [1/1] (0.00ns)   --->   "%tmp_101 = partselect i8 @_ssdm_op_PartSelect.i8.i256.i32.i32, i256 %rd1_load_1, i32 88, i32 95" [C:/Vulcan/Protocol/Display/v_dp_rxss1_0_ex/v_dp_rxss1_0_ex.runs/dpss_vck190_pt_v_frmbuf_rd_0_0_synth_1/prj/sol/.autopilot/db/v_frmbuf_rd.cpp:1183]   --->   Operation 153 'partselect' 'tmp_101' <Predicate = (icmp_ln1155)> <Delay = 0.00>
ST_5 : Operation 154 [1/1] (0.00ns)   --->   "%tmp_102 = partselect i8 @_ssdm_op_PartSelect.i8.i256.i32.i32, i256 %rd1_load_1, i32 96, i32 103" [C:/Vulcan/Protocol/Display/v_dp_rxss1_0_ex/v_dp_rxss1_0_ex.runs/dpss_vck190_pt_v_frmbuf_rd_0_0_synth_1/prj/sol/.autopilot/db/v_frmbuf_rd.cpp:1184]   --->   Operation 154 'partselect' 'tmp_102' <Predicate = (icmp_ln1155)> <Delay = 0.00>
ST_5 : Operation 155 [1/1] (0.00ns)   --->   "%tmp_103 = partselect i8 @_ssdm_op_PartSelect.i8.i256.i32.i32, i256 %rd1_load_1, i32 104, i32 111" [C:/Vulcan/Protocol/Display/v_dp_rxss1_0_ex/v_dp_rxss1_0_ex.runs/dpss_vck190_pt_v_frmbuf_rd_0_0_synth_1/prj/sol/.autopilot/db/v_frmbuf_rd.cpp:1182]   --->   Operation 155 'partselect' 'tmp_103' <Predicate = (icmp_ln1155)> <Delay = 0.00>
ST_5 : Operation 156 [1/1] (0.00ns)   --->   "%tmp_104 = partselect i8 @_ssdm_op_PartSelect.i8.i256.i32.i32, i256 %rd1_load_1, i32 112, i32 119" [C:/Vulcan/Protocol/Display/v_dp_rxss1_0_ex/v_dp_rxss1_0_ex.runs/dpss_vck190_pt_v_frmbuf_rd_0_0_synth_1/prj/sol/.autopilot/db/v_frmbuf_rd.cpp:1183]   --->   Operation 156 'partselect' 'tmp_104' <Predicate = (icmp_ln1155)> <Delay = 0.00>
ST_5 : Operation 157 [1/1] (0.00ns)   --->   "%tmp_105 = partselect i8 @_ssdm_op_PartSelect.i8.i256.i32.i32, i256 %rd1_load_1, i32 120, i32 127" [C:/Vulcan/Protocol/Display/v_dp_rxss1_0_ex/v_dp_rxss1_0_ex.runs/dpss_vck190_pt_v_frmbuf_rd_0_0_synth_1/prj/sol/.autopilot/db/v_frmbuf_rd.cpp:1184]   --->   Operation 157 'partselect' 'tmp_105' <Predicate = (icmp_ln1155)> <Delay = 0.00>
ST_5 : Operation 158 [1/1] (0.00ns)   --->   "%p_3 = bitconcatenate i120 @_ssdm_op_BitConcatenate.i120.i8.i2.i8.i2.i8.i2.i8.i2.i8.i2.i8.i2.i8.i2.i8.i2.i8.i2.i8.i2.i8.i2.i8.i2, i8 %tmp_105, i2 0, i8 %tmp_104, i2 0, i8 %tmp_103, i2 0, i8 %tmp_102, i2 0, i8 %tmp_101, i2 0, i8 %tmp_100, i2 0, i8 %tmp_99, i2 0, i8 %tmp_98, i2 0, i8 %tmp_97, i2 0, i8 %tmp_96, i2 0, i8 %tmp_95, i2 0, i8 %tmp_94, i2 0" [C:/Vulcan/Protocol/Display/v_dp_rxss1_0_ex/v_dp_rxss1_0_ex.runs/dpss_vck190_pt_v_frmbuf_rd_0_0_synth_1/prj/sol/.autopilot/db/v_frmbuf_rd.cpp:1187]   --->   Operation 158 'bitconcatenate' 'p_3' <Predicate = (icmp_ln1155 & or_ln1186_3)> <Delay = 0.00>
ST_5 : Operation 159 [1/1] (0.00ns)   --->   "%muxLogicData_to_write_ln1187 = muxlogic i120 %p_3"   --->   Operation 159 'muxlogic' 'muxLogicData_to_write_ln1187' <Predicate = (icmp_ln1155 & or_ln1186_3)> <Delay = 0.00>
ST_5 : Operation 160 [1/1] (0.85ns)   --->   "%write_ln1187 = write void @_ssdm_op_Write.ap_fifo.volatile.i120P0A, i120 %img, i120 %p_3" [C:/Vulcan/Protocol/Display/v_dp_rxss1_0_ex/v_dp_rxss1_0_ex.runs/dpss_vck190_pt_v_frmbuf_rd_0_0_synth_1/prj/sol/.autopilot/db/v_frmbuf_rd.cpp:1187]   --->   Operation 160 'write' 'write_ln1187' <Predicate = (icmp_ln1155 & or_ln1186_3)> <Delay = 0.85> <CoreInst = "FIFO_SRL">   --->   Core 85 'FIFO_SRL' <Latency = 0> <II = 1> <Delay = 0.85> <Storage> <Opcode : 'read' 'write' 'nbread' 'nbwrite'> <Ports = 0> <Width = 120> <Depth = 2> <FIFO>
ST_5 : Operation 161 [1/1] (0.00ns)   --->   "%br_ln1187 = br void %for.inc385.4" [C:/Vulcan/Protocol/Display/v_dp_rxss1_0_ex/v_dp_rxss1_0_ex.runs/dpss_vck190_pt_v_frmbuf_rd_0_0_synth_1/prj/sol/.autopilot/db/v_frmbuf_rd.cpp:1187]   --->   Operation 161 'br' 'br_ln1187' <Predicate = (icmp_ln1155 & or_ln1186_3)> <Delay = 0.00>

State 6 <SV = 5> <Delay = 0.85>
ST_6 : Operation 162 [1/1] (0.00ns)   --->   "%MuxLogicAddr_to_rd1_load_2 = muxlogic i256 %rd1"   --->   Operation 162 'muxlogic' 'MuxLogicAddr_to_rd1_load_2' <Predicate = (icmp_ln1155)> <Delay = 0.00>
ST_6 : Operation 163 [1/1] (0.00ns)   --->   "%rd1_load_2 = load i256 %rd1" [C:/Vulcan/Protocol/Display/v_dp_rxss1_0_ex/v_dp_rxss1_0_ex.runs/dpss_vck190_pt_v_frmbuf_rd_0_0_synth_1/prj/sol/.autopilot/db/v_frmbuf_rd.cpp:1182]   --->   Operation 163 'load' 'rd1_load_2' <Predicate = (icmp_ln1155)> <Delay = 0.00>
ST_6 : Operation 164 [1/1] (0.00ns)   --->   "%tmp_106 = partselect i8 @_ssdm_op_PartSelect.i8.i256.i32.i32, i256 %rd1_load_2, i32 128, i32 135" [C:/Vulcan/Protocol/Display/v_dp_rxss1_0_ex/v_dp_rxss1_0_ex.runs/dpss_vck190_pt_v_frmbuf_rd_0_0_synth_1/prj/sol/.autopilot/db/v_frmbuf_rd.cpp:1182]   --->   Operation 164 'partselect' 'tmp_106' <Predicate = (icmp_ln1155)> <Delay = 0.00>
ST_6 : Operation 165 [1/1] (0.00ns)   --->   "%tmp_107 = partselect i8 @_ssdm_op_PartSelect.i8.i256.i32.i32, i256 %rd1_load_2, i32 136, i32 143" [C:/Vulcan/Protocol/Display/v_dp_rxss1_0_ex/v_dp_rxss1_0_ex.runs/dpss_vck190_pt_v_frmbuf_rd_0_0_synth_1/prj/sol/.autopilot/db/v_frmbuf_rd.cpp:1183]   --->   Operation 165 'partselect' 'tmp_107' <Predicate = (icmp_ln1155)> <Delay = 0.00>
ST_6 : Operation 166 [1/1] (0.00ns)   --->   "%tmp_108 = partselect i8 @_ssdm_op_PartSelect.i8.i256.i32.i32, i256 %rd1_load_2, i32 144, i32 151" [C:/Vulcan/Protocol/Display/v_dp_rxss1_0_ex/v_dp_rxss1_0_ex.runs/dpss_vck190_pt_v_frmbuf_rd_0_0_synth_1/prj/sol/.autopilot/db/v_frmbuf_rd.cpp:1184]   --->   Operation 166 'partselect' 'tmp_108' <Predicate = (icmp_ln1155)> <Delay = 0.00>
ST_6 : Operation 167 [1/1] (0.00ns)   --->   "%tmp_109 = partselect i8 @_ssdm_op_PartSelect.i8.i256.i32.i32, i256 %rd1_load_2, i32 152, i32 159" [C:/Vulcan/Protocol/Display/v_dp_rxss1_0_ex/v_dp_rxss1_0_ex.runs/dpss_vck190_pt_v_frmbuf_rd_0_0_synth_1/prj/sol/.autopilot/db/v_frmbuf_rd.cpp:1182]   --->   Operation 167 'partselect' 'tmp_109' <Predicate = (icmp_ln1155)> <Delay = 0.00>
ST_6 : Operation 168 [1/1] (0.00ns)   --->   "%tmp_110 = partselect i8 @_ssdm_op_PartSelect.i8.i256.i32.i32, i256 %rd1_load_2, i32 160, i32 167" [C:/Vulcan/Protocol/Display/v_dp_rxss1_0_ex/v_dp_rxss1_0_ex.runs/dpss_vck190_pt_v_frmbuf_rd_0_0_synth_1/prj/sol/.autopilot/db/v_frmbuf_rd.cpp:1183]   --->   Operation 168 'partselect' 'tmp_110' <Predicate = (icmp_ln1155)> <Delay = 0.00>
ST_6 : Operation 169 [1/1] (0.00ns)   --->   "%tmp_111 = partselect i8 @_ssdm_op_PartSelect.i8.i256.i32.i32, i256 %rd1_load_2, i32 168, i32 175" [C:/Vulcan/Protocol/Display/v_dp_rxss1_0_ex/v_dp_rxss1_0_ex.runs/dpss_vck190_pt_v_frmbuf_rd_0_0_synth_1/prj/sol/.autopilot/db/v_frmbuf_rd.cpp:1184]   --->   Operation 169 'partselect' 'tmp_111' <Predicate = (icmp_ln1155)> <Delay = 0.00>
ST_6 : Operation 170 [1/1] (0.00ns)   --->   "%tmp_112 = partselect i8 @_ssdm_op_PartSelect.i8.i256.i32.i32, i256 %rd1_load_2, i32 176, i32 183" [C:/Vulcan/Protocol/Display/v_dp_rxss1_0_ex/v_dp_rxss1_0_ex.runs/dpss_vck190_pt_v_frmbuf_rd_0_0_synth_1/prj/sol/.autopilot/db/v_frmbuf_rd.cpp:1182]   --->   Operation 170 'partselect' 'tmp_112' <Predicate = (icmp_ln1155)> <Delay = 0.00>
ST_6 : Operation 171 [1/1] (0.00ns)   --->   "%tmp_113 = partselect i8 @_ssdm_op_PartSelect.i8.i256.i32.i32, i256 %rd1_load_2, i32 184, i32 191" [C:/Vulcan/Protocol/Display/v_dp_rxss1_0_ex/v_dp_rxss1_0_ex.runs/dpss_vck190_pt_v_frmbuf_rd_0_0_synth_1/prj/sol/.autopilot/db/v_frmbuf_rd.cpp:1183]   --->   Operation 171 'partselect' 'tmp_113' <Predicate = (icmp_ln1155)> <Delay = 0.00>
ST_6 : Operation 172 [1/1] (0.00ns)   --->   "%tmp_114 = partselect i8 @_ssdm_op_PartSelect.i8.i256.i32.i32, i256 %rd1_load_2, i32 192, i32 199" [C:/Vulcan/Protocol/Display/v_dp_rxss1_0_ex/v_dp_rxss1_0_ex.runs/dpss_vck190_pt_v_frmbuf_rd_0_0_synth_1/prj/sol/.autopilot/db/v_frmbuf_rd.cpp:1184]   --->   Operation 172 'partselect' 'tmp_114' <Predicate = (icmp_ln1155)> <Delay = 0.00>
ST_6 : Operation 173 [1/1] (0.00ns)   --->   "%tmp_115 = partselect i8 @_ssdm_op_PartSelect.i8.i256.i32.i32, i256 %rd1_load_2, i32 200, i32 207" [C:/Vulcan/Protocol/Display/v_dp_rxss1_0_ex/v_dp_rxss1_0_ex.runs/dpss_vck190_pt_v_frmbuf_rd_0_0_synth_1/prj/sol/.autopilot/db/v_frmbuf_rd.cpp:1182]   --->   Operation 173 'partselect' 'tmp_115' <Predicate = (icmp_ln1155)> <Delay = 0.00>
ST_6 : Operation 174 [1/1] (0.00ns)   --->   "%tmp_116 = partselect i8 @_ssdm_op_PartSelect.i8.i256.i32.i32, i256 %rd1_load_2, i32 208, i32 215" [C:/Vulcan/Protocol/Display/v_dp_rxss1_0_ex/v_dp_rxss1_0_ex.runs/dpss_vck190_pt_v_frmbuf_rd_0_0_synth_1/prj/sol/.autopilot/db/v_frmbuf_rd.cpp:1183]   --->   Operation 174 'partselect' 'tmp_116' <Predicate = (icmp_ln1155)> <Delay = 0.00>
ST_6 : Operation 175 [1/1] (0.00ns)   --->   "%tmp_117 = partselect i8 @_ssdm_op_PartSelect.i8.i256.i32.i32, i256 %rd1_load_2, i32 216, i32 223" [C:/Vulcan/Protocol/Display/v_dp_rxss1_0_ex/v_dp_rxss1_0_ex.runs/dpss_vck190_pt_v_frmbuf_rd_0_0_synth_1/prj/sol/.autopilot/db/v_frmbuf_rd.cpp:1184]   --->   Operation 175 'partselect' 'tmp_117' <Predicate = (icmp_ln1155)> <Delay = 0.00>
ST_6 : Operation 176 [1/1] (0.00ns)   --->   "%p_4 = bitconcatenate i120 @_ssdm_op_BitConcatenate.i120.i8.i2.i8.i2.i8.i2.i8.i2.i8.i2.i8.i2.i8.i2.i8.i2.i8.i2.i8.i2.i8.i2.i8.i2, i8 %tmp_117, i2 0, i8 %tmp_116, i2 0, i8 %tmp_115, i2 0, i8 %tmp_114, i2 0, i8 %tmp_113, i2 0, i8 %tmp_112, i2 0, i8 %tmp_111, i2 0, i8 %tmp_110, i2 0, i8 %tmp_109, i2 0, i8 %tmp_108, i2 0, i8 %tmp_107, i2 0, i8 %tmp_106, i2 0" [C:/Vulcan/Protocol/Display/v_dp_rxss1_0_ex/v_dp_rxss1_0_ex.runs/dpss_vck190_pt_v_frmbuf_rd_0_0_synth_1/prj/sol/.autopilot/db/v_frmbuf_rd.cpp:1187]   --->   Operation 176 'bitconcatenate' 'p_4' <Predicate = (icmp_ln1155 & or_ln1186_4)> <Delay = 0.00>
ST_6 : Operation 177 [1/1] (0.00ns)   --->   "%muxLogicData_to_write_ln1187 = muxlogic i120 %p_4"   --->   Operation 177 'muxlogic' 'muxLogicData_to_write_ln1187' <Predicate = (icmp_ln1155 & or_ln1186_4)> <Delay = 0.00>
ST_6 : Operation 178 [1/1] (0.85ns)   --->   "%write_ln1187 = write void @_ssdm_op_Write.ap_fifo.volatile.i120P0A, i120 %img, i120 %p_4" [C:/Vulcan/Protocol/Display/v_dp_rxss1_0_ex/v_dp_rxss1_0_ex.runs/dpss_vck190_pt_v_frmbuf_rd_0_0_synth_1/prj/sol/.autopilot/db/v_frmbuf_rd.cpp:1187]   --->   Operation 178 'write' 'write_ln1187' <Predicate = (icmp_ln1155 & or_ln1186_4)> <Delay = 0.85> <CoreInst = "FIFO_SRL">   --->   Core 85 'FIFO_SRL' <Latency = 0> <II = 1> <Delay = 0.85> <Storage> <Opcode : 'read' 'write' 'nbread' 'nbwrite'> <Ports = 0> <Width = 120> <Depth = 2> <FIFO>
ST_6 : Operation 179 [1/1] (0.00ns)   --->   "%br_ln1187 = br void %for.inc385.5" [C:/Vulcan/Protocol/Display/v_dp_rxss1_0_ex/v_dp_rxss1_0_ex.runs/dpss_vck190_pt_v_frmbuf_rd_0_0_synth_1/prj/sol/.autopilot/db/v_frmbuf_rd.cpp:1187]   --->   Operation 179 'br' 'br_ln1187' <Predicate = (icmp_ln1155 & or_ln1186_4)> <Delay = 0.00>

State 7 <SV = 6> <Delay = 0.85>
ST_7 : Operation 180 [1/1] (0.00ns)   --->   "%MuxLogicAddr_to_rd1_load_3 = muxlogic i256 %rd1"   --->   Operation 180 'muxlogic' 'MuxLogicAddr_to_rd1_load_3' <Predicate = (icmp_ln1155)> <Delay = 0.00>
ST_7 : Operation 181 [1/1] (0.00ns)   --->   "%rd1_load_3 = load i256 %rd1" [C:/Vulcan/Protocol/Display/v_dp_rxss1_0_ex/v_dp_rxss1_0_ex.runs/dpss_vck190_pt_v_frmbuf_rd_0_0_synth_1/prj/sol/.autopilot/db/v_frmbuf_rd.cpp:1182]   --->   Operation 181 'load' 'rd1_load_3' <Predicate = (icmp_ln1155)> <Delay = 0.00>
ST_7 : Operation 182 [1/1] (0.00ns)   --->   "%MuxLogicAddr_to_rd2_load = muxlogic i256 %rd2"   --->   Operation 182 'muxlogic' 'MuxLogicAddr_to_rd2_load' <Predicate = (icmp_ln1155)> <Delay = 0.00>
ST_7 : Operation 183 [1/1] (0.00ns)   --->   "%rd2_load = load i256 %rd2" [C:/Vulcan/Protocol/Display/v_dp_rxss1_0_ex/v_dp_rxss1_0_ex.runs/dpss_vck190_pt_v_frmbuf_rd_0_0_synth_1/prj/sol/.autopilot/db/v_frmbuf_rd.cpp:1183]   --->   Operation 183 'load' 'rd2_load' <Predicate = (icmp_ln1155)> <Delay = 0.00>
ST_7 : Operation 184 [1/1] (0.00ns)   --->   "%tmp_118 = partselect i8 @_ssdm_op_PartSelect.i8.i256.i32.i32, i256 %rd1_load_3, i32 224, i32 231" [C:/Vulcan/Protocol/Display/v_dp_rxss1_0_ex/v_dp_rxss1_0_ex.runs/dpss_vck190_pt_v_frmbuf_rd_0_0_synth_1/prj/sol/.autopilot/db/v_frmbuf_rd.cpp:1182]   --->   Operation 184 'partselect' 'tmp_118' <Predicate = (icmp_ln1155)> <Delay = 0.00>
ST_7 : Operation 185 [1/1] (0.00ns)   --->   "%tmp_119 = partselect i8 @_ssdm_op_PartSelect.i8.i256.i32.i32, i256 %rd1_load_3, i32 232, i32 239" [C:/Vulcan/Protocol/Display/v_dp_rxss1_0_ex/v_dp_rxss1_0_ex.runs/dpss_vck190_pt_v_frmbuf_rd_0_0_synth_1/prj/sol/.autopilot/db/v_frmbuf_rd.cpp:1183]   --->   Operation 185 'partselect' 'tmp_119' <Predicate = (icmp_ln1155)> <Delay = 0.00>
ST_7 : Operation 186 [1/1] (0.00ns)   --->   "%tmp_120 = partselect i8 @_ssdm_op_PartSelect.i8.i256.i32.i32, i256 %rd1_load_3, i32 240, i32 247" [C:/Vulcan/Protocol/Display/v_dp_rxss1_0_ex/v_dp_rxss1_0_ex.runs/dpss_vck190_pt_v_frmbuf_rd_0_0_synth_1/prj/sol/.autopilot/db/v_frmbuf_rd.cpp:1184]   --->   Operation 186 'partselect' 'tmp_120' <Predicate = (icmp_ln1155)> <Delay = 0.00>
ST_7 : Operation 187 [1/1] (0.00ns)   --->   "%tmp_121 = partselect i8 @_ssdm_op_PartSelect.i8.i256.i32.i32, i256 %rd1_load_3, i32 248, i32 255" [C:/Vulcan/Protocol/Display/v_dp_rxss1_0_ex/v_dp_rxss1_0_ex.runs/dpss_vck190_pt_v_frmbuf_rd_0_0_synth_1/prj/sol/.autopilot/db/v_frmbuf_rd.cpp:1182]   --->   Operation 187 'partselect' 'tmp_121' <Predicate = (icmp_ln1155)> <Delay = 0.00>
ST_7 : Operation 188 [1/1] (0.00ns)   --->   "%trunc_ln1183 = trunc i256 %rd2_load" [C:/Vulcan/Protocol/Display/v_dp_rxss1_0_ex/v_dp_rxss1_0_ex.runs/dpss_vck190_pt_v_frmbuf_rd_0_0_synth_1/prj/sol/.autopilot/db/v_frmbuf_rd.cpp:1183]   --->   Operation 188 'trunc' 'trunc_ln1183' <Predicate = (icmp_ln1155)> <Delay = 0.00>
ST_7 : Operation 189 [1/1] (0.00ns)   --->   "%tmp_122 = partselect i8 @_ssdm_op_PartSelect.i8.i256.i32.i32, i256 %rd2_load, i32 8, i32 15" [C:/Vulcan/Protocol/Display/v_dp_rxss1_0_ex/v_dp_rxss1_0_ex.runs/dpss_vck190_pt_v_frmbuf_rd_0_0_synth_1/prj/sol/.autopilot/db/v_frmbuf_rd.cpp:1184]   --->   Operation 189 'partselect' 'tmp_122' <Predicate = (icmp_ln1155)> <Delay = 0.00>
ST_7 : Operation 190 [1/1] (0.00ns)   --->   "%tmp_123 = partselect i8 @_ssdm_op_PartSelect.i8.i256.i32.i32, i256 %rd2_load, i32 16, i32 23" [C:/Vulcan/Protocol/Display/v_dp_rxss1_0_ex/v_dp_rxss1_0_ex.runs/dpss_vck190_pt_v_frmbuf_rd_0_0_synth_1/prj/sol/.autopilot/db/v_frmbuf_rd.cpp:1182]   --->   Operation 190 'partselect' 'tmp_123' <Predicate = (icmp_ln1155)> <Delay = 0.00>
ST_7 : Operation 191 [1/1] (0.00ns)   --->   "%tmp_124 = partselect i8 @_ssdm_op_PartSelect.i8.i256.i32.i32, i256 %rd2_load, i32 24, i32 31" [C:/Vulcan/Protocol/Display/v_dp_rxss1_0_ex/v_dp_rxss1_0_ex.runs/dpss_vck190_pt_v_frmbuf_rd_0_0_synth_1/prj/sol/.autopilot/db/v_frmbuf_rd.cpp:1183]   --->   Operation 191 'partselect' 'tmp_124' <Predicate = (icmp_ln1155)> <Delay = 0.00>
ST_7 : Operation 192 [1/1] (0.00ns)   --->   "%tmp_125 = partselect i8 @_ssdm_op_PartSelect.i8.i256.i32.i32, i256 %rd2_load, i32 32, i32 39" [C:/Vulcan/Protocol/Display/v_dp_rxss1_0_ex/v_dp_rxss1_0_ex.runs/dpss_vck190_pt_v_frmbuf_rd_0_0_synth_1/prj/sol/.autopilot/db/v_frmbuf_rd.cpp:1184]   --->   Operation 192 'partselect' 'tmp_125' <Predicate = (icmp_ln1155)> <Delay = 0.00>
ST_7 : Operation 193 [1/1] (0.00ns)   --->   "%tmp_126 = partselect i8 @_ssdm_op_PartSelect.i8.i256.i32.i32, i256 %rd2_load, i32 40, i32 47" [C:/Vulcan/Protocol/Display/v_dp_rxss1_0_ex/v_dp_rxss1_0_ex.runs/dpss_vck190_pt_v_frmbuf_rd_0_0_synth_1/prj/sol/.autopilot/db/v_frmbuf_rd.cpp:1182]   --->   Operation 193 'partselect' 'tmp_126' <Predicate = (icmp_ln1155)> <Delay = 0.00>
ST_7 : Operation 194 [1/1] (0.00ns)   --->   "%tmp_127 = partselect i8 @_ssdm_op_PartSelect.i8.i256.i32.i32, i256 %rd2_load, i32 48, i32 55" [C:/Vulcan/Protocol/Display/v_dp_rxss1_0_ex/v_dp_rxss1_0_ex.runs/dpss_vck190_pt_v_frmbuf_rd_0_0_synth_1/prj/sol/.autopilot/db/v_frmbuf_rd.cpp:1183]   --->   Operation 194 'partselect' 'tmp_127' <Predicate = (icmp_ln1155)> <Delay = 0.00>
ST_7 : Operation 195 [1/1] (0.00ns)   --->   "%tmp_128 = partselect i8 @_ssdm_op_PartSelect.i8.i256.i32.i32, i256 %rd2_load, i32 56, i32 63" [C:/Vulcan/Protocol/Display/v_dp_rxss1_0_ex/v_dp_rxss1_0_ex.runs/dpss_vck190_pt_v_frmbuf_rd_0_0_synth_1/prj/sol/.autopilot/db/v_frmbuf_rd.cpp:1184]   --->   Operation 195 'partselect' 'tmp_128' <Predicate = (icmp_ln1155)> <Delay = 0.00>
ST_7 : Operation 196 [1/1] (0.00ns)   --->   "%p_5 = bitconcatenate i120 @_ssdm_op_BitConcatenate.i120.i8.i2.i8.i2.i8.i2.i8.i2.i8.i2.i8.i2.i8.i2.i8.i2.i8.i2.i8.i2.i8.i2.i8.i2, i8 %tmp_128, i2 0, i8 %tmp_127, i2 0, i8 %tmp_126, i2 0, i8 %tmp_125, i2 0, i8 %tmp_124, i2 0, i8 %tmp_123, i2 0, i8 %tmp_122, i2 0, i8 %trunc_ln1183, i2 0, i8 %tmp_121, i2 0, i8 %tmp_120, i2 0, i8 %tmp_119, i2 0, i8 %tmp_118, i2 0" [C:/Vulcan/Protocol/Display/v_dp_rxss1_0_ex/v_dp_rxss1_0_ex.runs/dpss_vck190_pt_v_frmbuf_rd_0_0_synth_1/prj/sol/.autopilot/db/v_frmbuf_rd.cpp:1187]   --->   Operation 196 'bitconcatenate' 'p_5' <Predicate = (icmp_ln1155 & or_ln1186_5)> <Delay = 0.00>
ST_7 : Operation 197 [1/1] (0.00ns)   --->   "%muxLogicData_to_write_ln1187 = muxlogic i120 %p_5"   --->   Operation 197 'muxlogic' 'muxLogicData_to_write_ln1187' <Predicate = (icmp_ln1155 & or_ln1186_5)> <Delay = 0.00>
ST_7 : Operation 198 [1/1] (0.85ns)   --->   "%write_ln1187 = write void @_ssdm_op_Write.ap_fifo.volatile.i120P0A, i120 %img, i120 %p_5" [C:/Vulcan/Protocol/Display/v_dp_rxss1_0_ex/v_dp_rxss1_0_ex.runs/dpss_vck190_pt_v_frmbuf_rd_0_0_synth_1/prj/sol/.autopilot/db/v_frmbuf_rd.cpp:1187]   --->   Operation 198 'write' 'write_ln1187' <Predicate = (icmp_ln1155 & or_ln1186_5)> <Delay = 0.85> <CoreInst = "FIFO_SRL">   --->   Core 85 'FIFO_SRL' <Latency = 0> <II = 1> <Delay = 0.85> <Storage> <Opcode : 'read' 'write' 'nbread' 'nbwrite'> <Ports = 0> <Width = 120> <Depth = 2> <FIFO>
ST_7 : Operation 199 [1/1] (0.00ns)   --->   "%br_ln1187 = br void %for.inc385.6" [C:/Vulcan/Protocol/Display/v_dp_rxss1_0_ex/v_dp_rxss1_0_ex.runs/dpss_vck190_pt_v_frmbuf_rd_0_0_synth_1/prj/sol/.autopilot/db/v_frmbuf_rd.cpp:1187]   --->   Operation 199 'br' 'br_ln1187' <Predicate = (icmp_ln1155 & or_ln1186_5)> <Delay = 0.00>

State 8 <SV = 7> <Delay = 0.85>
ST_8 : Operation 200 [1/1] (0.00ns)   --->   "%MuxLogicAddr_to_rd2_load_1 = muxlogic i256 %rd2"   --->   Operation 200 'muxlogic' 'MuxLogicAddr_to_rd2_load_1' <Predicate = (icmp_ln1155)> <Delay = 0.00>
ST_8 : Operation 201 [1/1] (0.00ns)   --->   "%rd2_load_1 = load i256 %rd2" [C:/Vulcan/Protocol/Display/v_dp_rxss1_0_ex/v_dp_rxss1_0_ex.runs/dpss_vck190_pt_v_frmbuf_rd_0_0_synth_1/prj/sol/.autopilot/db/v_frmbuf_rd.cpp:1182]   --->   Operation 201 'load' 'rd2_load_1' <Predicate = (icmp_ln1155)> <Delay = 0.00>
ST_8 : Operation 202 [1/1] (0.00ns)   --->   "%tmp_129 = partselect i8 @_ssdm_op_PartSelect.i8.i256.i32.i32, i256 %rd2_load_1, i32 64, i32 71" [C:/Vulcan/Protocol/Display/v_dp_rxss1_0_ex/v_dp_rxss1_0_ex.runs/dpss_vck190_pt_v_frmbuf_rd_0_0_synth_1/prj/sol/.autopilot/db/v_frmbuf_rd.cpp:1182]   --->   Operation 202 'partselect' 'tmp_129' <Predicate = (icmp_ln1155)> <Delay = 0.00>
ST_8 : Operation 203 [1/1] (0.00ns)   --->   "%tmp_130 = partselect i8 @_ssdm_op_PartSelect.i8.i256.i32.i32, i256 %rd2_load_1, i32 72, i32 79" [C:/Vulcan/Protocol/Display/v_dp_rxss1_0_ex/v_dp_rxss1_0_ex.runs/dpss_vck190_pt_v_frmbuf_rd_0_0_synth_1/prj/sol/.autopilot/db/v_frmbuf_rd.cpp:1183]   --->   Operation 203 'partselect' 'tmp_130' <Predicate = (icmp_ln1155)> <Delay = 0.00>
ST_8 : Operation 204 [1/1] (0.00ns)   --->   "%tmp_131 = partselect i8 @_ssdm_op_PartSelect.i8.i256.i32.i32, i256 %rd2_load_1, i32 80, i32 87" [C:/Vulcan/Protocol/Display/v_dp_rxss1_0_ex/v_dp_rxss1_0_ex.runs/dpss_vck190_pt_v_frmbuf_rd_0_0_synth_1/prj/sol/.autopilot/db/v_frmbuf_rd.cpp:1184]   --->   Operation 204 'partselect' 'tmp_131' <Predicate = (icmp_ln1155)> <Delay = 0.00>
ST_8 : Operation 205 [1/1] (0.00ns)   --->   "%tmp_132 = partselect i8 @_ssdm_op_PartSelect.i8.i256.i32.i32, i256 %rd2_load_1, i32 88, i32 95" [C:/Vulcan/Protocol/Display/v_dp_rxss1_0_ex/v_dp_rxss1_0_ex.runs/dpss_vck190_pt_v_frmbuf_rd_0_0_synth_1/prj/sol/.autopilot/db/v_frmbuf_rd.cpp:1182]   --->   Operation 205 'partselect' 'tmp_132' <Predicate = (icmp_ln1155)> <Delay = 0.00>
ST_8 : Operation 206 [1/1] (0.00ns)   --->   "%tmp_133 = partselect i8 @_ssdm_op_PartSelect.i8.i256.i32.i32, i256 %rd2_load_1, i32 96, i32 103" [C:/Vulcan/Protocol/Display/v_dp_rxss1_0_ex/v_dp_rxss1_0_ex.runs/dpss_vck190_pt_v_frmbuf_rd_0_0_synth_1/prj/sol/.autopilot/db/v_frmbuf_rd.cpp:1183]   --->   Operation 206 'partselect' 'tmp_133' <Predicate = (icmp_ln1155)> <Delay = 0.00>
ST_8 : Operation 207 [1/1] (0.00ns)   --->   "%tmp_134 = partselect i8 @_ssdm_op_PartSelect.i8.i256.i32.i32, i256 %rd2_load_1, i32 104, i32 111" [C:/Vulcan/Protocol/Display/v_dp_rxss1_0_ex/v_dp_rxss1_0_ex.runs/dpss_vck190_pt_v_frmbuf_rd_0_0_synth_1/prj/sol/.autopilot/db/v_frmbuf_rd.cpp:1184]   --->   Operation 207 'partselect' 'tmp_134' <Predicate = (icmp_ln1155)> <Delay = 0.00>
ST_8 : Operation 208 [1/1] (0.00ns)   --->   "%tmp_135 = partselect i8 @_ssdm_op_PartSelect.i8.i256.i32.i32, i256 %rd2_load_1, i32 112, i32 119" [C:/Vulcan/Protocol/Display/v_dp_rxss1_0_ex/v_dp_rxss1_0_ex.runs/dpss_vck190_pt_v_frmbuf_rd_0_0_synth_1/prj/sol/.autopilot/db/v_frmbuf_rd.cpp:1182]   --->   Operation 208 'partselect' 'tmp_135' <Predicate = (icmp_ln1155)> <Delay = 0.00>
ST_8 : Operation 209 [1/1] (0.00ns)   --->   "%tmp_136 = partselect i8 @_ssdm_op_PartSelect.i8.i256.i32.i32, i256 %rd2_load_1, i32 120, i32 127" [C:/Vulcan/Protocol/Display/v_dp_rxss1_0_ex/v_dp_rxss1_0_ex.runs/dpss_vck190_pt_v_frmbuf_rd_0_0_synth_1/prj/sol/.autopilot/db/v_frmbuf_rd.cpp:1183]   --->   Operation 209 'partselect' 'tmp_136' <Predicate = (icmp_ln1155)> <Delay = 0.00>
ST_8 : Operation 210 [1/1] (0.00ns)   --->   "%tmp_137 = partselect i8 @_ssdm_op_PartSelect.i8.i256.i32.i32, i256 %rd2_load_1, i32 128, i32 135" [C:/Vulcan/Protocol/Display/v_dp_rxss1_0_ex/v_dp_rxss1_0_ex.runs/dpss_vck190_pt_v_frmbuf_rd_0_0_synth_1/prj/sol/.autopilot/db/v_frmbuf_rd.cpp:1184]   --->   Operation 210 'partselect' 'tmp_137' <Predicate = (icmp_ln1155)> <Delay = 0.00>
ST_8 : Operation 211 [1/1] (0.00ns)   --->   "%tmp_138 = partselect i8 @_ssdm_op_PartSelect.i8.i256.i32.i32, i256 %rd2_load_1, i32 136, i32 143" [C:/Vulcan/Protocol/Display/v_dp_rxss1_0_ex/v_dp_rxss1_0_ex.runs/dpss_vck190_pt_v_frmbuf_rd_0_0_synth_1/prj/sol/.autopilot/db/v_frmbuf_rd.cpp:1182]   --->   Operation 211 'partselect' 'tmp_138' <Predicate = (icmp_ln1155)> <Delay = 0.00>
ST_8 : Operation 212 [1/1] (0.00ns)   --->   "%tmp_139 = partselect i8 @_ssdm_op_PartSelect.i8.i256.i32.i32, i256 %rd2_load_1, i32 144, i32 151" [C:/Vulcan/Protocol/Display/v_dp_rxss1_0_ex/v_dp_rxss1_0_ex.runs/dpss_vck190_pt_v_frmbuf_rd_0_0_synth_1/prj/sol/.autopilot/db/v_frmbuf_rd.cpp:1183]   --->   Operation 212 'partselect' 'tmp_139' <Predicate = (icmp_ln1155)> <Delay = 0.00>
ST_8 : Operation 213 [1/1] (0.00ns)   --->   "%tmp_140 = partselect i8 @_ssdm_op_PartSelect.i8.i256.i32.i32, i256 %rd2_load_1, i32 152, i32 159" [C:/Vulcan/Protocol/Display/v_dp_rxss1_0_ex/v_dp_rxss1_0_ex.runs/dpss_vck190_pt_v_frmbuf_rd_0_0_synth_1/prj/sol/.autopilot/db/v_frmbuf_rd.cpp:1184]   --->   Operation 213 'partselect' 'tmp_140' <Predicate = (icmp_ln1155)> <Delay = 0.00>
ST_8 : Operation 214 [1/1] (0.00ns)   --->   "%p_6 = bitconcatenate i120 @_ssdm_op_BitConcatenate.i120.i8.i2.i8.i2.i8.i2.i8.i2.i8.i2.i8.i2.i8.i2.i8.i2.i8.i2.i8.i2.i8.i2.i8.i2, i8 %tmp_140, i2 0, i8 %tmp_139, i2 0, i8 %tmp_138, i2 0, i8 %tmp_137, i2 0, i8 %tmp_136, i2 0, i8 %tmp_135, i2 0, i8 %tmp_134, i2 0, i8 %tmp_133, i2 0, i8 %tmp_132, i2 0, i8 %tmp_131, i2 0, i8 %tmp_130, i2 0, i8 %tmp_129, i2 0" [C:/Vulcan/Protocol/Display/v_dp_rxss1_0_ex/v_dp_rxss1_0_ex.runs/dpss_vck190_pt_v_frmbuf_rd_0_0_synth_1/prj/sol/.autopilot/db/v_frmbuf_rd.cpp:1187]   --->   Operation 214 'bitconcatenate' 'p_6' <Predicate = (icmp_ln1155 & or_ln1186_6)> <Delay = 0.00>
ST_8 : Operation 215 [1/1] (0.00ns)   --->   "%muxLogicData_to_write_ln1187 = muxlogic i120 %p_6"   --->   Operation 215 'muxlogic' 'muxLogicData_to_write_ln1187' <Predicate = (icmp_ln1155 & or_ln1186_6)> <Delay = 0.00>
ST_8 : Operation 216 [1/1] (0.85ns)   --->   "%write_ln1187 = write void @_ssdm_op_Write.ap_fifo.volatile.i120P0A, i120 %img, i120 %p_6" [C:/Vulcan/Protocol/Display/v_dp_rxss1_0_ex/v_dp_rxss1_0_ex.runs/dpss_vck190_pt_v_frmbuf_rd_0_0_synth_1/prj/sol/.autopilot/db/v_frmbuf_rd.cpp:1187]   --->   Operation 216 'write' 'write_ln1187' <Predicate = (icmp_ln1155 & or_ln1186_6)> <Delay = 0.85> <CoreInst = "FIFO_SRL">   --->   Core 85 'FIFO_SRL' <Latency = 0> <II = 1> <Delay = 0.85> <Storage> <Opcode : 'read' 'write' 'nbread' 'nbwrite'> <Ports = 0> <Width = 120> <Depth = 2> <FIFO>
ST_8 : Operation 217 [1/1] (0.00ns)   --->   "%br_ln1187 = br void %for.inc385.7" [C:/Vulcan/Protocol/Display/v_dp_rxss1_0_ex/v_dp_rxss1_0_ex.runs/dpss_vck190_pt_v_frmbuf_rd_0_0_synth_1/prj/sol/.autopilot/db/v_frmbuf_rd.cpp:1187]   --->   Operation 217 'br' 'br_ln1187' <Predicate = (icmp_ln1155 & or_ln1186_6)> <Delay = 0.00>

State 9 <SV = 8> <Delay = 0.85>
ST_9 : Operation 218 [1/1] (0.00ns)   --->   "%MuxLogicAddr_to_rd2_load_2 = muxlogic i256 %rd2"   --->   Operation 218 'muxlogic' 'MuxLogicAddr_to_rd2_load_2' <Predicate = true> <Delay = 0.00>
ST_9 : Operation 219 [1/1] (0.00ns)   --->   "%rd2_load_2 = load i256 %rd2" [C:/Vulcan/Protocol/Display/v_dp_rxss1_0_ex/v_dp_rxss1_0_ex.runs/dpss_vck190_pt_v_frmbuf_rd_0_0_synth_1/prj/sol/.autopilot/db/v_frmbuf_rd.cpp:1182]   --->   Operation 219 'load' 'rd2_load_2' <Predicate = true> <Delay = 0.00>
ST_9 : Operation 220 [1/1] (0.00ns)   --->   "%tmp_141 = partselect i8 @_ssdm_op_PartSelect.i8.i256.i32.i32, i256 %rd2_load_2, i32 160, i32 167" [C:/Vulcan/Protocol/Display/v_dp_rxss1_0_ex/v_dp_rxss1_0_ex.runs/dpss_vck190_pt_v_frmbuf_rd_0_0_synth_1/prj/sol/.autopilot/db/v_frmbuf_rd.cpp:1182]   --->   Operation 220 'partselect' 'tmp_141' <Predicate = true> <Delay = 0.00>
ST_9 : Operation 221 [1/1] (0.00ns)   --->   "%tmp_142 = partselect i8 @_ssdm_op_PartSelect.i8.i256.i32.i32, i256 %rd2_load_2, i32 168, i32 175" [C:/Vulcan/Protocol/Display/v_dp_rxss1_0_ex/v_dp_rxss1_0_ex.runs/dpss_vck190_pt_v_frmbuf_rd_0_0_synth_1/prj/sol/.autopilot/db/v_frmbuf_rd.cpp:1183]   --->   Operation 221 'partselect' 'tmp_142' <Predicate = true> <Delay = 0.00>
ST_9 : Operation 222 [1/1] (0.00ns)   --->   "%tmp_143 = partselect i8 @_ssdm_op_PartSelect.i8.i256.i32.i32, i256 %rd2_load_2, i32 176, i32 183" [C:/Vulcan/Protocol/Display/v_dp_rxss1_0_ex/v_dp_rxss1_0_ex.runs/dpss_vck190_pt_v_frmbuf_rd_0_0_synth_1/prj/sol/.autopilot/db/v_frmbuf_rd.cpp:1184]   --->   Operation 222 'partselect' 'tmp_143' <Predicate = true> <Delay = 0.00>
ST_9 : Operation 223 [1/1] (0.00ns)   --->   "%tmp_144 = partselect i8 @_ssdm_op_PartSelect.i8.i256.i32.i32, i256 %rd2_load_2, i32 184, i32 191" [C:/Vulcan/Protocol/Display/v_dp_rxss1_0_ex/v_dp_rxss1_0_ex.runs/dpss_vck190_pt_v_frmbuf_rd_0_0_synth_1/prj/sol/.autopilot/db/v_frmbuf_rd.cpp:1182]   --->   Operation 223 'partselect' 'tmp_144' <Predicate = true> <Delay = 0.00>
ST_9 : Operation 224 [1/1] (0.00ns)   --->   "%tmp_145 = partselect i8 @_ssdm_op_PartSelect.i8.i256.i32.i32, i256 %rd2_load_2, i32 192, i32 199" [C:/Vulcan/Protocol/Display/v_dp_rxss1_0_ex/v_dp_rxss1_0_ex.runs/dpss_vck190_pt_v_frmbuf_rd_0_0_synth_1/prj/sol/.autopilot/db/v_frmbuf_rd.cpp:1183]   --->   Operation 224 'partselect' 'tmp_145' <Predicate = true> <Delay = 0.00>
ST_9 : Operation 225 [1/1] (0.00ns)   --->   "%tmp_146 = partselect i8 @_ssdm_op_PartSelect.i8.i256.i32.i32, i256 %rd2_load_2, i32 200, i32 207" [C:/Vulcan/Protocol/Display/v_dp_rxss1_0_ex/v_dp_rxss1_0_ex.runs/dpss_vck190_pt_v_frmbuf_rd_0_0_synth_1/prj/sol/.autopilot/db/v_frmbuf_rd.cpp:1184]   --->   Operation 225 'partselect' 'tmp_146' <Predicate = true> <Delay = 0.00>
ST_9 : Operation 226 [1/1] (0.00ns)   --->   "%tmp_147 = partselect i8 @_ssdm_op_PartSelect.i8.i256.i32.i32, i256 %rd2_load_2, i32 208, i32 215" [C:/Vulcan/Protocol/Display/v_dp_rxss1_0_ex/v_dp_rxss1_0_ex.runs/dpss_vck190_pt_v_frmbuf_rd_0_0_synth_1/prj/sol/.autopilot/db/v_frmbuf_rd.cpp:1182]   --->   Operation 226 'partselect' 'tmp_147' <Predicate = true> <Delay = 0.00>
ST_9 : Operation 227 [1/1] (0.00ns)   --->   "%tmp_148 = partselect i8 @_ssdm_op_PartSelect.i8.i256.i32.i32, i256 %rd2_load_2, i32 216, i32 223" [C:/Vulcan/Protocol/Display/v_dp_rxss1_0_ex/v_dp_rxss1_0_ex.runs/dpss_vck190_pt_v_frmbuf_rd_0_0_synth_1/prj/sol/.autopilot/db/v_frmbuf_rd.cpp:1183]   --->   Operation 227 'partselect' 'tmp_148' <Predicate = true> <Delay = 0.00>
ST_9 : Operation 228 [1/1] (0.00ns)   --->   "%tmp_149 = partselect i8 @_ssdm_op_PartSelect.i8.i256.i32.i32, i256 %rd2_load_2, i32 224, i32 231" [C:/Vulcan/Protocol/Display/v_dp_rxss1_0_ex/v_dp_rxss1_0_ex.runs/dpss_vck190_pt_v_frmbuf_rd_0_0_synth_1/prj/sol/.autopilot/db/v_frmbuf_rd.cpp:1184]   --->   Operation 228 'partselect' 'tmp_149' <Predicate = true> <Delay = 0.00>
ST_9 : Operation 229 [1/1] (0.00ns)   --->   "%tmp_150 = partselect i8 @_ssdm_op_PartSelect.i8.i256.i32.i32, i256 %rd2_load_2, i32 232, i32 239" [C:/Vulcan/Protocol/Display/v_dp_rxss1_0_ex/v_dp_rxss1_0_ex.runs/dpss_vck190_pt_v_frmbuf_rd_0_0_synth_1/prj/sol/.autopilot/db/v_frmbuf_rd.cpp:1182]   --->   Operation 229 'partselect' 'tmp_150' <Predicate = true> <Delay = 0.00>
ST_9 : Operation 230 [1/1] (0.00ns)   --->   "%tmp_151 = partselect i8 @_ssdm_op_PartSelect.i8.i256.i32.i32, i256 %rd2_load_2, i32 240, i32 247" [C:/Vulcan/Protocol/Display/v_dp_rxss1_0_ex/v_dp_rxss1_0_ex.runs/dpss_vck190_pt_v_frmbuf_rd_0_0_synth_1/prj/sol/.autopilot/db/v_frmbuf_rd.cpp:1183]   --->   Operation 230 'partselect' 'tmp_151' <Predicate = true> <Delay = 0.00>
ST_9 : Operation 231 [1/1] (0.00ns)   --->   "%tmp_152 = partselect i8 @_ssdm_op_PartSelect.i8.i256.i32.i32, i256 %rd2_load_2, i32 248, i32 255" [C:/Vulcan/Protocol/Display/v_dp_rxss1_0_ex/v_dp_rxss1_0_ex.runs/dpss_vck190_pt_v_frmbuf_rd_0_0_synth_1/prj/sol/.autopilot/db/v_frmbuf_rd.cpp:1184]   --->   Operation 231 'partselect' 'tmp_152' <Predicate = true> <Delay = 0.00>
ST_9 : Operation 232 [1/1] (0.00ns)   --->   "%p_0 = bitconcatenate i120 @_ssdm_op_BitConcatenate.i120.i8.i2.i8.i2.i8.i2.i8.i2.i8.i2.i8.i2.i8.i2.i8.i2.i8.i2.i8.i2.i8.i2.i8.i2, i8 %tmp_152, i2 0, i8 %tmp_151, i2 0, i8 %tmp_150, i2 0, i8 %tmp_149, i2 0, i8 %tmp_148, i2 0, i8 %tmp_147, i2 0, i8 %tmp_146, i2 0, i8 %tmp_145, i2 0, i8 %tmp_144, i2 0, i8 %tmp_143, i2 0, i8 %tmp_142, i2 0, i8 %tmp_141, i2 0" [C:/Vulcan/Protocol/Display/v_dp_rxss1_0_ex/v_dp_rxss1_0_ex.runs/dpss_vck190_pt_v_frmbuf_rd_0_0_synth_1/prj/sol/.autopilot/db/v_frmbuf_rd.cpp:1187]   --->   Operation 232 'bitconcatenate' 'p_0' <Predicate = (or_ln1186_7)> <Delay = 0.00>
ST_9 : Operation 233 [1/1] (0.00ns)   --->   "%muxLogicData_to_write_ln1187 = muxlogic i120 %p_0"   --->   Operation 233 'muxlogic' 'muxLogicData_to_write_ln1187' <Predicate = (or_ln1186_7)> <Delay = 0.00>
ST_9 : Operation 234 [1/1] (0.85ns)   --->   "%write_ln1187 = write void @_ssdm_op_Write.ap_fifo.volatile.i120P0A, i120 %img, i120 %p_0" [C:/Vulcan/Protocol/Display/v_dp_rxss1_0_ex/v_dp_rxss1_0_ex.runs/dpss_vck190_pt_v_frmbuf_rd_0_0_synth_1/prj/sol/.autopilot/db/v_frmbuf_rd.cpp:1187]   --->   Operation 234 'write' 'write_ln1187' <Predicate = (or_ln1186_7)> <Delay = 0.85> <CoreInst = "FIFO_SRL">   --->   Core 85 'FIFO_SRL' <Latency = 0> <II = 1> <Delay = 0.85> <Storage> <Opcode : 'read' 'write' 'nbread' 'nbwrite'> <Ports = 0> <Width = 120> <Depth = 2> <FIFO>
ST_9 : Operation 235 [1/1] (0.00ns)   --->   "%br_ln1187 = br void %for.inc395.7" [C:/Vulcan/Protocol/Display/v_dp_rxss1_0_ex/v_dp_rxss1_0_ex.runs/dpss_vck190_pt_v_frmbuf_rd_0_0_synth_1/prj/sol/.autopilot/db/v_frmbuf_rd.cpp:1187]   --->   Operation 235 'br' 'br_ln1187' <Predicate = (or_ln1186_7)> <Delay = 0.00>


============================================================
+ Verbose Summary: Timing violations
============================================================
Target clock period: 3.333ns, clock uncertainty: 0.900ns.

 <State 1>: 1.607ns
The critical path consists of the following:
	'store' operation 0 bit ('store_ln1155', C:/Vulcan/Protocol/Display/v_dp_rxss1_0_ex/v_dp_rxss1_0_ex.runs/dpss_vck190_pt_v_frmbuf_rd_0_0_synth_1/prj/sol/.autopilot/db/v_frmbuf_rd.cpp:1155) of constant 0 on local variable 'x', C:/Vulcan/Protocol/Display/v_dp_rxss1_0_ex/v_dp_rxss1_0_ex.runs/dpss_vck190_pt_v_frmbuf_rd_0_0_synth_1/prj/sol/.autopilot/db/v_frmbuf_rd.cpp:1155 [47]  (0.402 ns)
	'load' operation 10 bit ('x', C:/Vulcan/Protocol/Display/v_dp_rxss1_0_ex/v_dp_rxss1_0_ex.runs/dpss_vck190_pt_v_frmbuf_rd_0_0_synth_1/prj/sol/.autopilot/db/v_frmbuf_rd.cpp:1155) on local variable 'x', C:/Vulcan/Protocol/Display/v_dp_rxss1_0_ex/v_dp_rxss1_0_ex.runs/dpss_vck190_pt_v_frmbuf_rd_0_0_synth_1/prj/sol/.autopilot/db/v_frmbuf_rd.cpp:1155 [51]  (0.000 ns)
	'icmp' operation 1 bit ('icmp_ln1155', C:/Vulcan/Protocol/Display/v_dp_rxss1_0_ex/v_dp_rxss1_0_ex.runs/dpss_vck190_pt_v_frmbuf_rd_0_0_synth_1/prj/sol/.autopilot/db/v_frmbuf_rd.cpp:1155) [54]  (0.802 ns)
	'store' operation 0 bit ('store_ln1155', C:/Vulcan/Protocol/Display/v_dp_rxss1_0_ex/v_dp_rxss1_0_ex.runs/dpss_vck190_pt_v_frmbuf_rd_0_0_synth_1/prj/sol/.autopilot/db/v_frmbuf_rd.cpp:1155) of variable 'x', C:/Vulcan/Protocol/Display/v_dp_rxss1_0_ex/v_dp_rxss1_0_ex.runs/dpss_vck190_pt_v_frmbuf_rd_0_0_synth_1/prj/sol/.autopilot/db/v_frmbuf_rd.cpp:1155 on local variable 'x', C:/Vulcan/Protocol/Display/v_dp_rxss1_0_ex/v_dp_rxss1_0_ex.runs/dpss_vck190_pt_v_frmbuf_rd_0_0_synth_1/prj/sol/.autopilot/db/v_frmbuf_rd.cpp:1155 [259]  (0.402 ns)

 <State 2>: 1.984ns
The critical path consists of the following:
	'muxlogic' operation 256 bit ('muxLogicCE_to_rd0') [60]  (0.000 ns)
	fifo read operation ('rd0', C:/Vulcan/Protocol/Display/v_dp_rxss1_0_ex/v_dp_rxss1_0_ex.runs/dpss_vck190_pt_v_frmbuf_rd_0_0_synth_1/prj/sol/.autopilot/db/v_frmbuf_rd.cpp:1160) on port 'bytePlanes_plane0' (C:/Vulcan/Protocol/Display/v_dp_rxss1_0_ex/v_dp_rxss1_0_ex.runs/dpss_vck190_pt_v_frmbuf_rd_0_0_synth_1/prj/sol/.autopilot/db/v_frmbuf_rd.cpp:1160) [61]  (1.127 ns)
	'muxlogic' operation 0 bit ('muxLogicData_to_write_ln1187') [99]  (0.000 ns)
	fifo write operation ('write_ln1187', C:/Vulcan/Protocol/Display/v_dp_rxss1_0_ex/v_dp_rxss1_0_ex.runs/dpss_vck190_pt_v_frmbuf_rd_0_0_synth_1/prj/sol/.autopilot/db/v_frmbuf_rd.cpp:1187) on port 'img' (C:/Vulcan/Protocol/Display/v_dp_rxss1_0_ex/v_dp_rxss1_0_ex.runs/dpss_vck190_pt_v_frmbuf_rd_0_0_synth_1/prj/sol/.autopilot/db/v_frmbuf_rd.cpp:1187) [100]  (0.857 ns)

 <State 3>: 1.127ns
The critical path consists of the following:
	'muxlogic' operation 256 bit ('muxLogicCE_to_rd1_1') [66]  (0.000 ns)
	fifo read operation ('rd1', C:/Vulcan/Protocol/Display/v_dp_rxss1_0_ex/v_dp_rxss1_0_ex.runs/dpss_vck190_pt_v_frmbuf_rd_0_0_synth_1/prj/sol/.autopilot/db/v_frmbuf_rd.cpp:1163) on port 'bytePlanes_plane0' (C:/Vulcan/Protocol/Display/v_dp_rxss1_0_ex/v_dp_rxss1_0_ex.runs/dpss_vck190_pt_v_frmbuf_rd_0_0_synth_1/prj/sol/.autopilot/db/v_frmbuf_rd.cpp:1163) [67]  (1.127 ns)

 <State 4>: 1.127ns
The critical path consists of the following:
	'muxlogic' operation 256 bit ('muxLogicCE_to_rd2_1') [76]  (0.000 ns)
	fifo read operation ('rd2', C:/Vulcan/Protocol/Display/v_dp_rxss1_0_ex/v_dp_rxss1_0_ex.runs/dpss_vck190_pt_v_frmbuf_rd_0_0_synth_1/prj/sol/.autopilot/db/v_frmbuf_rd.cpp:1166) on port 'bytePlanes_plane0' (C:/Vulcan/Protocol/Display/v_dp_rxss1_0_ex/v_dp_rxss1_0_ex.runs/dpss_vck190_pt_v_frmbuf_rd_0_0_synth_1/prj/sol/.autopilot/db/v_frmbuf_rd.cpp:1166) [77]  (1.127 ns)

 <State 5>: 0.857ns
The critical path consists of the following:
	'muxlogic' operation 256 bit ('MuxLogicAddr_to_rd1_load_1') [145]  (0.000 ns)
	'load' operation 256 bit ('rd1_load_1', C:/Vulcan/Protocol/Display/v_dp_rxss1_0_ex/v_dp_rxss1_0_ex.runs/dpss_vck190_pt_v_frmbuf_rd_0_0_synth_1/prj/sol/.autopilot/db/v_frmbuf_rd.cpp:1182) on local variable 'rd1', C:/Vulcan/Protocol/Display/v_dp_rxss1_0_ex/v_dp_rxss1_0_ex.runs/dpss_vck190_pt_v_frmbuf_rd_0_0_synth_1/prj/sol/.autopilot/db/v_frmbuf_rd.cpp:1151 [146]  (0.000 ns)
	'muxlogic' operation 0 bit ('muxLogicData_to_write_ln1187') [163]  (0.000 ns)
	fifo write operation ('write_ln1187', C:/Vulcan/Protocol/Display/v_dp_rxss1_0_ex/v_dp_rxss1_0_ex.runs/dpss_vck190_pt_v_frmbuf_rd_0_0_synth_1/prj/sol/.autopilot/db/v_frmbuf_rd.cpp:1187) on port 'img' (C:/Vulcan/Protocol/Display/v_dp_rxss1_0_ex/v_dp_rxss1_0_ex.runs/dpss_vck190_pt_v_frmbuf_rd_0_0_synth_1/prj/sol/.autopilot/db/v_frmbuf_rd.cpp:1187) [164]  (0.857 ns)

 <State 6>: 0.857ns
The critical path consists of the following:
	'muxlogic' operation 256 bit ('MuxLogicAddr_to_rd1_load_2') [167]  (0.000 ns)
	'load' operation 256 bit ('rd1_load_2', C:/Vulcan/Protocol/Display/v_dp_rxss1_0_ex/v_dp_rxss1_0_ex.runs/dpss_vck190_pt_v_frmbuf_rd_0_0_synth_1/prj/sol/.autopilot/db/v_frmbuf_rd.cpp:1182) on local variable 'rd1', C:/Vulcan/Protocol/Display/v_dp_rxss1_0_ex/v_dp_rxss1_0_ex.runs/dpss_vck190_pt_v_frmbuf_rd_0_0_synth_1/prj/sol/.autopilot/db/v_frmbuf_rd.cpp:1151 [168]  (0.000 ns)
	'muxlogic' operation 0 bit ('muxLogicData_to_write_ln1187') [185]  (0.000 ns)
	fifo write operation ('write_ln1187', C:/Vulcan/Protocol/Display/v_dp_rxss1_0_ex/v_dp_rxss1_0_ex.runs/dpss_vck190_pt_v_frmbuf_rd_0_0_synth_1/prj/sol/.autopilot/db/v_frmbuf_rd.cpp:1187) on port 'img' (C:/Vulcan/Protocol/Display/v_dp_rxss1_0_ex/v_dp_rxss1_0_ex.runs/dpss_vck190_pt_v_frmbuf_rd_0_0_synth_1/prj/sol/.autopilot/db/v_frmbuf_rd.cpp:1187) [186]  (0.857 ns)

 <State 7>: 0.857ns
The critical path consists of the following:
	'muxlogic' operation 256 bit ('MuxLogicAddr_to_rd1_load_3') [189]  (0.000 ns)
	'load' operation 256 bit ('rd1_load_3', C:/Vulcan/Protocol/Display/v_dp_rxss1_0_ex/v_dp_rxss1_0_ex.runs/dpss_vck190_pt_v_frmbuf_rd_0_0_synth_1/prj/sol/.autopilot/db/v_frmbuf_rd.cpp:1182) on local variable 'rd1', C:/Vulcan/Protocol/Display/v_dp_rxss1_0_ex/v_dp_rxss1_0_ex.runs/dpss_vck190_pt_v_frmbuf_rd_0_0_synth_1/prj/sol/.autopilot/db/v_frmbuf_rd.cpp:1151 [190]  (0.000 ns)
	'muxlogic' operation 0 bit ('muxLogicData_to_write_ln1187') [209]  (0.000 ns)
	fifo write operation ('write_ln1187', C:/Vulcan/Protocol/Display/v_dp_rxss1_0_ex/v_dp_rxss1_0_ex.runs/dpss_vck190_pt_v_frmbuf_rd_0_0_synth_1/prj/sol/.autopilot/db/v_frmbuf_rd.cpp:1187) on port 'img' (C:/Vulcan/Protocol/Display/v_dp_rxss1_0_ex/v_dp_rxss1_0_ex.runs/dpss_vck190_pt_v_frmbuf_rd_0_0_synth_1/prj/sol/.autopilot/db/v_frmbuf_rd.cpp:1187) [210]  (0.857 ns)

 <State 8>: 0.857ns
The critical path consists of the following:
	'muxlogic' operation 256 bit ('MuxLogicAddr_to_rd2_load_1') [213]  (0.000 ns)
	'load' operation 256 bit ('rd2_load_1', C:/Vulcan/Protocol/Display/v_dp_rxss1_0_ex/v_dp_rxss1_0_ex.runs/dpss_vck190_pt_v_frmbuf_rd_0_0_synth_1/prj/sol/.autopilot/db/v_frmbuf_rd.cpp:1182) on local variable 'rd2', C:/Vulcan/Protocol/Display/v_dp_rxss1_0_ex/v_dp_rxss1_0_ex.runs/dpss_vck190_pt_v_frmbuf_rd_0_0_synth_1/prj/sol/.autopilot/db/v_frmbuf_rd.cpp:1151 [214]  (0.000 ns)
	'muxlogic' operation 0 bit ('muxLogicData_to_write_ln1187') [231]  (0.000 ns)
	fifo write operation ('write_ln1187', C:/Vulcan/Protocol/Display/v_dp_rxss1_0_ex/v_dp_rxss1_0_ex.runs/dpss_vck190_pt_v_frmbuf_rd_0_0_synth_1/prj/sol/.autopilot/db/v_frmbuf_rd.cpp:1187) on port 'img' (C:/Vulcan/Protocol/Display/v_dp_rxss1_0_ex/v_dp_rxss1_0_ex.runs/dpss_vck190_pt_v_frmbuf_rd_0_0_synth_1/prj/sol/.autopilot/db/v_frmbuf_rd.cpp:1187) [232]  (0.857 ns)

 <State 9>: 0.857ns
The critical path consists of the following:
	'muxlogic' operation 256 bit ('MuxLogicAddr_to_rd2_load_2') [235]  (0.000 ns)
	'load' operation 256 bit ('rd2_load_2', C:/Vulcan/Protocol/Display/v_dp_rxss1_0_ex/v_dp_rxss1_0_ex.runs/dpss_vck190_pt_v_frmbuf_rd_0_0_synth_1/prj/sol/.autopilot/db/v_frmbuf_rd.cpp:1182) on local variable 'rd2', C:/Vulcan/Protocol/Display/v_dp_rxss1_0_ex/v_dp_rxss1_0_ex.runs/dpss_vck190_pt_v_frmbuf_rd_0_0_synth_1/prj/sol/.autopilot/db/v_frmbuf_rd.cpp:1151 [236]  (0.000 ns)
	'muxlogic' operation 0 bit ('muxLogicData_to_write_ln1187') [253]  (0.000 ns)
	fifo write operation ('write_ln1187', C:/Vulcan/Protocol/Display/v_dp_rxss1_0_ex/v_dp_rxss1_0_ex.runs/dpss_vck190_pt_v_frmbuf_rd_0_0_synth_1/prj/sol/.autopilot/db/v_frmbuf_rd.cpp:1187) on port 'img' (C:/Vulcan/Protocol/Display/v_dp_rxss1_0_ex/v_dp_rxss1_0_ex.runs/dpss_vck190_pt_v_frmbuf_rd_0_0_synth_1/prj/sol/.autopilot/db/v_frmbuf_rd.cpp:1187) [254]  (0.857 ns)


============================================================
+ Verbose Summary: Binding
============================================================
N/A
* FSMD analyzer results:
  - Output states:
 - Input state : 
  - Chain level:
	State 1
	State 2
	State 3
	State 4
	State 5
	State 6
	State 7
	State 8
	State 9


============================================================
+ Verbose Summary: Datapath Resource usage 
============================================================
N/A
