

================================================================
== Vitis HLS Report for 'Bytes2MultiPixStream_Pipeline_VITIS_LOOP_914_1'
================================================================
* Date:           Thu May  9 19:06:37 2024

* Version:        2023.2 (Build 4023990 on Oct 11 2023)
* Project:        prj
* Solution:       sol (Vivado IP Flow Target)
* Product family: versalaicore
* Target device:  xcvc1902-vsva2197-2MP-e-S


================================================================
== Performance Estimates
================================================================
+ Timing: 
    * Summary: 
    +--------+---------+----------+------------+
    |  Clock |  Target | Estimated| Uncertainty|
    +--------+---------+----------+------------+
    |ap_clk  |  3.33 ns|  1.984 ns|     0.90 ns|
    +--------+---------+----------+------------+

+ Latency: 
    * Summary: 
    +---------+---------+----------+-----------+-----+-------+---------+
    |  Latency (cycles) |  Latency (absolute)  |   Interval  | Pipeline|
    |   min   |   max   |    min   |    max    | min |  max  |   Type  |
    +---------+---------+----------+-----------+-----+-------+---------+
    |        2|    12290|  6.666 ns|  40.963 us|    2|  12290|       no|
    +---------+---------+----------+-----------+-----+-------+---------+

    + Detail: 
        * Instance: 
        N/A

        * Loop: 
        +--------------------+---------+---------+----------+-----------+-----------+----------+----------+
        |                    |  Latency (cycles) | Iteration|  Initiation Interval  |   Trip   |          |
        |      Loop Name     |   min   |   max   |  Latency |  achieved |   target  |   Count  | Pipelined|
        +--------------------+---------+---------+----------+-----------+-----------+----------+----------+
        |- VITIS_LOOP_914_1  |        0|    12288|         7|          6|          6|  0 ~ 2048|       yes|
        +--------------------+---------+---------+----------+-----------+-----------+----------+----------+

============================================================
+ Verbose Summary: Synthesis Manager
============================================================
InlineROM: 1
ExposeGlobal: 0
============================================================
+ Verbose Summary: CDFG Model
============================================================
IsTopModel: 0
ResetActiveHigh: 1
IsCombinational: 0
IsDatapathOnly: 0
HasWiredReturn: 1
HasMFsm: 2
HasVarLatency: 1
IsPipeline: 0
IsRtlPipelined: 0
IsInstanceOverlapped: 0
IsDontTouch: 0
HasImplIP: 0
IsGatedGlobalClock: 0

+ Individual pipeline summary: 
  * Pipeline-0: initiation interval (II) = 6, depth = 7


============================================================
+ Verbose Summary: Schedule
============================================================
* Number of FSM states : 7
* Pipeline : 1
  Pipeline-0 : II = 6, D = 7, States = { 1 2 3 4 5 6 7 }
* Dataflow Pipeline: 0

* FSM state transitions: 
1 --> 2 
2 --> 3 
3 --> 4 
4 --> 5 
5 --> 6 
6 --> 7 
7 --> 

* FSM state operations: 

State 1 <SV = 0> <Delay = 1.65>
ST_1 : Operation 10 [1/1] (0.00ns)   --->   "%x = alloca i32 1" [C:/Vulcan/Protocol/Display/v_dp_rxss1_0_ex/v_dp_rxss1_0_ex.runs/dpss_vck190_pt_v_frmbuf_rd_0_0_synth_1/prj/sol/.autopilot/db/v_frmbuf_rd.cpp:914]   --->   Operation 10 'alloca' 'x' <Predicate = true> <Delay = 0.00>
ST_1 : Operation 11 [1/1] (0.00ns)   --->   "%muxLogicCE_to_tmp_23 = muxlogic"   --->   Operation 11 'muxlogic' 'muxLogicCE_to_tmp_23' <Predicate = true> <Delay = 0.00>
ST_1 : Operation 12 [1/1] (0.00ns)   --->   "%tmp_23 = read i1 @_ssdm_op_Read.ap_auto.i1, i1 %empty"   --->   Operation 12 'read' 'tmp_23' <Predicate = true> <Delay = 0.00>
ST_1 : Operation 13 [1/1] (0.00ns)   --->   "%muxLogicCE_to_VideoFormat_val_read = muxlogic"   --->   Operation 13 'muxlogic' 'muxLogicCE_to_VideoFormat_val_read' <Predicate = true> <Delay = 0.00>
ST_1 : Operation 14 [1/1] (0.00ns)   --->   "%VideoFormat_val_read = read i6 @_ssdm_op_Read.ap_auto.i6, i6 %VideoFormat_val"   --->   Operation 14 'read' 'VideoFormat_val_read' <Predicate = true> <Delay = 0.00>
ST_1 : Operation 15 [1/1] (0.00ns)   --->   "%muxLogicCE_to_cmp117_read = muxlogic"   --->   Operation 15 'muxlogic' 'muxLogicCE_to_cmp117_read' <Predicate = true> <Delay = 0.00>
ST_1 : Operation 16 [1/1] (0.00ns)   --->   "%cmp117_read = read i1 @_ssdm_op_Read.ap_auto.i1, i1 %cmp117"   --->   Operation 16 'read' 'cmp117_read' <Predicate = true> <Delay = 0.00>
ST_1 : Operation 17 [1/1] (0.00ns)   --->   "%muxLogicCE_to_sub113_cast_read = muxlogic"   --->   Operation 17 'muxlogic' 'muxLogicCE_to_sub113_cast_read' <Predicate = true> <Delay = 0.00>
ST_1 : Operation 18 [1/1] (0.00ns)   --->   "%sub113_cast_read = read i12 @_ssdm_op_Read.ap_auto.i12, i12 %sub113_cast"   --->   Operation 18 'read' 'sub113_cast_read' <Predicate = true> <Delay = 0.00>
ST_1 : Operation 19 [1/1] (0.00ns)   --->   "%muxLogicCE_to_icmp_read = muxlogic"   --->   Operation 19 'muxlogic' 'muxLogicCE_to_icmp_read' <Predicate = true> <Delay = 0.00>
ST_1 : Operation 20 [1/1] (0.00ns)   --->   "%icmp_read = read i1 @_ssdm_op_Read.ap_auto.i1, i1 %icmp"   --->   Operation 20 'read' 'icmp_read' <Predicate = true> <Delay = 0.00>
ST_1 : Operation 21 [1/1] (0.00ns)   --->   "%muxLogicCE_to_cmp117_2_read = muxlogic"   --->   Operation 21 'muxlogic' 'muxLogicCE_to_cmp117_2_read' <Predicate = true> <Delay = 0.00>
ST_1 : Operation 22 [1/1] (0.00ns)   --->   "%cmp117_2_read = read i1 @_ssdm_op_Read.ap_auto.i1, i1 %cmp117_2"   --->   Operation 22 'read' 'cmp117_2_read' <Predicate = true> <Delay = 0.00>
ST_1 : Operation 23 [1/1] (0.00ns)   --->   "%muxLogicCE_to_tmp_24 = muxlogic"   --->   Operation 23 'muxlogic' 'muxLogicCE_to_tmp_24' <Predicate = true> <Delay = 0.00>
ST_1 : Operation 24 [1/1] (0.00ns)   --->   "%tmp_24 = read i1 @_ssdm_op_Read.ap_auto.i1, i1 %empty_73"   --->   Operation 24 'read' 'tmp_24' <Predicate = true> <Delay = 0.00>
ST_1 : Operation 25 [1/1] (0.00ns)   --->   "%muxLogicCE_to_cmp117_4_read = muxlogic"   --->   Operation 25 'muxlogic' 'muxLogicCE_to_cmp117_4_read' <Predicate = true> <Delay = 0.00>
ST_1 : Operation 26 [1/1] (0.00ns)   --->   "%cmp117_4_read = read i1 @_ssdm_op_Read.ap_auto.i1, i1 %cmp117_4"   --->   Operation 26 'read' 'cmp117_4_read' <Predicate = true> <Delay = 0.00>
ST_1 : Operation 27 [1/1] (0.00ns)   --->   "%muxLogicCE_to_cmp117_5_read = muxlogic"   --->   Operation 27 'muxlogic' 'muxLogicCE_to_cmp117_5_read' <Predicate = true> <Delay = 0.00>
ST_1 : Operation 28 [1/1] (0.00ns)   --->   "%cmp117_5_read = read i1 @_ssdm_op_Read.ap_auto.i1, i1 %cmp117_5"   --->   Operation 28 'read' 'cmp117_5_read' <Predicate = true> <Delay = 0.00>
ST_1 : Operation 29 [1/1] (0.00ns)   --->   "%muxLogicCE_to_trunc_ln901_1_read = muxlogic"   --->   Operation 29 'muxlogic' 'muxLogicCE_to_trunc_ln901_1_read' <Predicate = true> <Delay = 0.00>
ST_1 : Operation 30 [1/1] (0.00ns)   --->   "%trunc_ln901_1_read = read i12 @_ssdm_op_Read.ap_auto.i12, i12 %trunc_ln901_1"   --->   Operation 30 'read' 'trunc_ln901_1_read' <Predicate = true> <Delay = 0.00>
ST_1 : Operation 31 [1/1] (0.00ns)   --->   "%sub113_cast_cast = sext i12 %sub113_cast_read"   --->   Operation 31 'sext' 'sub113_cast_cast' <Predicate = true> <Delay = 0.00>
ST_1 : Operation 32 [1/1] (0.00ns)   --->   "%specstablecontent_ln0 = specstablecontent void @_ssdm_op_SpecStableContent, i6 %VideoFormat_val, void "   --->   Operation 32 'specstablecontent' 'specstablecontent_ln0' <Predicate = true> <Delay = 0.00>
ST_1 : Operation 33 [1/1] (0.00ns)   --->   "%specmemcore_ln0 = specmemcore void @_ssdm_op_SpecMemCore, i256 %bytePlanes_plane0, i64 666, i64 8, i64 18446744073709551615"   --->   Operation 33 'specmemcore' 'specmemcore_ln0' <Predicate = true> <Delay = 0.00>
ST_1 : Operation 34 [1/1] (0.00ns)   --->   "%specmemcore_ln0 = specmemcore void @_ssdm_op_SpecMemCore, i256 %bytePlanes_plane1, i64 666, i64 8, i64 18446744073709551615"   --->   Operation 34 'specmemcore' 'specmemcore_ln0' <Predicate = true> <Delay = 0.00>
ST_1 : Operation 35 [1/1] (0.00ns)   --->   "%specinterface_ln0 = specinterface void @_ssdm_op_SpecInterface, i120 %img, void @empty_6, i32 0, i32 0, void @empty_24, i32 0, i32 0, void @empty_24, void @empty_24, void @empty_24, i32 0, i32 0, i32 0, i32 0, void @empty_24, void @empty_24, i32 4294967295, i32 0"   --->   Operation 35 'specinterface' 'specinterface_ln0' <Predicate = true> <Delay = 0.00>
ST_1 : Operation 36 [1/1] (0.00ns)   --->   "%specinterface_ln0 = specinterface void @_ssdm_op_SpecInterface, i256 %bytePlanes_plane0, void @empty_6, i32 0, i32 0, void @empty_24, i32 0, i32 0, void @empty_24, void @empty_24, void @empty_24, i32 0, i32 0, i32 0, i32 0, void @empty_24, void @empty_24, i32 4294967295, i32 0"   --->   Operation 36 'specinterface' 'specinterface_ln0' <Predicate = true> <Delay = 0.00>
ST_1 : Operation 37 [1/1] (0.00ns)   --->   "%specinterface_ln0 = specinterface void @_ssdm_op_SpecInterface, i256 %bytePlanes_plane1, void @empty_6, i32 0, i32 0, void @empty_24, i32 0, i32 0, void @empty_24, void @empty_24, void @empty_24, i32 0, i32 0, i32 0, i32 0, void @empty_24, void @empty_24, i32 4294967295, i32 0"   --->   Operation 37 'specinterface' 'specinterface_ln0' <Predicate = true> <Delay = 0.00>
ST_1 : Operation 38 [1/1] (0.00ns)   --->   "%muxLogicData_to_store_ln914 = muxlogic i12 0"   --->   Operation 38 'muxlogic' 'muxLogicData_to_store_ln914' <Predicate = true> <Delay = 0.00>
ST_1 : Operation 39 [1/1] (0.00ns)   --->   "%muxLogicAddr_to_store_ln914 = muxlogic i12 %x"   --->   Operation 39 'muxlogic' 'muxLogicAddr_to_store_ln914' <Predicate = true> <Delay = 0.00>
ST_1 : Operation 40 [1/1] (0.41ns)   --->   "%store_ln914 = store i12 0, i12 %x" [C:/Vulcan/Protocol/Display/v_dp_rxss1_0_ex/v_dp_rxss1_0_ex.runs/dpss_vck190_pt_v_frmbuf_rd_0_0_synth_1/prj/sol/.autopilot/db/v_frmbuf_rd.cpp:914]   --->   Operation 40 'store' 'store_ln914' <Predicate = true> <Delay = 0.41>
ST_1 : Operation 41 [1/1] (0.00ns)   --->   "%br_ln0 = br void %VITIS_LOOP_921_2"   --->   Operation 41 'br' 'br_ln0' <Predicate = true> <Delay = 0.00>
ST_1 : Operation 42 [1/1] (0.00ns)   --->   "%MuxLogicAddr_to_x_1 = muxlogic i12 %x"   --->   Operation 42 'muxlogic' 'MuxLogicAddr_to_x_1' <Predicate = true> <Delay = 0.00>
ST_1 : Operation 43 [1/1] (0.00ns)   --->   "%x_1 = load i12 %x" [C:/Vulcan/Protocol/Display/v_dp_rxss1_0_ex/v_dp_rxss1_0_ex.runs/dpss_vck190_pt_v_frmbuf_rd_0_0_synth_1/prj/sol/.autopilot/db/v_frmbuf_rd.cpp:914]   --->   Operation 43 'load' 'x_1' <Predicate = true> <Delay = 0.00>
ST_1 : Operation 44 [1/1] (0.81ns)   --->   "%x_2 = add i12 %x_1, i12 1" [C:/Vulcan/Protocol/Display/v_dp_rxss1_0_ex/v_dp_rxss1_0_ex.runs/dpss_vck190_pt_v_frmbuf_rd_0_0_synth_1/prj/sol/.autopilot/db/v_frmbuf_rd.cpp:914]   --->   Operation 44 'add' 'x_2' <Predicate = true> <Delay = 0.81> <CoreInst = "Adder">   --->   Core 1 'Adder' <Latency = 0> <II = 1> <Delay = 0.81> <FuncUnit> <Opcode : 'add' 'sub'> <InPorts = 2> <OutPorts = 1>
ST_1 : Operation 45 [1/1] (0.00ns)   --->   "%speclooptripcount_ln0 = speclooptripcount void @_ssdm_op_SpecLoopTripCount, i64 0, i64 2048, i64 2047"   --->   Operation 45 'speclooptripcount' 'speclooptripcount_ln0' <Predicate = true> <Delay = 0.00>
ST_1 : Operation 46 [1/1] (0.81ns)   --->   "%icmp_ln914 = icmp_eq  i12 %x_1, i12 %trunc_ln901_1_read" [C:/Vulcan/Protocol/Display/v_dp_rxss1_0_ex/v_dp_rxss1_0_ex.runs/dpss_vck190_pt_v_frmbuf_rd_0_0_synth_1/prj/sol/.autopilot/db/v_frmbuf_rd.cpp:914]   --->   Operation 46 'icmp' 'icmp_ln914' <Predicate = true> <Delay = 0.81> <CoreInst = "Cmp">   --->   Core 9 'Cmp' <Latency = 0> <II = 1> <Delay = 0.81> <FuncUnit> <Opcode : 'icmp'> <InPorts = 2> <OutPorts = 1>
ST_1 : Operation 47 [1/1] (0.00ns)   --->   "%br_ln914 = br i1 %icmp_ln914, void %VITIS_LOOP_921_2.split, void %for.inc126.loopexit.exitStub" [C:/Vulcan/Protocol/Display/v_dp_rxss1_0_ex/v_dp_rxss1_0_ex.runs/dpss_vck190_pt_v_frmbuf_rd_0_0_synth_1/prj/sol/.autopilot/db/v_frmbuf_rd.cpp:914]   --->   Operation 47 'br' 'br_ln914' <Predicate = true> <Delay = 0.00>
ST_1 : Operation 48 [1/1] (0.00ns)   --->   "%zext_ln914 = zext i12 %x_1" [C:/Vulcan/Protocol/Display/v_dp_rxss1_0_ex/v_dp_rxss1_0_ex.runs/dpss_vck190_pt_v_frmbuf_rd_0_0_synth_1/prj/sol/.autopilot/db/v_frmbuf_rd.cpp:914]   --->   Operation 48 'zext' 'zext_ln914' <Predicate = (!icmp_ln914)> <Delay = 0.00>
ST_1 : Operation 49 [1/1] (0.71ns)   --->   "%icmp_ln928 = icmp_eq  i6 %VideoFormat_val_read, i6 23" [C:/Vulcan/Protocol/Display/v_dp_rxss1_0_ex/v_dp_rxss1_0_ex.runs/dpss_vck190_pt_v_frmbuf_rd_0_0_synth_1/prj/sol/.autopilot/db/v_frmbuf_rd.cpp:928]   --->   Operation 49 'icmp' 'icmp_ln928' <Predicate = (!icmp_ln914)> <Delay = 0.71> <CoreInst = "Cmp">   --->   Core 9 'Cmp' <Latency = 0> <II = 1> <Delay = 0.71> <FuncUnit> <Opcode : 'icmp'> <InPorts = 2> <OutPorts = 1>
ST_1 : Operation 50 [1/1] (0.30ns)   --->   "%and_ln928 = and i1 %tmp_23, i1 %icmp_ln928" [C:/Vulcan/Protocol/Display/v_dp_rxss1_0_ex/v_dp_rxss1_0_ex.runs/dpss_vck190_pt_v_frmbuf_rd_0_0_synth_1/prj/sol/.autopilot/db/v_frmbuf_rd.cpp:928]   --->   Operation 50 'and' 'and_ln928' <Predicate = (!icmp_ln914)> <Delay = 0.30> <CoreInst = "LogicGate">   --->   Core 78 'LogicGate' <Latency = 0> <II = 1> <Delay = 0.30> <FuncUnit> <Opcode : 'and' 'or' 'xor'> <InPorts = 2> <OutPorts = 1>
ST_1 : Operation 51 [1/1] (0.00ns)   --->   "%br_ln928 = br i1 %and_ln928, void %VITIS_LOOP_933_3, void %VITIS_LOOP_939_4" [C:/Vulcan/Protocol/Display/v_dp_rxss1_0_ex/v_dp_rxss1_0_ex.runs/dpss_vck190_pt_v_frmbuf_rd_0_0_synth_1/prj/sol/.autopilot/db/v_frmbuf_rd.cpp:928]   --->   Operation 51 'br' 'br_ln928' <Predicate = (!icmp_ln914)> <Delay = 0.00>
ST_1 : Operation 52 [1/1] (0.81ns)   --->   "%cmp114 = icmp_slt  i13 %zext_ln914, i13 %sub113_cast_cast" [C:/Vulcan/Protocol/Display/v_dp_rxss1_0_ex/v_dp_rxss1_0_ex.runs/dpss_vck190_pt_v_frmbuf_rd_0_0_synth_1/prj/sol/.autopilot/db/v_frmbuf_rd.cpp:914]   --->   Operation 52 'icmp' 'cmp114' <Predicate = (!icmp_ln914)> <Delay = 0.81> <CoreInst = "Cmp">   --->   Core 9 'Cmp' <Latency = 0> <II = 1> <Delay = 0.81> <FuncUnit> <Opcode : 'icmp'> <InPorts = 2> <OutPorts = 1>
ST_1 : Operation 53 [1/1] (0.30ns)   --->   "%or_ln948 = or i1 %cmp114, i1 %cmp117_read" [C:/Vulcan/Protocol/Display/v_dp_rxss1_0_ex/v_dp_rxss1_0_ex.runs/dpss_vck190_pt_v_frmbuf_rd_0_0_synth_1/prj/sol/.autopilot/db/v_frmbuf_rd.cpp:948]   --->   Operation 53 'or' 'or_ln948' <Predicate = (!icmp_ln914)> <Delay = 0.30> <CoreInst = "LogicGate">   --->   Core 78 'LogicGate' <Latency = 0> <II = 1> <Delay = 0.30> <FuncUnit> <Opcode : 'and' 'or' 'xor'> <InPorts = 2> <OutPorts = 1>
ST_1 : Operation 54 [1/1] (0.00ns)   --->   "%br_ln948 = br i1 %or_ln948, void %for.inc110.1, void %if.then118" [C:/Vulcan/Protocol/Display/v_dp_rxss1_0_ex/v_dp_rxss1_0_ex.runs/dpss_vck190_pt_v_frmbuf_rd_0_0_synth_1/prj/sol/.autopilot/db/v_frmbuf_rd.cpp:948]   --->   Operation 54 'br' 'br_ln948' <Predicate = (!icmp_ln914)> <Delay = 0.00>
ST_1 : Operation 55 [1/1] (0.30ns)   --->   "%or_ln948_1 = or i1 %cmp114, i1 %icmp_read" [C:/Vulcan/Protocol/Display/v_dp_rxss1_0_ex/v_dp_rxss1_0_ex.runs/dpss_vck190_pt_v_frmbuf_rd_0_0_synth_1/prj/sol/.autopilot/db/v_frmbuf_rd.cpp:948]   --->   Operation 55 'or' 'or_ln948_1' <Predicate = (!icmp_ln914)> <Delay = 0.30> <CoreInst = "LogicGate">   --->   Core 78 'LogicGate' <Latency = 0> <II = 1> <Delay = 0.30> <FuncUnit> <Opcode : 'and' 'or' 'xor'> <InPorts = 2> <OutPorts = 1>
ST_1 : Operation 56 [1/1] (0.00ns)   --->   "%br_ln948 = br i1 %or_ln948_1, void %for.inc110.2, void %if.then118.1" [C:/Vulcan/Protocol/Display/v_dp_rxss1_0_ex/v_dp_rxss1_0_ex.runs/dpss_vck190_pt_v_frmbuf_rd_0_0_synth_1/prj/sol/.autopilot/db/v_frmbuf_rd.cpp:948]   --->   Operation 56 'br' 'br_ln948' <Predicate = (!icmp_ln914)> <Delay = 0.00>
ST_1 : Operation 57 [1/1] (0.30ns)   --->   "%or_ln948_2 = or i1 %cmp114, i1 %cmp117_2_read" [C:/Vulcan/Protocol/Display/v_dp_rxss1_0_ex/v_dp_rxss1_0_ex.runs/dpss_vck190_pt_v_frmbuf_rd_0_0_synth_1/prj/sol/.autopilot/db/v_frmbuf_rd.cpp:948]   --->   Operation 57 'or' 'or_ln948_2' <Predicate = (!icmp_ln914)> <Delay = 0.30> <CoreInst = "LogicGate">   --->   Core 78 'LogicGate' <Latency = 0> <II = 1> <Delay = 0.30> <FuncUnit> <Opcode : 'and' 'or' 'xor'> <InPorts = 2> <OutPorts = 1>
ST_1 : Operation 58 [1/1] (0.00ns)   --->   "%br_ln948 = br i1 %or_ln948_2, void %for.inc110.3, void %if.then118.2" [C:/Vulcan/Protocol/Display/v_dp_rxss1_0_ex/v_dp_rxss1_0_ex.runs/dpss_vck190_pt_v_frmbuf_rd_0_0_synth_1/prj/sol/.autopilot/db/v_frmbuf_rd.cpp:948]   --->   Operation 58 'br' 'br_ln948' <Predicate = (!icmp_ln914)> <Delay = 0.00>
ST_1 : Operation 59 [1/1] (0.30ns)   --->   "%or_ln948_3 = or i1 %cmp114, i1 %tmp_24" [C:/Vulcan/Protocol/Display/v_dp_rxss1_0_ex/v_dp_rxss1_0_ex.runs/dpss_vck190_pt_v_frmbuf_rd_0_0_synth_1/prj/sol/.autopilot/db/v_frmbuf_rd.cpp:948]   --->   Operation 59 'or' 'or_ln948_3' <Predicate = (!icmp_ln914)> <Delay = 0.30> <CoreInst = "LogicGate">   --->   Core 78 'LogicGate' <Latency = 0> <II = 1> <Delay = 0.30> <FuncUnit> <Opcode : 'and' 'or' 'xor'> <InPorts = 2> <OutPorts = 1>
ST_1 : Operation 60 [1/1] (0.00ns)   --->   "%br_ln948 = br i1 %or_ln948_3, void %for.inc110.4, void %if.then118.3" [C:/Vulcan/Protocol/Display/v_dp_rxss1_0_ex/v_dp_rxss1_0_ex.runs/dpss_vck190_pt_v_frmbuf_rd_0_0_synth_1/prj/sol/.autopilot/db/v_frmbuf_rd.cpp:948]   --->   Operation 60 'br' 'br_ln948' <Predicate = (!icmp_ln914)> <Delay = 0.00>
ST_1 : Operation 61 [1/1] (0.30ns)   --->   "%or_ln948_4 = or i1 %cmp114, i1 %cmp117_4_read" [C:/Vulcan/Protocol/Display/v_dp_rxss1_0_ex/v_dp_rxss1_0_ex.runs/dpss_vck190_pt_v_frmbuf_rd_0_0_synth_1/prj/sol/.autopilot/db/v_frmbuf_rd.cpp:948]   --->   Operation 61 'or' 'or_ln948_4' <Predicate = (!icmp_ln914)> <Delay = 0.30> <CoreInst = "LogicGate">   --->   Core 78 'LogicGate' <Latency = 0> <II = 1> <Delay = 0.30> <FuncUnit> <Opcode : 'and' 'or' 'xor'> <InPorts = 2> <OutPorts = 1>
ST_1 : Operation 62 [1/1] (0.00ns)   --->   "%br_ln948 = br i1 %or_ln948_4, void %for.inc110.5, void %if.then118.4" [C:/Vulcan/Protocol/Display/v_dp_rxss1_0_ex/v_dp_rxss1_0_ex.runs/dpss_vck190_pt_v_frmbuf_rd_0_0_synth_1/prj/sol/.autopilot/db/v_frmbuf_rd.cpp:948]   --->   Operation 62 'br' 'br_ln948' <Predicate = (!icmp_ln914)> <Delay = 0.00>
ST_1 : Operation 63 [1/1] (0.30ns)   --->   "%or_ln948_5 = or i1 %cmp114, i1 %cmp117_5_read" [C:/Vulcan/Protocol/Display/v_dp_rxss1_0_ex/v_dp_rxss1_0_ex.runs/dpss_vck190_pt_v_frmbuf_rd_0_0_synth_1/prj/sol/.autopilot/db/v_frmbuf_rd.cpp:948]   --->   Operation 63 'or' 'or_ln948_5' <Predicate = (!icmp_ln914)> <Delay = 0.30> <CoreInst = "LogicGate">   --->   Core 78 'LogicGate' <Latency = 0> <II = 1> <Delay = 0.30> <FuncUnit> <Opcode : 'and' 'or' 'xor'> <InPorts = 2> <OutPorts = 1>
ST_1 : Operation 64 [1/1] (0.00ns)   --->   "%br_ln948 = br i1 %or_ln948_5, void %for.inc120.5, void %if.then118.5" [C:/Vulcan/Protocol/Display/v_dp_rxss1_0_ex/v_dp_rxss1_0_ex.runs/dpss_vck190_pt_v_frmbuf_rd_0_0_synth_1/prj/sol/.autopilot/db/v_frmbuf_rd.cpp:948]   --->   Operation 64 'br' 'br_ln948' <Predicate = (!icmp_ln914)> <Delay = 0.00>
ST_1 : Operation 65 [1/1] (0.00ns)   --->   "%muxLogicData_to_store_ln914 = muxlogic i12 %x_2"   --->   Operation 65 'muxlogic' 'muxLogicData_to_store_ln914' <Predicate = (!icmp_ln914)> <Delay = 0.00>
ST_1 : Operation 66 [1/1] (0.00ns)   --->   "%muxLogicAddr_to_store_ln914 = muxlogic i12 %x"   --->   Operation 66 'muxlogic' 'muxLogicAddr_to_store_ln914' <Predicate = (!icmp_ln914)> <Delay = 0.00>
ST_1 : Operation 67 [1/1] (0.41ns)   --->   "%store_ln914 = store i12 %x_2, i12 %x" [C:/Vulcan/Protocol/Display/v_dp_rxss1_0_ex/v_dp_rxss1_0_ex.runs/dpss_vck190_pt_v_frmbuf_rd_0_0_synth_1/prj/sol/.autopilot/db/v_frmbuf_rd.cpp:914]   --->   Operation 67 'store' 'store_ln914' <Predicate = (!icmp_ln914)> <Delay = 0.41>
ST_1 : Operation 68 [1/1] (0.00ns)   --->   "%br_ln914 = br void %VITIS_LOOP_921_2" [C:/Vulcan/Protocol/Display/v_dp_rxss1_0_ex/v_dp_rxss1_0_ex.runs/dpss_vck190_pt_v_frmbuf_rd_0_0_synth_1/prj/sol/.autopilot/db/v_frmbuf_rd.cpp:914]   --->   Operation 68 'br' 'br_ln914' <Predicate = (!icmp_ln914)> <Delay = 0.00>
ST_1 : Operation 164 [1/1] (0.00ns)   --->   "%ret_ln0 = ret"   --->   Operation 164 'ret' 'ret_ln0' <Predicate = (icmp_ln914)> <Delay = 0.00>

State 2 <SV = 1> <Delay = 1.98>
ST_2 : Operation 69 [1/1] (0.00ns)   --->   "%specpipeline_ln916 = specpipeline void @_ssdm_op_SpecPipeline, i32 6, i32 0, i32 0, i32 0, void @empty_24" [C:/Vulcan/Protocol/Display/v_dp_rxss1_0_ex/v_dp_rxss1_0_ex.runs/dpss_vck190_pt_v_frmbuf_rd_0_0_synth_1/prj/sol/.autopilot/db/v_frmbuf_rd.cpp:916]   --->   Operation 69 'specpipeline' 'specpipeline_ln916' <Predicate = (!icmp_ln914)> <Delay = 0.00>
ST_2 : Operation 70 [1/1] (0.00ns)   --->   "%specloopname_ln914 = specloopname void @_ssdm_op_SpecLoopName, void @empty_28" [C:/Vulcan/Protocol/Display/v_dp_rxss1_0_ex/v_dp_rxss1_0_ex.runs/dpss_vck190_pt_v_frmbuf_rd_0_0_synth_1/prj/sol/.autopilot/db/v_frmbuf_rd.cpp:914]   --->   Operation 70 'specloopname' 'specloopname_ln914' <Predicate = (!icmp_ln914)> <Delay = 0.00>
ST_2 : Operation 71 [1/1] (0.00ns)   --->   "%muxLogicCE_to_rd_raw = muxlogic"   --->   Operation 71 'muxlogic' 'muxLogicCE_to_rd_raw' <Predicate = (!icmp_ln914)> <Delay = 0.00>
ST_2 : Operation 72 [1/1] (1.12ns)   --->   "%rd_raw = read i256 @_ssdm_op_Read.ap_fifo.volatile.i256P0A, i256 %bytePlanes_plane0" [C:/Vulcan/Protocol/Display/v_dp_rxss1_0_ex/v_dp_rxss1_0_ex.runs/dpss_vck190_pt_v_frmbuf_rd_0_0_synth_1/prj/sol/.autopilot/db/v_frmbuf_rd.cpp:920]   --->   Operation 72 'read' 'rd_raw' <Predicate = (!icmp_ln914)> <Delay = 1.12> <CoreInst = "FIFO_BRAM">   --->   Core 83 'FIFO_BRAM' <Latency = 0> <II = 1> <Delay = 1.12> <Storage> <Opcode : 'read' 'write' 'nbread' 'nbwrite'> <Ports = 0> <Width = 256> <Depth = 480> <FIFO>
ST_2 : Operation 73 [1/1] (0.00ns)   --->   "%muxLogicCE_to_rdUv_raw = muxlogic"   --->   Operation 73 'muxlogic' 'muxLogicCE_to_rdUv_raw' <Predicate = (!icmp_ln914 & !and_ln928)> <Delay = 0.00>
ST_2 : Operation 74 [1/1] (1.12ns)   --->   "%rdUv_raw = read i256 @_ssdm_op_Read.ap_fifo.volatile.i256P0A, i256 %bytePlanes_plane1" [C:/Vulcan/Protocol/Display/v_dp_rxss1_0_ex/v_dp_rxss1_0_ex.runs/dpss_vck190_pt_v_frmbuf_rd_0_0_synth_1/prj/sol/.autopilot/db/v_frmbuf_rd.cpp:931]   --->   Operation 74 'read' 'rdUv_raw' <Predicate = (!icmp_ln914 & !and_ln928)> <Delay = 1.12> <CoreInst = "FIFO_BRAM">   --->   Core 83 'FIFO_BRAM' <Latency = 0> <II = 1> <Delay = 1.12> <Storage> <Opcode : 'read' 'write' 'nbread' 'nbwrite'> <Ports = 0> <Width = 256> <Depth = 480> <FIFO>
ST_2 : Operation 75 [1/1] (0.00ns)   --->   "%trunc_ln935 = trunc i256 %rdUv_raw" [C:/Vulcan/Protocol/Display/v_dp_rxss1_0_ex/v_dp_rxss1_0_ex.runs/dpss_vck190_pt_v_frmbuf_rd_0_0_synth_1/prj/sol/.autopilot/db/v_frmbuf_rd.cpp:935]   --->   Operation 75 'trunc' 'trunc_ln935' <Predicate = (!icmp_ln914 & !and_ln928)> <Delay = 0.00>
ST_2 : Operation 76 [1/1] (0.00ns)   --->   "%tmp_s = partselect i30 @_ssdm_op_PartSelect.i30.i256.i32.i32, i256 %rdUv_raw, i32 32, i32 61" [C:/Vulcan/Protocol/Display/v_dp_rxss1_0_ex/v_dp_rxss1_0_ex.runs/dpss_vck190_pt_v_frmbuf_rd_0_0_synth_1/prj/sol/.autopilot/db/v_frmbuf_rd.cpp:935]   --->   Operation 76 'partselect' 'tmp_s' <Predicate = (!icmp_ln914 & !and_ln928)> <Delay = 0.00>
ST_2 : Operation 77 [1/1] (0.00ns)   --->   "%tmp_13 = partselect i30 @_ssdm_op_PartSelect.i30.i256.i32.i32, i256 %rdUv_raw, i32 64, i32 93" [C:/Vulcan/Protocol/Display/v_dp_rxss1_0_ex/v_dp_rxss1_0_ex.runs/dpss_vck190_pt_v_frmbuf_rd_0_0_synth_1/prj/sol/.autopilot/db/v_frmbuf_rd.cpp:935]   --->   Operation 77 'partselect' 'tmp_13' <Predicate = (!icmp_ln914 & !and_ln928)> <Delay = 0.00>
ST_2 : Operation 78 [1/1] (0.00ns)   --->   "%tmp_14 = partselect i30 @_ssdm_op_PartSelect.i30.i256.i32.i32, i256 %rdUv_raw, i32 96, i32 125" [C:/Vulcan/Protocol/Display/v_dp_rxss1_0_ex/v_dp_rxss1_0_ex.runs/dpss_vck190_pt_v_frmbuf_rd_0_0_synth_1/prj/sol/.autopilot/db/v_frmbuf_rd.cpp:935]   --->   Operation 78 'partselect' 'tmp_14' <Predicate = (!icmp_ln914 & !and_ln928)> <Delay = 0.00>
ST_2 : Operation 79 [1/1] (0.00ns)   --->   "%tmp_15 = partselect i30 @_ssdm_op_PartSelect.i30.i256.i32.i32, i256 %rdUv_raw, i32 128, i32 157" [C:/Vulcan/Protocol/Display/v_dp_rxss1_0_ex/v_dp_rxss1_0_ex.runs/dpss_vck190_pt_v_frmbuf_rd_0_0_synth_1/prj/sol/.autopilot/db/v_frmbuf_rd.cpp:935]   --->   Operation 79 'partselect' 'tmp_15' <Predicate = (!icmp_ln914 & !and_ln928)> <Delay = 0.00>
ST_2 : Operation 80 [1/1] (0.00ns)   --->   "%tmp_16 = partselect i30 @_ssdm_op_PartSelect.i30.i256.i32.i32, i256 %rdUv_raw, i32 160, i32 189" [C:/Vulcan/Protocol/Display/v_dp_rxss1_0_ex/v_dp_rxss1_0_ex.runs/dpss_vck190_pt_v_frmbuf_rd_0_0_synth_1/prj/sol/.autopilot/db/v_frmbuf_rd.cpp:935]   --->   Operation 80 'partselect' 'tmp_16' <Predicate = (!icmp_ln914 & !and_ln928)> <Delay = 0.00>
ST_2 : Operation 81 [1/1] (0.00ns)   --->   "%tmp_17 = partselect i30 @_ssdm_op_PartSelect.i30.i256.i32.i32, i256 %rdUv_raw, i32 192, i32 221" [C:/Vulcan/Protocol/Display/v_dp_rxss1_0_ex/v_dp_rxss1_0_ex.runs/dpss_vck190_pt_v_frmbuf_rd_0_0_synth_1/prj/sol/.autopilot/db/v_frmbuf_rd.cpp:935]   --->   Operation 81 'partselect' 'tmp_17' <Predicate = (!icmp_ln914 & !and_ln928)> <Delay = 0.00>
ST_2 : Operation 82 [1/1] (0.00ns)   --->   "%tmp_18 = partselect i30 @_ssdm_op_PartSelect.i30.i256.i32.i32, i256 %rdUv_raw, i32 224, i32 253" [C:/Vulcan/Protocol/Display/v_dp_rxss1_0_ex/v_dp_rxss1_0_ex.runs/dpss_vck190_pt_v_frmbuf_rd_0_0_synth_1/prj/sol/.autopilot/db/v_frmbuf_rd.cpp:935]   --->   Operation 82 'partselect' 'tmp_18' <Predicate = (!icmp_ln914 & !and_ln928)> <Delay = 0.00>
ST_2 : Operation 83 [1/1] (0.00ns)   --->   "%tmp = bitconcatenate i240 @_ssdm_op_BitConcatenate.i240.i30.i30.i30.i30.i30.i30.i30.i30, i30 %tmp_18, i30 %tmp_17, i30 %tmp_16, i30 %tmp_15, i30 %tmp_14, i30 %tmp_13, i30 %tmp_s, i30 %trunc_ln935" [C:/Vulcan/Protocol/Display/v_dp_rxss1_0_ex/v_dp_rxss1_0_ex.runs/dpss_vck190_pt_v_frmbuf_rd_0_0_synth_1/prj/sol/.autopilot/db/v_frmbuf_rd.cpp:935]   --->   Operation 83 'bitconcatenate' 'tmp' <Predicate = (!icmp_ln914 & !and_ln928)> <Delay = 0.00>
ST_2 : Operation 84 [1/1] (0.00ns)   --->   "%br_ln937 = br void %VITIS_LOOP_939_4" [C:/Vulcan/Protocol/Display/v_dp_rxss1_0_ex/v_dp_rxss1_0_ex.runs/dpss_vck190_pt_v_frmbuf_rd_0_0_synth_1/prj/sol/.autopilot/db/v_frmbuf_rd.cpp:937]   --->   Operation 84 'br' 'br_ln937' <Predicate = (!icmp_ln914 & !and_ln928)> <Delay = 0.00>
ST_2 : Operation 85 [1/1] (0.00ns)   --->   "%rdUv = phi i240 %tmp, void %VITIS_LOOP_933_3, i240 0, void %VITIS_LOOP_921_2.split" [C:/Vulcan/Protocol/Display/v_dp_rxss1_0_ex/v_dp_rxss1_0_ex.runs/dpss_vck190_pt_v_frmbuf_rd_0_0_synth_1/prj/sol/.autopilot/db/v_frmbuf_rd.cpp:935]   --->   Operation 85 'phi' 'rdUv' <Predicate = (!icmp_ln914)> <Delay = 0.00>
ST_2 : Operation 86 [1/1] (0.00ns)   --->   "%trunc_ln944 = trunc i256 %rd_raw" [C:/Vulcan/Protocol/Display/v_dp_rxss1_0_ex/v_dp_rxss1_0_ex.runs/dpss_vck190_pt_v_frmbuf_rd_0_0_synth_1/prj/sol/.autopilot/db/v_frmbuf_rd.cpp:944]   --->   Operation 86 'trunc' 'trunc_ln944' <Predicate = (!icmp_ln914)> <Delay = 0.00>
ST_2 : Operation 87 [1/1] (0.00ns)   --->   "%trunc_ln949 = trunc i240 %rdUv" [C:/Vulcan/Protocol/Display/v_dp_rxss1_0_ex/v_dp_rxss1_0_ex.runs/dpss_vck190_pt_v_frmbuf_rd_0_0_synth_1/prj/sol/.autopilot/db/v_frmbuf_rd.cpp:949]   --->   Operation 87 'trunc' 'trunc_ln949' <Predicate = (!icmp_ln914 & or_ln948)> <Delay = 0.00>
ST_2 : Operation 88 [1/1] (0.00ns)   --->   "%tmp_12 = partselect i10 @_ssdm_op_PartSelect.i10.i256.i32.i32, i256 %rd_raw, i32 10, i32 19" [C:/Vulcan/Protocol/Display/v_dp_rxss1_0_ex/v_dp_rxss1_0_ex.runs/dpss_vck190_pt_v_frmbuf_rd_0_0_synth_1/prj/sol/.autopilot/db/v_frmbuf_rd.cpp:949]   --->   Operation 88 'partselect' 'tmp_12' <Predicate = (!icmp_ln914 & or_ln948)> <Delay = 0.00>
ST_2 : Operation 89 [1/1] (0.00ns)   --->   "%tmp_19 = partselect i10 @_ssdm_op_PartSelect.i10.i240.i32.i32, i240 %rdUv, i32 10, i32 19" [C:/Vulcan/Protocol/Display/v_dp_rxss1_0_ex/v_dp_rxss1_0_ex.runs/dpss_vck190_pt_v_frmbuf_rd_0_0_synth_1/prj/sol/.autopilot/db/v_frmbuf_rd.cpp:949]   --->   Operation 89 'partselect' 'tmp_19' <Predicate = (!icmp_ln914 & or_ln948)> <Delay = 0.00>
ST_2 : Operation 90 [1/1] (0.00ns)   --->   "%tmp_20 = partselect i10 @_ssdm_op_PartSelect.i10.i256.i32.i32, i256 %rd_raw, i32 20, i32 29" [C:/Vulcan/Protocol/Display/v_dp_rxss1_0_ex/v_dp_rxss1_0_ex.runs/dpss_vck190_pt_v_frmbuf_rd_0_0_synth_1/prj/sol/.autopilot/db/v_frmbuf_rd.cpp:949]   --->   Operation 90 'partselect' 'tmp_20' <Predicate = (!icmp_ln914 & or_ln948)> <Delay = 0.00>
ST_2 : Operation 91 [1/1] (0.00ns)   --->   "%tmp_21 = partselect i10 @_ssdm_op_PartSelect.i10.i240.i32.i32, i240 %rdUv, i32 20, i32 29" [C:/Vulcan/Protocol/Display/v_dp_rxss1_0_ex/v_dp_rxss1_0_ex.runs/dpss_vck190_pt_v_frmbuf_rd_0_0_synth_1/prj/sol/.autopilot/db/v_frmbuf_rd.cpp:949]   --->   Operation 91 'partselect' 'tmp_21' <Predicate = (!icmp_ln914 & or_ln948)> <Delay = 0.00>
ST_2 : Operation 92 [1/1] (0.00ns)   --->   "%tmp_22 = partselect i10 @_ssdm_op_PartSelect.i10.i256.i32.i32, i256 %rd_raw, i32 32, i32 41" [C:/Vulcan/Protocol/Display/v_dp_rxss1_0_ex/v_dp_rxss1_0_ex.runs/dpss_vck190_pt_v_frmbuf_rd_0_0_synth_1/prj/sol/.autopilot/db/v_frmbuf_rd.cpp:949]   --->   Operation 92 'partselect' 'tmp_22' <Predicate = (!icmp_ln914 & or_ln948)> <Delay = 0.00>
ST_2 : Operation 93 [1/1] (0.00ns)   --->   "%tmp_25 = partselect i10 @_ssdm_op_PartSelect.i10.i240.i32.i32, i240 %rdUv, i32 30, i32 39" [C:/Vulcan/Protocol/Display/v_dp_rxss1_0_ex/v_dp_rxss1_0_ex.runs/dpss_vck190_pt_v_frmbuf_rd_0_0_synth_1/prj/sol/.autopilot/db/v_frmbuf_rd.cpp:949]   --->   Operation 93 'partselect' 'tmp_25' <Predicate = (!icmp_ln914 & or_ln948)> <Delay = 0.00>
ST_2 : Operation 94 [1/1] (0.00ns)   --->   "%tmp_26 = bitconcatenate i110 @_ssdm_op_BitConcatenate.i110.i10.i10.i10.i10.i10.i10.i10.i10.i10.i10.i10, i10 %tmp_25, i10 %tmp_22, i10 0, i10 %tmp_21, i10 %tmp_20, i10 0, i10 %tmp_19, i10 %tmp_12, i10 0, i10 %trunc_ln949, i10 %trunc_ln944" [C:/Vulcan/Protocol/Display/v_dp_rxss1_0_ex/v_dp_rxss1_0_ex.runs/dpss_vck190_pt_v_frmbuf_rd_0_0_synth_1/prj/sol/.autopilot/db/v_frmbuf_rd.cpp:949]   --->   Operation 94 'bitconcatenate' 'tmp_26' <Predicate = (!icmp_ln914 & or_ln948)> <Delay = 0.00>
ST_2 : Operation 95 [1/1] (0.00ns)   --->   "%zext_ln949 = zext i110 %tmp_26" [C:/Vulcan/Protocol/Display/v_dp_rxss1_0_ex/v_dp_rxss1_0_ex.runs/dpss_vck190_pt_v_frmbuf_rd_0_0_synth_1/prj/sol/.autopilot/db/v_frmbuf_rd.cpp:949]   --->   Operation 95 'zext' 'zext_ln949' <Predicate = (!icmp_ln914 & or_ln948)> <Delay = 0.00>
ST_2 : Operation 96 [1/1] (0.00ns)   --->   "%muxLogicData_to_write_ln949 = muxlogic i120 %zext_ln949"   --->   Operation 96 'muxlogic' 'muxLogicData_to_write_ln949' <Predicate = (!icmp_ln914 & or_ln948)> <Delay = 0.00>
ST_2 : Operation 97 [1/1] (0.85ns)   --->   "%write_ln949 = write void @_ssdm_op_Write.ap_fifo.volatile.i120P0A, i120 %img, i120 %zext_ln949" [C:/Vulcan/Protocol/Display/v_dp_rxss1_0_ex/v_dp_rxss1_0_ex.runs/dpss_vck190_pt_v_frmbuf_rd_0_0_synth_1/prj/sol/.autopilot/db/v_frmbuf_rd.cpp:949]   --->   Operation 97 'write' 'write_ln949' <Predicate = (!icmp_ln914 & or_ln948)> <Delay = 0.85> <CoreInst = "FIFO_SRL">   --->   Core 85 'FIFO_SRL' <Latency = 0> <II = 1> <Delay = 0.85> <Storage> <Opcode : 'read' 'write' 'nbread' 'nbwrite'> <Ports = 0> <Width = 120> <Depth = 2> <FIFO>
ST_2 : Operation 98 [1/1] (0.00ns)   --->   "%br_ln949 = br void %for.inc110.1" [C:/Vulcan/Protocol/Display/v_dp_rxss1_0_ex/v_dp_rxss1_0_ex.runs/dpss_vck190_pt_v_frmbuf_rd_0_0_synth_1/prj/sol/.autopilot/db/v_frmbuf_rd.cpp:949]   --->   Operation 98 'br' 'br_ln949' <Predicate = (!icmp_ln914 & or_ln948)> <Delay = 0.00>
ST_2 : Operation 99 [1/1] (0.00ns)   --->   "%tmp_27 = partselect i10 @_ssdm_op_PartSelect.i10.i256.i32.i32, i256 %rd_raw, i32 42, i32 51" [C:/Vulcan/Protocol/Display/v_dp_rxss1_0_ex/v_dp_rxss1_0_ex.runs/dpss_vck190_pt_v_frmbuf_rd_0_0_synth_1/prj/sol/.autopilot/db/v_frmbuf_rd.cpp:944]   --->   Operation 99 'partselect' 'tmp_27' <Predicate = (!icmp_ln914)> <Delay = 0.00>
ST_2 : Operation 100 [1/1] (0.00ns)   --->   "%tmp_28 = partselect i10 @_ssdm_op_PartSelect.i10.i240.i32.i32, i240 %rdUv, i32 40, i32 49" [C:/Vulcan/Protocol/Display/v_dp_rxss1_0_ex/v_dp_rxss1_0_ex.runs/dpss_vck190_pt_v_frmbuf_rd_0_0_synth_1/prj/sol/.autopilot/db/v_frmbuf_rd.cpp:949]   --->   Operation 100 'partselect' 'tmp_28' <Predicate = (!icmp_ln914 & or_ln948_1)> <Delay = 0.00>
ST_2 : Operation 101 [1/1] (0.00ns)   --->   "%tmp_29 = partselect i10 @_ssdm_op_PartSelect.i10.i256.i32.i32, i256 %rd_raw, i32 52, i32 61" [C:/Vulcan/Protocol/Display/v_dp_rxss1_0_ex/v_dp_rxss1_0_ex.runs/dpss_vck190_pt_v_frmbuf_rd_0_0_synth_1/prj/sol/.autopilot/db/v_frmbuf_rd.cpp:949]   --->   Operation 101 'partselect' 'tmp_29' <Predicate = (!icmp_ln914 & or_ln948_1)> <Delay = 0.00>
ST_2 : Operation 102 [1/1] (0.00ns)   --->   "%tmp_30 = partselect i10 @_ssdm_op_PartSelect.i10.i240.i32.i32, i240 %rdUv, i32 50, i32 59" [C:/Vulcan/Protocol/Display/v_dp_rxss1_0_ex/v_dp_rxss1_0_ex.runs/dpss_vck190_pt_v_frmbuf_rd_0_0_synth_1/prj/sol/.autopilot/db/v_frmbuf_rd.cpp:949]   --->   Operation 102 'partselect' 'tmp_30' <Predicate = (!icmp_ln914 & or_ln948_1)> <Delay = 0.00>
ST_2 : Operation 103 [1/1] (0.00ns)   --->   "%tmp_31 = partselect i10 @_ssdm_op_PartSelect.i10.i256.i32.i32, i256 %rd_raw, i32 64, i32 73" [C:/Vulcan/Protocol/Display/v_dp_rxss1_0_ex/v_dp_rxss1_0_ex.runs/dpss_vck190_pt_v_frmbuf_rd_0_0_synth_1/prj/sol/.autopilot/db/v_frmbuf_rd.cpp:949]   --->   Operation 103 'partselect' 'tmp_31' <Predicate = (!icmp_ln914 & or_ln948_1)> <Delay = 0.00>
ST_2 : Operation 104 [1/1] (0.00ns)   --->   "%tmp_32 = partselect i10 @_ssdm_op_PartSelect.i10.i240.i32.i32, i240 %rdUv, i32 60, i32 69" [C:/Vulcan/Protocol/Display/v_dp_rxss1_0_ex/v_dp_rxss1_0_ex.runs/dpss_vck190_pt_v_frmbuf_rd_0_0_synth_1/prj/sol/.autopilot/db/v_frmbuf_rd.cpp:949]   --->   Operation 104 'partselect' 'tmp_32' <Predicate = (!icmp_ln914 & or_ln948_1)> <Delay = 0.00>
ST_2 : Operation 105 [1/1] (0.00ns)   --->   "%tmp_33 = partselect i10 @_ssdm_op_PartSelect.i10.i256.i32.i32, i256 %rd_raw, i32 74, i32 83" [C:/Vulcan/Protocol/Display/v_dp_rxss1_0_ex/v_dp_rxss1_0_ex.runs/dpss_vck190_pt_v_frmbuf_rd_0_0_synth_1/prj/sol/.autopilot/db/v_frmbuf_rd.cpp:949]   --->   Operation 105 'partselect' 'tmp_33' <Predicate = (!icmp_ln914 & or_ln948_1)> <Delay = 0.00>
ST_2 : Operation 106 [1/1] (0.00ns)   --->   "%tmp_34 = partselect i10 @_ssdm_op_PartSelect.i10.i240.i32.i32, i240 %rdUv, i32 70, i32 79" [C:/Vulcan/Protocol/Display/v_dp_rxss1_0_ex/v_dp_rxss1_0_ex.runs/dpss_vck190_pt_v_frmbuf_rd_0_0_synth_1/prj/sol/.autopilot/db/v_frmbuf_rd.cpp:949]   --->   Operation 106 'partselect' 'tmp_34' <Predicate = (!icmp_ln914 & or_ln948_1)> <Delay = 0.00>
ST_2 : Operation 107 [1/1] (0.00ns)   --->   "%tmp_36 = partselect i10 @_ssdm_op_PartSelect.i10.i256.i32.i32, i256 %rd_raw, i32 84, i32 93" [C:/Vulcan/Protocol/Display/v_dp_rxss1_0_ex/v_dp_rxss1_0_ex.runs/dpss_vck190_pt_v_frmbuf_rd_0_0_synth_1/prj/sol/.autopilot/db/v_frmbuf_rd.cpp:944]   --->   Operation 107 'partselect' 'tmp_36' <Predicate = (!icmp_ln914)> <Delay = 0.00>
ST_2 : Operation 108 [1/1] (0.00ns)   --->   "%tmp_37 = partselect i10 @_ssdm_op_PartSelect.i10.i240.i32.i32, i240 %rdUv, i32 80, i32 89" [C:/Vulcan/Protocol/Display/v_dp_rxss1_0_ex/v_dp_rxss1_0_ex.runs/dpss_vck190_pt_v_frmbuf_rd_0_0_synth_1/prj/sol/.autopilot/db/v_frmbuf_rd.cpp:949]   --->   Operation 108 'partselect' 'tmp_37' <Predicate = (!icmp_ln914 & or_ln948_2)> <Delay = 0.00>
ST_2 : Operation 109 [1/1] (0.00ns)   --->   "%tmp_38 = partselect i10 @_ssdm_op_PartSelect.i10.i256.i32.i32, i256 %rd_raw, i32 96, i32 105" [C:/Vulcan/Protocol/Display/v_dp_rxss1_0_ex/v_dp_rxss1_0_ex.runs/dpss_vck190_pt_v_frmbuf_rd_0_0_synth_1/prj/sol/.autopilot/db/v_frmbuf_rd.cpp:949]   --->   Operation 109 'partselect' 'tmp_38' <Predicate = (!icmp_ln914 & or_ln948_2)> <Delay = 0.00>
ST_2 : Operation 110 [1/1] (0.00ns)   --->   "%tmp_39 = partselect i10 @_ssdm_op_PartSelect.i10.i240.i32.i32, i240 %rdUv, i32 90, i32 99" [C:/Vulcan/Protocol/Display/v_dp_rxss1_0_ex/v_dp_rxss1_0_ex.runs/dpss_vck190_pt_v_frmbuf_rd_0_0_synth_1/prj/sol/.autopilot/db/v_frmbuf_rd.cpp:949]   --->   Operation 110 'partselect' 'tmp_39' <Predicate = (!icmp_ln914 & or_ln948_2)> <Delay = 0.00>
ST_2 : Operation 111 [1/1] (0.00ns)   --->   "%tmp_40 = partselect i10 @_ssdm_op_PartSelect.i10.i256.i32.i32, i256 %rd_raw, i32 106, i32 115" [C:/Vulcan/Protocol/Display/v_dp_rxss1_0_ex/v_dp_rxss1_0_ex.runs/dpss_vck190_pt_v_frmbuf_rd_0_0_synth_1/prj/sol/.autopilot/db/v_frmbuf_rd.cpp:949]   --->   Operation 111 'partselect' 'tmp_40' <Predicate = (!icmp_ln914 & or_ln948_2)> <Delay = 0.00>
ST_2 : Operation 112 [1/1] (0.00ns)   --->   "%tmp_41 = partselect i10 @_ssdm_op_PartSelect.i10.i240.i32.i32, i240 %rdUv, i32 100, i32 109" [C:/Vulcan/Protocol/Display/v_dp_rxss1_0_ex/v_dp_rxss1_0_ex.runs/dpss_vck190_pt_v_frmbuf_rd_0_0_synth_1/prj/sol/.autopilot/db/v_frmbuf_rd.cpp:949]   --->   Operation 112 'partselect' 'tmp_41' <Predicate = (!icmp_ln914 & or_ln948_2)> <Delay = 0.00>
ST_2 : Operation 113 [1/1] (0.00ns)   --->   "%tmp_42 = partselect i10 @_ssdm_op_PartSelect.i10.i256.i32.i32, i256 %rd_raw, i32 116, i32 125" [C:/Vulcan/Protocol/Display/v_dp_rxss1_0_ex/v_dp_rxss1_0_ex.runs/dpss_vck190_pt_v_frmbuf_rd_0_0_synth_1/prj/sol/.autopilot/db/v_frmbuf_rd.cpp:949]   --->   Operation 113 'partselect' 'tmp_42' <Predicate = (!icmp_ln914 & or_ln948_2)> <Delay = 0.00>
ST_2 : Operation 114 [1/1] (0.00ns)   --->   "%tmp_43 = partselect i10 @_ssdm_op_PartSelect.i10.i240.i32.i32, i240 %rdUv, i32 110, i32 119" [C:/Vulcan/Protocol/Display/v_dp_rxss1_0_ex/v_dp_rxss1_0_ex.runs/dpss_vck190_pt_v_frmbuf_rd_0_0_synth_1/prj/sol/.autopilot/db/v_frmbuf_rd.cpp:949]   --->   Operation 114 'partselect' 'tmp_43' <Predicate = (!icmp_ln914 & or_ln948_2)> <Delay = 0.00>
ST_2 : Operation 115 [1/1] (0.00ns)   --->   "%tmp_45 = partselect i10 @_ssdm_op_PartSelect.i10.i256.i32.i32, i256 %rd_raw, i32 128, i32 137" [C:/Vulcan/Protocol/Display/v_dp_rxss1_0_ex/v_dp_rxss1_0_ex.runs/dpss_vck190_pt_v_frmbuf_rd_0_0_synth_1/prj/sol/.autopilot/db/v_frmbuf_rd.cpp:944]   --->   Operation 115 'partselect' 'tmp_45' <Predicate = (!icmp_ln914)> <Delay = 0.00>
ST_2 : Operation 116 [1/1] (0.00ns)   --->   "%tmp_46 = partselect i10 @_ssdm_op_PartSelect.i10.i240.i32.i32, i240 %rdUv, i32 120, i32 129" [C:/Vulcan/Protocol/Display/v_dp_rxss1_0_ex/v_dp_rxss1_0_ex.runs/dpss_vck190_pt_v_frmbuf_rd_0_0_synth_1/prj/sol/.autopilot/db/v_frmbuf_rd.cpp:949]   --->   Operation 116 'partselect' 'tmp_46' <Predicate = (!icmp_ln914 & or_ln948_3)> <Delay = 0.00>
ST_2 : Operation 117 [1/1] (0.00ns)   --->   "%tmp_47 = partselect i10 @_ssdm_op_PartSelect.i10.i256.i32.i32, i256 %rd_raw, i32 138, i32 147" [C:/Vulcan/Protocol/Display/v_dp_rxss1_0_ex/v_dp_rxss1_0_ex.runs/dpss_vck190_pt_v_frmbuf_rd_0_0_synth_1/prj/sol/.autopilot/db/v_frmbuf_rd.cpp:949]   --->   Operation 117 'partselect' 'tmp_47' <Predicate = (!icmp_ln914 & or_ln948_3)> <Delay = 0.00>
ST_2 : Operation 118 [1/1] (0.00ns)   --->   "%tmp_48 = partselect i10 @_ssdm_op_PartSelect.i10.i240.i32.i32, i240 %rdUv, i32 130, i32 139" [C:/Vulcan/Protocol/Display/v_dp_rxss1_0_ex/v_dp_rxss1_0_ex.runs/dpss_vck190_pt_v_frmbuf_rd_0_0_synth_1/prj/sol/.autopilot/db/v_frmbuf_rd.cpp:949]   --->   Operation 118 'partselect' 'tmp_48' <Predicate = (!icmp_ln914 & or_ln948_3)> <Delay = 0.00>
ST_2 : Operation 119 [1/1] (0.00ns)   --->   "%tmp_49 = partselect i10 @_ssdm_op_PartSelect.i10.i256.i32.i32, i256 %rd_raw, i32 148, i32 157" [C:/Vulcan/Protocol/Display/v_dp_rxss1_0_ex/v_dp_rxss1_0_ex.runs/dpss_vck190_pt_v_frmbuf_rd_0_0_synth_1/prj/sol/.autopilot/db/v_frmbuf_rd.cpp:949]   --->   Operation 119 'partselect' 'tmp_49' <Predicate = (!icmp_ln914 & or_ln948_3)> <Delay = 0.00>
ST_2 : Operation 120 [1/1] (0.00ns)   --->   "%tmp_50 = partselect i10 @_ssdm_op_PartSelect.i10.i240.i32.i32, i240 %rdUv, i32 140, i32 149" [C:/Vulcan/Protocol/Display/v_dp_rxss1_0_ex/v_dp_rxss1_0_ex.runs/dpss_vck190_pt_v_frmbuf_rd_0_0_synth_1/prj/sol/.autopilot/db/v_frmbuf_rd.cpp:949]   --->   Operation 120 'partselect' 'tmp_50' <Predicate = (!icmp_ln914 & or_ln948_3)> <Delay = 0.00>
ST_2 : Operation 121 [1/1] (0.00ns)   --->   "%tmp_51 = partselect i10 @_ssdm_op_PartSelect.i10.i256.i32.i32, i256 %rd_raw, i32 160, i32 169" [C:/Vulcan/Protocol/Display/v_dp_rxss1_0_ex/v_dp_rxss1_0_ex.runs/dpss_vck190_pt_v_frmbuf_rd_0_0_synth_1/prj/sol/.autopilot/db/v_frmbuf_rd.cpp:949]   --->   Operation 121 'partselect' 'tmp_51' <Predicate = (!icmp_ln914 & or_ln948_3)> <Delay = 0.00>
ST_2 : Operation 122 [1/1] (0.00ns)   --->   "%tmp_52 = partselect i10 @_ssdm_op_PartSelect.i10.i240.i32.i32, i240 %rdUv, i32 150, i32 159" [C:/Vulcan/Protocol/Display/v_dp_rxss1_0_ex/v_dp_rxss1_0_ex.runs/dpss_vck190_pt_v_frmbuf_rd_0_0_synth_1/prj/sol/.autopilot/db/v_frmbuf_rd.cpp:949]   --->   Operation 122 'partselect' 'tmp_52' <Predicate = (!icmp_ln914 & or_ln948_3)> <Delay = 0.00>
ST_2 : Operation 123 [1/1] (0.00ns)   --->   "%tmp_54 = partselect i10 @_ssdm_op_PartSelect.i10.i256.i32.i32, i256 %rd_raw, i32 170, i32 179" [C:/Vulcan/Protocol/Display/v_dp_rxss1_0_ex/v_dp_rxss1_0_ex.runs/dpss_vck190_pt_v_frmbuf_rd_0_0_synth_1/prj/sol/.autopilot/db/v_frmbuf_rd.cpp:944]   --->   Operation 123 'partselect' 'tmp_54' <Predicate = (!icmp_ln914)> <Delay = 0.00>
ST_2 : Operation 124 [1/1] (0.00ns)   --->   "%tmp_55 = partselect i10 @_ssdm_op_PartSelect.i10.i240.i32.i32, i240 %rdUv, i32 160, i32 169" [C:/Vulcan/Protocol/Display/v_dp_rxss1_0_ex/v_dp_rxss1_0_ex.runs/dpss_vck190_pt_v_frmbuf_rd_0_0_synth_1/prj/sol/.autopilot/db/v_frmbuf_rd.cpp:949]   --->   Operation 124 'partselect' 'tmp_55' <Predicate = (!icmp_ln914 & or_ln948_4)> <Delay = 0.00>
ST_2 : Operation 125 [1/1] (0.00ns)   --->   "%tmp_56 = partselect i10 @_ssdm_op_PartSelect.i10.i256.i32.i32, i256 %rd_raw, i32 180, i32 189" [C:/Vulcan/Protocol/Display/v_dp_rxss1_0_ex/v_dp_rxss1_0_ex.runs/dpss_vck190_pt_v_frmbuf_rd_0_0_synth_1/prj/sol/.autopilot/db/v_frmbuf_rd.cpp:949]   --->   Operation 125 'partselect' 'tmp_56' <Predicate = (!icmp_ln914 & or_ln948_4)> <Delay = 0.00>
ST_2 : Operation 126 [1/1] (0.00ns)   --->   "%tmp_57 = partselect i10 @_ssdm_op_PartSelect.i10.i240.i32.i32, i240 %rdUv, i32 170, i32 179" [C:/Vulcan/Protocol/Display/v_dp_rxss1_0_ex/v_dp_rxss1_0_ex.runs/dpss_vck190_pt_v_frmbuf_rd_0_0_synth_1/prj/sol/.autopilot/db/v_frmbuf_rd.cpp:949]   --->   Operation 126 'partselect' 'tmp_57' <Predicate = (!icmp_ln914 & or_ln948_4)> <Delay = 0.00>
ST_2 : Operation 127 [1/1] (0.00ns)   --->   "%tmp_58 = partselect i10 @_ssdm_op_PartSelect.i10.i256.i32.i32, i256 %rd_raw, i32 192, i32 201" [C:/Vulcan/Protocol/Display/v_dp_rxss1_0_ex/v_dp_rxss1_0_ex.runs/dpss_vck190_pt_v_frmbuf_rd_0_0_synth_1/prj/sol/.autopilot/db/v_frmbuf_rd.cpp:949]   --->   Operation 127 'partselect' 'tmp_58' <Predicate = (!icmp_ln914 & or_ln948_4)> <Delay = 0.00>
ST_2 : Operation 128 [1/1] (0.00ns)   --->   "%tmp_59 = partselect i10 @_ssdm_op_PartSelect.i10.i240.i32.i32, i240 %rdUv, i32 180, i32 189" [C:/Vulcan/Protocol/Display/v_dp_rxss1_0_ex/v_dp_rxss1_0_ex.runs/dpss_vck190_pt_v_frmbuf_rd_0_0_synth_1/prj/sol/.autopilot/db/v_frmbuf_rd.cpp:949]   --->   Operation 128 'partselect' 'tmp_59' <Predicate = (!icmp_ln914 & or_ln948_4)> <Delay = 0.00>
ST_2 : Operation 129 [1/1] (0.00ns)   --->   "%tmp_60 = partselect i10 @_ssdm_op_PartSelect.i10.i256.i32.i32, i256 %rd_raw, i32 202, i32 211" [C:/Vulcan/Protocol/Display/v_dp_rxss1_0_ex/v_dp_rxss1_0_ex.runs/dpss_vck190_pt_v_frmbuf_rd_0_0_synth_1/prj/sol/.autopilot/db/v_frmbuf_rd.cpp:949]   --->   Operation 129 'partselect' 'tmp_60' <Predicate = (!icmp_ln914 & or_ln948_4)> <Delay = 0.00>
ST_2 : Operation 130 [1/1] (0.00ns)   --->   "%tmp_61 = partselect i10 @_ssdm_op_PartSelect.i10.i240.i32.i32, i240 %rdUv, i32 190, i32 199" [C:/Vulcan/Protocol/Display/v_dp_rxss1_0_ex/v_dp_rxss1_0_ex.runs/dpss_vck190_pt_v_frmbuf_rd_0_0_synth_1/prj/sol/.autopilot/db/v_frmbuf_rd.cpp:949]   --->   Operation 130 'partselect' 'tmp_61' <Predicate = (!icmp_ln914 & or_ln948_4)> <Delay = 0.00>
ST_2 : Operation 131 [1/1] (0.00ns)   --->   "%tmp_63 = partselect i10 @_ssdm_op_PartSelect.i10.i256.i32.i32, i256 %rd_raw, i32 212, i32 221" [C:/Vulcan/Protocol/Display/v_dp_rxss1_0_ex/v_dp_rxss1_0_ex.runs/dpss_vck190_pt_v_frmbuf_rd_0_0_synth_1/prj/sol/.autopilot/db/v_frmbuf_rd.cpp:944]   --->   Operation 131 'partselect' 'tmp_63' <Predicate = (!icmp_ln914)> <Delay = 0.00>
ST_2 : Operation 132 [1/1] (0.00ns)   --->   "%tmp_64 = partselect i10 @_ssdm_op_PartSelect.i10.i240.i32.i32, i240 %rdUv, i32 200, i32 209" [C:/Vulcan/Protocol/Display/v_dp_rxss1_0_ex/v_dp_rxss1_0_ex.runs/dpss_vck190_pt_v_frmbuf_rd_0_0_synth_1/prj/sol/.autopilot/db/v_frmbuf_rd.cpp:949]   --->   Operation 132 'partselect' 'tmp_64' <Predicate = (!icmp_ln914 & or_ln948_5)> <Delay = 0.00>
ST_2 : Operation 133 [1/1] (0.00ns)   --->   "%tmp_65 = partselect i10 @_ssdm_op_PartSelect.i10.i256.i32.i32, i256 %rd_raw, i32 224, i32 233" [C:/Vulcan/Protocol/Display/v_dp_rxss1_0_ex/v_dp_rxss1_0_ex.runs/dpss_vck190_pt_v_frmbuf_rd_0_0_synth_1/prj/sol/.autopilot/db/v_frmbuf_rd.cpp:949]   --->   Operation 133 'partselect' 'tmp_65' <Predicate = (!icmp_ln914 & or_ln948_5)> <Delay = 0.00>
ST_2 : Operation 134 [1/1] (0.00ns)   --->   "%tmp_66 = partselect i10 @_ssdm_op_PartSelect.i10.i240.i32.i32, i240 %rdUv, i32 210, i32 219" [C:/Vulcan/Protocol/Display/v_dp_rxss1_0_ex/v_dp_rxss1_0_ex.runs/dpss_vck190_pt_v_frmbuf_rd_0_0_synth_1/prj/sol/.autopilot/db/v_frmbuf_rd.cpp:949]   --->   Operation 134 'partselect' 'tmp_66' <Predicate = (!icmp_ln914 & or_ln948_5)> <Delay = 0.00>
ST_2 : Operation 135 [1/1] (0.00ns)   --->   "%tmp_67 = partselect i10 @_ssdm_op_PartSelect.i10.i256.i32.i32, i256 %rd_raw, i32 234, i32 243" [C:/Vulcan/Protocol/Display/v_dp_rxss1_0_ex/v_dp_rxss1_0_ex.runs/dpss_vck190_pt_v_frmbuf_rd_0_0_synth_1/prj/sol/.autopilot/db/v_frmbuf_rd.cpp:949]   --->   Operation 135 'partselect' 'tmp_67' <Predicate = (!icmp_ln914 & or_ln948_5)> <Delay = 0.00>
ST_2 : Operation 136 [1/1] (0.00ns)   --->   "%tmp_68 = partselect i10 @_ssdm_op_PartSelect.i10.i240.i32.i32, i240 %rdUv, i32 220, i32 229" [C:/Vulcan/Protocol/Display/v_dp_rxss1_0_ex/v_dp_rxss1_0_ex.runs/dpss_vck190_pt_v_frmbuf_rd_0_0_synth_1/prj/sol/.autopilot/db/v_frmbuf_rd.cpp:949]   --->   Operation 136 'partselect' 'tmp_68' <Predicate = (!icmp_ln914 & or_ln948_5)> <Delay = 0.00>
ST_2 : Operation 137 [1/1] (0.00ns)   --->   "%tmp_69 = partselect i10 @_ssdm_op_PartSelect.i10.i256.i32.i32, i256 %rd_raw, i32 244, i32 253" [C:/Vulcan/Protocol/Display/v_dp_rxss1_0_ex/v_dp_rxss1_0_ex.runs/dpss_vck190_pt_v_frmbuf_rd_0_0_synth_1/prj/sol/.autopilot/db/v_frmbuf_rd.cpp:949]   --->   Operation 137 'partselect' 'tmp_69' <Predicate = (!icmp_ln914 & or_ln948_5)> <Delay = 0.00>
ST_2 : Operation 138 [1/1] (0.00ns)   --->   "%tmp_70 = partselect i10 @_ssdm_op_PartSelect.i10.i240.i32.i32, i240 %rdUv, i32 230, i32 239" [C:/Vulcan/Protocol/Display/v_dp_rxss1_0_ex/v_dp_rxss1_0_ex.runs/dpss_vck190_pt_v_frmbuf_rd_0_0_synth_1/prj/sol/.autopilot/db/v_frmbuf_rd.cpp:949]   --->   Operation 138 'partselect' 'tmp_70' <Predicate = (!icmp_ln914 & or_ln948_5)> <Delay = 0.00>

State 3 <SV = 2> <Delay = 0.85>
ST_3 : Operation 139 [1/1] (0.00ns)   --->   "%tmp_35 = bitconcatenate i110 @_ssdm_op_BitConcatenate.i110.i10.i10.i10.i10.i10.i10.i10.i10.i10.i10.i10, i10 %tmp_34, i10 %tmp_33, i10 0, i10 %tmp_32, i10 %tmp_31, i10 0, i10 %tmp_30, i10 %tmp_29, i10 0, i10 %tmp_28, i10 %tmp_27" [C:/Vulcan/Protocol/Display/v_dp_rxss1_0_ex/v_dp_rxss1_0_ex.runs/dpss_vck190_pt_v_frmbuf_rd_0_0_synth_1/prj/sol/.autopilot/db/v_frmbuf_rd.cpp:949]   --->   Operation 139 'bitconcatenate' 'tmp_35' <Predicate = (!icmp_ln914 & or_ln948_1)> <Delay = 0.00>
ST_3 : Operation 140 [1/1] (0.00ns)   --->   "%zext_ln949_1 = zext i110 %tmp_35" [C:/Vulcan/Protocol/Display/v_dp_rxss1_0_ex/v_dp_rxss1_0_ex.runs/dpss_vck190_pt_v_frmbuf_rd_0_0_synth_1/prj/sol/.autopilot/db/v_frmbuf_rd.cpp:949]   --->   Operation 140 'zext' 'zext_ln949_1' <Predicate = (!icmp_ln914 & or_ln948_1)> <Delay = 0.00>
ST_3 : Operation 141 [1/1] (0.00ns)   --->   "%muxLogicData_to_write_ln949 = muxlogic i120 %zext_ln949_1"   --->   Operation 141 'muxlogic' 'muxLogicData_to_write_ln949' <Predicate = (!icmp_ln914 & or_ln948_1)> <Delay = 0.00>
ST_3 : Operation 142 [1/1] (0.85ns)   --->   "%write_ln949 = write void @_ssdm_op_Write.ap_fifo.volatile.i120P0A, i120 %img, i120 %zext_ln949_1" [C:/Vulcan/Protocol/Display/v_dp_rxss1_0_ex/v_dp_rxss1_0_ex.runs/dpss_vck190_pt_v_frmbuf_rd_0_0_synth_1/prj/sol/.autopilot/db/v_frmbuf_rd.cpp:949]   --->   Operation 142 'write' 'write_ln949' <Predicate = (!icmp_ln914 & or_ln948_1)> <Delay = 0.85> <CoreInst = "FIFO_SRL">   --->   Core 85 'FIFO_SRL' <Latency = 0> <II = 1> <Delay = 0.85> <Storage> <Opcode : 'read' 'write' 'nbread' 'nbwrite'> <Ports = 0> <Width = 120> <Depth = 2> <FIFO>
ST_3 : Operation 143 [1/1] (0.00ns)   --->   "%br_ln949 = br void %for.inc110.2" [C:/Vulcan/Protocol/Display/v_dp_rxss1_0_ex/v_dp_rxss1_0_ex.runs/dpss_vck190_pt_v_frmbuf_rd_0_0_synth_1/prj/sol/.autopilot/db/v_frmbuf_rd.cpp:949]   --->   Operation 143 'br' 'br_ln949' <Predicate = (!icmp_ln914 & or_ln948_1)> <Delay = 0.00>

State 4 <SV = 3> <Delay = 0.85>
ST_4 : Operation 144 [1/1] (0.00ns)   --->   "%tmp_44 = bitconcatenate i110 @_ssdm_op_BitConcatenate.i110.i10.i10.i10.i10.i10.i10.i10.i10.i10.i10.i10, i10 %tmp_43, i10 %tmp_42, i10 0, i10 %tmp_41, i10 %tmp_40, i10 0, i10 %tmp_39, i10 %tmp_38, i10 0, i10 %tmp_37, i10 %tmp_36" [C:/Vulcan/Protocol/Display/v_dp_rxss1_0_ex/v_dp_rxss1_0_ex.runs/dpss_vck190_pt_v_frmbuf_rd_0_0_synth_1/prj/sol/.autopilot/db/v_frmbuf_rd.cpp:949]   --->   Operation 144 'bitconcatenate' 'tmp_44' <Predicate = (!icmp_ln914 & or_ln948_2)> <Delay = 0.00>
ST_4 : Operation 145 [1/1] (0.00ns)   --->   "%zext_ln949_2 = zext i110 %tmp_44" [C:/Vulcan/Protocol/Display/v_dp_rxss1_0_ex/v_dp_rxss1_0_ex.runs/dpss_vck190_pt_v_frmbuf_rd_0_0_synth_1/prj/sol/.autopilot/db/v_frmbuf_rd.cpp:949]   --->   Operation 145 'zext' 'zext_ln949_2' <Predicate = (!icmp_ln914 & or_ln948_2)> <Delay = 0.00>
ST_4 : Operation 146 [1/1] (0.00ns)   --->   "%muxLogicData_to_write_ln949 = muxlogic i120 %zext_ln949_2"   --->   Operation 146 'muxlogic' 'muxLogicData_to_write_ln949' <Predicate = (!icmp_ln914 & or_ln948_2)> <Delay = 0.00>
ST_4 : Operation 147 [1/1] (0.85ns)   --->   "%write_ln949 = write void @_ssdm_op_Write.ap_fifo.volatile.i120P0A, i120 %img, i120 %zext_ln949_2" [C:/Vulcan/Protocol/Display/v_dp_rxss1_0_ex/v_dp_rxss1_0_ex.runs/dpss_vck190_pt_v_frmbuf_rd_0_0_synth_1/prj/sol/.autopilot/db/v_frmbuf_rd.cpp:949]   --->   Operation 147 'write' 'write_ln949' <Predicate = (!icmp_ln914 & or_ln948_2)> <Delay = 0.85> <CoreInst = "FIFO_SRL">   --->   Core 85 'FIFO_SRL' <Latency = 0> <II = 1> <Delay = 0.85> <Storage> <Opcode : 'read' 'write' 'nbread' 'nbwrite'> <Ports = 0> <Width = 120> <Depth = 2> <FIFO>
ST_4 : Operation 148 [1/1] (0.00ns)   --->   "%br_ln949 = br void %for.inc110.3" [C:/Vulcan/Protocol/Display/v_dp_rxss1_0_ex/v_dp_rxss1_0_ex.runs/dpss_vck190_pt_v_frmbuf_rd_0_0_synth_1/prj/sol/.autopilot/db/v_frmbuf_rd.cpp:949]   --->   Operation 148 'br' 'br_ln949' <Predicate = (!icmp_ln914 & or_ln948_2)> <Delay = 0.00>

State 5 <SV = 4> <Delay = 0.85>
ST_5 : Operation 149 [1/1] (0.00ns)   --->   "%tmp_53 = bitconcatenate i110 @_ssdm_op_BitConcatenate.i110.i10.i10.i10.i10.i10.i10.i10.i10.i10.i10.i10, i10 %tmp_52, i10 %tmp_51, i10 0, i10 %tmp_50, i10 %tmp_49, i10 0, i10 %tmp_48, i10 %tmp_47, i10 0, i10 %tmp_46, i10 %tmp_45" [C:/Vulcan/Protocol/Display/v_dp_rxss1_0_ex/v_dp_rxss1_0_ex.runs/dpss_vck190_pt_v_frmbuf_rd_0_0_synth_1/prj/sol/.autopilot/db/v_frmbuf_rd.cpp:949]   --->   Operation 149 'bitconcatenate' 'tmp_53' <Predicate = (!icmp_ln914 & or_ln948_3)> <Delay = 0.00>
ST_5 : Operation 150 [1/1] (0.00ns)   --->   "%zext_ln949_3 = zext i110 %tmp_53" [C:/Vulcan/Protocol/Display/v_dp_rxss1_0_ex/v_dp_rxss1_0_ex.runs/dpss_vck190_pt_v_frmbuf_rd_0_0_synth_1/prj/sol/.autopilot/db/v_frmbuf_rd.cpp:949]   --->   Operation 150 'zext' 'zext_ln949_3' <Predicate = (!icmp_ln914 & or_ln948_3)> <Delay = 0.00>
ST_5 : Operation 151 [1/1] (0.00ns)   --->   "%muxLogicData_to_write_ln949 = muxlogic i120 %zext_ln949_3"   --->   Operation 151 'muxlogic' 'muxLogicData_to_write_ln949' <Predicate = (!icmp_ln914 & or_ln948_3)> <Delay = 0.00>
ST_5 : Operation 152 [1/1] (0.85ns)   --->   "%write_ln949 = write void @_ssdm_op_Write.ap_fifo.volatile.i120P0A, i120 %img, i120 %zext_ln949_3" [C:/Vulcan/Protocol/Display/v_dp_rxss1_0_ex/v_dp_rxss1_0_ex.runs/dpss_vck190_pt_v_frmbuf_rd_0_0_synth_1/prj/sol/.autopilot/db/v_frmbuf_rd.cpp:949]   --->   Operation 152 'write' 'write_ln949' <Predicate = (!icmp_ln914 & or_ln948_3)> <Delay = 0.85> <CoreInst = "FIFO_SRL">   --->   Core 85 'FIFO_SRL' <Latency = 0> <II = 1> <Delay = 0.85> <Storage> <Opcode : 'read' 'write' 'nbread' 'nbwrite'> <Ports = 0> <Width = 120> <Depth = 2> <FIFO>
ST_5 : Operation 153 [1/1] (0.00ns)   --->   "%br_ln949 = br void %for.inc110.4" [C:/Vulcan/Protocol/Display/v_dp_rxss1_0_ex/v_dp_rxss1_0_ex.runs/dpss_vck190_pt_v_frmbuf_rd_0_0_synth_1/prj/sol/.autopilot/db/v_frmbuf_rd.cpp:949]   --->   Operation 153 'br' 'br_ln949' <Predicate = (!icmp_ln914 & or_ln948_3)> <Delay = 0.00>

State 6 <SV = 5> <Delay = 0.85>
ST_6 : Operation 154 [1/1] (0.00ns)   --->   "%tmp_62 = bitconcatenate i110 @_ssdm_op_BitConcatenate.i110.i10.i10.i10.i10.i10.i10.i10.i10.i10.i10.i10, i10 %tmp_61, i10 %tmp_60, i10 0, i10 %tmp_59, i10 %tmp_58, i10 0, i10 %tmp_57, i10 %tmp_56, i10 0, i10 %tmp_55, i10 %tmp_54" [C:/Vulcan/Protocol/Display/v_dp_rxss1_0_ex/v_dp_rxss1_0_ex.runs/dpss_vck190_pt_v_frmbuf_rd_0_0_synth_1/prj/sol/.autopilot/db/v_frmbuf_rd.cpp:949]   --->   Operation 154 'bitconcatenate' 'tmp_62' <Predicate = (!icmp_ln914 & or_ln948_4)> <Delay = 0.00>
ST_6 : Operation 155 [1/1] (0.00ns)   --->   "%zext_ln949_4 = zext i110 %tmp_62" [C:/Vulcan/Protocol/Display/v_dp_rxss1_0_ex/v_dp_rxss1_0_ex.runs/dpss_vck190_pt_v_frmbuf_rd_0_0_synth_1/prj/sol/.autopilot/db/v_frmbuf_rd.cpp:949]   --->   Operation 155 'zext' 'zext_ln949_4' <Predicate = (!icmp_ln914 & or_ln948_4)> <Delay = 0.00>
ST_6 : Operation 156 [1/1] (0.00ns)   --->   "%muxLogicData_to_write_ln949 = muxlogic i120 %zext_ln949_4"   --->   Operation 156 'muxlogic' 'muxLogicData_to_write_ln949' <Predicate = (!icmp_ln914 & or_ln948_4)> <Delay = 0.00>
ST_6 : Operation 157 [1/1] (0.85ns)   --->   "%write_ln949 = write void @_ssdm_op_Write.ap_fifo.volatile.i120P0A, i120 %img, i120 %zext_ln949_4" [C:/Vulcan/Protocol/Display/v_dp_rxss1_0_ex/v_dp_rxss1_0_ex.runs/dpss_vck190_pt_v_frmbuf_rd_0_0_synth_1/prj/sol/.autopilot/db/v_frmbuf_rd.cpp:949]   --->   Operation 157 'write' 'write_ln949' <Predicate = (!icmp_ln914 & or_ln948_4)> <Delay = 0.85> <CoreInst = "FIFO_SRL">   --->   Core 85 'FIFO_SRL' <Latency = 0> <II = 1> <Delay = 0.85> <Storage> <Opcode : 'read' 'write' 'nbread' 'nbwrite'> <Ports = 0> <Width = 120> <Depth = 2> <FIFO>
ST_6 : Operation 158 [1/1] (0.00ns)   --->   "%br_ln949 = br void %for.inc110.5" [C:/Vulcan/Protocol/Display/v_dp_rxss1_0_ex/v_dp_rxss1_0_ex.runs/dpss_vck190_pt_v_frmbuf_rd_0_0_synth_1/prj/sol/.autopilot/db/v_frmbuf_rd.cpp:949]   --->   Operation 158 'br' 'br_ln949' <Predicate = (!icmp_ln914 & or_ln948_4)> <Delay = 0.00>

State 7 <SV = 6> <Delay = 0.85>
ST_7 : Operation 159 [1/1] (0.00ns)   --->   "%tmp_71 = bitconcatenate i110 @_ssdm_op_BitConcatenate.i110.i10.i10.i10.i10.i10.i10.i10.i10.i10.i10.i10, i10 %tmp_70, i10 %tmp_69, i10 0, i10 %tmp_68, i10 %tmp_67, i10 0, i10 %tmp_66, i10 %tmp_65, i10 0, i10 %tmp_64, i10 %tmp_63" [C:/Vulcan/Protocol/Display/v_dp_rxss1_0_ex/v_dp_rxss1_0_ex.runs/dpss_vck190_pt_v_frmbuf_rd_0_0_synth_1/prj/sol/.autopilot/db/v_frmbuf_rd.cpp:949]   --->   Operation 159 'bitconcatenate' 'tmp_71' <Predicate = (or_ln948_5)> <Delay = 0.00>
ST_7 : Operation 160 [1/1] (0.00ns)   --->   "%zext_ln949_5 = zext i110 %tmp_71" [C:/Vulcan/Protocol/Display/v_dp_rxss1_0_ex/v_dp_rxss1_0_ex.runs/dpss_vck190_pt_v_frmbuf_rd_0_0_synth_1/prj/sol/.autopilot/db/v_frmbuf_rd.cpp:949]   --->   Operation 160 'zext' 'zext_ln949_5' <Predicate = (or_ln948_5)> <Delay = 0.00>
ST_7 : Operation 161 [1/1] (0.00ns)   --->   "%muxLogicData_to_write_ln949 = muxlogic i120 %zext_ln949_5"   --->   Operation 161 'muxlogic' 'muxLogicData_to_write_ln949' <Predicate = (or_ln948_5)> <Delay = 0.00>
ST_7 : Operation 162 [1/1] (0.85ns)   --->   "%write_ln949 = write void @_ssdm_op_Write.ap_fifo.volatile.i120P0A, i120 %img, i120 %zext_ln949_5" [C:/Vulcan/Protocol/Display/v_dp_rxss1_0_ex/v_dp_rxss1_0_ex.runs/dpss_vck190_pt_v_frmbuf_rd_0_0_synth_1/prj/sol/.autopilot/db/v_frmbuf_rd.cpp:949]   --->   Operation 162 'write' 'write_ln949' <Predicate = (or_ln948_5)> <Delay = 0.85> <CoreInst = "FIFO_SRL">   --->   Core 85 'FIFO_SRL' <Latency = 0> <II = 1> <Delay = 0.85> <Storage> <Opcode : 'read' 'write' 'nbread' 'nbwrite'> <Ports = 0> <Width = 120> <Depth = 2> <FIFO>
ST_7 : Operation 163 [1/1] (0.00ns)   --->   "%br_ln949 = br void %for.inc120.5" [C:/Vulcan/Protocol/Display/v_dp_rxss1_0_ex/v_dp_rxss1_0_ex.runs/dpss_vck190_pt_v_frmbuf_rd_0_0_synth_1/prj/sol/.autopilot/db/v_frmbuf_rd.cpp:949]   --->   Operation 163 'br' 'br_ln949' <Predicate = (or_ln948_5)> <Delay = 0.00>


============================================================
+ Verbose Summary: Timing violations
============================================================
Target clock period: 3.333ns, clock uncertainty: 0.900ns.

 <State 1>: 1.652ns
The critical path consists of the following:
	'store' operation 0 bit ('store_ln914', C:/Vulcan/Protocol/Display/v_dp_rxss1_0_ex/v_dp_rxss1_0_ex.runs/dpss_vck190_pt_v_frmbuf_rd_0_0_synth_1/prj/sol/.autopilot/db/v_frmbuf_rd.cpp:914) of constant 0 on local variable 'x', C:/Vulcan/Protocol/Display/v_dp_rxss1_0_ex/v_dp_rxss1_0_ex.runs/dpss_vck190_pt_v_frmbuf_rd_0_0_synth_1/prj/sol/.autopilot/db/v_frmbuf_rd.cpp:914 [44]  (0.419 ns)
	'load' operation 12 bit ('x', C:/Vulcan/Protocol/Display/v_dp_rxss1_0_ex/v_dp_rxss1_0_ex.runs/dpss_vck190_pt_v_frmbuf_rd_0_0_synth_1/prj/sol/.autopilot/db/v_frmbuf_rd.cpp:914) on local variable 'x', C:/Vulcan/Protocol/Display/v_dp_rxss1_0_ex/v_dp_rxss1_0_ex.runs/dpss_vck190_pt_v_frmbuf_rd_0_0_synth_1/prj/sol/.autopilot/db/v_frmbuf_rd.cpp:914 [48]  (0.000 ns)
	'icmp' operation 1 bit ('icmp_ln914', C:/Vulcan/Protocol/Display/v_dp_rxss1_0_ex/v_dp_rxss1_0_ex.runs/dpss_vck190_pt_v_frmbuf_rd_0_0_synth_1/prj/sol/.autopilot/db/v_frmbuf_rd.cpp:914) [51]  (0.814 ns)
	'store' operation 0 bit ('store_ln914', C:/Vulcan/Protocol/Display/v_dp_rxss1_0_ex/v_dp_rxss1_0_ex.runs/dpss_vck190_pt_v_frmbuf_rd_0_0_synth_1/prj/sol/.autopilot/db/v_frmbuf_rd.cpp:914) of variable 'x', C:/Vulcan/Protocol/Display/v_dp_rxss1_0_ex/v_dp_rxss1_0_ex.runs/dpss_vck190_pt_v_frmbuf_rd_0_0_synth_1/prj/sol/.autopilot/db/v_frmbuf_rd.cpp:914 on local variable 'x', C:/Vulcan/Protocol/Display/v_dp_rxss1_0_ex/v_dp_rxss1_0_ex.runs/dpss_vck190_pt_v_frmbuf_rd_0_0_synth_1/prj/sol/.autopilot/db/v_frmbuf_rd.cpp:914 [182]  (0.419 ns)

 <State 2>: 1.984ns
The critical path consists of the following:
	'muxlogic' operation 256 bit ('muxLogicCE_to_rd_raw') [57]  (0.000 ns)
	fifo read operation ('rd_raw', C:/Vulcan/Protocol/Display/v_dp_rxss1_0_ex/v_dp_rxss1_0_ex.runs/dpss_vck190_pt_v_frmbuf_rd_0_0_synth_1/prj/sol/.autopilot/db/v_frmbuf_rd.cpp:920) on port 'bytePlanes_plane0' (C:/Vulcan/Protocol/Display/v_dp_rxss1_0_ex/v_dp_rxss1_0_ex.runs/dpss_vck190_pt_v_frmbuf_rd_0_0_synth_1/prj/sol/.autopilot/db/v_frmbuf_rd.cpp:920) [58]  (1.127 ns)
	'muxlogic' operation 0 bit ('muxLogicData_to_write_ln949') [91]  (0.000 ns)
	fifo write operation ('write_ln949', C:/Vulcan/Protocol/Display/v_dp_rxss1_0_ex/v_dp_rxss1_0_ex.runs/dpss_vck190_pt_v_frmbuf_rd_0_0_synth_1/prj/sol/.autopilot/db/v_frmbuf_rd.cpp:949) on port 'img' (C:/Vulcan/Protocol/Display/v_dp_rxss1_0_ex/v_dp_rxss1_0_ex.runs/dpss_vck190_pt_v_frmbuf_rd_0_0_synth_1/prj/sol/.autopilot/db/v_frmbuf_rd.cpp:949) [92]  (0.857 ns)

 <State 3>: 0.857ns
The critical path consists of the following:
	'muxlogic' operation 0 bit ('muxLogicData_to_write_ln949') [108]  (0.000 ns)
	fifo write operation ('write_ln949', C:/Vulcan/Protocol/Display/v_dp_rxss1_0_ex/v_dp_rxss1_0_ex.runs/dpss_vck190_pt_v_frmbuf_rd_0_0_synth_1/prj/sol/.autopilot/db/v_frmbuf_rd.cpp:949) on port 'img' (C:/Vulcan/Protocol/Display/v_dp_rxss1_0_ex/v_dp_rxss1_0_ex.runs/dpss_vck190_pt_v_frmbuf_rd_0_0_synth_1/prj/sol/.autopilot/db/v_frmbuf_rd.cpp:949) [109]  (0.857 ns)

 <State 4>: 0.857ns
The critical path consists of the following:
	'muxlogic' operation 0 bit ('muxLogicData_to_write_ln949') [125]  (0.000 ns)
	fifo write operation ('write_ln949', C:/Vulcan/Protocol/Display/v_dp_rxss1_0_ex/v_dp_rxss1_0_ex.runs/dpss_vck190_pt_v_frmbuf_rd_0_0_synth_1/prj/sol/.autopilot/db/v_frmbuf_rd.cpp:949) on port 'img' (C:/Vulcan/Protocol/Display/v_dp_rxss1_0_ex/v_dp_rxss1_0_ex.runs/dpss_vck190_pt_v_frmbuf_rd_0_0_synth_1/prj/sol/.autopilot/db/v_frmbuf_rd.cpp:949) [126]  (0.857 ns)

 <State 5>: 0.857ns
The critical path consists of the following:
	'muxlogic' operation 0 bit ('muxLogicData_to_write_ln949') [142]  (0.000 ns)
	fifo write operation ('write_ln949', C:/Vulcan/Protocol/Display/v_dp_rxss1_0_ex/v_dp_rxss1_0_ex.runs/dpss_vck190_pt_v_frmbuf_rd_0_0_synth_1/prj/sol/.autopilot/db/v_frmbuf_rd.cpp:949) on port 'img' (C:/Vulcan/Protocol/Display/v_dp_rxss1_0_ex/v_dp_rxss1_0_ex.runs/dpss_vck190_pt_v_frmbuf_rd_0_0_synth_1/prj/sol/.autopilot/db/v_frmbuf_rd.cpp:949) [143]  (0.857 ns)

 <State 6>: 0.857ns
The critical path consists of the following:
	'muxlogic' operation 0 bit ('muxLogicData_to_write_ln949') [159]  (0.000 ns)
	fifo write operation ('write_ln949', C:/Vulcan/Protocol/Display/v_dp_rxss1_0_ex/v_dp_rxss1_0_ex.runs/dpss_vck190_pt_v_frmbuf_rd_0_0_synth_1/prj/sol/.autopilot/db/v_frmbuf_rd.cpp:949) on port 'img' (C:/Vulcan/Protocol/Display/v_dp_rxss1_0_ex/v_dp_rxss1_0_ex.runs/dpss_vck190_pt_v_frmbuf_rd_0_0_synth_1/prj/sol/.autopilot/db/v_frmbuf_rd.cpp:949) [160]  (0.857 ns)

 <State 7>: 0.857ns
The critical path consists of the following:
	'muxlogic' operation 0 bit ('muxLogicData_to_write_ln949') [176]  (0.000 ns)
	fifo write operation ('write_ln949', C:/Vulcan/Protocol/Display/v_dp_rxss1_0_ex/v_dp_rxss1_0_ex.runs/dpss_vck190_pt_v_frmbuf_rd_0_0_synth_1/prj/sol/.autopilot/db/v_frmbuf_rd.cpp:949) on port 'img' (C:/Vulcan/Protocol/Display/v_dp_rxss1_0_ex/v_dp_rxss1_0_ex.runs/dpss_vck190_pt_v_frmbuf_rd_0_0_synth_1/prj/sol/.autopilot/db/v_frmbuf_rd.cpp:949) [177]  (0.857 ns)


============================================================
+ Verbose Summary: Binding
============================================================
N/A
* FSMD analyzer results:
  - Output states:
 - Input state : 
  - Chain level:
	State 1
	State 2
	State 3
	State 4
	State 5
	State 6
	State 7


============================================================
+ Verbose Summary: Datapath Resource usage 
============================================================
N/A
