

================================================================
== Vitis HLS Report for 'FrmbufRdHlsDataFlow'
================================================================
* Date:           Thu May  9 19:06:41 2024

* Version:        2023.2 (Build 4023990 on Oct 11 2023)
* Project:        prj
* Solution:       sol (Vivado IP Flow Target)
* Product family: versalaicore
* Target device:  xcvc1902-vsva2197-2MP-e-S


================================================================
== Performance Estimates
================================================================
+ Timing: 
    * Summary: 
    +--------+---------+----------+------------+
    |  Clock |  Target | Estimated| Uncertainty|
    +--------+---------+----------+------------+
    |ap_clk  |  3.33 ns|  2.866 ns|     0.90 ns|
    +--------+---------+----------+------------+

+ Latency: 
    * Summary: 
    +---------+----------+----------+-----------+-----+----------+----------+
    |  Latency (cycles)  |  Latency (absolute)  |    Interval    | Pipeline |
    |   min   |    max   |    min   |    max    | min |    max   |   Type   |
    +---------+----------+----------+-----------+-----+----------+----------+
    |      234|  53101658|  0.780 us|  0.177 sec|   20|  53101458|  dataflow|
    +---------+----------+----------+-----------+-----+----------+----------+

    + Detail: 
        * Instance: 
        +------------------------------------+-------------------------+---------+----------+-----------+-----------+-----+----------+---------+
        |                                    |                         |  Latency (cycles)  |   Latency (absolute)  |    Interval    | Pipeline|
        |              Instance              |          Module         |   min   |    max   |    min    |    max    | min |    max   |   Type  |
        +------------------------------------+-------------------------+---------+----------+-----------+-----------+-----+----------+---------+
        |call_ln0_entry_proc_fu_190          |entry_proc               |        0|         0|       0 ns|       0 ns|    0|         0|       no|
        |grp_AXIMMvideo2Bytes_fu_197         |AXIMMvideo2Bytes         |        1|  18653761|   3.333 ns|  62.173 ms|    1|  18653761|       no|
        |grp_Bytes2MultiPixStream_fu_218     |Bytes2MultiPixStream     |        1|  53101457|   3.333 ns|  0.177 sec|    1|  53101457|       no|
        |grp_MultiPixStream2AXIvideo_fu_230  |MultiPixStream2AXIvideo  |       19|   8320339|  63.327 ns|  27.732 ms|   19|   8320339|       no|
        +------------------------------------+-------------------------+---------+----------+-----------+-----------+-----+----------+---------+

        * Loop: 
        N/A

============================================================
+ Verbose Summary: Synthesis Manager
============================================================
InlineROM: 1
ExposeGlobal: 0
============================================================
+ Verbose Summary: CDFG Model
============================================================
IsTopModel: 0
ResetActiveHigh: 1
IsCombinational: 2
IsDatapathOnly: 0
HasWiredReturn: 1
HasMFsm: 0
HasVarLatency: 1
IsPipeline: 0
IsRtlPipelined: 0
IsInstanceOverlapped: 0
IsDontTouch: 0
HasImplIP: 0
IsGatedGlobalClock: 0


============================================================
+ Verbose Summary: Schedule
============================================================
* Number of FSM states : 6
* Pipeline : 0
* Dataflow Pipeline: 1
  DF-Pipeline-0: Size = 6, States = { 1 2 3 4 5 6 }

* FSM state transitions: 
1 --> 2 
2 --> 3 
3 --> 4 
4 --> 5 
5 --> 6 
6 --> 

* FSM state operations: 

State 1 <SV = 0> <Delay = 2.86>
ST_1 : Operation 7 [1/1] (0.00ns)   --->   "%muxLogicCE_to_colorFormat_val11_read = muxlogic"   --->   Operation 7 'muxlogic' 'muxLogicCE_to_colorFormat_val11_read' <Predicate = true> <Delay = 0.00>
ST_1 : Operation 8 [1/1] (0.00ns)   --->   "%colorFormat_val11_read = read i2 @_ssdm_op_Read.ap_auto.i2, i2 %colorFormat_val11"   --->   Operation 8 'read' 'colorFormat_val11_read' <Predicate = true> <Delay = 0.00>
ST_1 : Operation 9 [1/1] (0.00ns)   --->   "%muxLogicCE_to_WidthInBytes_val10_read = muxlogic"   --->   Operation 9 'muxlogic' 'muxLogicCE_to_WidthInBytes_val10_read' <Predicate = true> <Delay = 0.00>
ST_1 : Operation 10 [1/1] (0.00ns)   --->   "%WidthInBytes_val10_read = read i16 @_ssdm_op_Read.ap_auto.i16, i16 %WidthInBytes_val10"   --->   Operation 10 'read' 'WidthInBytes_val10_read' <Predicate = true> <Delay = 0.00>
ST_1 : Operation 11 [1/1] (0.00ns)   --->   "%muxLogicCE_to_video_format_val8_read = muxlogic"   --->   Operation 11 'muxlogic' 'muxLogicCE_to_video_format_val8_read' <Predicate = true> <Delay = 0.00>
ST_1 : Operation 12 [1/1] (0.00ns)   --->   "%video_format_val8_read = read i6 @_ssdm_op_Read.ap_auto.i6, i6 %video_format_val8"   --->   Operation 12 'read' 'video_format_val8_read' <Predicate = true> <Delay = 0.00>
ST_1 : Operation 13 [1/1] (0.00ns)   --->   "%muxLogicCE_to_stride_val6_read = muxlogic"   --->   Operation 13 'muxlogic' 'muxLogicCE_to_stride_val6_read' <Predicate = true> <Delay = 0.00>
ST_1 : Operation 14 [1/1] (0.00ns)   --->   "%stride_val6_read = read i16 @_ssdm_op_Read.ap_auto.i16, i16 %stride_val6"   --->   Operation 14 'read' 'stride_val6_read' <Predicate = true> <Delay = 0.00>
ST_1 : Operation 15 [1/1] (0.00ns)   --->   "%muxLogicCE_to_height_val5_read = muxlogic"   --->   Operation 15 'muxlogic' 'muxLogicCE_to_height_val5_read' <Predicate = true> <Delay = 0.00>
ST_1 : Operation 16 [1/1] (0.00ns)   --->   "%height_val5_read = read i13 @_ssdm_op_Read.ap_auto.i13, i13 %height_val5"   --->   Operation 16 'read' 'height_val5_read' <Predicate = true> <Delay = 0.00>
ST_1 : Operation 17 [1/1] (0.00ns)   --->   "%muxLogicCE_to_HwReg_frm_buffer2_read = muxlogic"   --->   Operation 17 'muxlogic' 'muxLogicCE_to_HwReg_frm_buffer2_read' <Predicate = true> <Delay = 0.00>
ST_1 : Operation 18 [1/1] (0.00ns)   --->   "%HwReg_frm_buffer2_read = read i32 @_ssdm_op_Read.ap_auto.i32, i32 %HwReg_frm_buffer2"   --->   Operation 18 'read' 'HwReg_frm_buffer2_read' <Predicate = true> <Delay = 0.00>
ST_1 : Operation 19 [1/1] (0.00ns)   --->   "%muxLogicCE_to_HwReg_frm_buffer_read = muxlogic"   --->   Operation 19 'muxlogic' 'muxLogicCE_to_HwReg_frm_buffer_read' <Predicate = true> <Delay = 0.00>
ST_1 : Operation 20 [1/1] (0.00ns)   --->   "%HwReg_frm_buffer_read = read i32 @_ssdm_op_Read.ap_auto.i32, i32 %HwReg_frm_buffer"   --->   Operation 20 'read' 'HwReg_frm_buffer_read' <Predicate = true> <Delay = 0.00>
ST_1 : Operation 21 [1/1] (0.64ns)   --->   "%colorFormat_val11_c = alloca i32 1"   --->   Operation 21 'alloca' 'colorFormat_val11_c' <Predicate = true> <Delay = 0.64> <CoreInst = "FIFO_SRL">   --->   Core 85 'FIFO_SRL' <Latency = 0> <II = 1> <Delay = 0.64> <Storage> <Opcode : 'read' 'write' 'nbread' 'nbwrite'> <Ports = 0> <Width = 2> <Depth = 4> <FIFO>
ST_1 : Operation 22 [1/1] (0.79ns)   --->   "%WidthInBytes_val10_c = alloca i32 1"   --->   Operation 22 'alloca' 'WidthInBytes_val10_c' <Predicate = true> <Delay = 0.79> <CoreInst = "FIFO_SRL">   --->   Core 85 'FIFO_SRL' <Latency = 0> <II = 1> <Delay = 0.79> <Storage> <Opcode : 'read' 'write' 'nbread' 'nbwrite'> <Ports = 0> <Width = 16> <Depth = 2> <FIFO>
ST_1 : Operation 23 [1/1] (0.85ns)   --->   "%img = alloca i32 1"   --->   Operation 23 'alloca' 'img' <Predicate = true> <Delay = 0.85> <CoreInst = "FIFO_SRL">   --->   Core 85 'FIFO_SRL' <Latency = 0> <II = 1> <Delay = 0.85> <Storage> <Opcode : 'read' 'write' 'nbread' 'nbwrite'> <Ports = 0> <Width = 120> <Depth = 2> <FIFO>
ST_1 : Operation 24 [1/1] (1.12ns)   --->   "%bytePlanes_plane0 = alloca i32 1" [C:/Vulcan/Protocol/Display/v_dp_rxss1_0_ex/v_dp_rxss1_0_ex.runs/dpss_vck190_pt_v_frmbuf_rd_0_0_synth_1/prj/sol/.autopilot/db/v_frmbuf_rd.cpp:82]   --->   Operation 24 'alloca' 'bytePlanes_plane0' <Predicate = true> <Delay = 1.12> <CoreInst = "FIFO_BRAM">   --->   Core 83 'FIFO_BRAM' <Latency = 0> <II = 1> <Delay = 1.12> <Storage> <Opcode : 'read' 'write' 'nbread' 'nbwrite'> <Ports = 0> <Width = 256> <Depth = 480> <FIFO>
ST_1 : Operation 25 [1/1] (1.12ns)   --->   "%bytePlanes_plane1 = alloca i32 1" [C:/Vulcan/Protocol/Display/v_dp_rxss1_0_ex/v_dp_rxss1_0_ex.runs/dpss_vck190_pt_v_frmbuf_rd_0_0_synth_1/prj/sol/.autopilot/db/v_frmbuf_rd.cpp:82]   --->   Operation 25 'alloca' 'bytePlanes_plane1' <Predicate = true> <Delay = 1.12> <CoreInst = "FIFO_BRAM">   --->   Core 83 'FIFO_BRAM' <Latency = 0> <II = 1> <Delay = 1.12> <Storage> <Opcode : 'read' 'write' 'nbread' 'nbwrite'> <Ports = 0> <Width = 256> <Depth = 480> <FIFO>
ST_1 : Operation 26 [1/1] (0.64ns)   --->   "%call_ln0 = call void @entry_proc, i2 %colorFormat_val11_read, i2 %colorFormat_val11_c"   --->   Operation 26 'call' 'call_ln0' <Predicate = true> <Delay = 0.64> <CoreType = "Generic">   --->   Core 0 '' <Latency = 0> <II = 1> <Delay = 1.00> <Generic> <Opcode : >
ST_1 : Operation 27 [2/2] (1.73ns)   --->   "%call_ln96 = call void @AXIMMvideo2Bytes, i256 %mm_video, i32 %HwReg_frm_buffer_read, i32 %HwReg_frm_buffer2_read, i256 %bytePlanes_plane0, i256 %bytePlanes_plane1, i13 %height_val5_read, i16 %WidthInBytes_val10_read, i16 %stride_val6_read, i6 %video_format_val8_read, i16 %WidthInBytes_val10_c" [C:/Vulcan/Protocol/Display/v_dp_rxss1_0_ex/v_dp_rxss1_0_ex.runs/dpss_vck190_pt_v_frmbuf_rd_0_0_synth_1/prj/sol/.autopilot/db/v_frmbuf_rd.cpp:96]   --->   Operation 27 'call' 'call_ln96' <Predicate = true> <Delay = 1.73> <CoreType = "Generic">   --->   Core 0 '' <Latency = 0> <II = 1> <Delay = 1.00> <Generic> <Opcode : >

State 2 <SV = 1> <Delay = 0.00>
ST_2 : Operation 28 [1/2] (0.00ns)   --->   "%call_ln96 = call void @AXIMMvideo2Bytes, i256 %mm_video, i32 %HwReg_frm_buffer_read, i32 %HwReg_frm_buffer2_read, i256 %bytePlanes_plane0, i256 %bytePlanes_plane1, i13 %height_val5_read, i16 %WidthInBytes_val10_read, i16 %stride_val6_read, i6 %video_format_val8_read, i16 %WidthInBytes_val10_c" [C:/Vulcan/Protocol/Display/v_dp_rxss1_0_ex/v_dp_rxss1_0_ex.runs/dpss_vck190_pt_v_frmbuf_rd_0_0_synth_1/prj/sol/.autopilot/db/v_frmbuf_rd.cpp:96]   --->   Operation 28 'call' 'call_ln96' <Predicate = true> <Delay = 0.00> <CoreType = "Generic">   --->   Core 0 '' <Latency = 0> <II = 1> <Delay = 1.00> <Generic> <Opcode : >

State 3 <SV = 2> <Delay = 1.08>
ST_3 : Operation 29 [1/1] (0.00ns)   --->   "%muxLogicCE_to_width_val2_read = muxlogic"   --->   Operation 29 'muxlogic' 'muxLogicCE_to_width_val2_read' <Predicate = true> <Delay = 0.00>
ST_3 : Operation 30 [1/1] (0.00ns)   --->   "%width_val2_read = read i13 @_ssdm_op_Read.ap_auto.i13, i13 %width_val2"   --->   Operation 30 'read' 'width_val2_read' <Predicate = true> <Delay = 0.00>
ST_3 : Operation 31 [2/2] (1.08ns)   --->   "%call_ln99 = call void @Bytes2MultiPixStream, i256 %bytePlanes_plane0, i256 %bytePlanes_plane1, i120 %img, i13 %height_val5_read, i13 %width_val2_read, i16 %WidthInBytes_val10_c, i6 %video_format_val8_read" [C:/Vulcan/Protocol/Display/v_dp_rxss1_0_ex/v_dp_rxss1_0_ex.runs/dpss_vck190_pt_v_frmbuf_rd_0_0_synth_1/prj/sol/.autopilot/db/v_frmbuf_rd.cpp:99]   --->   Operation 31 'call' 'call_ln99' <Predicate = true> <Delay = 1.08> <CoreType = "Generic">   --->   Core 0 '' <Latency = 0> <II = 1> <Delay = 1.00> <Generic> <Opcode : >

State 4 <SV = 3> <Delay = 0.00>
ST_4 : Operation 32 [1/2] (0.00ns)   --->   "%call_ln99 = call void @Bytes2MultiPixStream, i256 %bytePlanes_plane0, i256 %bytePlanes_plane1, i120 %img, i13 %height_val5_read, i13 %width_val2_read, i16 %WidthInBytes_val10_c, i6 %video_format_val8_read" [C:/Vulcan/Protocol/Display/v_dp_rxss1_0_ex/v_dp_rxss1_0_ex.runs/dpss_vck190_pt_v_frmbuf_rd_0_0_synth_1/prj/sol/.autopilot/db/v_frmbuf_rd.cpp:99]   --->   Operation 32 'call' 'call_ln99' <Predicate = true> <Delay = 0.00> <CoreType = "Generic">   --->   Core 0 '' <Latency = 0> <II = 1> <Delay = 1.00> <Generic> <Opcode : >

State 5 <SV = 4> <Delay = 0.00>
ST_5 : Operation 33 [2/2] (0.00ns)   --->   "%call_ln105 = call void @MultiPixStream2AXIvideo, i120 %img, i120 %m_axis_video_V_data_V, i15 %m_axis_video_V_keep_V, i15 %m_axis_video_V_strb_V, i1 %m_axis_video_V_user_V, i1 %m_axis_video_V_last_V, i1 %m_axis_video_V_id_V, i1 %m_axis_video_V_dest_V, i13 %height_val5_read, i13 %width_val2_read, i2 %colorFormat_val11_c, i4 %mapComp" [C:/Vulcan/Protocol/Display/v_dp_rxss1_0_ex/v_dp_rxss1_0_ex.runs/dpss_vck190_pt_v_frmbuf_rd_0_0_synth_1/prj/sol/.autopilot/db/v_frmbuf_rd.cpp:105]   --->   Operation 33 'call' 'call_ln105' <Predicate = true> <Delay = 0.00> <CoreType = "Generic">   --->   Core 0 '' <Latency = 0> <II = 1> <Delay = 1.00> <Generic> <Opcode : >

State 6 <SV = 5> <Delay = 0.00>
ST_6 : Operation 34 [1/1] (0.00ns)   --->   "%empty = specchannel i32 @_ssdm_op_SpecChannel, void @colorFormat_OC_val11_c_str, i32 1, void @p_str, void @p_str, i32 4, i32 0, i2 %colorFormat_val11_c, i2 %colorFormat_val11_c"   --->   Operation 34 'specchannel' 'empty' <Predicate = true> <Delay = 0.00>
ST_6 : Operation 35 [1/1] (0.00ns)   --->   "%specinterface_ln0 = specinterface void @_ssdm_op_SpecInterface, i2 %colorFormat_val11_c, void @ap_fifo_str, i32 0, i32 0, void @p_str, i32 0, i32 0, void @p_str, void @p_str, void @p_str, i32 2, i32 2, i32 16, i32 16, void @p_str, void @p_str, i32 4294967295, i32 0"   --->   Operation 35 'specinterface' 'specinterface_ln0' <Predicate = true> <Delay = 0.00>
ST_6 : Operation 36 [1/1] (0.00ns)   --->   "%empty_404 = specchannel i32 @_ssdm_op_SpecChannel, void @WidthInBytes_OC_val10_c_str, i32 1, void @p_str, void @p_str, i32 2, i32 0, i16 %WidthInBytes_val10_c, i16 %WidthInBytes_val10_c"   --->   Operation 36 'specchannel' 'empty_404' <Predicate = true> <Delay = 0.00>
ST_6 : Operation 37 [1/1] (0.00ns)   --->   "%specinterface_ln0 = specinterface void @_ssdm_op_SpecInterface, i16 %WidthInBytes_val10_c, void @ap_fifo_str, i32 0, i32 0, void @p_str, i32 0, i32 0, void @p_str, void @p_str, void @p_str, i32 2, i32 2, i32 16, i32 16, void @p_str, void @p_str, i32 4294967295, i32 0"   --->   Operation 37 'specinterface' 'specinterface_ln0' <Predicate = true> <Delay = 0.00>
ST_6 : Operation 38 [1/1] (0.00ns)   --->   "%specdataflowpipeline_ln0 = specdataflowpipeline void @_ssdm_op_SpecDataflowPipeline, i32 4294967295, i32 0, void @empty_24"   --->   Operation 38 'specdataflowpipeline' 'specdataflowpipeline_ln0' <Predicate = true> <Delay = 0.00>
ST_6 : Operation 39 [1/1] (0.00ns)   --->   "%specaxissidechannel_ln0 = specaxissidechannel void @_ssdm_op_SpecAXISSideChannel, i120 %m_axis_video_V_data_V, i15 %m_axis_video_V_keep_V, i15 %m_axis_video_V_strb_V, i1 %m_axis_video_V_user_V, i1 %m_axis_video_V_last_V, i1 %m_axis_video_V_id_V, i1 %m_axis_video_V_dest_V, void @empty_5"   --->   Operation 39 'specaxissidechannel' 'specaxissidechannel_ln0' <Predicate = true> <Delay = 0.00>
ST_6 : Operation 40 [1/1] (0.00ns)   --->   "%specstablecontent_ln0 = specstablecontent void @_ssdm_op_SpecStableContent, i6 %video_format_val8, void "   --->   Operation 40 'specstablecontent' 'specstablecontent_ln0' <Predicate = true> <Delay = 0.00>
ST_6 : Operation 41 [1/1] (0.00ns)   --->   "%specstablecontent_ln0 = specstablecontent void @_ssdm_op_SpecStableContent, i16 %stride_val6, void "   --->   Operation 41 'specstablecontent' 'specstablecontent_ln0' <Predicate = true> <Delay = 0.00>
ST_6 : Operation 42 [1/1] (0.00ns)   --->   "%specstablecontent_ln0 = specstablecontent void @_ssdm_op_SpecStableContent, i13 %height_val5, void "   --->   Operation 42 'specstablecontent' 'specstablecontent_ln0' <Predicate = true> <Delay = 0.00>
ST_6 : Operation 43 [1/1] (0.00ns)   --->   "%specstablecontent_ln0 = specstablecontent void @_ssdm_op_SpecStableContent, i13 %width_val2, void "   --->   Operation 43 'specstablecontent' 'specstablecontent_ln0' <Predicate = true> <Delay = 0.00>
ST_6 : Operation 44 [1/1] (0.00ns)   --->   "%specinterface_ln0 = specinterface void @_ssdm_op_SpecInterface, i1 %m_axis_video_V_dest_V, i1 %m_axis_video_V_id_V, i1 %m_axis_video_V_last_V, i1 %m_axis_video_V_user_V, i15 %m_axis_video_V_strb_V, i15 %m_axis_video_V_keep_V, i120 %m_axis_video_V_data_V, void @empty_3, i32 0, i32 0, void @empty_4, i32 0, i32 0, void @empty_24, void @empty_24, void @empty_24, i32 0, i32 0, i32 0, i32 0, void @empty_24, void @empty_24, i32 4294967295, i32 0"   --->   Operation 44 'specinterface' 'specinterface_ln0' <Predicate = true> <Delay = 0.00>
ST_6 : Operation 45 [1/1] (0.00ns)   --->   "%specinterface_ln0 = specinterface void @_ssdm_op_SpecInterface, i256 %mm_video, void @empty_23, i32 0, i32 0, void @empty_24, i32 100, i32 2073600, void @empty_19, void @empty_25, void @empty_24, i32 8, i32 16, i32 16, i32 16, void @empty_24, void @empty_24, i32 4294967295, i32 0"   --->   Operation 45 'specinterface' 'specinterface_ln0' <Predicate = true> <Delay = 0.00>
ST_6 : Operation 46 [1/1] (0.00ns)   --->   "%empty_405 = specchannel i32 @_ssdm_op_SpecChannel, void @img_str, i32 1, void @p_str, void @p_str, i32 2, i32 2, i120 %img, i120 %img"   --->   Operation 46 'specchannel' 'empty_405' <Predicate = true> <Delay = 0.00>
ST_6 : Operation 47 [1/1] (0.00ns)   --->   "%specinterface_ln0 = specinterface void @_ssdm_op_SpecInterface, i120 %img, void @empty_6, i32 0, i32 0, void @empty_24, i32 0, i32 0, void @empty_24, void @empty_24, void @empty_24, i32 0, i32 0, i32 0, i32 0, void @empty_24, void @empty_24, i32 4294967295, i32 0"   --->   Operation 47 'specinterface' 'specinterface_ln0' <Predicate = true> <Delay = 0.00>
ST_6 : Operation 48 [1/1] (0.00ns)   --->   "%empty_406 = specchannel i32 @_ssdm_op_SpecChannel, void @bytePlanes_OC_plane0_str, i32 1, void @p_str, void @p_str, i32 480, i32 480, i256 %bytePlanes_plane0, i256 %bytePlanes_plane0"   --->   Operation 48 'specchannel' 'empty_406' <Predicate = true> <Delay = 0.00>
ST_6 : Operation 49 [1/1] (0.00ns)   --->   "%specmemcore_ln84 = specmemcore void @_ssdm_op_SpecMemCore, i256 %bytePlanes_plane0, i64 666, i64 8, i64 18446744073709551615" [C:/Vulcan/Protocol/Display/v_dp_rxss1_0_ex/v_dp_rxss1_0_ex.runs/dpss_vck190_pt_v_frmbuf_rd_0_0_synth_1/prj/sol/.autopilot/db/v_frmbuf_rd.cpp:84]   --->   Operation 49 'specmemcore' 'specmemcore_ln84' <Predicate = true> <Delay = 0.00>
ST_6 : Operation 50 [1/1] (0.00ns)   --->   "%specinterface_ln0 = specinterface void @_ssdm_op_SpecInterface, i256 %bytePlanes_plane0, void @empty_6, i32 0, i32 0, void @empty_24, i32 0, i32 0, void @empty_24, void @empty_24, void @empty_24, i32 0, i32 0, i32 0, i32 0, void @empty_24, void @empty_24, i32 4294967295, i32 0"   --->   Operation 50 'specinterface' 'specinterface_ln0' <Predicate = true> <Delay = 0.00>
ST_6 : Operation 51 [1/1] (0.00ns)   --->   "%empty_407 = specchannel i32 @_ssdm_op_SpecChannel, void @bytePlanes_OC_plane1_str, i32 1, void @p_str, void @p_str, i32 480, i32 480, i256 %bytePlanes_plane1, i256 %bytePlanes_plane1"   --->   Operation 51 'specchannel' 'empty_407' <Predicate = true> <Delay = 0.00>
ST_6 : Operation 52 [1/1] (0.00ns)   --->   "%specmemcore_ln88 = specmemcore void @_ssdm_op_SpecMemCore, i256 %bytePlanes_plane1, i64 666, i64 8, i64 18446744073709551615" [C:/Vulcan/Protocol/Display/v_dp_rxss1_0_ex/v_dp_rxss1_0_ex.runs/dpss_vck190_pt_v_frmbuf_rd_0_0_synth_1/prj/sol/.autopilot/db/v_frmbuf_rd.cpp:88]   --->   Operation 52 'specmemcore' 'specmemcore_ln88' <Predicate = true> <Delay = 0.00>
ST_6 : Operation 53 [1/1] (0.00ns)   --->   "%specinterface_ln0 = specinterface void @_ssdm_op_SpecInterface, i256 %bytePlanes_plane1, void @empty_6, i32 0, i32 0, void @empty_24, i32 0, i32 0, void @empty_24, void @empty_24, void @empty_24, i32 0, i32 0, i32 0, i32 0, void @empty_24, void @empty_24, i32 4294967295, i32 0"   --->   Operation 53 'specinterface' 'specinterface_ln0' <Predicate = true> <Delay = 0.00>
ST_6 : Operation 54 [1/2] (0.00ns)   --->   "%call_ln105 = call void @MultiPixStream2AXIvideo, i120 %img, i120 %m_axis_video_V_data_V, i15 %m_axis_video_V_keep_V, i15 %m_axis_video_V_strb_V, i1 %m_axis_video_V_user_V, i1 %m_axis_video_V_last_V, i1 %m_axis_video_V_id_V, i1 %m_axis_video_V_dest_V, i13 %height_val5_read, i13 %width_val2_read, i2 %colorFormat_val11_c, i4 %mapComp" [C:/Vulcan/Protocol/Display/v_dp_rxss1_0_ex/v_dp_rxss1_0_ex.runs/dpss_vck190_pt_v_frmbuf_rd_0_0_synth_1/prj/sol/.autopilot/db/v_frmbuf_rd.cpp:105]   --->   Operation 54 'call' 'call_ln105' <Predicate = true> <Delay = 0.00> <CoreType = "Generic">   --->   Core 0 '' <Latency = 0> <II = 1> <Delay = 1.00> <Generic> <Opcode : >
ST_6 : Operation 55 [1/1] (0.00ns)   --->   "%ret_ln107 = ret" [C:/Vulcan/Protocol/Display/v_dp_rxss1_0_ex/v_dp_rxss1_0_ex.runs/dpss_vck190_pt_v_frmbuf_rd_0_0_synth_1/prj/sol/.autopilot/db/v_frmbuf_rd.cpp:107]   --->   Operation 55 'ret' 'ret_ln107' <Predicate = true> <Delay = 0.00>


============================================================
+ Verbose Summary: Binding
============================================================
STG Binding: 
---------------- STG Properties BEGIN ----------------
- Is combinational: 0
- Is one-state seq: 0
- Is datapath-only: 0
- Is pipelined: 0
- Is top level: 0
Port [ Return ] is wired: 1; IO mode=ap_ctrl_hs:ce=0
Port [ m_axis_video_V_data_V]:  wired=1; compound=1; hidden=0; nouse=0; global=0; static=0; extern=0; dir=1; type=0; pingpong=0; private_global=0; IO mode=axis:ce=0
Port [ m_axis_video_V_keep_V]:  wired=1; compound=1; hidden=0; nouse=0; global=0; static=0; extern=0; dir=1; type=0; pingpong=0; private_global=0; IO mode=axis:ce=0
Port [ m_axis_video_V_strb_V]:  wired=1; compound=1; hidden=0; nouse=0; global=0; static=0; extern=0; dir=1; type=0; pingpong=0; private_global=0; IO mode=axis:ce=0
Port [ m_axis_video_V_user_V]:  wired=1; compound=1; hidden=0; nouse=0; global=0; static=0; extern=0; dir=1; type=0; pingpong=0; private_global=0; IO mode=axis:ce=0
Port [ m_axis_video_V_last_V]:  wired=1; compound=1; hidden=0; nouse=0; global=0; static=0; extern=0; dir=1; type=0; pingpong=0; private_global=0; IO mode=axis:ce=0
Port [ m_axis_video_V_id_V]:  wired=1; compound=1; hidden=0; nouse=0; global=0; static=0; extern=0; dir=1; type=0; pingpong=0; private_global=0; IO mode=axis:ce=0
Port [ m_axis_video_V_dest_V]:  wired=1; compound=1; hidden=0; nouse=0; global=0; static=0; extern=0; dir=1; type=0; pingpong=0; private_global=0; IO mode=axis:ce=0
Port [ mm_video]:  wired=1; compound=1; hidden=0; nouse=0; global=0; static=0; extern=0; dir=0; type=4; pingpong=0; private_global=0; IO mode=m_axi:ce=0
Port [ HwReg_frm_buffer]:  wired=1; compound=0; hidden=0; nouse=0; global=0; static=0; extern=0; dir=0; type=0; pingpong=0; private_global=0; IO mode=ap_none:ce=0
Port [ HwReg_frm_buffer2]:  wired=1; compound=0; hidden=0; nouse=0; global=0; static=0; extern=0; dir=0; type=0; pingpong=0; private_global=0; IO mode=ap_none:ce=0
Port [ width_val2]:  wired=1; compound=0; hidden=0; nouse=0; global=0; static=0; extern=0; dir=0; type=0; pingpong=0; private_global=0; IO mode=ap_none:ce=0
Port [ height_val5]:  wired=1; compound=0; hidden=0; nouse=0; global=0; static=0; extern=0; dir=0; type=0; pingpong=0; private_global=0; IO mode=ap_none:ce=0
Port [ stride_val6]:  wired=1; compound=0; hidden=0; nouse=0; global=0; static=0; extern=0; dir=0; type=0; pingpong=0; private_global=0; IO mode=ap_none:ce=0
Port [ video_format_val8]:  wired=1; compound=0; hidden=0; nouse=0; global=0; static=0; extern=0; dir=0; type=0; pingpong=0; private_global=0; IO mode=ap_none:ce=0
Port [ WidthInBytes_val10]:  wired=1; compound=0; hidden=0; nouse=0; global=0; static=0; extern=0; dir=0; type=0; pingpong=0; private_global=0; IO mode=ap_none:ce=0
Port [ colorFormat_val11]:  wired=1; compound=0; hidden=0; nouse=0; global=0; static=0; extern=0; dir=0; type=0; pingpong=0; private_global=0; IO mode=ap_none:ce=0
Port [ mapComp]:  wired=0; compound=1; hidden=1; nouse=1; global=1; static=1; extern=0; dir=0; type=1; pingpong=0; private_global=0; MemPort=[1]; IO mode=ap_memory:ce=0
---------------- STG Properties END ------------------

---------------- Datapath Model BEGIN ----------------

<LifeTime>
<method=bitvector/>
muxLogicCE_to_colorFormat_val11_read  (muxlogic            ) [ 0000000]
colorFormat_val11_read                (read                ) [ 0000000]
muxLogicCE_to_WidthInBytes_val10_read (muxlogic            ) [ 0000000]
WidthInBytes_val10_read               (read                ) [ 0010000]
muxLogicCE_to_video_format_val8_read  (muxlogic            ) [ 0000000]
video_format_val8_read                (read                ) [ 0011100]
muxLogicCE_to_stride_val6_read        (muxlogic            ) [ 0000000]
stride_val6_read                      (read                ) [ 0010000]
muxLogicCE_to_height_val5_read        (muxlogic            ) [ 0000000]
height_val5_read                      (read                ) [ 0011111]
muxLogicCE_to_HwReg_frm_buffer2_read  (muxlogic            ) [ 0000000]
HwReg_frm_buffer2_read                (read                ) [ 0010000]
muxLogicCE_to_HwReg_frm_buffer_read   (muxlogic            ) [ 0000000]
HwReg_frm_buffer_read                 (read                ) [ 0010000]
colorFormat_val11_c                   (alloca              ) [ 0111111]
WidthInBytes_val10_c                  (alloca              ) [ 0111111]
img                                   (alloca              ) [ 0011111]
bytePlanes_plane0                     (alloca              ) [ 0111111]
bytePlanes_plane1                     (alloca              ) [ 0111111]
call_ln0                              (call                ) [ 0000000]
call_ln96                             (call                ) [ 0000000]
muxLogicCE_to_width_val2_read         (muxlogic            ) [ 0000000]
width_val2_read                       (read                ) [ 0000111]
call_ln99                             (call                ) [ 0000000]
empty                                 (specchannel         ) [ 0000000]
specinterface_ln0                     (specinterface       ) [ 0000000]
empty_404                             (specchannel         ) [ 0000000]
specinterface_ln0                     (specinterface       ) [ 0000000]
specdataflowpipeline_ln0              (specdataflowpipeline) [ 0000000]
specaxissidechannel_ln0               (specaxissidechannel ) [ 0000000]
specstablecontent_ln0                 (specstablecontent   ) [ 0000000]
specstablecontent_ln0                 (specstablecontent   ) [ 0000000]
specstablecontent_ln0                 (specstablecontent   ) [ 0000000]
specstablecontent_ln0                 (specstablecontent   ) [ 0000000]
specinterface_ln0                     (specinterface       ) [ 0000000]
specinterface_ln0                     (specinterface       ) [ 0000000]
empty_405                             (specchannel         ) [ 0000000]
specinterface_ln0                     (specinterface       ) [ 0000000]
empty_406                             (specchannel         ) [ 0000000]
specmemcore_ln84                      (specmemcore         ) [ 0000000]
specinterface_ln0                     (specinterface       ) [ 0000000]
empty_407                             (specchannel         ) [ 0000000]
specmemcore_ln88                      (specmemcore         ) [ 0000000]
specinterface_ln0                     (specinterface       ) [ 0000000]
call_ln105                            (call                ) [ 0000000]
ret_ln107                             (ret                 ) [ 0000000]
</LifeTime>

<model>

<comp_list>
<comp id="0" class="1000" name="m_axis_video_V_data_V">
<pin_list>
<pin id="1" dir="1" index="0" bw="1" slack="0"/>
</pin_list>
<bind>
<StgValue><ssdm name="m_axis_video_V_data_V"/></StgValue>
</bind>
</comp>

<comp id="2" class="1000" name="m_axis_video_V_keep_V">
<pin_list>
<pin id="3" dir="1" index="0" bw="1" slack="0"/>
</pin_list>
<bind>
<StgValue><ssdm name="m_axis_video_V_keep_V"/></StgValue>
</bind>
</comp>

<comp id="4" class="1000" name="m_axis_video_V_strb_V">
<pin_list>
<pin id="5" dir="1" index="0" bw="1" slack="0"/>
</pin_list>
<bind>
<StgValue><ssdm name="m_axis_video_V_strb_V"/></StgValue>
</bind>
</comp>

<comp id="6" class="1000" name="m_axis_video_V_user_V">
<pin_list>
<pin id="7" dir="1" index="0" bw="1" slack="0"/>
</pin_list>
<bind>
<StgValue><ssdm name="m_axis_video_V_user_V"/></StgValue>
</bind>
</comp>

<comp id="8" class="1000" name="m_axis_video_V_last_V">
<pin_list>
<pin id="9" dir="1" index="0" bw="1" slack="0"/>
</pin_list>
<bind>
<StgValue><ssdm name="m_axis_video_V_last_V"/></StgValue>
</bind>
</comp>

<comp id="10" class="1000" name="m_axis_video_V_id_V">
<pin_list>
<pin id="11" dir="1" index="0" bw="1" slack="0"/>
</pin_list>
<bind>
<StgValue><ssdm name="m_axis_video_V_id_V"/></StgValue>
</bind>
</comp>

<comp id="12" class="1000" name="m_axis_video_V_dest_V">
<pin_list>
<pin id="13" dir="1" index="0" bw="1" slack="0"/>
</pin_list>
<bind>
<StgValue><ssdm name="m_axis_video_V_dest_V"/></StgValue>
</bind>
</comp>

<comp id="14" class="1000" name="mm_video">
<pin_list>
<pin id="15" dir="1" index="0" bw="1" slack="0"/>
</pin_list>
<bind>
<StgValue><ssdm name="mm_video"/></StgValue>
</bind>
</comp>

<comp id="16" class="1000" name="HwReg_frm_buffer">
<pin_list>
<pin id="17" dir="1" index="0" bw="1" slack="0"/>
</pin_list>
<bind>
<StgValue><ssdm name="HwReg_frm_buffer"/></StgValue>
</bind>
</comp>

<comp id="18" class="1000" name="HwReg_frm_buffer2">
<pin_list>
<pin id="19" dir="1" index="0" bw="1" slack="0"/>
</pin_list>
<bind>
<StgValue><ssdm name="HwReg_frm_buffer2"/></StgValue>
</bind>
</comp>

<comp id="20" class="1000" name="width_val2">
<pin_list>
<pin id="21" dir="1" index="0" bw="1" slack="0"/>
</pin_list>
<bind>
<StgValue><ssdm name="width_val2"/></StgValue>
</bind>
</comp>

<comp id="22" class="1000" name="height_val5">
<pin_list>
<pin id="23" dir="1" index="0" bw="1" slack="0"/>
</pin_list>
<bind>
<StgValue><ssdm name="height_val5"/></StgValue>
</bind>
</comp>

<comp id="24" class="1000" name="stride_val6">
<pin_list>
<pin id="25" dir="1" index="0" bw="1" slack="0"/>
</pin_list>
<bind>
<StgValue><ssdm name="stride_val6"/></StgValue>
</bind>
</comp>

<comp id="26" class="1000" name="video_format_val8">
<pin_list>
<pin id="27" dir="1" index="0" bw="1" slack="0"/>
</pin_list>
<bind>
<StgValue><ssdm name="video_format_val8"/></StgValue>
</bind>
</comp>

<comp id="28" class="1000" name="WidthInBytes_val10">
<pin_list>
<pin id="29" dir="1" index="0" bw="1" slack="0"/>
</pin_list>
<bind>
<StgValue><ssdm name="WidthInBytes_val10"/></StgValue>
</bind>
</comp>

<comp id="30" class="1000" name="colorFormat_val11">
<pin_list>
<pin id="31" dir="1" index="0" bw="1" slack="0"/>
</pin_list>
<bind>
<StgValue><ssdm name="colorFormat_val11"/></StgValue>
</bind>
</comp>

<comp id="32" class="1000" name="mapComp">
<pin_list>
<pin id="33" dir="1" index="0" bw="1" slack="0"/>
</pin_list>
<bind>
<StgValue><ssdm name="mapComp"/><MemPortTyVec>1 </MemPortTyVec>
</StgValue>
</bind>
</comp>

<comp id="34" class="1001" name="const_34">
<pin_list>
<pin id="35" dir="1" index="0" bw="1" slack="0"/>
</pin_list>
<bind>
<StgValue><ssdm name="_ssdm_op_Read.ap_auto.i2"/></StgValue>
</bind>
</comp>

<comp id="36" class="1001" name="const_36">
<pin_list>
<pin id="37" dir="1" index="0" bw="1" slack="0"/>
</pin_list>
<bind>
<StgValue><ssdm name="_ssdm_op_Read.ap_auto.i16"/></StgValue>
</bind>
</comp>

<comp id="38" class="1001" name="const_38">
<pin_list>
<pin id="39" dir="1" index="0" bw="1" slack="0"/>
</pin_list>
<bind>
<StgValue><ssdm name="_ssdm_op_Read.ap_auto.i6"/></StgValue>
</bind>
</comp>

<comp id="40" class="1001" name="const_40">
<pin_list>
<pin id="41" dir="1" index="0" bw="1" slack="0"/>
</pin_list>
<bind>
<StgValue><ssdm name="_ssdm_op_Read.ap_auto.i13"/></StgValue>
</bind>
</comp>

<comp id="42" class="1001" name="const_42">
<pin_list>
<pin id="43" dir="1" index="0" bw="1" slack="0"/>
</pin_list>
<bind>
<StgValue><ssdm name="_ssdm_op_Read.ap_auto.i32"/></StgValue>
</bind>
</comp>

<comp id="44" class="1001" name="const_44">
<pin_list>
<pin id="45" dir="1" index="0" bw="1" slack="0"/>
</pin_list>
<bind>
<StgValue><ssdm name=""/></StgValue>
</bind>
</comp>

<comp id="46" class="1001" name="const_46">
<pin_list>
<pin id="47" dir="1" index="0" bw="1" slack="0"/>
</pin_list>
<bind>
<StgValue><ssdm name="entry_proc"/></StgValue>
</bind>
</comp>

<comp id="48" class="1001" name="const_48">
<pin_list>
<pin id="49" dir="1" index="0" bw="1" slack="0"/>
</pin_list>
<bind>
<StgValue><ssdm name="AXIMMvideo2Bytes"/></StgValue>
</bind>
</comp>

<comp id="50" class="1001" name="const_50">
<pin_list>
<pin id="51" dir="1" index="0" bw="1" slack="0"/>
</pin_list>
<bind>
<StgValue><ssdm name="Bytes2MultiPixStream"/></StgValue>
</bind>
</comp>

<comp id="52" class="1001" name="const_52">
<pin_list>
<pin id="53" dir="1" index="0" bw="1" slack="0"/>
</pin_list>
<bind>
<StgValue><ssdm name="MultiPixStream2AXIvideo"/></StgValue>
</bind>
</comp>

<comp id="54" class="1001" name="const_54">
<pin_list>
<pin id="55" dir="1" index="0" bw="1" slack="2147483647"/>
</pin_list>
<bind>
<StgValue><ssdm name="_ssdm_op_SpecChannel"/></StgValue>
</bind>
</comp>

<comp id="56" class="1001" name="const_56">
<pin_list>
<pin id="57" dir="1" index="0" bw="1" slack="2147483647"/>
</pin_list>
<bind>
<StgValue><ssdm name="colorFormat_OC_val11_c_str"/></StgValue>
</bind>
</comp>

<comp id="58" class="1001" name="const_58">
<pin_list>
<pin id="59" dir="1" index="0" bw="1" slack="2147483647"/>
</pin_list>
<bind>
<StgValue><ssdm name="p_str"/></StgValue>
</bind>
</comp>

<comp id="60" class="1001" name="const_60">
<pin_list>
<pin id="61" dir="1" index="0" bw="1" slack="2147483647"/>
</pin_list>
<bind>
<StgValue><ssdm name=""/></StgValue>
</bind>
</comp>

<comp id="62" class="1001" name="const_62">
<pin_list>
<pin id="63" dir="1" index="0" bw="1" slack="2147483647"/>
</pin_list>
<bind>
<StgValue><ssdm name=""/></StgValue>
</bind>
</comp>

<comp id="64" class="1001" name="const_64">
<pin_list>
<pin id="65" dir="1" index="0" bw="1" slack="2147483647"/>
</pin_list>
<bind>
<StgValue><ssdm name="_ssdm_op_SpecInterface"/></StgValue>
</bind>
</comp>

<comp id="66" class="1001" name="const_66">
<pin_list>
<pin id="67" dir="1" index="0" bw="1" slack="2147483647"/>
</pin_list>
<bind>
<StgValue><ssdm name="ap_fifo_str"/></StgValue>
</bind>
</comp>

<comp id="68" class="1001" name="const_68">
<pin_list>
<pin id="69" dir="1" index="0" bw="1" slack="2147483647"/>
</pin_list>
<bind>
<StgValue><ssdm name=""/></StgValue>
</bind>
</comp>

<comp id="70" class="1001" name="const_70">
<pin_list>
<pin id="71" dir="1" index="0" bw="1" slack="2147483647"/>
</pin_list>
<bind>
<StgValue><ssdm name=""/></StgValue>
</bind>
</comp>

<comp id="72" class="1001" name="const_72">
<pin_list>
<pin id="73" dir="1" index="0" bw="1" slack="2147483647"/>
</pin_list>
<bind>
<StgValue><ssdm name=""/></StgValue>
</bind>
</comp>

<comp id="74" class="1001" name="const_74">
<pin_list>
<pin id="75" dir="1" index="0" bw="1" slack="2147483647"/>
</pin_list>
<bind>
<StgValue><ssdm name="WidthInBytes_OC_val10_c_str"/></StgValue>
</bind>
</comp>

<comp id="76" class="1001" name="const_76">
<pin_list>
<pin id="77" dir="1" index="0" bw="1" slack="2147483647"/>
</pin_list>
<bind>
<StgValue><ssdm name="_ssdm_op_SpecDataflowPipeline"/></StgValue>
</bind>
</comp>

<comp id="78" class="1001" name="const_78">
<pin_list>
<pin id="79" dir="1" index="0" bw="1" slack="2147483647"/>
</pin_list>
<bind>
<StgValue><ssdm name="empty_24"/></StgValue>
</bind>
</comp>

<comp id="80" class="1001" name="const_80">
<pin_list>
<pin id="81" dir="1" index="0" bw="1" slack="2147483647"/>
</pin_list>
<bind>
<StgValue><ssdm name="_ssdm_op_SpecAXISSideChannel"/></StgValue>
</bind>
</comp>

<comp id="82" class="1001" name="const_82">
<pin_list>
<pin id="83" dir="1" index="0" bw="1" slack="2147483647"/>
</pin_list>
<bind>
<StgValue><ssdm name="empty_5"/></StgValue>
</bind>
</comp>

<comp id="84" class="1001" name="const_84">
<pin_list>
<pin id="85" dir="1" index="0" bw="1" slack="2147483647"/>
</pin_list>
<bind>
<StgValue><ssdm name="_ssdm_op_SpecStableContent"/></StgValue>
</bind>
</comp>

<comp id="86" class="1001" name="const_86">
<pin_list>
<pin id="87" dir="1" index="0" bw="1" slack="2147483647"/>
</pin_list>
<bind>
<StgValue><ssdm name=""/></StgValue>
</bind>
</comp>

<comp id="88" class="1001" name="const_88">
<pin_list>
<pin id="89" dir="1" index="0" bw="1" slack="2147483647"/>
</pin_list>
<bind>
<StgValue><ssdm name="empty_3"/></StgValue>
</bind>
</comp>

<comp id="90" class="1001" name="const_90">
<pin_list>
<pin id="91" dir="1" index="0" bw="1" slack="2147483647"/>
</pin_list>
<bind>
<StgValue><ssdm name="empty_4"/></StgValue>
</bind>
</comp>

<comp id="92" class="1001" name="const_92">
<pin_list>
<pin id="93" dir="1" index="0" bw="1" slack="2147483647"/>
</pin_list>
<bind>
<StgValue><ssdm name="empty_23"/></StgValue>
</bind>
</comp>

<comp id="94" class="1001" name="const_94">
<pin_list>
<pin id="95" dir="1" index="0" bw="1" slack="2147483647"/>
</pin_list>
<bind>
<StgValue><ssdm name=""/></StgValue>
</bind>
</comp>

<comp id="96" class="1001" name="const_96">
<pin_list>
<pin id="97" dir="1" index="0" bw="1" slack="2147483647"/>
</pin_list>
<bind>
<StgValue><ssdm name=""/></StgValue>
</bind>
</comp>

<comp id="98" class="1001" name="const_98">
<pin_list>
<pin id="99" dir="1" index="0" bw="1" slack="2147483647"/>
</pin_list>
<bind>
<StgValue><ssdm name="empty_19"/></StgValue>
</bind>
</comp>

<comp id="100" class="1001" name="const_100">
<pin_list>
<pin id="101" dir="1" index="0" bw="1" slack="2147483647"/>
</pin_list>
<bind>
<StgValue><ssdm name="empty_25"/></StgValue>
</bind>
</comp>

<comp id="102" class="1001" name="const_102">
<pin_list>
<pin id="103" dir="1" index="0" bw="1" slack="2147483647"/>
</pin_list>
<bind>
<StgValue><ssdm name=""/></StgValue>
</bind>
</comp>

<comp id="104" class="1001" name="const_104">
<pin_list>
<pin id="105" dir="1" index="0" bw="1" slack="2147483647"/>
</pin_list>
<bind>
<StgValue><ssdm name="img_str"/></StgValue>
</bind>
</comp>

<comp id="106" class="1001" name="const_106">
<pin_list>
<pin id="107" dir="1" index="0" bw="1" slack="2147483647"/>
</pin_list>
<bind>
<StgValue><ssdm name="empty_6"/></StgValue>
</bind>
</comp>

<comp id="108" class="1001" name="const_108">
<pin_list>
<pin id="109" dir="1" index="0" bw="1" slack="2147483647"/>
</pin_list>
<bind>
<StgValue><ssdm name="bytePlanes_OC_plane0_str"/></StgValue>
</bind>
</comp>

<comp id="110" class="1001" name="const_110">
<pin_list>
<pin id="111" dir="1" index="0" bw="1" slack="2147483647"/>
</pin_list>
<bind>
<StgValue><ssdm name=""/></StgValue>
</bind>
</comp>

<comp id="112" class="1001" name="const_112">
<pin_list>
<pin id="113" dir="1" index="0" bw="1" slack="2147483647"/>
</pin_list>
<bind>
<StgValue><ssdm name="_ssdm_op_SpecMemCore"/></StgValue>
</bind>
</comp>

<comp id="114" class="1001" name="const_114">
<pin_list>
<pin id="115" dir="1" index="0" bw="1" slack="2147483647"/>
</pin_list>
<bind>
<StgValue><ssdm name=""/></StgValue>
</bind>
</comp>

<comp id="116" class="1001" name="const_116">
<pin_list>
<pin id="117" dir="1" index="0" bw="1" slack="2147483647"/>
</pin_list>
<bind>
<StgValue><ssdm name=""/></StgValue>
</bind>
</comp>

<comp id="118" class="1001" name="const_118">
<pin_list>
<pin id="119" dir="1" index="0" bw="1" slack="2147483647"/>
</pin_list>
<bind>
<StgValue><ssdm name=""/></StgValue>
</bind>
</comp>

<comp id="120" class="1001" name="const_120">
<pin_list>
<pin id="121" dir="1" index="0" bw="1" slack="2147483647"/>
</pin_list>
<bind>
<StgValue><ssdm name="bytePlanes_OC_plane1_str"/></StgValue>
</bind>
</comp>

<comp id="122" class="1004" name="colorFormat_val11_c_fu_122">
<pin_list>
<pin id="123" dir="0" index="0" bw="1" slack="0"/>
<pin id="124" dir="1" index="1" bw="2" slack="0"/>
</pin_list>
<bind>
<opcode="alloca(26) " fcode="alloca"/>
<opset="colorFormat_val11_c/1 "/>
</bind>
</comp>

<comp id="126" class="1004" name="WidthInBytes_val10_c_fu_126">
<pin_list>
<pin id="127" dir="0" index="0" bw="1" slack="0"/>
<pin id="128" dir="1" index="1" bw="16" slack="0"/>
</pin_list>
<bind>
<opcode="alloca(26) " fcode="alloca"/>
<opset="WidthInBytes_val10_c/1 "/>
</bind>
</comp>

<comp id="130" class="1004" name="img_fu_130">
<pin_list>
<pin id="131" dir="0" index="0" bw="1" slack="0"/>
<pin id="132" dir="1" index="1" bw="120" slack="2"/>
</pin_list>
<bind>
<opcode="alloca(26) " fcode="alloca"/>
<opset="img/1 "/>
</bind>
</comp>

<comp id="134" class="1004" name="bytePlanes_plane0_fu_134">
<pin_list>
<pin id="135" dir="0" index="0" bw="1" slack="0"/>
<pin id="136" dir="1" index="1" bw="256" slack="0"/>
</pin_list>
<bind>
<opcode="alloca(26) " fcode="alloca"/>
<opset="bytePlanes_plane0/1 "/>
</bind>
</comp>

<comp id="138" class="1004" name="bytePlanes_plane1_fu_138">
<pin_list>
<pin id="139" dir="0" index="0" bw="1" slack="0"/>
<pin id="140" dir="1" index="1" bw="256" slack="0"/>
</pin_list>
<bind>
<opcode="alloca(26) " fcode="alloca"/>
<opset="bytePlanes_plane1/1 "/>
</bind>
</comp>

<comp id="142" class="1004" name="colorFormat_val11_read_read_fu_142">
<pin_list>
<pin id="143" dir="0" index="0" bw="2" slack="0"/>
<pin id="144" dir="0" index="1" bw="2" slack="0"/>
<pin id="145" dir="1" index="2" bw="2" slack="0"/>
</pin_list>
<bind>
<opcode="read(1150) " fcode="read"/>
<opset="colorFormat_val11_read/1 "/>
</bind>
</comp>

<comp id="148" class="1004" name="WidthInBytes_val10_read_read_fu_148">
<pin_list>
<pin id="149" dir="0" index="0" bw="16" slack="0"/>
<pin id="150" dir="0" index="1" bw="16" slack="0"/>
<pin id="151" dir="1" index="2" bw="16" slack="0"/>
</pin_list>
<bind>
<opcode="read(1150) " fcode="read"/>
<opset="WidthInBytes_val10_read/1 "/>
</bind>
</comp>

<comp id="154" class="1004" name="video_format_val8_read_read_fu_154">
<pin_list>
<pin id="155" dir="0" index="0" bw="6" slack="0"/>
<pin id="156" dir="0" index="1" bw="6" slack="0"/>
<pin id="157" dir="1" index="2" bw="6" slack="0"/>
</pin_list>
<bind>
<opcode="read(1150) " fcode="read"/>
<opset="video_format_val8_read/1 "/>
</bind>
</comp>

<comp id="160" class="1004" name="stride_val6_read_read_fu_160">
<pin_list>
<pin id="161" dir="0" index="0" bw="16" slack="0"/>
<pin id="162" dir="0" index="1" bw="16" slack="0"/>
<pin id="163" dir="1" index="2" bw="16" slack="0"/>
</pin_list>
<bind>
<opcode="read(1150) " fcode="read"/>
<opset="stride_val6_read/1 "/>
</bind>
</comp>

<comp id="166" class="1004" name="height_val5_read_read_fu_166">
<pin_list>
<pin id="167" dir="0" index="0" bw="13" slack="0"/>
<pin id="168" dir="0" index="1" bw="13" slack="0"/>
<pin id="169" dir="1" index="2" bw="13" slack="0"/>
</pin_list>
<bind>
<opcode="read(1150) " fcode="read"/>
<opset="height_val5_read/1 "/>
</bind>
</comp>

<comp id="172" class="1004" name="HwReg_frm_buffer2_read_read_fu_172">
<pin_list>
<pin id="173" dir="0" index="0" bw="32" slack="0"/>
<pin id="174" dir="0" index="1" bw="32" slack="0"/>
<pin id="175" dir="1" index="2" bw="32" slack="0"/>
</pin_list>
<bind>
<opcode="read(1150) " fcode="read"/>
<opset="HwReg_frm_buffer2_read/1 "/>
</bind>
</comp>

<comp id="178" class="1004" name="HwReg_frm_buffer_read_read_fu_178">
<pin_list>
<pin id="179" dir="0" index="0" bw="32" slack="0"/>
<pin id="180" dir="0" index="1" bw="32" slack="0"/>
<pin id="181" dir="1" index="2" bw="32" slack="0"/>
</pin_list>
<bind>
<opcode="read(1150) " fcode="read"/>
<opset="HwReg_frm_buffer_read/1 "/>
</bind>
</comp>

<comp id="184" class="1004" name="width_val2_read_read_fu_184">
<pin_list>
<pin id="185" dir="0" index="0" bw="13" slack="0"/>
<pin id="186" dir="0" index="1" bw="13" slack="0"/>
<pin id="187" dir="1" index="2" bw="13" slack="0"/>
</pin_list>
<bind>
<opcode="read(1150) " fcode="read"/>
<opset="width_val2_read/3 "/>
</bind>
</comp>

<comp id="190" class="1004" name="call_ln0_entry_proc_fu_190">
<pin_list>
<pin id="191" dir="0" index="0" bw="0" slack="0"/>
<pin id="192" dir="0" index="1" bw="2" slack="0"/>
<pin id="193" dir="0" index="2" bw="2" slack="0"/>
<pin id="194" dir="1" index="3" bw="0" slack="2147483647"/>
</pin_list>
<bind>
<opcode="call(48) " fcode="call"/>
<opset="call_ln0/1 "/>
</bind>
</comp>

<comp id="197" class="1004" name="grp_AXIMMvideo2Bytes_fu_197">
<pin_list>
<pin id="198" dir="0" index="0" bw="0" slack="0"/>
<pin id="199" dir="0" index="1" bw="256" slack="0"/>
<pin id="200" dir="0" index="2" bw="32" slack="0"/>
<pin id="201" dir="0" index="3" bw="32" slack="0"/>
<pin id="202" dir="0" index="4" bw="256" slack="0"/>
<pin id="203" dir="0" index="5" bw="256" slack="0"/>
<pin id="204" dir="0" index="6" bw="13" slack="0"/>
<pin id="205" dir="0" index="7" bw="16" slack="0"/>
<pin id="206" dir="0" index="8" bw="16" slack="0"/>
<pin id="207" dir="0" index="9" bw="6" slack="0"/>
<pin id="208" dir="0" index="10" bw="16" slack="0"/>
<pin id="209" dir="1" index="11" bw="0" slack="2147483647"/>
</pin_list>
<bind>
<opcode="call(48) " fcode="call"/>
<opset="call_ln96/1 "/>
</bind>
</comp>

<comp id="218" class="1004" name="grp_Bytes2MultiPixStream_fu_218">
<pin_list>
<pin id="219" dir="0" index="0" bw="0" slack="0"/>
<pin id="220" dir="0" index="1" bw="256" slack="2"/>
<pin id="221" dir="0" index="2" bw="256" slack="2"/>
<pin id="222" dir="0" index="3" bw="120" slack="2"/>
<pin id="223" dir="0" index="4" bw="13" slack="2"/>
<pin id="224" dir="0" index="5" bw="13" slack="0"/>
<pin id="225" dir="0" index="6" bw="16" slack="2"/>
<pin id="226" dir="0" index="7" bw="6" slack="2"/>
<pin id="227" dir="1" index="8" bw="0" slack="2147483647"/>
</pin_list>
<bind>
<opcode="call(48) " fcode="call"/>
<opset="call_ln99/3 "/>
</bind>
</comp>

<comp id="230" class="1004" name="grp_MultiPixStream2AXIvideo_fu_230">
<pin_list>
<pin id="231" dir="0" index="0" bw="0" slack="0"/>
<pin id="232" dir="0" index="1" bw="120" slack="4"/>
<pin id="233" dir="0" index="2" bw="120" slack="0"/>
<pin id="234" dir="0" index="3" bw="15" slack="0"/>
<pin id="235" dir="0" index="4" bw="15" slack="0"/>
<pin id="236" dir="0" index="5" bw="1" slack="0"/>
<pin id="237" dir="0" index="6" bw="1" slack="0"/>
<pin id="238" dir="0" index="7" bw="1" slack="0"/>
<pin id="239" dir="0" index="8" bw="1" slack="0"/>
<pin id="240" dir="0" index="9" bw="13" slack="4"/>
<pin id="241" dir="0" index="10" bw="13" slack="2"/>
<pin id="242" dir="0" index="11" bw="2" slack="4"/>
<pin id="243" dir="0" index="12" bw="4" slack="0"/>
<pin id="244" dir="1" index="13" bw="0" slack="2147483647"/>
</pin_list>
<bind>
<opcode="call(48) " fcode="call"/>
<opset="call_ln105/5 "/>
</bind>
</comp>

<comp id="254" class="1004" name="grp_fu_254">
<pin_list>
<pin id="255" dir="1" index="0" bw="13" slack="2147483647"/>
</pin_list>
<bind>
<opcode="muxlogic(592) " fcode="muxlogic"/>
<opset="muxLogicCE_to_colorFormat_val11_read/1 muxLogicCE_to_width_val2_read/3 "/>
</bind>
</comp>

<comp id="256" class="1004" name="muxLogicCE_to_WidthInBytes_val10_read_fu_256">
<pin_list>
<pin id="257" dir="1" index="0" bw="16" slack="2147483647"/>
</pin_list>
<bind>
<opcode="muxlogic(592) " fcode="muxlogic"/>
<opset="muxLogicCE_to_WidthInBytes_val10_read/1 "/>
</bind>
</comp>

<comp id="258" class="1004" name="muxLogicCE_to_video_format_val8_read_fu_258">
<pin_list>
<pin id="259" dir="1" index="0" bw="6" slack="2147483647"/>
</pin_list>
<bind>
<opcode="muxlogic(592) " fcode="muxlogic"/>
<opset="muxLogicCE_to_video_format_val8_read/1 "/>
</bind>
</comp>

<comp id="260" class="1004" name="muxLogicCE_to_stride_val6_read_fu_260">
<pin_list>
<pin id="261" dir="1" index="0" bw="16" slack="2147483647"/>
</pin_list>
<bind>
<opcode="muxlogic(592) " fcode="muxlogic"/>
<opset="muxLogicCE_to_stride_val6_read/1 "/>
</bind>
</comp>

<comp id="262" class="1004" name="muxLogicCE_to_height_val5_read_fu_262">
<pin_list>
<pin id="263" dir="1" index="0" bw="13" slack="2147483647"/>
</pin_list>
<bind>
<opcode="muxlogic(592) " fcode="muxlogic"/>
<opset="muxLogicCE_to_height_val5_read/1 "/>
</bind>
</comp>

<comp id="264" class="1004" name="muxLogicCE_to_HwReg_frm_buffer2_read_fu_264">
<pin_list>
<pin id="265" dir="1" index="0" bw="32" slack="2147483647"/>
</pin_list>
<bind>
<opcode="muxlogic(592) " fcode="muxlogic"/>
<opset="muxLogicCE_to_HwReg_frm_buffer2_read/1 "/>
</bind>
</comp>

<comp id="266" class="1004" name="muxLogicCE_to_HwReg_frm_buffer_read_fu_266">
<pin_list>
<pin id="267" dir="1" index="0" bw="32" slack="2147483647"/>
</pin_list>
<bind>
<opcode="muxlogic(592) " fcode="muxlogic"/>
<opset="muxLogicCE_to_HwReg_frm_buffer_read/1 "/>
</bind>
</comp>

<comp id="268" class="1005" name="WidthInBytes_val10_read_reg_268">
<pin_list>
<pin id="269" dir="0" index="0" bw="16" slack="1"/>
<pin id="270" dir="1" index="1" bw="16" slack="1"/>
</pin_list>
<bind>
<opset="WidthInBytes_val10_read "/>
</bind>
</comp>

<comp id="273" class="1005" name="video_format_val8_read_reg_273">
<pin_list>
<pin id="274" dir="0" index="0" bw="6" slack="1"/>
<pin id="275" dir="1" index="1" bw="6" slack="1"/>
</pin_list>
<bind>
<opset="video_format_val8_read "/>
</bind>
</comp>

<comp id="279" class="1005" name="stride_val6_read_reg_279">
<pin_list>
<pin id="280" dir="0" index="0" bw="16" slack="1"/>
<pin id="281" dir="1" index="1" bw="16" slack="1"/>
</pin_list>
<bind>
<opset="stride_val6_read "/>
</bind>
</comp>

<comp id="284" class="1005" name="height_val5_read_reg_284">
<pin_list>
<pin id="285" dir="0" index="0" bw="13" slack="1"/>
<pin id="286" dir="1" index="1" bw="13" slack="1"/>
</pin_list>
<bind>
<opset="height_val5_read "/>
</bind>
</comp>

<comp id="291" class="1005" name="HwReg_frm_buffer2_read_reg_291">
<pin_list>
<pin id="292" dir="0" index="0" bw="32" slack="1"/>
<pin id="293" dir="1" index="1" bw="32" slack="1"/>
</pin_list>
<bind>
<opset="HwReg_frm_buffer2_read "/>
</bind>
</comp>

<comp id="296" class="1005" name="HwReg_frm_buffer_read_reg_296">
<pin_list>
<pin id="297" dir="0" index="0" bw="32" slack="1"/>
<pin id="298" dir="1" index="1" bw="32" slack="1"/>
</pin_list>
<bind>
<opset="HwReg_frm_buffer_read "/>
</bind>
</comp>

<comp id="301" class="1005" name="colorFormat_val11_c_reg_301">
<pin_list>
<pin id="302" dir="0" index="0" bw="2" slack="0"/>
<pin id="303" dir="1" index="1" bw="2" slack="0"/>
</pin_list>
<bind>
<opset="colorFormat_val11_c "/>
</bind>
</comp>

<comp id="307" class="1005" name="WidthInBytes_val10_c_reg_307">
<pin_list>
<pin id="308" dir="0" index="0" bw="16" slack="0"/>
<pin id="309" dir="1" index="1" bw="16" slack="0"/>
</pin_list>
<bind>
<opset="WidthInBytes_val10_c "/>
</bind>
</comp>

<comp id="313" class="1005" name="img_reg_313">
<pin_list>
<pin id="314" dir="0" index="0" bw="120" slack="2"/>
<pin id="315" dir="1" index="1" bw="120" slack="2"/>
</pin_list>
<bind>
<opset="img "/>
</bind>
</comp>

<comp id="319" class="1005" name="bytePlanes_plane0_reg_319">
<pin_list>
<pin id="320" dir="0" index="0" bw="256" slack="0"/>
<pin id="321" dir="1" index="1" bw="256" slack="0"/>
</pin_list>
<bind>
<opset="bytePlanes_plane0 "/>
</bind>
</comp>

<comp id="325" class="1005" name="bytePlanes_plane1_reg_325">
<pin_list>
<pin id="326" dir="0" index="0" bw="256" slack="0"/>
<pin id="327" dir="1" index="1" bw="256" slack="0"/>
</pin_list>
<bind>
<opset="bytePlanes_plane1 "/>
</bind>
</comp>

<comp id="331" class="1005" name="width_val2_read_reg_331">
<pin_list>
<pin id="332" dir="0" index="0" bw="13" slack="1"/>
<pin id="333" dir="1" index="1" bw="13" slack="1"/>
</pin_list>
<bind>
<opset="width_val2_read "/>
</bind>
</comp>

</comp_list>

<net_list>
<net id="125"><net_src comp="44" pin="0"/><net_sink comp="122" pin=0"/></net>

<net id="129"><net_src comp="44" pin="0"/><net_sink comp="126" pin=0"/></net>

<net id="133"><net_src comp="44" pin="0"/><net_sink comp="130" pin=0"/></net>

<net id="137"><net_src comp="44" pin="0"/><net_sink comp="134" pin=0"/></net>

<net id="141"><net_src comp="44" pin="0"/><net_sink comp="138" pin=0"/></net>

<net id="146"><net_src comp="34" pin="0"/><net_sink comp="142" pin=0"/></net>

<net id="147"><net_src comp="30" pin="0"/><net_sink comp="142" pin=1"/></net>

<net id="152"><net_src comp="36" pin="0"/><net_sink comp="148" pin=0"/></net>

<net id="153"><net_src comp="28" pin="0"/><net_sink comp="148" pin=1"/></net>

<net id="158"><net_src comp="38" pin="0"/><net_sink comp="154" pin=0"/></net>

<net id="159"><net_src comp="26" pin="0"/><net_sink comp="154" pin=1"/></net>

<net id="164"><net_src comp="36" pin="0"/><net_sink comp="160" pin=0"/></net>

<net id="165"><net_src comp="24" pin="0"/><net_sink comp="160" pin=1"/></net>

<net id="170"><net_src comp="40" pin="0"/><net_sink comp="166" pin=0"/></net>

<net id="171"><net_src comp="22" pin="0"/><net_sink comp="166" pin=1"/></net>

<net id="176"><net_src comp="42" pin="0"/><net_sink comp="172" pin=0"/></net>

<net id="177"><net_src comp="18" pin="0"/><net_sink comp="172" pin=1"/></net>

<net id="182"><net_src comp="42" pin="0"/><net_sink comp="178" pin=0"/></net>

<net id="183"><net_src comp="16" pin="0"/><net_sink comp="178" pin=1"/></net>

<net id="188"><net_src comp="40" pin="0"/><net_sink comp="184" pin=0"/></net>

<net id="189"><net_src comp="20" pin="0"/><net_sink comp="184" pin=1"/></net>

<net id="195"><net_src comp="46" pin="0"/><net_sink comp="190" pin=0"/></net>

<net id="196"><net_src comp="142" pin="2"/><net_sink comp="190" pin=1"/></net>

<net id="210"><net_src comp="48" pin="0"/><net_sink comp="197" pin=0"/></net>

<net id="211"><net_src comp="14" pin="0"/><net_sink comp="197" pin=1"/></net>

<net id="212"><net_src comp="178" pin="2"/><net_sink comp="197" pin=2"/></net>

<net id="213"><net_src comp="172" pin="2"/><net_sink comp="197" pin=3"/></net>

<net id="214"><net_src comp="166" pin="2"/><net_sink comp="197" pin=6"/></net>

<net id="215"><net_src comp="148" pin="2"/><net_sink comp="197" pin=7"/></net>

<net id="216"><net_src comp="160" pin="2"/><net_sink comp="197" pin=8"/></net>

<net id="217"><net_src comp="154" pin="2"/><net_sink comp="197" pin=9"/></net>

<net id="228"><net_src comp="50" pin="0"/><net_sink comp="218" pin=0"/></net>

<net id="229"><net_src comp="184" pin="2"/><net_sink comp="218" pin=5"/></net>

<net id="245"><net_src comp="52" pin="0"/><net_sink comp="230" pin=0"/></net>

<net id="246"><net_src comp="0" pin="0"/><net_sink comp="230" pin=2"/></net>

<net id="247"><net_src comp="2" pin="0"/><net_sink comp="230" pin=3"/></net>

<net id="248"><net_src comp="4" pin="0"/><net_sink comp="230" pin=4"/></net>

<net id="249"><net_src comp="6" pin="0"/><net_sink comp="230" pin=5"/></net>

<net id="250"><net_src comp="8" pin="0"/><net_sink comp="230" pin=6"/></net>

<net id="251"><net_src comp="10" pin="0"/><net_sink comp="230" pin=7"/></net>

<net id="252"><net_src comp="12" pin="0"/><net_sink comp="230" pin=8"/></net>

<net id="253"><net_src comp="32" pin="0"/><net_sink comp="230" pin=12"/></net>

<net id="271"><net_src comp="148" pin="2"/><net_sink comp="268" pin=0"/></net>

<net id="272"><net_src comp="268" pin="1"/><net_sink comp="197" pin=7"/></net>

<net id="276"><net_src comp="154" pin="2"/><net_sink comp="273" pin=0"/></net>

<net id="277"><net_src comp="273" pin="1"/><net_sink comp="197" pin=9"/></net>

<net id="278"><net_src comp="273" pin="1"/><net_sink comp="218" pin=7"/></net>

<net id="282"><net_src comp="160" pin="2"/><net_sink comp="279" pin=0"/></net>

<net id="283"><net_src comp="279" pin="1"/><net_sink comp="197" pin=8"/></net>

<net id="287"><net_src comp="166" pin="2"/><net_sink comp="284" pin=0"/></net>

<net id="288"><net_src comp="284" pin="1"/><net_sink comp="197" pin=6"/></net>

<net id="289"><net_src comp="284" pin="1"/><net_sink comp="218" pin=4"/></net>

<net id="290"><net_src comp="284" pin="1"/><net_sink comp="230" pin=9"/></net>

<net id="294"><net_src comp="172" pin="2"/><net_sink comp="291" pin=0"/></net>

<net id="295"><net_src comp="291" pin="1"/><net_sink comp="197" pin=3"/></net>

<net id="299"><net_src comp="178" pin="2"/><net_sink comp="296" pin=0"/></net>

<net id="300"><net_src comp="296" pin="1"/><net_sink comp="197" pin=2"/></net>

<net id="304"><net_src comp="122" pin="1"/><net_sink comp="301" pin=0"/></net>

<net id="305"><net_src comp="301" pin="1"/><net_sink comp="190" pin=2"/></net>

<net id="306"><net_src comp="301" pin="1"/><net_sink comp="230" pin=11"/></net>

<net id="310"><net_src comp="126" pin="1"/><net_sink comp="307" pin=0"/></net>

<net id="311"><net_src comp="307" pin="1"/><net_sink comp="197" pin=10"/></net>

<net id="312"><net_src comp="307" pin="1"/><net_sink comp="218" pin=6"/></net>

<net id="316"><net_src comp="130" pin="1"/><net_sink comp="313" pin=0"/></net>

<net id="317"><net_src comp="313" pin="1"/><net_sink comp="218" pin=3"/></net>

<net id="318"><net_src comp="313" pin="1"/><net_sink comp="230" pin=1"/></net>

<net id="322"><net_src comp="134" pin="1"/><net_sink comp="319" pin=0"/></net>

<net id="323"><net_src comp="319" pin="1"/><net_sink comp="197" pin=4"/></net>

<net id="324"><net_src comp="319" pin="1"/><net_sink comp="218" pin=1"/></net>

<net id="328"><net_src comp="138" pin="1"/><net_sink comp="325" pin=0"/></net>

<net id="329"><net_src comp="325" pin="1"/><net_sink comp="197" pin=5"/></net>

<net id="330"><net_src comp="325" pin="1"/><net_sink comp="218" pin=2"/></net>

<net id="334"><net_src comp="184" pin="2"/><net_sink comp="331" pin=0"/></net>

<net id="335"><net_src comp="331" pin="1"/><net_sink comp="218" pin=5"/></net>

<net id="336"><net_src comp="331" pin="1"/><net_sink comp="230" pin=10"/></net>

</net_list>

</model> 
---------------- Datapath Model END ------------------

* FSMD analyzer results:
  - Output states:
	Port: m_axis_video_V_data_V | {5 6 }
	Port: m_axis_video_V_keep_V | {5 6 }
	Port: m_axis_video_V_strb_V | {5 6 }
	Port: m_axis_video_V_user_V | {5 6 }
	Port: m_axis_video_V_last_V | {5 6 }
	Port: m_axis_video_V_id_V | {5 6 }
	Port: m_axis_video_V_dest_V | {5 6 }
 - Input state : 
	Port: FrmbufRdHlsDataFlow : mm_video | {1 2 }
	Port: FrmbufRdHlsDataFlow : HwReg_frm_buffer | {1 }
	Port: FrmbufRdHlsDataFlow : HwReg_frm_buffer2 | {1 }
	Port: FrmbufRdHlsDataFlow : width_val2 | {3 }
	Port: FrmbufRdHlsDataFlow : height_val5 | {1 }
	Port: FrmbufRdHlsDataFlow : stride_val6 | {1 }
	Port: FrmbufRdHlsDataFlow : video_format_val8 | {1 }
	Port: FrmbufRdHlsDataFlow : WidthInBytes_val10 | {1 }
	Port: FrmbufRdHlsDataFlow : colorFormat_val11 | {1 }
	Port: FrmbufRdHlsDataFlow : mapComp | {5 6 }
  - Chain level:
	State 1
		call_ln0 : 1
		call_ln96 : 1
	State 2
	State 3
	State 4
	State 5
	State 6


============================================================
+ Verbose Summary: Datapath Resource usage 
============================================================

* Functional unit list:
|----------|----------------------------------------------|---------|---------|---------|---------|
| Operation|                Functional Unit               |   DSP   |  Delay  |    FF   |   LUT   |
|----------|----------------------------------------------|---------|---------|---------|---------|
|          |          call_ln0_entry_proc_fu_190          |    0    |    0    |    0    |    0    |
|   call   |          grp_AXIMMvideo2Bytes_fu_197         |    0    |   1.07  |   947   |   538   |
|          |        grp_Bytes2MultiPixStream_fu_218       |    1    |  4.367  |   2145  |   1597  |
|          |      grp_MultiPixStream2AXIvideo_fu_230      |    0    |  1.124  |   392   |   718   |
|----------|----------------------------------------------|---------|---------|---------|---------|
|          |      colorFormat_val11_read_read_fu_142      |    0    |    0    |    0    |    0    |
|          |      WidthInBytes_val10_read_read_fu_148     |    0    |    0    |    0    |    0    |
|          |      video_format_val8_read_read_fu_154      |    0    |    0    |    0    |    0    |
|   read   |         stride_val6_read_read_fu_160         |    0    |    0    |    0    |    0    |
|          |         height_val5_read_read_fu_166         |    0    |    0    |    0    |    0    |
|          |      HwReg_frm_buffer2_read_read_fu_172      |    0    |    0    |    0    |    0    |
|          |       HwReg_frm_buffer_read_read_fu_178      |    0    |    0    |    0    |    0    |
|          |          width_val2_read_read_fu_184         |    0    |    0    |    0    |    0    |
|----------|----------------------------------------------|---------|---------|---------|---------|
|          |                  grp_fu_254                  |    0    |    0    |    0    |    0    |
|          | muxLogicCE_to_WidthInBytes_val10_read_fu_256 |    0    |    0    |    0    |    0    |
|          |  muxLogicCE_to_video_format_val8_read_fu_258 |    0    |    0    |    0    |    0    |
| muxlogic |     muxLogicCE_to_stride_val6_read_fu_260    |    0    |    0    |    0    |    0    |
|          |     muxLogicCE_to_height_val5_read_fu_262    |    0    |    0    |    0    |    0    |
|          |  muxLogicCE_to_HwReg_frm_buffer2_read_fu_264 |    0    |    0    |    0    |    0    |
|          |  muxLogicCE_to_HwReg_frm_buffer_read_fu_266  |    0    |    0    |    0    |    0    |
|----------|----------------------------------------------|---------|---------|---------|---------|
|   Total  |                                              |    1    |  6.561  |   3484  |   2853  |
|----------|----------------------------------------------|---------|---------|---------|---------|

Memories:
N/A

* Register list:
+-------------------------------+--------+
|                               |   FF   |
+-------------------------------+--------+
| HwReg_frm_buffer2_read_reg_291|   32   |
| HwReg_frm_buffer_read_reg_296 |   32   |
|  WidthInBytes_val10_c_reg_307 |   16   |
|WidthInBytes_val10_read_reg_268|   16   |
|   bytePlanes_plane0_reg_319   |   256  |
|   bytePlanes_plane1_reg_325   |   256  |
|  colorFormat_val11_c_reg_301  |    2   |
|    height_val5_read_reg_284   |   13   |
|          img_reg_313          |   120  |
|    stride_val6_read_reg_279   |   16   |
| video_format_val8_read_reg_273|    6   |
|    width_val2_read_reg_331    |   13   |
+-------------------------------+--------+
|             Total             |   778  |
+-------------------------------+--------+

* Multiplexer (MUX) list: 
|---------------------------------|------|------|------|--------||---------||---------|
|               Comp              |  Pin | Size |  BW  | S x BW ||  Delay  ||   LUT   |
|---------------------------------|------|------|------|--------||---------||---------|
|   grp_AXIMMvideo2Bytes_fu_197   |  p2  |   2  |  32  |   64   ||    32   |
|   grp_AXIMMvideo2Bytes_fu_197   |  p3  |   2  |  32  |   64   ||    32   |
|   grp_AXIMMvideo2Bytes_fu_197   |  p6  |   2  |  13  |   26   ||    11   |
|   grp_AXIMMvideo2Bytes_fu_197   |  p7  |   2  |  16  |   32   ||    15   |
|   grp_AXIMMvideo2Bytes_fu_197   |  p8  |   2  |  16  |   32   ||    15   |
|   grp_AXIMMvideo2Bytes_fu_197   |  p9  |   2  |   6  |   12   ||    5    |
| grp_Bytes2MultiPixStream_fu_218 |  p5  |   2  |  13  |   26   ||    11   |
|---------------------------------|------|------|------|--------||---------||---------|
|              Total              |      |      |      |   256  ||  3.141  ||   121   |
|---------------------------------|------|------|------|--------||---------||---------|



* Summary:
+-----------+--------+--------+--------+--------+
|           |   DSP  |  Delay |   FF   |   LUT  |
+-----------+--------+--------+--------+--------+
|  Function |    1   |    6   |  3484  |  2853  |
|   Memory  |    -   |    -   |    -   |    -   |
|Multiplexer|    -   |    3   |    -   |   121  |
|  Register |    -   |    -   |   778  |    -   |
+-----------+--------+--------+--------+--------+
|   Total   |    1   |    9   |  4262  |  2974  |
+-----------+--------+--------+--------+--------+
