

================================================================
== Vitis HLS Report for 'MultiPixStream2AXIvideo'
================================================================
* Date:           Thu May  9 19:06:40 2024

* Version:        2023.2 (Build 4023990 on Oct 11 2023)
* Project:        prj
* Solution:       sol (Vivado IP Flow Target)
* Product family: versalaicore
* Target device:  xcvc1902-vsva2197-2MP-e-S


================================================================
== Performance Estimates
================================================================
+ Timing: 
    * Summary: 
    +--------+---------+----------+------------+
    |  Clock |  Target | Estimated| Uncertainty|
    +--------+---------+----------+------------+
    |ap_clk  |  3.33 ns|  2.111 ns|     0.90 ns|
    +--------+---------+----------+------------+

+ Latency: 
    * Summary: 
    +---------+---------+-----------+-----------+-----+---------+---------+
    |  Latency (cycles) |   Latency (absolute)  |    Interval   | Pipeline|
    |   min   |   max   |    min    |    max    | min |   max   |   Type  |
    +---------+---------+-----------+-----------+-----+---------+---------+
    |       19|  8320339|  63.327 ns|  27.732 ms|   19|  8320339|       no|
    +---------+---------+-----------+-----------+-----+---------+---------+

    + Detail: 
        * Instance: 
        +--------------------------------------------------------------+---------------------------------------------------+---------+---------+-----------+-----------+-----+------+---------+
        |                                                              |                                                   |  Latency (cycles) |   Latency (absolute)  |  Interval  | Pipeline|
        |                           Instance                           |                       Module                      |   min   |   max   |    min    |    max    | min |  max |   Type  |
        +--------------------------------------------------------------+---------------------------------------------------+---------+---------+-----------+-----------+-----+------+---------+
        |grp_MultiPixStream2AXIvideo_Pipeline_VITIS_LOOP_341_1_fu_184  |MultiPixStream2AXIvideo_Pipeline_VITIS_LOOP_341_1  |       15|       15|  49.995 ns|  49.995 ns|   15|    15|       no|
        |grp_MultiPixStream2AXIvideo_Pipeline_VITIS_LOOP_350_3_fu_203  |MultiPixStream2AXIvideo_Pipeline_VITIS_LOOP_350_3  |        4|     1924|  13.332 ns|   6.413 us|    4|  1924|       no|
        |grp_reg_unsigned_short_s_fu_280                               |reg_unsigned_short_s                               |        1|        1|   3.333 ns|   3.333 ns|    1|     1|      yes|
        |grp_reg_unsigned_short_s_fu_286                               |reg_unsigned_short_s                               |        1|        1|   3.333 ns|   3.333 ns|    1|     1|      yes|
        +--------------------------------------------------------------+---------------------------------------------------+---------+---------+-----------+-----------+-----+------+---------+

        * Loop: 
        +--------------------+---------+---------+----------+-----------+-----------+----------+----------+
        |                    |  Latency (cycles) | Iteration|  Initiation Interval  |   Trip   |          |
        |      Loop Name     |   min   |   max   |  Latency |  achieved |   target  |   Count  | Pipelined|
        +--------------------+---------+---------+----------+-----------+-----------+----------+----------+
        |- VITIS_LOOP_348_2  |        0|  8320320|  6 ~ 1926|          -|          -|  0 ~ 4320|        no|
        +--------------------+---------+---------+----------+-----------+-----------+----------+----------+

============================================================
+ Verbose Summary: Synthesis Manager
============================================================
InlineROM: 1
ExposeGlobal: 0
============================================================
+ Verbose Summary: CDFG Model
============================================================
IsTopModel: 0
ResetActiveHigh: 1
IsCombinational: 2
IsDatapathOnly: 0
HasWiredReturn: 1
HasMFsm: 0
HasVarLatency: 1
IsPipeline: 0
IsRtlPipelined: 0
IsInstanceOverlapped: 0
IsDontTouch: 0
HasImplIP: 0
IsGatedGlobalClock: 0


============================================================
+ Verbose Summary: Schedule
============================================================
* Number of FSM states : 6
* Pipeline : 0
* Dataflow Pipeline: 0

* FSM state transitions: 
1 --> 2 
2 --> 3 
3 --> 4 
4 --> 5 
5 --> 6 
6 --> 5 

* FSM state operations: 

State 1 <SV = 0> <Delay = 0.64>
ST_1 : Operation 7 [1/1] (0.00ns)   --->   "%i_1 = alloca i32 1" [C:/Vulcan/Protocol/Display/v_dp_rxss1_0_ex/v_dp_rxss1_0_ex.runs/dpss_vck190_pt_v_frmbuf_rd_0_0_synth_1/prj/sol/.autopilot/db/v_frmbuf_rd.cpp:347]   --->   Operation 7 'alloca' 'i_1' <Predicate = true> <Delay = 0.00>
ST_1 : Operation 8 [1/1] (0.00ns)   --->   "%p_loc25 = alloca i32 1"   --->   Operation 8 'alloca' 'p_loc25' <Predicate = true> <Delay = 0.00>
ST_1 : Operation 9 [1/1] (0.00ns)   --->   "%p_loc24 = alloca i32 1"   --->   Operation 9 'alloca' 'p_loc24' <Predicate = true> <Delay = 0.00>
ST_1 : Operation 10 [1/1] (0.00ns)   --->   "%p_loc23 = alloca i32 1"   --->   Operation 10 'alloca' 'p_loc23' <Predicate = true> <Delay = 0.00>
ST_1 : Operation 11 [1/1] (0.00ns)   --->   "%p_loc22 = alloca i32 1"   --->   Operation 11 'alloca' 'p_loc22' <Predicate = true> <Delay = 0.00>
ST_1 : Operation 12 [1/1] (0.00ns)   --->   "%p_loc21 = alloca i32 1"   --->   Operation 12 'alloca' 'p_loc21' <Predicate = true> <Delay = 0.00>
ST_1 : Operation 13 [1/1] (0.00ns)   --->   "%p_loc20 = alloca i32 1"   --->   Operation 13 'alloca' 'p_loc20' <Predicate = true> <Delay = 0.00>
ST_1 : Operation 14 [1/1] (0.00ns)   --->   "%p_loc19 = alloca i32 1"   --->   Operation 14 'alloca' 'p_loc19' <Predicate = true> <Delay = 0.00>
ST_1 : Operation 15 [1/1] (0.00ns)   --->   "%p_loc18 = alloca i32 1"   --->   Operation 15 'alloca' 'p_loc18' <Predicate = true> <Delay = 0.00>
ST_1 : Operation 16 [1/1] (0.00ns)   --->   "%p_loc17 = alloca i32 1"   --->   Operation 16 'alloca' 'p_loc17' <Predicate = true> <Delay = 0.00>
ST_1 : Operation 17 [1/1] (0.00ns)   --->   "%p_loc16 = alloca i32 1"   --->   Operation 17 'alloca' 'p_loc16' <Predicate = true> <Delay = 0.00>
ST_1 : Operation 18 [1/1] (0.00ns)   --->   "%p_loc15 = alloca i32 1"   --->   Operation 18 'alloca' 'p_loc15' <Predicate = true> <Delay = 0.00>
ST_1 : Operation 19 [1/1] (0.00ns)   --->   "%p_loc = alloca i32 1"   --->   Operation 19 'alloca' 'p_loc' <Predicate = true> <Delay = 0.00>
ST_1 : Operation 20 [1/1] (0.00ns)   --->   "%muxLogicCE_to_colorFormat_val_read = muxlogic"   --->   Operation 20 'muxlogic' 'muxLogicCE_to_colorFormat_val_read' <Predicate = true> <Delay = 0.00>
ST_1 : Operation 21 [1/1] (0.64ns)   --->   "%colorFormat_val_read = read i2 @_ssdm_op_Read.ap_fifo.i2P0A, i2 %colorFormat_val"   --->   Operation 21 'read' 'colorFormat_val_read' <Predicate = true> <Delay = 0.64> <CoreInst = "FIFO_SRL">   --->   Core 85 'FIFO_SRL' <Latency = 0> <II = 1> <Delay = 0.64> <Storage> <Opcode : 'read' 'write' 'nbread' 'nbwrite'> <Ports = 0> <Width = 2> <Depth = 4> <FIFO>
ST_1 : Operation 22 [1/1] (0.00ns)   --->   "%muxLogicData_to_store_ln347 = muxlogic i13 0"   --->   Operation 22 'muxlogic' 'muxLogicData_to_store_ln347' <Predicate = true> <Delay = 0.00>
ST_1 : Operation 23 [1/1] (0.00ns)   --->   "%muxLogicAddr_to_store_ln347 = muxlogic i13 %i_1"   --->   Operation 23 'muxlogic' 'muxLogicAddr_to_store_ln347' <Predicate = true> <Delay = 0.00>
ST_1 : Operation 24 [1/1] (0.51ns)   --->   "%store_ln347 = store i13 0, i13 %i_1" [C:/Vulcan/Protocol/Display/v_dp_rxss1_0_ex/v_dp_rxss1_0_ex.runs/dpss_vck190_pt_v_frmbuf_rd_0_0_synth_1/prj/sol/.autopilot/db/v_frmbuf_rd.cpp:347]   --->   Operation 24 'store' 'store_ln347' <Predicate = true> <Delay = 0.51>

State 2 <SV = 1> <Delay = 1.86>
ST_2 : Operation 25 [1/1] (0.00ns)   --->   "%tmp = bitconcatenate i6 @_ssdm_op_BitConcatenate.i6.i2.i4, i2 %colorFormat_val_read, i4 0" [C:/Vulcan/Protocol/Display/v_dp_rxss1_0_ex/v_dp_rxss1_0_ex.runs/dpss_vck190_pt_v_frmbuf_rd_0_0_synth_1/prj/sol/.autopilot/db/v_frmbuf_rd.cpp:343]   --->   Operation 25 'bitconcatenate' 'tmp' <Predicate = true> <Delay = 0.00>
ST_2 : Operation 26 [1/1] (0.00ns)   --->   "%tmp_s = bitconcatenate i4 @_ssdm_op_BitConcatenate.i4.i2.i2, i2 %colorFormat_val_read, i2 0" [C:/Vulcan/Protocol/Display/v_dp_rxss1_0_ex/v_dp_rxss1_0_ex.runs/dpss_vck190_pt_v_frmbuf_rd_0_0_synth_1/prj/sol/.autopilot/db/v_frmbuf_rd.cpp:343]   --->   Operation 26 'bitconcatenate' 'tmp_s' <Predicate = true> <Delay = 0.00>
ST_2 : Operation 27 [1/1] (0.00ns)   --->   "%zext_ln343 = zext i4 %tmp_s" [C:/Vulcan/Protocol/Display/v_dp_rxss1_0_ex/v_dp_rxss1_0_ex.runs/dpss_vck190_pt_v_frmbuf_rd_0_0_synth_1/prj/sol/.autopilot/db/v_frmbuf_rd.cpp:343]   --->   Operation 27 'zext' 'zext_ln343' <Predicate = true> <Delay = 0.00>
ST_2 : Operation 28 [1/1] (0.71ns)   --->   "%sub_ln343 = sub i6 %tmp, i6 %zext_ln343" [C:/Vulcan/Protocol/Display/v_dp_rxss1_0_ex/v_dp_rxss1_0_ex.runs/dpss_vck190_pt_v_frmbuf_rd_0_0_synth_1/prj/sol/.autopilot/db/v_frmbuf_rd.cpp:343]   --->   Operation 28 'sub' 'sub_ln343' <Predicate = true> <Delay = 0.71> <CoreInst = "Adder">   --->   Core 1 'Adder' <Latency = 0> <II = 1> <Delay = 0.71> <FuncUnit> <Opcode : 'add' 'sub'> <InPorts = 2> <OutPorts = 1>
ST_2 : Operation 29 [2/2] (1.15ns)   --->   "%call_ln343 = call void @MultiPixStream2AXIvideo_Pipeline_VITIS_LOOP_341_1, i6 %sub_ln343, i4 %p_loc, i4 %p_loc15, i4 %p_loc16, i4 %p_loc17, i4 %p_loc18, i4 %p_loc19, i4 %p_loc20, i4 %p_loc21, i4 %p_loc22, i4 %p_loc23, i4 %p_loc24, i4 %p_loc25, i4 %mapComp" [C:/Vulcan/Protocol/Display/v_dp_rxss1_0_ex/v_dp_rxss1_0_ex.runs/dpss_vck190_pt_v_frmbuf_rd_0_0_synth_1/prj/sol/.autopilot/db/v_frmbuf_rd.cpp:343]   --->   Operation 29 'call' 'call_ln343' <Predicate = true> <Delay = 1.15> <CoreType = "Generic">   --->   Core 0 '' <Latency = 0> <II = 1> <Delay = 1.00> <Generic> <Opcode : >

State 3 <SV = 2> <Delay = 0.00>
ST_3 : Operation 30 [1/1] (0.00ns)   --->   "%muxLogicCE_to_WidthOut_val_read = muxlogic"   --->   Operation 30 'muxlogic' 'muxLogicCE_to_WidthOut_val_read' <Predicate = true> <Delay = 0.00>
ST_3 : Operation 31 [1/1] (0.00ns)   --->   "%WidthOut_val_read = read i13 @_ssdm_op_Read.ap_auto.i13, i13 %WidthOut_val"   --->   Operation 31 'read' 'WidthOut_val_read' <Predicate = true> <Delay = 0.00>
ST_3 : Operation 32 [1/1] (0.00ns)   --->   "%muxLogicCE_to_Height_val_read = muxlogic"   --->   Operation 32 'muxlogic' 'muxLogicCE_to_Height_val_read' <Predicate = true> <Delay = 0.00>
ST_3 : Operation 33 [1/1] (0.00ns)   --->   "%Height_val_read = read i13 @_ssdm_op_Read.ap_auto.i13, i13 %Height_val"   --->   Operation 33 'read' 'Height_val_read' <Predicate = true> <Delay = 0.00>
ST_3 : Operation 34 [2/2] (0.00ns)   --->   "%rows = call i13 @reg<unsigned short>, i13 %Height_val_read" [C:/Vulcan/Protocol/Display/v_dp_rxss1_0_ex/v_dp_rxss1_0_ex.runs/dpss_vck190_pt_v_frmbuf_rd_0_0_synth_1/prj/sol/.autopilot/db/v_frmbuf_rd.cpp:291]   --->   Operation 34 'call' 'rows' <Predicate = true> <Delay = 0.00> <CoreType = "Generic">   --->   Core 0 '' <Latency = 0> <II = 1> <Delay = 1.00> <Generic> <Opcode : >
ST_3 : Operation 35 [2/2] (0.00ns)   --->   "%cols = call i13 @reg<unsigned short>, i13 %WidthOut_val_read" [C:/Vulcan/Protocol/Display/v_dp_rxss1_0_ex/v_dp_rxss1_0_ex.runs/dpss_vck190_pt_v_frmbuf_rd_0_0_synth_1/prj/sol/.autopilot/db/v_frmbuf_rd.cpp:292]   --->   Operation 35 'call' 'cols' <Predicate = true> <Delay = 0.00> <CoreType = "Generic">   --->   Core 0 '' <Latency = 0> <II = 1> <Delay = 1.00> <Generic> <Opcode : >
ST_3 : Operation 36 [1/2] (0.00ns)   --->   "%call_ln343 = call void @MultiPixStream2AXIvideo_Pipeline_VITIS_LOOP_341_1, i6 %sub_ln343, i4 %p_loc, i4 %p_loc15, i4 %p_loc16, i4 %p_loc17, i4 %p_loc18, i4 %p_loc19, i4 %p_loc20, i4 %p_loc21, i4 %p_loc22, i4 %p_loc23, i4 %p_loc24, i4 %p_loc25, i4 %mapComp" [C:/Vulcan/Protocol/Display/v_dp_rxss1_0_ex/v_dp_rxss1_0_ex.runs/dpss_vck190_pt_v_frmbuf_rd_0_0_synth_1/prj/sol/.autopilot/db/v_frmbuf_rd.cpp:343]   --->   Operation 36 'call' 'call_ln343' <Predicate = true> <Delay = 0.00> <CoreType = "Generic">   --->   Core 0 '' <Latency = 0> <II = 1> <Delay = 1.00> <Generic> <Opcode : >

State 4 <SV = 3> <Delay = 0.80>
ST_4 : Operation 37 [1/1] (0.00ns)   --->   "%specinterface_ln0 = specinterface void @_ssdm_op_SpecInterface, i2 %colorFormat_val, void @ap_fifo_str, i32 0, i32 0, void @p_str, i32 0, i32 0, void @p_str, void @p_str, void @p_str, i32 2, i32 2, i32 16, i32 16, void @p_str, void @ScalarProp_str, i32 4294967295, i32 0"   --->   Operation 37 'specinterface' 'specinterface_ln0' <Predicate = true> <Delay = 0.00>
ST_4 : Operation 38 [1/1] (0.00ns)   --->   "%specaxissidechannel_ln0 = specaxissidechannel void @_ssdm_op_SpecAXISSideChannel, i120 %m_axis_video_V_data_V, i15 %m_axis_video_V_keep_V, i15 %m_axis_video_V_strb_V, i1 %m_axis_video_V_user_V, i1 %m_axis_video_V_last_V, i1 %m_axis_video_V_id_V, i1 %m_axis_video_V_dest_V, void @empty_5"   --->   Operation 38 'specaxissidechannel' 'specaxissidechannel_ln0' <Predicate = true> <Delay = 0.00>
ST_4 : Operation 39 [1/1] (0.00ns)   --->   "%specstablecontent_ln0 = specstablecontent void @_ssdm_op_SpecStableContent, i13 %Height_val, void "   --->   Operation 39 'specstablecontent' 'specstablecontent_ln0' <Predicate = true> <Delay = 0.00>
ST_4 : Operation 40 [1/1] (0.00ns)   --->   "%specstablecontent_ln0 = specstablecontent void @_ssdm_op_SpecStableContent, i13 %WidthOut_val, void "   --->   Operation 40 'specstablecontent' 'specstablecontent_ln0' <Predicate = true> <Delay = 0.00>
ST_4 : Operation 41 [1/1] (0.00ns)   --->   "%specinterface_ln0 = specinterface void @_ssdm_op_SpecInterface, i120 %img, void @empty_6, i32 0, i32 0, void @empty_24, i32 0, i32 0, void @empty_24, void @empty_24, void @empty_24, i32 0, i32 0, i32 0, i32 0, void @empty_24, void @empty_24, i32 4294967295, i32 0"   --->   Operation 41 'specinterface' 'specinterface_ln0' <Predicate = true> <Delay = 0.00>
ST_4 : Operation 42 [1/1] (0.00ns)   --->   "%specinterface_ln0 = specinterface void @_ssdm_op_SpecInterface, i120 %m_axis_video_V_data_V, i15 %m_axis_video_V_keep_V, i15 %m_axis_video_V_strb_V, i1 %m_axis_video_V_user_V, i1 %m_axis_video_V_last_V, i1 %m_axis_video_V_id_V, i1 %m_axis_video_V_dest_V, void @empty_3, i32 0, i32 0, void @empty_4, i32 0, i32 0, void @empty_24, void @empty_24, void @empty_24, i32 0, i32 0, i32 0, i32 0, void @empty_24, void @empty_24, i32 4294967295, i32 0"   --->   Operation 42 'specinterface' 'specinterface_ln0' <Predicate = true> <Delay = 0.00>
ST_4 : Operation 43 [1/2] (0.00ns)   --->   "%rows = call i13 @reg<unsigned short>, i13 %Height_val_read" [C:/Vulcan/Protocol/Display/v_dp_rxss1_0_ex/v_dp_rxss1_0_ex.runs/dpss_vck190_pt_v_frmbuf_rd_0_0_synth_1/prj/sol/.autopilot/db/v_frmbuf_rd.cpp:291]   --->   Operation 43 'call' 'rows' <Predicate = true> <Delay = 0.00> <CoreType = "Generic">   --->   Core 0 '' <Latency = 0> <II = 1> <Delay = 1.00> <Generic> <Opcode : >
ST_4 : Operation 44 [1/2] (0.00ns)   --->   "%cols = call i13 @reg<unsigned short>, i13 %WidthOut_val_read" [C:/Vulcan/Protocol/Display/v_dp_rxss1_0_ex/v_dp_rxss1_0_ex.runs/dpss_vck190_pt_v_frmbuf_rd_0_0_synth_1/prj/sol/.autopilot/db/v_frmbuf_rd.cpp:292]   --->   Operation 44 'call' 'cols' <Predicate = true> <Delay = 0.00> <CoreType = "Generic">   --->   Core 0 '' <Latency = 0> <II = 1> <Delay = 1.00> <Generic> <Opcode : >
ST_4 : Operation 45 [1/1] (0.00ns)   --->   "%MuxLogicAddr_to_p_loc_load = muxlogic i4 %p_loc"   --->   Operation 45 'muxlogic' 'MuxLogicAddr_to_p_loc_load' <Predicate = true> <Delay = 0.00>
ST_4 : Operation 46 [1/1] (0.00ns)   --->   "%p_loc_load = load i4 %p_loc"   --->   Operation 46 'load' 'p_loc_load' <Predicate = true> <Delay = 0.00>
ST_4 : Operation 47 [1/1] (0.00ns)   --->   "%MuxLogicAddr_to_p_loc15_load = muxlogic i4 %p_loc15"   --->   Operation 47 'muxlogic' 'MuxLogicAddr_to_p_loc15_load' <Predicate = true> <Delay = 0.00>
ST_4 : Operation 48 [1/1] (0.00ns)   --->   "%p_loc15_load = load i4 %p_loc15"   --->   Operation 48 'load' 'p_loc15_load' <Predicate = true> <Delay = 0.00>
ST_4 : Operation 49 [1/1] (0.00ns)   --->   "%MuxLogicAddr_to_p_loc16_load = muxlogic i4 %p_loc16"   --->   Operation 49 'muxlogic' 'MuxLogicAddr_to_p_loc16_load' <Predicate = true> <Delay = 0.00>
ST_4 : Operation 50 [1/1] (0.00ns)   --->   "%p_loc16_load = load i4 %p_loc16"   --->   Operation 50 'load' 'p_loc16_load' <Predicate = true> <Delay = 0.00>
ST_4 : Operation 51 [1/1] (0.00ns)   --->   "%MuxLogicAddr_to_p_loc17_load = muxlogic i4 %p_loc17"   --->   Operation 51 'muxlogic' 'MuxLogicAddr_to_p_loc17_load' <Predicate = true> <Delay = 0.00>
ST_4 : Operation 52 [1/1] (0.00ns)   --->   "%p_loc17_load = load i4 %p_loc17"   --->   Operation 52 'load' 'p_loc17_load' <Predicate = true> <Delay = 0.00>
ST_4 : Operation 53 [1/1] (0.00ns)   --->   "%MuxLogicAddr_to_p_loc18_load = muxlogic i4 %p_loc18"   --->   Operation 53 'muxlogic' 'MuxLogicAddr_to_p_loc18_load' <Predicate = true> <Delay = 0.00>
ST_4 : Operation 54 [1/1] (0.00ns)   --->   "%p_loc18_load = load i4 %p_loc18"   --->   Operation 54 'load' 'p_loc18_load' <Predicate = true> <Delay = 0.00>
ST_4 : Operation 55 [1/1] (0.00ns)   --->   "%MuxLogicAddr_to_p_loc19_load = muxlogic i4 %p_loc19"   --->   Operation 55 'muxlogic' 'MuxLogicAddr_to_p_loc19_load' <Predicate = true> <Delay = 0.00>
ST_4 : Operation 56 [1/1] (0.00ns)   --->   "%p_loc19_load = load i4 %p_loc19"   --->   Operation 56 'load' 'p_loc19_load' <Predicate = true> <Delay = 0.00>
ST_4 : Operation 57 [1/1] (0.00ns)   --->   "%MuxLogicAddr_to_p_loc20_load = muxlogic i4 %p_loc20"   --->   Operation 57 'muxlogic' 'MuxLogicAddr_to_p_loc20_load' <Predicate = true> <Delay = 0.00>
ST_4 : Operation 58 [1/1] (0.00ns)   --->   "%p_loc20_load = load i4 %p_loc20"   --->   Operation 58 'load' 'p_loc20_load' <Predicate = true> <Delay = 0.00>
ST_4 : Operation 59 [1/1] (0.00ns)   --->   "%MuxLogicAddr_to_p_loc21_load = muxlogic i4 %p_loc21"   --->   Operation 59 'muxlogic' 'MuxLogicAddr_to_p_loc21_load' <Predicate = true> <Delay = 0.00>
ST_4 : Operation 60 [1/1] (0.00ns)   --->   "%p_loc21_load = load i4 %p_loc21"   --->   Operation 60 'load' 'p_loc21_load' <Predicate = true> <Delay = 0.00>
ST_4 : Operation 61 [1/1] (0.00ns)   --->   "%MuxLogicAddr_to_p_loc22_load = muxlogic i4 %p_loc22"   --->   Operation 61 'muxlogic' 'MuxLogicAddr_to_p_loc22_load' <Predicate = true> <Delay = 0.00>
ST_4 : Operation 62 [1/1] (0.00ns)   --->   "%p_loc22_load = load i4 %p_loc22"   --->   Operation 62 'load' 'p_loc22_load' <Predicate = true> <Delay = 0.00>
ST_4 : Operation 63 [1/1] (0.00ns)   --->   "%MuxLogicAddr_to_p_loc23_load = muxlogic i4 %p_loc23"   --->   Operation 63 'muxlogic' 'MuxLogicAddr_to_p_loc23_load' <Predicate = true> <Delay = 0.00>
ST_4 : Operation 64 [1/1] (0.00ns)   --->   "%p_loc23_load = load i4 %p_loc23"   --->   Operation 64 'load' 'p_loc23_load' <Predicate = true> <Delay = 0.00>
ST_4 : Operation 65 [1/1] (0.00ns)   --->   "%MuxLogicAddr_to_p_loc24_load = muxlogic i4 %p_loc24"   --->   Operation 65 'muxlogic' 'MuxLogicAddr_to_p_loc24_load' <Predicate = true> <Delay = 0.00>
ST_4 : Operation 66 [1/1] (0.00ns)   --->   "%p_loc24_load = load i4 %p_loc24"   --->   Operation 66 'load' 'p_loc24_load' <Predicate = true> <Delay = 0.00>
ST_4 : Operation 67 [1/1] (0.00ns)   --->   "%MuxLogicAddr_to_p_loc25_load = muxlogic i4 %p_loc25"   --->   Operation 67 'muxlogic' 'MuxLogicAddr_to_p_loc25_load' <Predicate = true> <Delay = 0.00>
ST_4 : Operation 68 [1/1] (0.00ns)   --->   "%p_loc25_load = load i4 %p_loc25"   --->   Operation 68 'load' 'p_loc25_load' <Predicate = true> <Delay = 0.00>
ST_4 : Operation 69 [1/1] (0.00ns)   --->   "%div_cast1 = partselect i11 @_ssdm_op_PartSelect.i11.i13.i32.i32, i13 %cols, i32 2, i32 12" [C:/Vulcan/Protocol/Display/v_dp_rxss1_0_ex/v_dp_rxss1_0_ex.runs/dpss_vck190_pt_v_frmbuf_rd_0_0_synth_1/prj/sol/.autopilot/db/v_frmbuf_rd.cpp:292]   --->   Operation 69 'partselect' 'div_cast1' <Predicate = true> <Delay = 0.00>
ST_4 : Operation 70 [1/1] (0.00ns)   --->   "%div_cast = zext i11 %div_cast1" [C:/Vulcan/Protocol/Display/v_dp_rxss1_0_ex/v_dp_rxss1_0_ex.runs/dpss_vck190_pt_v_frmbuf_rd_0_0_synth_1/prj/sol/.autopilot/db/v_frmbuf_rd.cpp:292]   --->   Operation 70 'zext' 'div_cast' <Predicate = true> <Delay = 0.00>
ST_4 : Operation 71 [1/1] (0.80ns)   --->   "%sub = add i12 %div_cast, i12 4095" [C:/Vulcan/Protocol/Display/v_dp_rxss1_0_ex/v_dp_rxss1_0_ex.runs/dpss_vck190_pt_v_frmbuf_rd_0_0_synth_1/prj/sol/.autopilot/db/v_frmbuf_rd.cpp:292]   --->   Operation 71 'add' 'sub' <Predicate = true> <Delay = 0.80> <CoreInst = "Adder">   --->   Core 1 'Adder' <Latency = 0> <II = 1> <Delay = 0.80> <FuncUnit> <Opcode : 'add' 'sub'> <InPorts = 2> <OutPorts = 1>
ST_4 : Operation 72 [1/1] (0.80ns)   --->   "%icmp_ln348 = icmp_eq  i11 %div_cast1, i11 0" [C:/Vulcan/Protocol/Display/v_dp_rxss1_0_ex/v_dp_rxss1_0_ex.runs/dpss_vck190_pt_v_frmbuf_rd_0_0_synth_1/prj/sol/.autopilot/db/v_frmbuf_rd.cpp:348]   --->   Operation 72 'icmp' 'icmp_ln348' <Predicate = true> <Delay = 0.80> <CoreInst = "Cmp">   --->   Core 9 'Cmp' <Latency = 0> <II = 1> <Delay = 0.80> <FuncUnit> <Opcode : 'icmp'> <InPorts = 2> <OutPorts = 1>
ST_4 : Operation 73 [1/1] (0.33ns)   --->   "%br_ln348 = br void %VITIS_LOOP_350_3" [C:/Vulcan/Protocol/Display/v_dp_rxss1_0_ex/v_dp_rxss1_0_ex.runs/dpss_vck190_pt_v_frmbuf_rd_0_0_synth_1/prj/sol/.autopilot/db/v_frmbuf_rd.cpp:348]   --->   Operation 73 'br' 'br_ln348' <Predicate = true> <Delay = 0.33>

State 5 <SV = 4> <Delay = 2.11>
ST_5 : Operation 74 [1/1] (0.00ns)   --->   "%sof = phi i1 1, void %entry, i1 %and_ln348, void %VITIS_LOOP_350_3.split" [C:/Vulcan/Protocol/Display/v_dp_rxss1_0_ex/v_dp_rxss1_0_ex.runs/dpss_vck190_pt_v_frmbuf_rd_0_0_synth_1/prj/sol/.autopilot/db/v_frmbuf_rd.cpp:348]   --->   Operation 74 'phi' 'sof' <Predicate = true> <Delay = 0.00>
ST_5 : Operation 75 [1/1] (0.00ns)   --->   "%MuxLogicAddr_to_i = muxlogic i13 %i_1"   --->   Operation 75 'muxlogic' 'MuxLogicAddr_to_i' <Predicate = true> <Delay = 0.00>
ST_5 : Operation 76 [1/1] (0.00ns)   --->   "%i = load i13 %i_1" [C:/Vulcan/Protocol/Display/v_dp_rxss1_0_ex/v_dp_rxss1_0_ex.runs/dpss_vck190_pt_v_frmbuf_rd_0_0_synth_1/prj/sol/.autopilot/db/v_frmbuf_rd.cpp:348]   --->   Operation 76 'load' 'i' <Predicate = true> <Delay = 0.00>
ST_5 : Operation 77 [1/1] (0.81ns)   --->   "%i_2 = add i13 %i, i13 1" [C:/Vulcan/Protocol/Display/v_dp_rxss1_0_ex/v_dp_rxss1_0_ex.runs/dpss_vck190_pt_v_frmbuf_rd_0_0_synth_1/prj/sol/.autopilot/db/v_frmbuf_rd.cpp:348]   --->   Operation 77 'add' 'i_2' <Predicate = true> <Delay = 0.81> <CoreInst = "Adder">   --->   Core 1 'Adder' <Latency = 0> <II = 1> <Delay = 0.81> <FuncUnit> <Opcode : 'add' 'sub'> <InPorts = 2> <OutPorts = 1>
ST_5 : Operation 78 [1/1] (0.81ns)   --->   "%icmp_ln348_1 = icmp_eq  i13 %i, i13 %rows" [C:/Vulcan/Protocol/Display/v_dp_rxss1_0_ex/v_dp_rxss1_0_ex.runs/dpss_vck190_pt_v_frmbuf_rd_0_0_synth_1/prj/sol/.autopilot/db/v_frmbuf_rd.cpp:348]   --->   Operation 78 'icmp' 'icmp_ln348_1' <Predicate = true> <Delay = 0.81> <CoreInst = "Cmp">   --->   Core 9 'Cmp' <Latency = 0> <II = 1> <Delay = 0.81> <FuncUnit> <Opcode : 'icmp'> <InPorts = 2> <OutPorts = 1>
ST_5 : Operation 79 [1/1] (0.00ns)   --->   "%speclooptripcount_ln0 = speclooptripcount void @_ssdm_op_SpecLoopTripCount, i64 0, i64 4320, i64 0"   --->   Operation 79 'speclooptripcount' 'speclooptripcount_ln0' <Predicate = true> <Delay = 0.00>
ST_5 : Operation 80 [1/1] (0.00ns)   --->   "%br_ln348 = br i1 %icmp_ln348_1, void %VITIS_LOOP_350_3.split, void %for.end115.loopexit" [C:/Vulcan/Protocol/Display/v_dp_rxss1_0_ex/v_dp_rxss1_0_ex.runs/dpss_vck190_pt_v_frmbuf_rd_0_0_synth_1/prj/sol/.autopilot/db/v_frmbuf_rd.cpp:348]   --->   Operation 80 'br' 'br_ln348' <Predicate = true> <Delay = 0.00>
ST_5 : Operation 81 [1/1] (0.00ns)   --->   "%empty = wait i32 @_ssdm_op_Wait"   --->   Operation 81 'wait' 'empty' <Predicate = (!icmp_ln348_1)> <Delay = 0.00>
ST_5 : Operation 82 [2/2] (1.29ns)   --->   "%call_ln348 = call void @MultiPixStream2AXIvideo_Pipeline_VITIS_LOOP_350_3, i1 %sof, i11 %div_cast1, i12 %sub, i120 %img, i4 %p_loc25_load, i4 %p_loc24_load, i4 %p_loc23_load, i4 %p_loc22_load, i4 %p_loc21_load, i4 %p_loc20_load, i4 %p_loc19_load, i4 %p_loc18_load, i4 %p_loc17_load, i4 %p_loc16_load, i4 %p_loc15_load, i4 %p_loc_load, i120 %m_axis_video_V_data_V, i15 %m_axis_video_V_keep_V, i15 %m_axis_video_V_strb_V, i1 %m_axis_video_V_user_V, i1 %m_axis_video_V_last_V, i1 %m_axis_video_V_id_V, i1 %m_axis_video_V_dest_V" [C:/Vulcan/Protocol/Display/v_dp_rxss1_0_ex/v_dp_rxss1_0_ex.runs/dpss_vck190_pt_v_frmbuf_rd_0_0_synth_1/prj/sol/.autopilot/db/v_frmbuf_rd.cpp:348]   --->   Operation 82 'call' 'call_ln348' <Predicate = (!icmp_ln348_1)> <Delay = 1.29> <CoreType = "Generic">   --->   Core 0 '' <Latency = 0> <II = 1> <Delay = 1.00> <Generic> <Opcode : >
ST_5 : Operation 83 [1/1] (0.30ns)   --->   "%and_ln348 = and i1 %icmp_ln348, i1 %sof" [C:/Vulcan/Protocol/Display/v_dp_rxss1_0_ex/v_dp_rxss1_0_ex.runs/dpss_vck190_pt_v_frmbuf_rd_0_0_synth_1/prj/sol/.autopilot/db/v_frmbuf_rd.cpp:348]   --->   Operation 83 'and' 'and_ln348' <Predicate = (!icmp_ln348_1)> <Delay = 0.30> <CoreInst = "LogicGate">   --->   Core 78 'LogicGate' <Latency = 0> <II = 1> <Delay = 0.30> <FuncUnit> <Opcode : 'and' 'or' 'xor'> <InPorts = 2> <OutPorts = 1>
ST_5 : Operation 84 [1/1] (0.00ns)   --->   "%muxLogicData_to_store_ln347 = muxlogic i13 %i_2"   --->   Operation 84 'muxlogic' 'muxLogicData_to_store_ln347' <Predicate = (!icmp_ln348_1)> <Delay = 0.00>
ST_5 : Operation 85 [1/1] (0.00ns)   --->   "%muxLogicAddr_to_store_ln347 = muxlogic i13 %i_1"   --->   Operation 85 'muxlogic' 'muxLogicAddr_to_store_ln347' <Predicate = (!icmp_ln348_1)> <Delay = 0.00>
ST_5 : Operation 86 [1/1] (0.51ns)   --->   "%store_ln347 = store i13 %i_2, i13 %i_1" [C:/Vulcan/Protocol/Display/v_dp_rxss1_0_ex/v_dp_rxss1_0_ex.runs/dpss_vck190_pt_v_frmbuf_rd_0_0_synth_1/prj/sol/.autopilot/db/v_frmbuf_rd.cpp:347]   --->   Operation 86 'store' 'store_ln347' <Predicate = (!icmp_ln348_1)> <Delay = 0.51>
ST_5 : Operation 87 [1/1] (0.00ns)   --->   "%ret_ln394 = ret" [C:/Vulcan/Protocol/Display/v_dp_rxss1_0_ex/v_dp_rxss1_0_ex.runs/dpss_vck190_pt_v_frmbuf_rd_0_0_synth_1/prj/sol/.autopilot/db/v_frmbuf_rd.cpp:394]   --->   Operation 87 'ret' 'ret_ln394' <Predicate = (icmp_ln348_1)> <Delay = 0.00>

State 6 <SV = 5> <Delay = 0.00>
ST_6 : Operation 88 [1/1] (0.00ns)   --->   "%specloopname_ln348 = specloopname void @_ssdm_op_SpecLoopName, void @empty_17" [C:/Vulcan/Protocol/Display/v_dp_rxss1_0_ex/v_dp_rxss1_0_ex.runs/dpss_vck190_pt_v_frmbuf_rd_0_0_synth_1/prj/sol/.autopilot/db/v_frmbuf_rd.cpp:348]   --->   Operation 88 'specloopname' 'specloopname_ln348' <Predicate = true> <Delay = 0.00>
ST_6 : Operation 89 [1/2] (0.00ns)   --->   "%call_ln348 = call void @MultiPixStream2AXIvideo_Pipeline_VITIS_LOOP_350_3, i1 %sof, i11 %div_cast1, i12 %sub, i120 %img, i4 %p_loc25_load, i4 %p_loc24_load, i4 %p_loc23_load, i4 %p_loc22_load, i4 %p_loc21_load, i4 %p_loc20_load, i4 %p_loc19_load, i4 %p_loc18_load, i4 %p_loc17_load, i4 %p_loc16_load, i4 %p_loc15_load, i4 %p_loc_load, i120 %m_axis_video_V_data_V, i15 %m_axis_video_V_keep_V, i15 %m_axis_video_V_strb_V, i1 %m_axis_video_V_user_V, i1 %m_axis_video_V_last_V, i1 %m_axis_video_V_id_V, i1 %m_axis_video_V_dest_V" [C:/Vulcan/Protocol/Display/v_dp_rxss1_0_ex/v_dp_rxss1_0_ex.runs/dpss_vck190_pt_v_frmbuf_rd_0_0_synth_1/prj/sol/.autopilot/db/v_frmbuf_rd.cpp:348]   --->   Operation 89 'call' 'call_ln348' <Predicate = true> <Delay = 0.00> <CoreType = "Generic">   --->   Core 0 '' <Latency = 0> <II = 1> <Delay = 1.00> <Generic> <Opcode : >
ST_6 : Operation 90 [1/1] (0.00ns)   --->   "%br_ln348 = br void %VITIS_LOOP_350_3" [C:/Vulcan/Protocol/Display/v_dp_rxss1_0_ex/v_dp_rxss1_0_ex.runs/dpss_vck190_pt_v_frmbuf_rd_0_0_synth_1/prj/sol/.autopilot/db/v_frmbuf_rd.cpp:348]   --->   Operation 90 'br' 'br_ln348' <Predicate = true> <Delay = 0.00>


============================================================
+ Verbose Summary: Binding
============================================================
STG Binding: 
---------------- STG Properties BEGIN ----------------
- Is combinational: 0
- Is one-state seq: 0
- Is datapath-only: 0
- Is pipelined: 0
- Is top level: 0
Port [ Return ] is wired: 1; IO mode=ap_ctrl_hs:ce=0
Port [ img]:  wired=1; compound=1; hidden=0; nouse=0; global=0; static=0; extern=0; dir=0; type=3; pingpong=0; private_global=0; IO mode=ap_fifo:ce=0
Port [ m_axis_video_V_data_V]:  wired=1; compound=1; hidden=0; nouse=0; global=0; static=0; extern=0; dir=1; type=0; pingpong=0; private_global=0; IO mode=axis:ce=0
Port [ m_axis_video_V_keep_V]:  wired=1; compound=1; hidden=0; nouse=0; global=0; static=0; extern=0; dir=1; type=0; pingpong=0; private_global=0; IO mode=axis:ce=0
Port [ m_axis_video_V_strb_V]:  wired=1; compound=1; hidden=0; nouse=0; global=0; static=0; extern=0; dir=1; type=0; pingpong=0; private_global=0; IO mode=axis:ce=0
Port [ m_axis_video_V_user_V]:  wired=1; compound=1; hidden=0; nouse=0; global=0; static=0; extern=0; dir=1; type=0; pingpong=0; private_global=0; IO mode=axis:ce=0
Port [ m_axis_video_V_last_V]:  wired=1; compound=1; hidden=0; nouse=0; global=0; static=0; extern=0; dir=1; type=0; pingpong=0; private_global=0; IO mode=axis:ce=0
Port [ m_axis_video_V_id_V]:  wired=1; compound=1; hidden=0; nouse=0; global=0; static=0; extern=0; dir=1; type=0; pingpong=0; private_global=0; IO mode=axis:ce=0
Port [ m_axis_video_V_dest_V]:  wired=1; compound=1; hidden=0; nouse=0; global=0; static=0; extern=0; dir=1; type=0; pingpong=0; private_global=0; IO mode=axis:ce=0
Port [ Height_val]:  wired=1; compound=0; hidden=0; nouse=0; global=0; static=0; extern=0; dir=0; type=0; pingpong=0; private_global=0; IO mode=ap_stable:ce=0
Port [ WidthOut_val]:  wired=1; compound=0; hidden=0; nouse=0; global=0; static=0; extern=0; dir=0; type=0; pingpong=0; private_global=0; IO mode=ap_stable:ce=0
Port [ colorFormat_val]:  wired=1; compound=1; hidden=0; nouse=0; global=0; static=0; extern=0; dir=0; type=3; pingpong=0; private_global=0; IO mode=ap_fifo:ce=0
Port [ mapComp]:  wired=0; compound=1; hidden=1; nouse=1; global=1; static=1; extern=0; dir=0; type=1; pingpong=0; private_global=0; MemPort=[1]; IO mode=ap_memory:ce=0
---------------- STG Properties END ------------------

---------------- Datapath Model BEGIN ----------------

<LifeTime>
<method=bitvector/>
i_1                                (alloca             ) [ 0111111]
p_loc25                            (alloca             ) [ 0011100]
p_loc24                            (alloca             ) [ 0011100]
p_loc23                            (alloca             ) [ 0011100]
p_loc22                            (alloca             ) [ 0011100]
p_loc21                            (alloca             ) [ 0011100]
p_loc20                            (alloca             ) [ 0011100]
p_loc19                            (alloca             ) [ 0011100]
p_loc18                            (alloca             ) [ 0011100]
p_loc17                            (alloca             ) [ 0011100]
p_loc16                            (alloca             ) [ 0011100]
p_loc15                            (alloca             ) [ 0011100]
p_loc                              (alloca             ) [ 0011100]
muxLogicCE_to_colorFormat_val_read (muxlogic           ) [ 0000000]
colorFormat_val_read               (read               ) [ 0010000]
muxLogicData_to_store_ln347        (muxlogic           ) [ 0000000]
muxLogicAddr_to_store_ln347        (muxlogic           ) [ 0000000]
store_ln347                        (store              ) [ 0000000]
tmp                                (bitconcatenate     ) [ 0000000]
tmp_s                              (bitconcatenate     ) [ 0000000]
zext_ln343                         (zext               ) [ 0000000]
sub_ln343                          (sub                ) [ 0001000]
muxLogicCE_to_WidthOut_val_read    (muxlogic           ) [ 0000000]
WidthOut_val_read                  (read               ) [ 0000000]
muxLogicCE_to_Height_val_read      (muxlogic           ) [ 0000000]
Height_val_read                    (read               ) [ 0000000]
call_ln343                         (call               ) [ 0000000]
specinterface_ln0                  (specinterface      ) [ 0000000]
specaxissidechannel_ln0            (specaxissidechannel) [ 0000000]
specstablecontent_ln0              (specstablecontent  ) [ 0000000]
specstablecontent_ln0              (specstablecontent  ) [ 0000000]
specinterface_ln0                  (specinterface      ) [ 0000000]
specinterface_ln0                  (specinterface      ) [ 0000000]
rows                               (call               ) [ 0000011]
cols                               (call               ) [ 0000000]
MuxLogicAddr_to_p_loc_load         (muxlogic           ) [ 0000000]
p_loc_load                         (load               ) [ 0000011]
MuxLogicAddr_to_p_loc15_load       (muxlogic           ) [ 0000000]
p_loc15_load                       (load               ) [ 0000011]
MuxLogicAddr_to_p_loc16_load       (muxlogic           ) [ 0000000]
p_loc16_load                       (load               ) [ 0000011]
MuxLogicAddr_to_p_loc17_load       (muxlogic           ) [ 0000000]
p_loc17_load                       (load               ) [ 0000011]
MuxLogicAddr_to_p_loc18_load       (muxlogic           ) [ 0000000]
p_loc18_load                       (load               ) [ 0000011]
MuxLogicAddr_to_p_loc19_load       (muxlogic           ) [ 0000000]
p_loc19_load                       (load               ) [ 0000011]
MuxLogicAddr_to_p_loc20_load       (muxlogic           ) [ 0000000]
p_loc20_load                       (load               ) [ 0000011]
MuxLogicAddr_to_p_loc21_load       (muxlogic           ) [ 0000000]
p_loc21_load                       (load               ) [ 0000011]
MuxLogicAddr_to_p_loc22_load       (muxlogic           ) [ 0000000]
p_loc22_load                       (load               ) [ 0000011]
MuxLogicAddr_to_p_loc23_load       (muxlogic           ) [ 0000000]
p_loc23_load                       (load               ) [ 0000011]
MuxLogicAddr_to_p_loc24_load       (muxlogic           ) [ 0000000]
p_loc24_load                       (load               ) [ 0000011]
MuxLogicAddr_to_p_loc25_load       (muxlogic           ) [ 0000000]
p_loc25_load                       (load               ) [ 0000011]
div_cast1                          (partselect         ) [ 0000011]
div_cast                           (zext               ) [ 0000000]
sub                                (add                ) [ 0000011]
icmp_ln348                         (icmp               ) [ 0000011]
br_ln348                           (br                 ) [ 0000111]
sof                                (phi                ) [ 0000011]
MuxLogicAddr_to_i                  (muxlogic           ) [ 0000000]
i                                  (load               ) [ 0000000]
i_2                                (add                ) [ 0000000]
icmp_ln348_1                       (icmp               ) [ 0000011]
speclooptripcount_ln0              (speclooptripcount  ) [ 0000000]
br_ln348                           (br                 ) [ 0000000]
empty                              (wait               ) [ 0000000]
and_ln348                          (and                ) [ 0000111]
muxLogicData_to_store_ln347        (muxlogic           ) [ 0000000]
muxLogicAddr_to_store_ln347        (muxlogic           ) [ 0000000]
store_ln347                        (store              ) [ 0000000]
ret_ln394                          (ret                ) [ 0000000]
specloopname_ln348                 (specloopname       ) [ 0000000]
call_ln348                         (call               ) [ 0000000]
br_ln348                           (br                 ) [ 0000111]
</LifeTime>

<model>

<comp_list>
<comp id="0" class="1000" name="img">
<pin_list>
<pin id="1" dir="1" index="0" bw="1" slack="0"/>
</pin_list>
<bind>
<StgValue><ssdm name="img"/></StgValue>
</bind>
</comp>

<comp id="2" class="1000" name="m_axis_video_V_data_V">
<pin_list>
<pin id="3" dir="1" index="0" bw="1" slack="0"/>
</pin_list>
<bind>
<StgValue><ssdm name="m_axis_video_V_data_V"/></StgValue>
</bind>
</comp>

<comp id="4" class="1000" name="m_axis_video_V_keep_V">
<pin_list>
<pin id="5" dir="1" index="0" bw="1" slack="0"/>
</pin_list>
<bind>
<StgValue><ssdm name="m_axis_video_V_keep_V"/></StgValue>
</bind>
</comp>

<comp id="6" class="1000" name="m_axis_video_V_strb_V">
<pin_list>
<pin id="7" dir="1" index="0" bw="1" slack="0"/>
</pin_list>
<bind>
<StgValue><ssdm name="m_axis_video_V_strb_V"/></StgValue>
</bind>
</comp>

<comp id="8" class="1000" name="m_axis_video_V_user_V">
<pin_list>
<pin id="9" dir="1" index="0" bw="1" slack="0"/>
</pin_list>
<bind>
<StgValue><ssdm name="m_axis_video_V_user_V"/></StgValue>
</bind>
</comp>

<comp id="10" class="1000" name="m_axis_video_V_last_V">
<pin_list>
<pin id="11" dir="1" index="0" bw="1" slack="0"/>
</pin_list>
<bind>
<StgValue><ssdm name="m_axis_video_V_last_V"/></StgValue>
</bind>
</comp>

<comp id="12" class="1000" name="m_axis_video_V_id_V">
<pin_list>
<pin id="13" dir="1" index="0" bw="1" slack="0"/>
</pin_list>
<bind>
<StgValue><ssdm name="m_axis_video_V_id_V"/></StgValue>
</bind>
</comp>

<comp id="14" class="1000" name="m_axis_video_V_dest_V">
<pin_list>
<pin id="15" dir="1" index="0" bw="1" slack="0"/>
</pin_list>
<bind>
<StgValue><ssdm name="m_axis_video_V_dest_V"/></StgValue>
</bind>
</comp>

<comp id="16" class="1000" name="Height_val">
<pin_list>
<pin id="17" dir="1" index="0" bw="1" slack="0"/>
</pin_list>
<bind>
<StgValue><ssdm name="Height_val"/></StgValue>
</bind>
</comp>

<comp id="18" class="1000" name="WidthOut_val">
<pin_list>
<pin id="19" dir="1" index="0" bw="1" slack="0"/>
</pin_list>
<bind>
<StgValue><ssdm name="WidthOut_val"/></StgValue>
</bind>
</comp>

<comp id="20" class="1000" name="colorFormat_val">
<pin_list>
<pin id="21" dir="1" index="0" bw="1" slack="0"/>
</pin_list>
<bind>
<StgValue><ssdm name="colorFormat_val"/></StgValue>
</bind>
</comp>

<comp id="22" class="1000" name="mapComp">
<pin_list>
<pin id="23" dir="1" index="0" bw="1" slack="0"/>
</pin_list>
<bind>
<StgValue><ssdm name="mapComp"/><MemPortTyVec>1 </MemPortTyVec>
</StgValue>
</bind>
</comp>

<comp id="24" class="1001" name="const_24">
<pin_list>
<pin id="25" dir="1" index="0" bw="1" slack="0"/>
</pin_list>
<bind>
<StgValue><ssdm name=""/></StgValue>
</bind>
</comp>

<comp id="26" class="1001" name="const_26">
<pin_list>
<pin id="27" dir="1" index="0" bw="1" slack="0"/>
</pin_list>
<bind>
<StgValue><ssdm name="_ssdm_op_Read.ap_fifo.i2P0A"/></StgValue>
</bind>
</comp>

<comp id="28" class="1001" name="const_28">
<pin_list>
<pin id="29" dir="1" index="0" bw="1" slack="0"/>
</pin_list>
<bind>
<StgValue><ssdm name=""/></StgValue>
</bind>
</comp>

<comp id="30" class="1001" name="const_30">
<pin_list>
<pin id="31" dir="1" index="0" bw="1" slack="0"/>
</pin_list>
<bind>
<StgValue><ssdm name="_ssdm_op_BitConcatenate.i6.i2.i4"/></StgValue>
</bind>
</comp>

<comp id="32" class="1001" name="const_32">
<pin_list>
<pin id="33" dir="1" index="0" bw="1" slack="0"/>
</pin_list>
<bind>
<StgValue><ssdm name=""/></StgValue>
</bind>
</comp>

<comp id="34" class="1001" name="const_34">
<pin_list>
<pin id="35" dir="1" index="0" bw="1" slack="0"/>
</pin_list>
<bind>
<StgValue><ssdm name="_ssdm_op_BitConcatenate.i4.i2.i2"/></StgValue>
</bind>
</comp>

<comp id="36" class="1001" name="const_36">
<pin_list>
<pin id="37" dir="1" index="0" bw="1" slack="0"/>
</pin_list>
<bind>
<StgValue><ssdm name=""/></StgValue>
</bind>
</comp>

<comp id="38" class="1001" name="const_38">
<pin_list>
<pin id="39" dir="1" index="0" bw="1" slack="0"/>
</pin_list>
<bind>
<StgValue><ssdm name="MultiPixStream2AXIvideo_Pipeline_VITIS_LOOP_341_1"/></StgValue>
</bind>
</comp>

<comp id="40" class="1001" name="const_40">
<pin_list>
<pin id="41" dir="1" index="0" bw="1" slack="0"/>
</pin_list>
<bind>
<StgValue><ssdm name="_ssdm_op_Read.ap_auto.i13"/></StgValue>
</bind>
</comp>

<comp id="42" class="1001" name="const_42">
<pin_list>
<pin id="43" dir="1" index="0" bw="1" slack="0"/>
</pin_list>
<bind>
<StgValue><ssdm name="reg<unsigned short>"/></StgValue>
</bind>
</comp>

<comp id="44" class="1001" name="const_44">
<pin_list>
<pin id="45" dir="1" index="0" bw="1" slack="2147483647"/>
</pin_list>
<bind>
<StgValue><ssdm name="_ssdm_op_SpecInterface"/></StgValue>
</bind>
</comp>

<comp id="46" class="1001" name="const_46">
<pin_list>
<pin id="47" dir="1" index="0" bw="1" slack="2147483647"/>
</pin_list>
<bind>
<StgValue><ssdm name="ap_fifo_str"/></StgValue>
</bind>
</comp>

<comp id="48" class="1001" name="const_48">
<pin_list>
<pin id="49" dir="1" index="0" bw="1" slack="2147483647"/>
</pin_list>
<bind>
<StgValue><ssdm name=""/></StgValue>
</bind>
</comp>

<comp id="50" class="1001" name="const_50">
<pin_list>
<pin id="51" dir="1" index="0" bw="1" slack="2147483647"/>
</pin_list>
<bind>
<StgValue><ssdm name="p_str"/></StgValue>
</bind>
</comp>

<comp id="52" class="1001" name="const_52">
<pin_list>
<pin id="53" dir="1" index="0" bw="1" slack="0"/>
</pin_list>
<bind>
<StgValue><ssdm name=""/></StgValue>
</bind>
</comp>

<comp id="54" class="1001" name="const_54">
<pin_list>
<pin id="55" dir="1" index="0" bw="1" slack="2147483647"/>
</pin_list>
<bind>
<StgValue><ssdm name=""/></StgValue>
</bind>
</comp>

<comp id="56" class="1001" name="const_56">
<pin_list>
<pin id="57" dir="1" index="0" bw="1" slack="2147483647"/>
</pin_list>
<bind>
<StgValue><ssdm name="ScalarProp_str"/></StgValue>
</bind>
</comp>

<comp id="58" class="1001" name="const_58">
<pin_list>
<pin id="59" dir="1" index="0" bw="1" slack="2147483647"/>
</pin_list>
<bind>
<StgValue><ssdm name=""/></StgValue>
</bind>
</comp>

<comp id="60" class="1001" name="const_60">
<pin_list>
<pin id="61" dir="1" index="0" bw="1" slack="2147483647"/>
</pin_list>
<bind>
<StgValue><ssdm name="_ssdm_op_SpecAXISSideChannel"/></StgValue>
</bind>
</comp>

<comp id="62" class="1001" name="const_62">
<pin_list>
<pin id="63" dir="1" index="0" bw="1" slack="2147483647"/>
</pin_list>
<bind>
<StgValue><ssdm name="empty_5"/></StgValue>
</bind>
</comp>

<comp id="64" class="1001" name="const_64">
<pin_list>
<pin id="65" dir="1" index="0" bw="1" slack="2147483647"/>
</pin_list>
<bind>
<StgValue><ssdm name="_ssdm_op_SpecStableContent"/></StgValue>
</bind>
</comp>

<comp id="66" class="1001" name="const_66">
<pin_list>
<pin id="67" dir="1" index="0" bw="1" slack="2147483647"/>
</pin_list>
<bind>
<StgValue><ssdm name=""/></StgValue>
</bind>
</comp>

<comp id="68" class="1001" name="const_68">
<pin_list>
<pin id="69" dir="1" index="0" bw="1" slack="2147483647"/>
</pin_list>
<bind>
<StgValue><ssdm name="empty_6"/></StgValue>
</bind>
</comp>

<comp id="70" class="1001" name="const_70">
<pin_list>
<pin id="71" dir="1" index="0" bw="1" slack="2147483647"/>
</pin_list>
<bind>
<StgValue><ssdm name="empty_24"/></StgValue>
</bind>
</comp>

<comp id="72" class="1001" name="const_72">
<pin_list>
<pin id="73" dir="1" index="0" bw="1" slack="2147483647"/>
</pin_list>
<bind>
<StgValue><ssdm name="empty_3"/></StgValue>
</bind>
</comp>

<comp id="74" class="1001" name="const_74">
<pin_list>
<pin id="75" dir="1" index="0" bw="1" slack="2147483647"/>
</pin_list>
<bind>
<StgValue><ssdm name="empty_4"/></StgValue>
</bind>
</comp>

<comp id="76" class="1001" name="const_76">
<pin_list>
<pin id="77" dir="1" index="0" bw="1" slack="0"/>
</pin_list>
<bind>
<StgValue><ssdm name="_ssdm_op_PartSelect.i11.i13.i32.i32"/></StgValue>
</bind>
</comp>

<comp id="78" class="1001" name="const_78">
<pin_list>
<pin id="79" dir="1" index="0" bw="1" slack="0"/>
</pin_list>
<bind>
<StgValue><ssdm name=""/></StgValue>
</bind>
</comp>

<comp id="80" class="1001" name="const_80">
<pin_list>
<pin id="81" dir="1" index="0" bw="1" slack="0"/>
</pin_list>
<bind>
<StgValue><ssdm name=""/></StgValue>
</bind>
</comp>

<comp id="82" class="1001" name="const_82">
<pin_list>
<pin id="83" dir="1" index="0" bw="1" slack="0"/>
</pin_list>
<bind>
<StgValue><ssdm name=""/></StgValue>
</bind>
</comp>

<comp id="84" class="1001" name="const_84">
<pin_list>
<pin id="85" dir="1" index="0" bw="1" slack="1"/>
</pin_list>
<bind>
<StgValue><ssdm name=""/></StgValue>
</bind>
</comp>

<comp id="86" class="1001" name="const_86">
<pin_list>
<pin id="87" dir="1" index="0" bw="1" slack="0"/>
</pin_list>
<bind>
<StgValue><ssdm name=""/></StgValue>
</bind>
</comp>

<comp id="88" class="1001" name="const_88">
<pin_list>
<pin id="89" dir="1" index="0" bw="1" slack="2147483647"/>
</pin_list>
<bind>
<StgValue><ssdm name="_ssdm_op_SpecLoopTripCount"/></StgValue>
</bind>
</comp>

<comp id="90" class="1001" name="const_90">
<pin_list>
<pin id="91" dir="1" index="0" bw="1" slack="2147483647"/>
</pin_list>
<bind>
<StgValue><ssdm name=""/></StgValue>
</bind>
</comp>

<comp id="92" class="1001" name="const_92">
<pin_list>
<pin id="93" dir="1" index="0" bw="1" slack="2147483647"/>
</pin_list>
<bind>
<StgValue><ssdm name=""/></StgValue>
</bind>
</comp>

<comp id="94" class="1001" name="const_94">
<pin_list>
<pin id="95" dir="1" index="0" bw="1" slack="2147483647"/>
</pin_list>
<bind>
<StgValue><ssdm name="_ssdm_op_Wait"/></StgValue>
</bind>
</comp>

<comp id="96" class="1001" name="const_96">
<pin_list>
<pin id="97" dir="1" index="0" bw="1" slack="0"/>
</pin_list>
<bind>
<StgValue><ssdm name="MultiPixStream2AXIvideo_Pipeline_VITIS_LOOP_350_3"/></StgValue>
</bind>
</comp>

<comp id="98" class="1001" name="const_98">
<pin_list>
<pin id="99" dir="1" index="0" bw="1" slack="2147483647"/>
</pin_list>
<bind>
<StgValue><ssdm name="_ssdm_op_SpecLoopName"/></StgValue>
</bind>
</comp>

<comp id="100" class="1001" name="const_100">
<pin_list>
<pin id="101" dir="1" index="0" bw="1" slack="2147483647"/>
</pin_list>
<bind>
<StgValue><ssdm name="empty_17"/></StgValue>
</bind>
</comp>

<comp id="102" class="1004" name="i_1_fu_102">
<pin_list>
<pin id="103" dir="0" index="0" bw="1" slack="0"/>
<pin id="104" dir="1" index="1" bw="13" slack="0"/>
</pin_list>
<bind>
<opcode="alloca(26) " fcode="alloca"/>
<opset="i_1/1 "/>
</bind>
</comp>

<comp id="106" class="1004" name="p_loc25_fu_106">
<pin_list>
<pin id="107" dir="0" index="0" bw="1" slack="0"/>
<pin id="108" dir="1" index="1" bw="4" slack="1"/>
</pin_list>
<bind>
<opcode="alloca(26) " fcode="alloca"/>
<opset="p_loc25/1 "/>
</bind>
</comp>

<comp id="110" class="1004" name="p_loc24_fu_110">
<pin_list>
<pin id="111" dir="0" index="0" bw="1" slack="0"/>
<pin id="112" dir="1" index="1" bw="4" slack="1"/>
</pin_list>
<bind>
<opcode="alloca(26) " fcode="alloca"/>
<opset="p_loc24/1 "/>
</bind>
</comp>

<comp id="114" class="1004" name="p_loc23_fu_114">
<pin_list>
<pin id="115" dir="0" index="0" bw="1" slack="0"/>
<pin id="116" dir="1" index="1" bw="4" slack="1"/>
</pin_list>
<bind>
<opcode="alloca(26) " fcode="alloca"/>
<opset="p_loc23/1 "/>
</bind>
</comp>

<comp id="118" class="1004" name="p_loc22_fu_118">
<pin_list>
<pin id="119" dir="0" index="0" bw="1" slack="0"/>
<pin id="120" dir="1" index="1" bw="4" slack="1"/>
</pin_list>
<bind>
<opcode="alloca(26) " fcode="alloca"/>
<opset="p_loc22/1 "/>
</bind>
</comp>

<comp id="122" class="1004" name="p_loc21_fu_122">
<pin_list>
<pin id="123" dir="0" index="0" bw="1" slack="0"/>
<pin id="124" dir="1" index="1" bw="4" slack="1"/>
</pin_list>
<bind>
<opcode="alloca(26) " fcode="alloca"/>
<opset="p_loc21/1 "/>
</bind>
</comp>

<comp id="126" class="1004" name="p_loc20_fu_126">
<pin_list>
<pin id="127" dir="0" index="0" bw="1" slack="0"/>
<pin id="128" dir="1" index="1" bw="4" slack="1"/>
</pin_list>
<bind>
<opcode="alloca(26) " fcode="alloca"/>
<opset="p_loc20/1 "/>
</bind>
</comp>

<comp id="130" class="1004" name="p_loc19_fu_130">
<pin_list>
<pin id="131" dir="0" index="0" bw="1" slack="0"/>
<pin id="132" dir="1" index="1" bw="4" slack="1"/>
</pin_list>
<bind>
<opcode="alloca(26) " fcode="alloca"/>
<opset="p_loc19/1 "/>
</bind>
</comp>

<comp id="134" class="1004" name="p_loc18_fu_134">
<pin_list>
<pin id="135" dir="0" index="0" bw="1" slack="0"/>
<pin id="136" dir="1" index="1" bw="4" slack="1"/>
</pin_list>
<bind>
<opcode="alloca(26) " fcode="alloca"/>
<opset="p_loc18/1 "/>
</bind>
</comp>

<comp id="138" class="1004" name="p_loc17_fu_138">
<pin_list>
<pin id="139" dir="0" index="0" bw="1" slack="0"/>
<pin id="140" dir="1" index="1" bw="4" slack="1"/>
</pin_list>
<bind>
<opcode="alloca(26) " fcode="alloca"/>
<opset="p_loc17/1 "/>
</bind>
</comp>

<comp id="142" class="1004" name="p_loc16_fu_142">
<pin_list>
<pin id="143" dir="0" index="0" bw="1" slack="0"/>
<pin id="144" dir="1" index="1" bw="4" slack="1"/>
</pin_list>
<bind>
<opcode="alloca(26) " fcode="alloca"/>
<opset="p_loc16/1 "/>
</bind>
</comp>

<comp id="146" class="1004" name="p_loc15_fu_146">
<pin_list>
<pin id="147" dir="0" index="0" bw="1" slack="0"/>
<pin id="148" dir="1" index="1" bw="4" slack="1"/>
</pin_list>
<bind>
<opcode="alloca(26) " fcode="alloca"/>
<opset="p_loc15/1 "/>
</bind>
</comp>

<comp id="150" class="1004" name="p_loc_fu_150">
<pin_list>
<pin id="151" dir="0" index="0" bw="1" slack="0"/>
<pin id="152" dir="1" index="1" bw="4" slack="1"/>
</pin_list>
<bind>
<opcode="alloca(26) " fcode="alloca"/>
<opset="p_loc/1 "/>
</bind>
</comp>

<comp id="154" class="1004" name="colorFormat_val_read_read_fu_154">
<pin_list>
<pin id="155" dir="0" index="0" bw="2" slack="0"/>
<pin id="156" dir="0" index="1" bw="2" slack="0"/>
<pin id="157" dir="1" index="2" bw="2" slack="1"/>
</pin_list>
<bind>
<opcode="read(1150) " fcode="read"/>
<opset="colorFormat_val_read/1 "/>
</bind>
</comp>

<comp id="160" class="1004" name="WidthOut_val_read_read_fu_160">
<pin_list>
<pin id="161" dir="0" index="0" bw="13" slack="0"/>
<pin id="162" dir="0" index="1" bw="13" slack="0"/>
<pin id="163" dir="1" index="2" bw="13" slack="0"/>
</pin_list>
<bind>
<opcode="read(1150) " fcode="read"/>
<opset="WidthOut_val_read/3 "/>
</bind>
</comp>

<comp id="166" class="1004" name="Height_val_read_read_fu_166">
<pin_list>
<pin id="167" dir="0" index="0" bw="13" slack="0"/>
<pin id="168" dir="0" index="1" bw="13" slack="0"/>
<pin id="169" dir="1" index="2" bw="13" slack="0"/>
</pin_list>
<bind>
<opcode="read(1150) " fcode="read"/>
<opset="Height_val_read/3 "/>
</bind>
</comp>

<comp id="172" class="1005" name="sof_reg_172">
<pin_list>
<pin id="173" dir="0" index="0" bw="1" slack="1"/>
<pin id="174" dir="1" index="1" bw="1" slack="1"/>
</pin_list>
<bind>
<opset="sof (phireg) "/>
</bind>
</comp>

<comp id="176" class="1004" name="sof_phi_fu_176">
<pin_list>
<pin id="177" dir="0" index="0" bw="1" slack="1"/>
<pin id="178" dir="0" index="1" bw="0" slack="2147483647"/>
<pin id="179" dir="0" index="2" bw="1" slack="0"/>
<pin id="180" dir="0" index="3" bw="0" slack="2147483647"/>
<pin id="181" dir="1" index="4" bw="1" slack="0"/>
</pin_list>
<bind>
<opcode="phi(47) " fcode="phi"/>
<opset="sof/5 "/>
</bind>
</comp>

<comp id="184" class="1004" name="grp_MultiPixStream2AXIvideo_Pipeline_VITIS_LOOP_341_1_fu_184">
<pin_list>
<pin id="185" dir="0" index="0" bw="0" slack="0"/>
<pin id="186" dir="0" index="1" bw="6" slack="0"/>
<pin id="187" dir="0" index="2" bw="4" slack="1"/>
<pin id="188" dir="0" index="3" bw="4" slack="1"/>
<pin id="189" dir="0" index="4" bw="4" slack="1"/>
<pin id="190" dir="0" index="5" bw="4" slack="1"/>
<pin id="191" dir="0" index="6" bw="4" slack="1"/>
<pin id="192" dir="0" index="7" bw="4" slack="1"/>
<pin id="193" dir="0" index="8" bw="4" slack="1"/>
<pin id="194" dir="0" index="9" bw="4" slack="1"/>
<pin id="195" dir="0" index="10" bw="4" slack="1"/>
<pin id="196" dir="0" index="11" bw="4" slack="1"/>
<pin id="197" dir="0" index="12" bw="4" slack="1"/>
<pin id="198" dir="0" index="13" bw="4" slack="1"/>
<pin id="199" dir="0" index="14" bw="4" slack="0"/>
<pin id="200" dir="1" index="15" bw="0" slack="2147483647"/>
</pin_list>
<bind>
<opcode="call(48) " fcode="call"/>
<opset="call_ln343/2 "/>
</bind>
</comp>

<comp id="203" class="1004" name="grp_MultiPixStream2AXIvideo_Pipeline_VITIS_LOOP_350_3_fu_203">
<pin_list>
<pin id="204" dir="0" index="0" bw="0" slack="0"/>
<pin id="205" dir="0" index="1" bw="1" slack="0"/>
<pin id="206" dir="0" index="2" bw="11" slack="1"/>
<pin id="207" dir="0" index="3" bw="12" slack="1"/>
<pin id="208" dir="0" index="4" bw="120" slack="0"/>
<pin id="209" dir="0" index="5" bw="4" slack="2147483647"/>
<pin id="210" dir="0" index="6" bw="4" slack="2147483647"/>
<pin id="211" dir="0" index="7" bw="4" slack="2147483647"/>
<pin id="212" dir="0" index="8" bw="4" slack="2147483647"/>
<pin id="213" dir="0" index="9" bw="4" slack="2147483647"/>
<pin id="214" dir="0" index="10" bw="4" slack="2147483647"/>
<pin id="215" dir="0" index="11" bw="4" slack="2147483647"/>
<pin id="216" dir="0" index="12" bw="4" slack="2147483647"/>
<pin id="217" dir="0" index="13" bw="4" slack="2147483647"/>
<pin id="218" dir="0" index="14" bw="4" slack="2147483647"/>
<pin id="219" dir="0" index="15" bw="4" slack="2147483647"/>
<pin id="220" dir="0" index="16" bw="4" slack="2147483647"/>
<pin id="221" dir="0" index="17" bw="120" slack="0"/>
<pin id="222" dir="0" index="18" bw="15" slack="0"/>
<pin id="223" dir="0" index="19" bw="15" slack="0"/>
<pin id="224" dir="0" index="20" bw="1" slack="0"/>
<pin id="225" dir="0" index="21" bw="1" slack="0"/>
<pin id="226" dir="0" index="22" bw="1" slack="0"/>
<pin id="227" dir="0" index="23" bw="1" slack="0"/>
<pin id="228" dir="1" index="24" bw="0" slack="2147483647"/>
</pin_list>
<bind>
<opcode="call(48) " fcode="call"/>
<opset="call_ln348/5 "/>
</bind>
</comp>

<comp id="239" class="1004" name="grp_fu_239">
<pin_list>
<pin id="240" dir="1" index="0" bw="13" slack="2147483647"/>
</pin_list>
<bind>
<opcode="muxlogic(592) " fcode="muxlogic"/>
<opset="muxLogicCE_to_colorFormat_val_read/1 muxLogicCE_to_WidthOut_val_read/3 "/>
</bind>
</comp>

<comp id="241" class="1004" name="muxLogicData_to_store_ln347_fu_241">
<pin_list>
<pin id="242" dir="0" index="0" bw="1" slack="0"/>
<pin id="243" dir="1" index="1" bw="0" slack="2147483647"/>
</pin_list>
<bind>
<opcode="muxlogic(592) " fcode="muxlogic"/>
<opset="muxLogicData_to_store_ln347/1 "/>
</bind>
</comp>

<comp id="245" class="1004" name="muxLogicAddr_to_store_ln347_fu_245">
<pin_list>
<pin id="246" dir="0" index="0" bw="13" slack="0"/>
<pin id="247" dir="1" index="1" bw="0" slack="2147483647"/>
</pin_list>
<bind>
<opcode="muxlogic(592) " fcode="muxlogic"/>
<opset="muxLogicAddr_to_store_ln347/1 "/>
</bind>
</comp>

<comp id="248" class="1004" name="store_ln347_store_fu_248">
<pin_list>
<pin id="249" dir="0" index="0" bw="1" slack="0"/>
<pin id="250" dir="0" index="1" bw="13" slack="0"/>
<pin id="251" dir="1" index="2" bw="0" slack="2147483647"/>
</pin_list>
<bind>
<opcode="store(28) " fcode="store"/>
<opset="store_ln347/1 "/>
</bind>
</comp>

<comp id="253" class="1004" name="tmp_fu_253">
<pin_list>
<pin id="254" dir="0" index="0" bw="6" slack="0"/>
<pin id="255" dir="0" index="1" bw="2" slack="1"/>
<pin id="256" dir="0" index="2" bw="1" slack="0"/>
<pin id="257" dir="1" index="3" bw="6" slack="0"/>
</pin_list>
<bind>
<opcode="bitconcatenate(1004) " fcode="bitconcatenate"/>
<opset="tmp/2 "/>
</bind>
</comp>

<comp id="260" class="1004" name="tmp_s_fu_260">
<pin_list>
<pin id="261" dir="0" index="0" bw="4" slack="0"/>
<pin id="262" dir="0" index="1" bw="2" slack="1"/>
<pin id="263" dir="0" index="2" bw="1" slack="0"/>
<pin id="264" dir="1" index="3" bw="4" slack="0"/>
</pin_list>
<bind>
<opcode="bitconcatenate(1004) " fcode="bitconcatenate"/>
<opset="tmp_s/2 "/>
</bind>
</comp>

<comp id="267" class="1004" name="zext_ln343_fu_267">
<pin_list>
<pin id="268" dir="0" index="0" bw="4" slack="0"/>
<pin id="269" dir="1" index="1" bw="6" slack="0"/>
</pin_list>
<bind>
<opcode="zext(34) " fcode="zext"/>
<opset="zext_ln343/2 "/>
</bind>
</comp>

<comp id="271" class="1004" name="sub_ln343_fu_271">
<pin_list>
<pin id="272" dir="0" index="0" bw="6" slack="0"/>
<pin id="273" dir="0" index="1" bw="4" slack="0"/>
<pin id="274" dir="1" index="2" bw="6" slack="0"/>
</pin_list>
<bind>
<opcode="sub(10) " fcode="sub"/>
<opset="sub_ln343/2 "/>
</bind>
</comp>

<comp id="278" class="1004" name="muxLogicCE_to_Height_val_read_fu_278">
<pin_list>
<pin id="279" dir="1" index="0" bw="13" slack="2147483647"/>
</pin_list>
<bind>
<opcode="muxlogic(592) " fcode="muxlogic"/>
<opset="muxLogicCE_to_Height_val_read/3 "/>
</bind>
</comp>

<comp id="280" class="1004" name="grp_reg_unsigned_short_s_fu_280">
<pin_list>
<pin id="281" dir="0" index="0" bw="13" slack="0"/>
<pin id="282" dir="0" index="1" bw="13" slack="0"/>
<pin id="283" dir="1" index="2" bw="13" slack="1"/>
</pin_list>
<bind>
<opcode="call(48) " fcode="call"/>
<opset="rows/3 "/>
</bind>
</comp>

<comp id="286" class="1004" name="grp_reg_unsigned_short_s_fu_286">
<pin_list>
<pin id="287" dir="0" index="0" bw="13" slack="0"/>
<pin id="288" dir="0" index="1" bw="13" slack="0"/>
<pin id="289" dir="1" index="2" bw="13" slack="0"/>
</pin_list>
<bind>
<opcode="call(48) " fcode="call"/>
<opset="cols/3 "/>
</bind>
</comp>

<comp id="292" class="1004" name="MuxLogicAddr_to_p_loc_load_fu_292">
<pin_list>
<pin id="293" dir="0" index="0" bw="4" slack="3"/>
<pin id="294" dir="1" index="1" bw="4" slack="2147483647"/>
</pin_list>
<bind>
<opcode="muxlogic(592) " fcode="muxlogic"/>
<opset="MuxLogicAddr_to_p_loc_load/4 "/>
</bind>
</comp>

<comp id="295" class="1004" name="p_loc_load_load_fu_295">
<pin_list>
<pin id="296" dir="0" index="0" bw="4" slack="3"/>
<pin id="297" dir="1" index="1" bw="4" slack="2147483647"/>
</pin_list>
<bind>
<opcode="load(27) " fcode="load"/>
<opset="p_loc_load/4 "/>
</bind>
</comp>

<comp id="298" class="1004" name="MuxLogicAddr_to_p_loc15_load_fu_298">
<pin_list>
<pin id="299" dir="0" index="0" bw="4" slack="3"/>
<pin id="300" dir="1" index="1" bw="4" slack="2147483647"/>
</pin_list>
<bind>
<opcode="muxlogic(592) " fcode="muxlogic"/>
<opset="MuxLogicAddr_to_p_loc15_load/4 "/>
</bind>
</comp>

<comp id="301" class="1004" name="p_loc15_load_load_fu_301">
<pin_list>
<pin id="302" dir="0" index="0" bw="4" slack="3"/>
<pin id="303" dir="1" index="1" bw="4" slack="2147483647"/>
</pin_list>
<bind>
<opcode="load(27) " fcode="load"/>
<opset="p_loc15_load/4 "/>
</bind>
</comp>

<comp id="304" class="1004" name="MuxLogicAddr_to_p_loc16_load_fu_304">
<pin_list>
<pin id="305" dir="0" index="0" bw="4" slack="3"/>
<pin id="306" dir="1" index="1" bw="4" slack="2147483647"/>
</pin_list>
<bind>
<opcode="muxlogic(592) " fcode="muxlogic"/>
<opset="MuxLogicAddr_to_p_loc16_load/4 "/>
</bind>
</comp>

<comp id="307" class="1004" name="p_loc16_load_load_fu_307">
<pin_list>
<pin id="308" dir="0" index="0" bw="4" slack="3"/>
<pin id="309" dir="1" index="1" bw="4" slack="2147483647"/>
</pin_list>
<bind>
<opcode="load(27) " fcode="load"/>
<opset="p_loc16_load/4 "/>
</bind>
</comp>

<comp id="310" class="1004" name="MuxLogicAddr_to_p_loc17_load_fu_310">
<pin_list>
<pin id="311" dir="0" index="0" bw="4" slack="3"/>
<pin id="312" dir="1" index="1" bw="4" slack="2147483647"/>
</pin_list>
<bind>
<opcode="muxlogic(592) " fcode="muxlogic"/>
<opset="MuxLogicAddr_to_p_loc17_load/4 "/>
</bind>
</comp>

<comp id="313" class="1004" name="p_loc17_load_load_fu_313">
<pin_list>
<pin id="314" dir="0" index="0" bw="4" slack="3"/>
<pin id="315" dir="1" index="1" bw="4" slack="2147483647"/>
</pin_list>
<bind>
<opcode="load(27) " fcode="load"/>
<opset="p_loc17_load/4 "/>
</bind>
</comp>

<comp id="316" class="1004" name="MuxLogicAddr_to_p_loc18_load_fu_316">
<pin_list>
<pin id="317" dir="0" index="0" bw="4" slack="3"/>
<pin id="318" dir="1" index="1" bw="4" slack="2147483647"/>
</pin_list>
<bind>
<opcode="muxlogic(592) " fcode="muxlogic"/>
<opset="MuxLogicAddr_to_p_loc18_load/4 "/>
</bind>
</comp>

<comp id="319" class="1004" name="p_loc18_load_load_fu_319">
<pin_list>
<pin id="320" dir="0" index="0" bw="4" slack="3"/>
<pin id="321" dir="1" index="1" bw="4" slack="2147483647"/>
</pin_list>
<bind>
<opcode="load(27) " fcode="load"/>
<opset="p_loc18_load/4 "/>
</bind>
</comp>

<comp id="322" class="1004" name="MuxLogicAddr_to_p_loc19_load_fu_322">
<pin_list>
<pin id="323" dir="0" index="0" bw="4" slack="3"/>
<pin id="324" dir="1" index="1" bw="4" slack="2147483647"/>
</pin_list>
<bind>
<opcode="muxlogic(592) " fcode="muxlogic"/>
<opset="MuxLogicAddr_to_p_loc19_load/4 "/>
</bind>
</comp>

<comp id="325" class="1004" name="p_loc19_load_load_fu_325">
<pin_list>
<pin id="326" dir="0" index="0" bw="4" slack="3"/>
<pin id="327" dir="1" index="1" bw="4" slack="2147483647"/>
</pin_list>
<bind>
<opcode="load(27) " fcode="load"/>
<opset="p_loc19_load/4 "/>
</bind>
</comp>

<comp id="328" class="1004" name="MuxLogicAddr_to_p_loc20_load_fu_328">
<pin_list>
<pin id="329" dir="0" index="0" bw="4" slack="3"/>
<pin id="330" dir="1" index="1" bw="4" slack="2147483647"/>
</pin_list>
<bind>
<opcode="muxlogic(592) " fcode="muxlogic"/>
<opset="MuxLogicAddr_to_p_loc20_load/4 "/>
</bind>
</comp>

<comp id="331" class="1004" name="p_loc20_load_load_fu_331">
<pin_list>
<pin id="332" dir="0" index="0" bw="4" slack="3"/>
<pin id="333" dir="1" index="1" bw="4" slack="2147483647"/>
</pin_list>
<bind>
<opcode="load(27) " fcode="load"/>
<opset="p_loc20_load/4 "/>
</bind>
</comp>

<comp id="334" class="1004" name="MuxLogicAddr_to_p_loc21_load_fu_334">
<pin_list>
<pin id="335" dir="0" index="0" bw="4" slack="3"/>
<pin id="336" dir="1" index="1" bw="4" slack="2147483647"/>
</pin_list>
<bind>
<opcode="muxlogic(592) " fcode="muxlogic"/>
<opset="MuxLogicAddr_to_p_loc21_load/4 "/>
</bind>
</comp>

<comp id="337" class="1004" name="p_loc21_load_load_fu_337">
<pin_list>
<pin id="338" dir="0" index="0" bw="4" slack="3"/>
<pin id="339" dir="1" index="1" bw="4" slack="2147483647"/>
</pin_list>
<bind>
<opcode="load(27) " fcode="load"/>
<opset="p_loc21_load/4 "/>
</bind>
</comp>

<comp id="340" class="1004" name="MuxLogicAddr_to_p_loc22_load_fu_340">
<pin_list>
<pin id="341" dir="0" index="0" bw="4" slack="3"/>
<pin id="342" dir="1" index="1" bw="4" slack="2147483647"/>
</pin_list>
<bind>
<opcode="muxlogic(592) " fcode="muxlogic"/>
<opset="MuxLogicAddr_to_p_loc22_load/4 "/>
</bind>
</comp>

<comp id="343" class="1004" name="p_loc22_load_load_fu_343">
<pin_list>
<pin id="344" dir="0" index="0" bw="4" slack="3"/>
<pin id="345" dir="1" index="1" bw="4" slack="2147483647"/>
</pin_list>
<bind>
<opcode="load(27) " fcode="load"/>
<opset="p_loc22_load/4 "/>
</bind>
</comp>

<comp id="346" class="1004" name="MuxLogicAddr_to_p_loc23_load_fu_346">
<pin_list>
<pin id="347" dir="0" index="0" bw="4" slack="3"/>
<pin id="348" dir="1" index="1" bw="4" slack="2147483647"/>
</pin_list>
<bind>
<opcode="muxlogic(592) " fcode="muxlogic"/>
<opset="MuxLogicAddr_to_p_loc23_load/4 "/>
</bind>
</comp>

<comp id="349" class="1004" name="p_loc23_load_load_fu_349">
<pin_list>
<pin id="350" dir="0" index="0" bw="4" slack="3"/>
<pin id="351" dir="1" index="1" bw="4" slack="2147483647"/>
</pin_list>
<bind>
<opcode="load(27) " fcode="load"/>
<opset="p_loc23_load/4 "/>
</bind>
</comp>

<comp id="352" class="1004" name="MuxLogicAddr_to_p_loc24_load_fu_352">
<pin_list>
<pin id="353" dir="0" index="0" bw="4" slack="3"/>
<pin id="354" dir="1" index="1" bw="4" slack="2147483647"/>
</pin_list>
<bind>
<opcode="muxlogic(592) " fcode="muxlogic"/>
<opset="MuxLogicAddr_to_p_loc24_load/4 "/>
</bind>
</comp>

<comp id="355" class="1004" name="p_loc24_load_load_fu_355">
<pin_list>
<pin id="356" dir="0" index="0" bw="4" slack="3"/>
<pin id="357" dir="1" index="1" bw="4" slack="2147483647"/>
</pin_list>
<bind>
<opcode="load(27) " fcode="load"/>
<opset="p_loc24_load/4 "/>
</bind>
</comp>

<comp id="358" class="1004" name="MuxLogicAddr_to_p_loc25_load_fu_358">
<pin_list>
<pin id="359" dir="0" index="0" bw="4" slack="3"/>
<pin id="360" dir="1" index="1" bw="4" slack="2147483647"/>
</pin_list>
<bind>
<opcode="muxlogic(592) " fcode="muxlogic"/>
<opset="MuxLogicAddr_to_p_loc25_load/4 "/>
</bind>
</comp>

<comp id="361" class="1004" name="p_loc25_load_load_fu_361">
<pin_list>
<pin id="362" dir="0" index="0" bw="4" slack="3"/>
<pin id="363" dir="1" index="1" bw="4" slack="2147483647"/>
</pin_list>
<bind>
<opcode="load(27) " fcode="load"/>
<opset="p_loc25_load/4 "/>
</bind>
</comp>

<comp id="364" class="1004" name="div_cast1_fu_364">
<pin_list>
<pin id="365" dir="0" index="0" bw="11" slack="0"/>
<pin id="366" dir="0" index="1" bw="13" slack="0"/>
<pin id="367" dir="0" index="2" bw="3" slack="0"/>
<pin id="368" dir="0" index="3" bw="5" slack="0"/>
<pin id="369" dir="1" index="4" bw="11" slack="0"/>
</pin_list>
<bind>
<opcode="partselect(1002) " fcode="partselect"/>
<opset="div_cast1/4 "/>
</bind>
</comp>

<comp id="374" class="1004" name="div_cast_fu_374">
<pin_list>
<pin id="375" dir="0" index="0" bw="11" slack="0"/>
<pin id="376" dir="1" index="1" bw="12" slack="0"/>
</pin_list>
<bind>
<opcode="zext(34) " fcode="zext"/>
<opset="div_cast/4 "/>
</bind>
</comp>

<comp id="378" class="1004" name="sub_fu_378">
<pin_list>
<pin id="379" dir="0" index="0" bw="11" slack="0"/>
<pin id="380" dir="0" index="1" bw="1" slack="0"/>
<pin id="381" dir="1" index="2" bw="12" slack="1"/>
</pin_list>
<bind>
<opcode="add(8) " fcode="add"/>
<opset="sub/4 "/>
</bind>
</comp>

<comp id="384" class="1004" name="icmp_ln348_fu_384">
<pin_list>
<pin id="385" dir="0" index="0" bw="11" slack="0"/>
<pin id="386" dir="0" index="1" bw="1" slack="0"/>
<pin id="387" dir="1" index="2" bw="1" slack="1"/>
</pin_list>
<bind>
<opcode="icmp(45) " fcode="icmp"/>
<opset="icmp_ln348/4 "/>
</bind>
</comp>

<comp id="390" class="1004" name="MuxLogicAddr_to_i_fu_390">
<pin_list>
<pin id="391" dir="0" index="0" bw="13" slack="4"/>
<pin id="392" dir="1" index="1" bw="13" slack="2147483647"/>
</pin_list>
<bind>
<opcode="muxlogic(592) " fcode="muxlogic"/>
<opset="MuxLogicAddr_to_i/5 "/>
</bind>
</comp>

<comp id="393" class="1004" name="i_load_fu_393">
<pin_list>
<pin id="394" dir="0" index="0" bw="13" slack="4"/>
<pin id="395" dir="1" index="1" bw="13" slack="0"/>
</pin_list>
<bind>
<opcode="load(27) " fcode="load"/>
<opset="i/5 "/>
</bind>
</comp>

<comp id="396" class="1004" name="i_2_fu_396">
<pin_list>
<pin id="397" dir="0" index="0" bw="13" slack="0"/>
<pin id="398" dir="0" index="1" bw="1" slack="0"/>
<pin id="399" dir="1" index="2" bw="13" slack="0"/>
</pin_list>
<bind>
<opcode="add(8) " fcode="add"/>
<opset="i_2/5 "/>
</bind>
</comp>

<comp id="402" class="1004" name="icmp_ln348_1_fu_402">
<pin_list>
<pin id="403" dir="0" index="0" bw="13" slack="0"/>
<pin id="404" dir="0" index="1" bw="13" slack="1"/>
<pin id="405" dir="1" index="2" bw="1" slack="2147483647"/>
</pin_list>
<bind>
<opcode="icmp(45) " fcode="icmp"/>
<opset="icmp_ln348_1/5 "/>
</bind>
</comp>

<comp id="407" class="1004" name="and_ln348_fu_407">
<pin_list>
<pin id="408" dir="0" index="0" bw="1" slack="1"/>
<pin id="409" dir="0" index="1" bw="1" slack="0"/>
<pin id="410" dir="1" index="2" bw="1" slack="0"/>
</pin_list>
<bind>
<opcode="and(23) " fcode="and"/>
<opset="and_ln348/5 "/>
</bind>
</comp>

<comp id="412" class="1004" name="muxLogicData_to_store_ln347_fu_412">
<pin_list>
<pin id="413" dir="0" index="0" bw="13" slack="0"/>
<pin id="414" dir="1" index="1" bw="0" slack="2147483647"/>
</pin_list>
<bind>
<opcode="muxlogic(592) " fcode="muxlogic"/>
<opset="muxLogicData_to_store_ln347/5 "/>
</bind>
</comp>

<comp id="416" class="1004" name="muxLogicAddr_to_store_ln347_fu_416">
<pin_list>
<pin id="417" dir="0" index="0" bw="13" slack="4"/>
<pin id="418" dir="1" index="1" bw="0" slack="2147483647"/>
</pin_list>
<bind>
<opcode="muxlogic(592) " fcode="muxlogic"/>
<opset="muxLogicAddr_to_store_ln347/5 "/>
</bind>
</comp>

<comp id="419" class="1004" name="store_ln347_store_fu_419">
<pin_list>
<pin id="420" dir="0" index="0" bw="13" slack="0"/>
<pin id="421" dir="0" index="1" bw="13" slack="4"/>
<pin id="422" dir="1" index="2" bw="0" slack="2147483647"/>
</pin_list>
<bind>
<opcode="store(28) " fcode="store"/>
<opset="store_ln347/5 "/>
</bind>
</comp>

<comp id="424" class="1005" name="i_1_reg_424">
<pin_list>
<pin id="425" dir="0" index="0" bw="13" slack="0"/>
<pin id="426" dir="1" index="1" bw="13" slack="0"/>
</pin_list>
<bind>
<opset="i_1 "/>
</bind>
</comp>

<comp id="434" class="1005" name="p_loc25_reg_434">
<pin_list>
<pin id="435" dir="0" index="0" bw="4" slack="1"/>
<pin id="436" dir="1" index="1" bw="4" slack="1"/>
</pin_list>
<bind>
<opset="p_loc25 "/>
</bind>
</comp>

<comp id="441" class="1005" name="p_loc24_reg_441">
<pin_list>
<pin id="442" dir="0" index="0" bw="4" slack="1"/>
<pin id="443" dir="1" index="1" bw="4" slack="1"/>
</pin_list>
<bind>
<opset="p_loc24 "/>
</bind>
</comp>

<comp id="448" class="1005" name="p_loc23_reg_448">
<pin_list>
<pin id="449" dir="0" index="0" bw="4" slack="1"/>
<pin id="450" dir="1" index="1" bw="4" slack="1"/>
</pin_list>
<bind>
<opset="p_loc23 "/>
</bind>
</comp>

<comp id="455" class="1005" name="p_loc22_reg_455">
<pin_list>
<pin id="456" dir="0" index="0" bw="4" slack="1"/>
<pin id="457" dir="1" index="1" bw="4" slack="1"/>
</pin_list>
<bind>
<opset="p_loc22 "/>
</bind>
</comp>

<comp id="462" class="1005" name="p_loc21_reg_462">
<pin_list>
<pin id="463" dir="0" index="0" bw="4" slack="1"/>
<pin id="464" dir="1" index="1" bw="4" slack="1"/>
</pin_list>
<bind>
<opset="p_loc21 "/>
</bind>
</comp>

<comp id="469" class="1005" name="p_loc20_reg_469">
<pin_list>
<pin id="470" dir="0" index="0" bw="4" slack="1"/>
<pin id="471" dir="1" index="1" bw="4" slack="1"/>
</pin_list>
<bind>
<opset="p_loc20 "/>
</bind>
</comp>

<comp id="476" class="1005" name="p_loc19_reg_476">
<pin_list>
<pin id="477" dir="0" index="0" bw="4" slack="1"/>
<pin id="478" dir="1" index="1" bw="4" slack="1"/>
</pin_list>
<bind>
<opset="p_loc19 "/>
</bind>
</comp>

<comp id="483" class="1005" name="p_loc18_reg_483">
<pin_list>
<pin id="484" dir="0" index="0" bw="4" slack="1"/>
<pin id="485" dir="1" index="1" bw="4" slack="1"/>
</pin_list>
<bind>
<opset="p_loc18 "/>
</bind>
</comp>

<comp id="490" class="1005" name="p_loc17_reg_490">
<pin_list>
<pin id="491" dir="0" index="0" bw="4" slack="1"/>
<pin id="492" dir="1" index="1" bw="4" slack="1"/>
</pin_list>
<bind>
<opset="p_loc17 "/>
</bind>
</comp>

<comp id="497" class="1005" name="p_loc16_reg_497">
<pin_list>
<pin id="498" dir="0" index="0" bw="4" slack="1"/>
<pin id="499" dir="1" index="1" bw="4" slack="1"/>
</pin_list>
<bind>
<opset="p_loc16 "/>
</bind>
</comp>

<comp id="504" class="1005" name="p_loc15_reg_504">
<pin_list>
<pin id="505" dir="0" index="0" bw="4" slack="1"/>
<pin id="506" dir="1" index="1" bw="4" slack="1"/>
</pin_list>
<bind>
<opset="p_loc15 "/>
</bind>
</comp>

<comp id="511" class="1005" name="p_loc_reg_511">
<pin_list>
<pin id="512" dir="0" index="0" bw="4" slack="1"/>
<pin id="513" dir="1" index="1" bw="4" slack="1"/>
</pin_list>
<bind>
<opset="p_loc "/>
</bind>
</comp>

<comp id="518" class="1005" name="colorFormat_val_read_reg_518">
<pin_list>
<pin id="519" dir="0" index="0" bw="2" slack="1"/>
<pin id="520" dir="1" index="1" bw="2" slack="1"/>
</pin_list>
<bind>
<opset="colorFormat_val_read "/>
</bind>
</comp>

<comp id="524" class="1005" name="sub_ln343_reg_524">
<pin_list>
<pin id="525" dir="0" index="0" bw="6" slack="1"/>
<pin id="526" dir="1" index="1" bw="6" slack="1"/>
</pin_list>
<bind>
<opset="sub_ln343 "/>
</bind>
</comp>

<comp id="529" class="1005" name="rows_reg_529">
<pin_list>
<pin id="530" dir="0" index="0" bw="13" slack="1"/>
<pin id="531" dir="1" index="1" bw="13" slack="1"/>
</pin_list>
<bind>
<opset="rows "/>
</bind>
</comp>

<comp id="570" class="1005" name="div_cast1_reg_570">
<pin_list>
<pin id="571" dir="0" index="0" bw="11" slack="1"/>
<pin id="572" dir="1" index="1" bw="11" slack="1"/>
</pin_list>
<bind>
<opset="div_cast1 "/>
</bind>
</comp>

<comp id="575" class="1005" name="sub_reg_575">
<pin_list>
<pin id="576" dir="0" index="0" bw="12" slack="1"/>
<pin id="577" dir="1" index="1" bw="12" slack="1"/>
</pin_list>
<bind>
<opset="sub "/>
</bind>
</comp>

<comp id="580" class="1005" name="icmp_ln348_reg_580">
<pin_list>
<pin id="581" dir="0" index="0" bw="1" slack="1"/>
<pin id="582" dir="1" index="1" bw="1" slack="1"/>
</pin_list>
<bind>
<opset="icmp_ln348 "/>
</bind>
</comp>

<comp id="588" class="1005" name="and_ln348_reg_588">
<pin_list>
<pin id="589" dir="0" index="0" bw="1" slack="0"/>
<pin id="590" dir="1" index="1" bw="1" slack="0"/>
</pin_list>
<bind>
<opset="and_ln348 "/>
</bind>
</comp>

</comp_list>

<net_list>
<net id="105"><net_src comp="24" pin="0"/><net_sink comp="102" pin=0"/></net>

<net id="109"><net_src comp="24" pin="0"/><net_sink comp="106" pin=0"/></net>

<net id="113"><net_src comp="24" pin="0"/><net_sink comp="110" pin=0"/></net>

<net id="117"><net_src comp="24" pin="0"/><net_sink comp="114" pin=0"/></net>

<net id="121"><net_src comp="24" pin="0"/><net_sink comp="118" pin=0"/></net>

<net id="125"><net_src comp="24" pin="0"/><net_sink comp="122" pin=0"/></net>

<net id="129"><net_src comp="24" pin="0"/><net_sink comp="126" pin=0"/></net>

<net id="133"><net_src comp="24" pin="0"/><net_sink comp="130" pin=0"/></net>

<net id="137"><net_src comp="24" pin="0"/><net_sink comp="134" pin=0"/></net>

<net id="141"><net_src comp="24" pin="0"/><net_sink comp="138" pin=0"/></net>

<net id="145"><net_src comp="24" pin="0"/><net_sink comp="142" pin=0"/></net>

<net id="149"><net_src comp="24" pin="0"/><net_sink comp="146" pin=0"/></net>

<net id="153"><net_src comp="24" pin="0"/><net_sink comp="150" pin=0"/></net>

<net id="158"><net_src comp="26" pin="0"/><net_sink comp="154" pin=0"/></net>

<net id="159"><net_src comp="20" pin="0"/><net_sink comp="154" pin=1"/></net>

<net id="164"><net_src comp="40" pin="0"/><net_sink comp="160" pin=0"/></net>

<net id="165"><net_src comp="18" pin="0"/><net_sink comp="160" pin=1"/></net>

<net id="170"><net_src comp="40" pin="0"/><net_sink comp="166" pin=0"/></net>

<net id="171"><net_src comp="16" pin="0"/><net_sink comp="166" pin=1"/></net>

<net id="175"><net_src comp="84" pin="0"/><net_sink comp="172" pin=0"/></net>

<net id="182"><net_src comp="172" pin="1"/><net_sink comp="176" pin=0"/></net>

<net id="183"><net_src comp="176" pin="4"/><net_sink comp="172" pin=0"/></net>

<net id="201"><net_src comp="38" pin="0"/><net_sink comp="184" pin=0"/></net>

<net id="202"><net_src comp="22" pin="0"/><net_sink comp="184" pin=14"/></net>

<net id="229"><net_src comp="96" pin="0"/><net_sink comp="203" pin=0"/></net>

<net id="230"><net_src comp="176" pin="4"/><net_sink comp="203" pin=1"/></net>

<net id="231"><net_src comp="0" pin="0"/><net_sink comp="203" pin=4"/></net>

<net id="232"><net_src comp="2" pin="0"/><net_sink comp="203" pin=17"/></net>

<net id="233"><net_src comp="4" pin="0"/><net_sink comp="203" pin=18"/></net>

<net id="234"><net_src comp="6" pin="0"/><net_sink comp="203" pin=19"/></net>

<net id="235"><net_src comp="8" pin="0"/><net_sink comp="203" pin=20"/></net>

<net id="236"><net_src comp="10" pin="0"/><net_sink comp="203" pin=21"/></net>

<net id="237"><net_src comp="12" pin="0"/><net_sink comp="203" pin=22"/></net>

<net id="238"><net_src comp="14" pin="0"/><net_sink comp="203" pin=23"/></net>

<net id="244"><net_src comp="28" pin="0"/><net_sink comp="241" pin=0"/></net>

<net id="252"><net_src comp="28" pin="0"/><net_sink comp="248" pin=0"/></net>

<net id="258"><net_src comp="30" pin="0"/><net_sink comp="253" pin=0"/></net>

<net id="259"><net_src comp="32" pin="0"/><net_sink comp="253" pin=2"/></net>

<net id="265"><net_src comp="34" pin="0"/><net_sink comp="260" pin=0"/></net>

<net id="266"><net_src comp="36" pin="0"/><net_sink comp="260" pin=2"/></net>

<net id="270"><net_src comp="260" pin="3"/><net_sink comp="267" pin=0"/></net>

<net id="275"><net_src comp="253" pin="3"/><net_sink comp="271" pin=0"/></net>

<net id="276"><net_src comp="267" pin="1"/><net_sink comp="271" pin=1"/></net>

<net id="277"><net_src comp="271" pin="2"/><net_sink comp="184" pin=1"/></net>

<net id="284"><net_src comp="42" pin="0"/><net_sink comp="280" pin=0"/></net>

<net id="285"><net_src comp="166" pin="2"/><net_sink comp="280" pin=1"/></net>

<net id="290"><net_src comp="42" pin="0"/><net_sink comp="286" pin=0"/></net>

<net id="291"><net_src comp="160" pin="2"/><net_sink comp="286" pin=1"/></net>

<net id="370"><net_src comp="76" pin="0"/><net_sink comp="364" pin=0"/></net>

<net id="371"><net_src comp="286" pin="2"/><net_sink comp="364" pin=1"/></net>

<net id="372"><net_src comp="52" pin="0"/><net_sink comp="364" pin=2"/></net>

<net id="373"><net_src comp="78" pin="0"/><net_sink comp="364" pin=3"/></net>

<net id="377"><net_src comp="364" pin="4"/><net_sink comp="374" pin=0"/></net>

<net id="382"><net_src comp="374" pin="1"/><net_sink comp="378" pin=0"/></net>

<net id="383"><net_src comp="80" pin="0"/><net_sink comp="378" pin=1"/></net>

<net id="388"><net_src comp="364" pin="4"/><net_sink comp="384" pin=0"/></net>

<net id="389"><net_src comp="82" pin="0"/><net_sink comp="384" pin=1"/></net>

<net id="400"><net_src comp="393" pin="1"/><net_sink comp="396" pin=0"/></net>

<net id="401"><net_src comp="86" pin="0"/><net_sink comp="396" pin=1"/></net>

<net id="406"><net_src comp="393" pin="1"/><net_sink comp="402" pin=0"/></net>

<net id="411"><net_src comp="176" pin="4"/><net_sink comp="407" pin=1"/></net>

<net id="415"><net_src comp="396" pin="2"/><net_sink comp="412" pin=0"/></net>

<net id="423"><net_src comp="396" pin="2"/><net_sink comp="419" pin=0"/></net>

<net id="427"><net_src comp="102" pin="1"/><net_sink comp="424" pin=0"/></net>

<net id="428"><net_src comp="424" pin="1"/><net_sink comp="245" pin=0"/></net>

<net id="429"><net_src comp="424" pin="1"/><net_sink comp="248" pin=1"/></net>

<net id="430"><net_src comp="424" pin="1"/><net_sink comp="390" pin=0"/></net>

<net id="431"><net_src comp="424" pin="1"/><net_sink comp="393" pin=0"/></net>

<net id="432"><net_src comp="424" pin="1"/><net_sink comp="416" pin=0"/></net>

<net id="433"><net_src comp="424" pin="1"/><net_sink comp="419" pin=1"/></net>

<net id="437"><net_src comp="106" pin="1"/><net_sink comp="434" pin=0"/></net>

<net id="438"><net_src comp="434" pin="1"/><net_sink comp="184" pin=13"/></net>

<net id="439"><net_src comp="434" pin="1"/><net_sink comp="358" pin=0"/></net>

<net id="440"><net_src comp="434" pin="1"/><net_sink comp="361" pin=0"/></net>

<net id="444"><net_src comp="110" pin="1"/><net_sink comp="441" pin=0"/></net>

<net id="445"><net_src comp="441" pin="1"/><net_sink comp="184" pin=12"/></net>

<net id="446"><net_src comp="441" pin="1"/><net_sink comp="352" pin=0"/></net>

<net id="447"><net_src comp="441" pin="1"/><net_sink comp="355" pin=0"/></net>

<net id="451"><net_src comp="114" pin="1"/><net_sink comp="448" pin=0"/></net>

<net id="452"><net_src comp="448" pin="1"/><net_sink comp="184" pin=11"/></net>

<net id="453"><net_src comp="448" pin="1"/><net_sink comp="346" pin=0"/></net>

<net id="454"><net_src comp="448" pin="1"/><net_sink comp="349" pin=0"/></net>

<net id="458"><net_src comp="118" pin="1"/><net_sink comp="455" pin=0"/></net>

<net id="459"><net_src comp="455" pin="1"/><net_sink comp="184" pin=10"/></net>

<net id="460"><net_src comp="455" pin="1"/><net_sink comp="340" pin=0"/></net>

<net id="461"><net_src comp="455" pin="1"/><net_sink comp="343" pin=0"/></net>

<net id="465"><net_src comp="122" pin="1"/><net_sink comp="462" pin=0"/></net>

<net id="466"><net_src comp="462" pin="1"/><net_sink comp="184" pin=9"/></net>

<net id="467"><net_src comp="462" pin="1"/><net_sink comp="334" pin=0"/></net>

<net id="468"><net_src comp="462" pin="1"/><net_sink comp="337" pin=0"/></net>

<net id="472"><net_src comp="126" pin="1"/><net_sink comp="469" pin=0"/></net>

<net id="473"><net_src comp="469" pin="1"/><net_sink comp="184" pin=8"/></net>

<net id="474"><net_src comp="469" pin="1"/><net_sink comp="328" pin=0"/></net>

<net id="475"><net_src comp="469" pin="1"/><net_sink comp="331" pin=0"/></net>

<net id="479"><net_src comp="130" pin="1"/><net_sink comp="476" pin=0"/></net>

<net id="480"><net_src comp="476" pin="1"/><net_sink comp="184" pin=7"/></net>

<net id="481"><net_src comp="476" pin="1"/><net_sink comp="322" pin=0"/></net>

<net id="482"><net_src comp="476" pin="1"/><net_sink comp="325" pin=0"/></net>

<net id="486"><net_src comp="134" pin="1"/><net_sink comp="483" pin=0"/></net>

<net id="487"><net_src comp="483" pin="1"/><net_sink comp="184" pin=6"/></net>

<net id="488"><net_src comp="483" pin="1"/><net_sink comp="316" pin=0"/></net>

<net id="489"><net_src comp="483" pin="1"/><net_sink comp="319" pin=0"/></net>

<net id="493"><net_src comp="138" pin="1"/><net_sink comp="490" pin=0"/></net>

<net id="494"><net_src comp="490" pin="1"/><net_sink comp="184" pin=5"/></net>

<net id="495"><net_src comp="490" pin="1"/><net_sink comp="310" pin=0"/></net>

<net id="496"><net_src comp="490" pin="1"/><net_sink comp="313" pin=0"/></net>

<net id="500"><net_src comp="142" pin="1"/><net_sink comp="497" pin=0"/></net>

<net id="501"><net_src comp="497" pin="1"/><net_sink comp="184" pin=4"/></net>

<net id="502"><net_src comp="497" pin="1"/><net_sink comp="304" pin=0"/></net>

<net id="503"><net_src comp="497" pin="1"/><net_sink comp="307" pin=0"/></net>

<net id="507"><net_src comp="146" pin="1"/><net_sink comp="504" pin=0"/></net>

<net id="508"><net_src comp="504" pin="1"/><net_sink comp="184" pin=3"/></net>

<net id="509"><net_src comp="504" pin="1"/><net_sink comp="298" pin=0"/></net>

<net id="510"><net_src comp="504" pin="1"/><net_sink comp="301" pin=0"/></net>

<net id="514"><net_src comp="150" pin="1"/><net_sink comp="511" pin=0"/></net>

<net id="515"><net_src comp="511" pin="1"/><net_sink comp="184" pin=2"/></net>

<net id="516"><net_src comp="511" pin="1"/><net_sink comp="292" pin=0"/></net>

<net id="517"><net_src comp="511" pin="1"/><net_sink comp="295" pin=0"/></net>

<net id="521"><net_src comp="154" pin="2"/><net_sink comp="518" pin=0"/></net>

<net id="522"><net_src comp="518" pin="1"/><net_sink comp="253" pin=1"/></net>

<net id="523"><net_src comp="518" pin="1"/><net_sink comp="260" pin=1"/></net>

<net id="527"><net_src comp="271" pin="2"/><net_sink comp="524" pin=0"/></net>

<net id="528"><net_src comp="524" pin="1"/><net_sink comp="184" pin=1"/></net>

<net id="532"><net_src comp="280" pin="2"/><net_sink comp="529" pin=0"/></net>

<net id="533"><net_src comp="529" pin="1"/><net_sink comp="402" pin=1"/></net>

<net id="573"><net_src comp="364" pin="4"/><net_sink comp="570" pin=0"/></net>

<net id="574"><net_src comp="570" pin="1"/><net_sink comp="203" pin=2"/></net>

<net id="578"><net_src comp="378" pin="2"/><net_sink comp="575" pin=0"/></net>

<net id="579"><net_src comp="575" pin="1"/><net_sink comp="203" pin=3"/></net>

<net id="583"><net_src comp="384" pin="2"/><net_sink comp="580" pin=0"/></net>

<net id="584"><net_src comp="580" pin="1"/><net_sink comp="407" pin=0"/></net>

<net id="591"><net_src comp="407" pin="2"/><net_sink comp="588" pin=0"/></net>

<net id="592"><net_src comp="588" pin="1"/><net_sink comp="176" pin=2"/></net>

</net_list>

</model> 
---------------- Datapath Model END ------------------

* FSMD analyzer results:
  - Output states:
	Port: m_axis_video_V_data_V | {5 6 }
	Port: m_axis_video_V_keep_V | {5 6 }
	Port: m_axis_video_V_strb_V | {5 6 }
	Port: m_axis_video_V_user_V | {5 6 }
	Port: m_axis_video_V_last_V | {5 6 }
	Port: m_axis_video_V_id_V | {5 6 }
	Port: m_axis_video_V_dest_V | {5 6 }
 - Input state : 
	Port: MultiPixStream2AXIvideo : img | {5 6 }
	Port: MultiPixStream2AXIvideo : Height_val | {3 }
	Port: MultiPixStream2AXIvideo : WidthOut_val | {3 }
	Port: MultiPixStream2AXIvideo : colorFormat_val | {1 }
	Port: MultiPixStream2AXIvideo : mapComp | {2 3 }
  - Chain level:
	State 1
		muxLogicAddr_to_store_ln347 : 1
		store_ln347 : 1
	State 2
		zext_ln343 : 1
		sub_ln343 : 2
		call_ln343 : 3
	State 3
	State 4
		div_cast1 : 1
		div_cast : 2
		sub : 3
		icmp_ln348 : 2
	State 5
		i_2 : 1
		icmp_ln348_1 : 1
		br_ln348 : 2
		call_ln348 : 1
		and_ln348 : 1
		muxLogicData_to_store_ln347 : 2
		store_ln347 : 2
	State 6


============================================================
+ Verbose Summary: Datapath Resource usage 
============================================================

* Functional unit list:
|----------|--------------------------------------------------------------|---------|---------|---------|
| Operation|                        Functional Unit                       |  Delay  |    FF   |   LUT   |
|----------|--------------------------------------------------------------|---------|---------|---------|
|          | grp_MultiPixStream2AXIvideo_Pipeline_VITIS_LOOP_341_1_fu_184 |  0.397  |    75   |    21   |
|   call   | grp_MultiPixStream2AXIvideo_Pipeline_VITIS_LOOP_350_3_fu_203 |    0    |   183   |   634   |
|          |                grp_reg_unsigned_short_s_fu_280               |    0    |    13   |    0    |
|          |                grp_reg_unsigned_short_s_fu_286               |    0    |    13   |    0    |
|----------|--------------------------------------------------------------|---------|---------|---------|
|    add   |                          sub_fu_378                          |    0    |    0    |    11   |
|          |                          i_2_fu_396                          |    0    |    0    |    13   |
|----------|--------------------------------------------------------------|---------|---------|---------|
|   icmp   |                       icmp_ln348_fu_384                      |    0    |    0    |    11   |
|          |                      icmp_ln348_1_fu_402                     |    0    |    0    |    13   |
|----------|--------------------------------------------------------------|---------|---------|---------|
|    sub   |                       sub_ln343_fu_271                       |    0    |    0    |    6    |
|----------|--------------------------------------------------------------|---------|---------|---------|
|    and   |                       and_ln348_fu_407                       |    0    |    0    |    2    |
|----------|--------------------------------------------------------------|---------|---------|---------|
|          |               colorFormat_val_read_read_fu_154               |    0    |    0    |    0    |
|   read   |                 WidthOut_val_read_read_fu_160                |    0    |    0    |    0    |
|          |                  Height_val_read_read_fu_166                 |    0    |    0    |    0    |
|----------|--------------------------------------------------------------|---------|---------|---------|
|          |                          grp_fu_239                          |    0    |    0    |    0    |
|          |              muxLogicData_to_store_ln347_fu_241              |    0    |    0    |    0    |
|          |              muxLogicAddr_to_store_ln347_fu_245              |    0    |    0    |    0    |
|          |             muxLogicCE_to_Height_val_read_fu_278             |    0    |    0    |    0    |
|          |               MuxLogicAddr_to_p_loc_load_fu_292              |    0    |    0    |    0    |
|          |              MuxLogicAddr_to_p_loc15_load_fu_298             |    0    |    0    |    0    |
|          |              MuxLogicAddr_to_p_loc16_load_fu_304             |    0    |    0    |    0    |
|          |              MuxLogicAddr_to_p_loc17_load_fu_310             |    0    |    0    |    0    |
|          |              MuxLogicAddr_to_p_loc18_load_fu_316             |    0    |    0    |    0    |
| muxlogic |              MuxLogicAddr_to_p_loc19_load_fu_322             |    0    |    0    |    0    |
|          |              MuxLogicAddr_to_p_loc20_load_fu_328             |    0    |    0    |    0    |
|          |              MuxLogicAddr_to_p_loc21_load_fu_334             |    0    |    0    |    0    |
|          |              MuxLogicAddr_to_p_loc22_load_fu_340             |    0    |    0    |    0    |
|          |              MuxLogicAddr_to_p_loc23_load_fu_346             |    0    |    0    |    0    |
|          |              MuxLogicAddr_to_p_loc24_load_fu_352             |    0    |    0    |    0    |
|          |              MuxLogicAddr_to_p_loc25_load_fu_358             |    0    |    0    |    0    |
|          |                   MuxLogicAddr_to_i_fu_390                   |    0    |    0    |    0    |
|          |              muxLogicData_to_store_ln347_fu_412              |    0    |    0    |    0    |
|          |              muxLogicAddr_to_store_ln347_fu_416              |    0    |    0    |    0    |
|----------|--------------------------------------------------------------|---------|---------|---------|
|bitconcatenate|                          tmp_fu_253                          |    0    |    0    |    0    |
|          |                         tmp_s_fu_260                         |    0    |    0    |    0    |
|----------|--------------------------------------------------------------|---------|---------|---------|
|   zext   |                       zext_ln343_fu_267                      |    0    |    0    |    0    |
|          |                        div_cast_fu_374                       |    0    |    0    |    0    |
|----------|--------------------------------------------------------------|---------|---------|---------|
|partselect|                       div_cast1_fu_364                       |    0    |    0    |    0    |
|----------|--------------------------------------------------------------|---------|---------|---------|
|   Total  |                                                              |  0.397  |   284   |   711   |
|----------|--------------------------------------------------------------|---------|---------|---------|

Memories:
N/A

* Register list:
+----------------------------+--------+
|                            |   FF   |
+----------------------------+--------+
|      and_ln348_reg_588     |    1   |
|colorFormat_val_read_reg_518|    2   |
|      div_cast1_reg_570     |   11   |
|         i_1_reg_424        |   13   |
|     icmp_ln348_reg_580     |    1   |
|       p_loc15_reg_504      |    4   |
|       p_loc16_reg_497      |    4   |
|       p_loc17_reg_490      |    4   |
|       p_loc18_reg_483      |    4   |
|       p_loc19_reg_476      |    4   |
|       p_loc20_reg_469      |    4   |
|       p_loc21_reg_462      |    4   |
|       p_loc22_reg_455      |    4   |
|       p_loc23_reg_448      |    4   |
|       p_loc24_reg_441      |    4   |
|       p_loc25_reg_434      |    4   |
|        p_loc_reg_511       |    4   |
|        rows_reg_529        |   13   |
|         sof_reg_172        |    1   |
|      sub_ln343_reg_524     |    6   |
|         sub_reg_575        |   12   |
+----------------------------+--------+
|            Total           |   108  |
+----------------------------+--------+

* Multiplexer (MUX) list: 
|--------------------------------------------------------------|------|------|------|--------||---------||---------|
|                             Comp                             |  Pin | Size |  BW  | S x BW ||  Delay  ||   LUT   |
|--------------------------------------------------------------|------|------|------|--------||---------||---------|
|                          sof_reg_172                         |  p0  |   2  |   1  |    2   ||    2    |
| grp_MultiPixStream2AXIvideo_Pipeline_VITIS_LOOP_341_1_fu_184 |  p1  |   2  |   6  |   12   ||    5    |
|--------------------------------------------------------------|------|------|------|--------||---------||---------|
|                             Total                            |      |      |      |   14   ||  0.727  ||    7    |
|--------------------------------------------------------------|------|------|------|--------||---------||---------|



* Summary:
+-----------+--------+--------+--------+
|           |  Delay |   FF   |   LUT  |
+-----------+--------+--------+--------+
|  Function |    0   |   284  |   711  |
|   Memory  |    -   |    -   |    -   |
|Multiplexer|    0   |    -   |    7   |
|  Register |    -   |   108  |    -   |
+-----------+--------+--------+--------+
|   Total   |    1   |   392  |   718  |
+-----------+--------+--------+--------+
