

================================================================
== Vitis HLS Report for 'v_frmbuf_rd'
================================================================
* Date:           Thu May  9 19:06:41 2024

* Version:        2023.2 (Build 4023990 on Oct 11 2023)
* Project:        prj
* Solution:       sol (Vivado IP Flow Target)
* Product family: versalaicore
* Target device:  xcvc1902-vsva2197-2MP-e-S


================================================================
== Performance Estimates
================================================================
+ Timing: 
    * Summary: 
    +--------+---------+----------+------------+
    |  Clock |  Target | Estimated| Uncertainty|
    +--------+---------+----------+------------+
    |ap_clk  |  3.33 ns|  2.866 ns|     0.90 ns|
    +--------+---------+----------+------------+

+ Latency: 
    * Summary: 
    +---------+----------+----------+-----------+-----+----------+---------+
    |  Latency (cycles)  |  Latency (absolute)  |    Interval    | Pipeline|
    |   min   |    max   |    min   |    max    | min |    max   |   Type  |
    +---------+----------+----------+-----------+-----+----------+---------+
    |      238|  53101662|  0.793 us|  0.177 sec|  239|  53101663|       no|
    +---------+----------+----------+-----------+-----+----------+---------+

    + Detail: 
        * Instance: 
        +--------------------------------+---------------------+---------+----------+----------+-----------+-----+----------+----------+
        |                                |                     |  Latency (cycles)  |  Latency (absolute)  |    Interval    | Pipeline |
        |            Instance            |        Module       |   min   |    max   |    min   |    max    | min |    max   |   Type   |
        +--------------------------------+---------------------+---------+----------+----------+-----------+-----+----------+----------+
        |grp_FrmbufRdHlsDataFlow_fu_188  |FrmbufRdHlsDataFlow  |      234|  53101658|  0.780 us|  0.177 sec|   20|  53101458|  dataflow|
        +--------------------------------+---------------------+---------+----------+----------+-----------+-----+----------+----------+

        * Loop: 
        N/A

============================================================
+ Verbose Summary: Synthesis Manager
============================================================
InlineROM: 1
ExposeGlobal: 0
============================================================
+ Verbose Summary: CDFG Model
============================================================
IsTopModel: 1
ResetActiveHigh: 1
IsCombinational: 0
IsDatapathOnly: 0
HasWiredReturn: 1
HasMFsm: 0
HasVarLatency: 1
IsPipeline: 0
IsRtlPipelined: 0
IsInstanceOverlapped: 0
IsDontTouch: 0
HasImplIP: 0
IsGatedGlobalClock: 0


============================================================
+ Verbose Summary: Schedule
============================================================
* Number of FSM states : 5
* Pipeline : 0
* Dataflow Pipeline: 0

* FSM state transitions: 
1 --> 2 
2 --> 3 
3 --> 4 
4 --> 5 
5 --> 

* FSM state operations: 

State 1 <SV = 0> <Delay = 1.44>
ST_1 : Operation 6 [1/1] (0.00ns)   --->   "%muxLogicCE_to_frm_buffer2_read = muxlogic"   --->   Operation 6 'muxlogic' 'muxLogicCE_to_frm_buffer2_read' <Predicate = true> <Delay = 0.00>
ST_1 : Operation 7 [1/1] (1.00ns)   --->   "%frm_buffer2_read = read i32 @_ssdm_op_Read.s_axilite.i32, i32 %frm_buffer2"   --->   Operation 7 'read' 'frm_buffer2_read' <Predicate = true> <Delay = 1.00> <CoreInst = "s_axilite">   --->   Core 126 's_axilite' <Latency = 0> <II = 1> <Delay = 1.00> <Adapter> <Opcode : 'read' 'write'>
ST_1 : Operation 8 [1/1] (0.00ns)   --->   "%muxLogicCE_to_frm_buffer_read = muxlogic"   --->   Operation 8 'muxlogic' 'muxLogicCE_to_frm_buffer_read' <Predicate = true> <Delay = 0.00>
ST_1 : Operation 9 [1/1] (1.00ns)   --->   "%frm_buffer_read = read i32 @_ssdm_op_Read.s_axilite.i32, i32 %frm_buffer"   --->   Operation 9 'read' 'frm_buffer_read' <Predicate = true> <Delay = 1.00> <CoreInst = "s_axilite">   --->   Core 126 's_axilite' <Latency = 0> <II = 1> <Delay = 1.00> <Adapter> <Opcode : 'read' 'write'>
ST_1 : Operation 10 [1/1] (0.00ns)   --->   "%muxLogicCE_to_video_format_read = muxlogic"   --->   Operation 10 'muxlogic' 'muxLogicCE_to_video_format_read' <Predicate = true> <Delay = 0.00>
ST_1 : Operation 11 [1/1] (1.00ns)   --->   "%video_format_read = read i16 @_ssdm_op_Read.s_axilite.i16, i16 %video_format"   --->   Operation 11 'read' 'video_format_read' <Predicate = true> <Delay = 1.00> <CoreInst = "s_axilite">   --->   Core 126 's_axilite' <Latency = 0> <II = 1> <Delay = 1.00> <Adapter> <Opcode : 'read' 'write'>
ST_1 : Operation 12 [1/1] (0.00ns)   --->   "%muxLogicCE_to_stride_read = muxlogic"   --->   Operation 12 'muxlogic' 'muxLogicCE_to_stride_read' <Predicate = true> <Delay = 0.00>
ST_1 : Operation 13 [1/1] (1.00ns)   --->   "%stride_read = read i16 @_ssdm_op_Read.s_axilite.i16, i16 %stride"   --->   Operation 13 'read' 'stride_read' <Predicate = true> <Delay = 1.00> <CoreInst = "s_axilite">   --->   Core 126 's_axilite' <Latency = 0> <II = 1> <Delay = 1.00> <Adapter> <Opcode : 'read' 'write'>
ST_1 : Operation 14 [1/1] (0.00ns)   --->   "%muxLogicCE_to_height_read = muxlogic"   --->   Operation 14 'muxlogic' 'muxLogicCE_to_height_read' <Predicate = true> <Delay = 0.00>
ST_1 : Operation 15 [1/1] (1.00ns)   --->   "%height_read = read i16 @_ssdm_op_Read.s_axilite.i16, i16 %height"   --->   Operation 15 'read' 'height_read' <Predicate = true> <Delay = 1.00> <CoreInst = "s_axilite">   --->   Core 126 's_axilite' <Latency = 0> <II = 1> <Delay = 1.00> <Adapter> <Opcode : 'read' 'write'>
ST_1 : Operation 16 [1/1] (0.00ns)   --->   "%muxLogicCE_to_width_read = muxlogic"   --->   Operation 16 'muxlogic' 'muxLogicCE_to_width_read' <Predicate = true> <Delay = 0.00>
ST_1 : Operation 17 [1/1] (1.00ns)   --->   "%width_read = read i16 @_ssdm_op_Read.s_axilite.i16, i16 %width"   --->   Operation 17 'read' 'width_read' <Predicate = true> <Delay = 1.00> <CoreInst = "s_axilite">   --->   Core 126 's_axilite' <Latency = 0> <II = 1> <Delay = 1.00> <Adapter> <Opcode : 'read' 'write'>
ST_1 : Operation 18 [1/1] (0.00ns)   --->   "%empty = trunc i16 %height_read"   --->   Operation 18 'trunc' 'empty' <Predicate = true> <Delay = 0.00>
ST_1 : Operation 19 [1/1] (0.00ns)   --->   "%empty_74 = trunc i16 %width_read"   --->   Operation 19 'trunc' 'empty_74' <Predicate = true> <Delay = 0.00>
ST_1 : Operation 20 [1/1] (0.00ns)   --->   "%empty_75 = trunc i16 %video_format_read"   --->   Operation 20 'trunc' 'empty_75' <Predicate = true> <Delay = 0.00>
ST_1 : Operation 21 [1/1] (0.00ns)   --->   "%zext_ln229 = zext i16 %video_format_read" [C:/Vulcan/Protocol/Display/v_dp_rxss1_0_ex/v_dp_rxss1_0_ex.runs/dpss_vck190_pt_v_frmbuf_rd_0_0_synth_1/prj/sol/.autopilot/db/v_frmbuf_rd.cpp:229]   --->   Operation 21 'zext' 'zext_ln229' <Predicate = true> <Delay = 0.00>
ST_1 : Operation 22 [1/1] (0.00ns)   --->   "%BYTES_PER_PIXEL_addr = getelementptr i3 %BYTES_PER_PIXEL, i32 0, i32 %zext_ln229" [C:/Vulcan/Protocol/Display/v_dp_rxss1_0_ex/v_dp_rxss1_0_ex.runs/dpss_vck190_pt_v_frmbuf_rd_0_0_synth_1/prj/sol/.autopilot/db/v_frmbuf_rd.cpp:229]   --->   Operation 22 'getelementptr' 'BYTES_PER_PIXEL_addr' <Predicate = true> <Delay = 0.00>
ST_1 : Operation 23 [1/1] (0.00ns)   --->   "%MuxLogicAddr_to_BYTES_PER_PIXEL_load = muxlogic i6 %BYTES_PER_PIXEL_addr"   --->   Operation 23 'muxlogic' 'MuxLogicAddr_to_BYTES_PER_PIXEL_load' <Predicate = true> <Delay = 0.00>
ST_1 : Operation 24 [2/2] (0.44ns)   --->   "%BYTES_PER_PIXEL_load = load i6 %BYTES_PER_PIXEL_addr" [C:/Vulcan/Protocol/Display/v_dp_rxss1_0_ex/v_dp_rxss1_0_ex.runs/dpss_vck190_pt_v_frmbuf_rd_0_0_synth_1/prj/sol/.autopilot/db/v_frmbuf_rd.cpp:229]   --->   Operation 24 'load' 'BYTES_PER_PIXEL_load' <Predicate = true> <Delay = 0.44> <CoreInst = "ROM">   --->   Core 105 'ROM' <Latency = 1> <II = 1> <Delay = 1.07> <Storage> <Opcode : 'load'> <Ports = 0> <Width = 3> <Depth = 44> <ROM>
ST_1 : Operation 25 [1/1] (0.00ns)   --->   "%MEMORY2LIVE_addr = getelementptr i2 %MEMORY2LIVE, i32 0, i32 %zext_ln229" [C:/Vulcan/Protocol/Display/v_dp_rxss1_0_ex/v_dp_rxss1_0_ex.runs/dpss_vck190_pt_v_frmbuf_rd_0_0_synth_1/prj/sol/.autopilot/db/v_frmbuf_rd.cpp:232]   --->   Operation 25 'getelementptr' 'MEMORY2LIVE_addr' <Predicate = true> <Delay = 0.00>
ST_1 : Operation 26 [1/1] (0.00ns)   --->   "%MuxLogicAddr_to_colorFormat = muxlogic i6 %MEMORY2LIVE_addr"   --->   Operation 26 'muxlogic' 'MuxLogicAddr_to_colorFormat' <Predicate = true> <Delay = 0.00>
ST_1 : Operation 27 [2/2] (0.44ns)   --->   "%colorFormat = load i6 %MEMORY2LIVE_addr" [C:/Vulcan/Protocol/Display/v_dp_rxss1_0_ex/v_dp_rxss1_0_ex.runs/dpss_vck190_pt_v_frmbuf_rd_0_0_synth_1/prj/sol/.autopilot/db/v_frmbuf_rd.cpp:232]   --->   Operation 27 'load' 'colorFormat' <Predicate = true> <Delay = 0.44> <CoreInst = "ROM">   --->   Core 105 'ROM' <Latency = 1> <II = 1> <Delay = 1.07> <Storage> <Opcode : 'load'> <Ports = 0> <Width = 2> <Depth = 44> <ROM>

State 2 <SV = 1> <Delay = 2.18>
ST_2 : Operation 28 [1/2] (0.88ns)   --->   "%BYTES_PER_PIXEL_load = load i6 %BYTES_PER_PIXEL_addr" [C:/Vulcan/Protocol/Display/v_dp_rxss1_0_ex/v_dp_rxss1_0_ex.runs/dpss_vck190_pt_v_frmbuf_rd_0_0_synth_1/prj/sol/.autopilot/db/v_frmbuf_rd.cpp:229]   --->   Operation 28 'load' 'BYTES_PER_PIXEL_load' <Predicate = true> <Delay = 0.88> <CoreInst = "ROM">   --->   Core 105 'ROM' <Latency = 1> <II = 1> <Delay = 1.07> <Storage> <Opcode : 'load'> <Ports = 0> <Width = 3> <Depth = 44> <ROM>
ST_2 : Operation 29 [1/1] (0.00ns)   --->   "%BYTES_PER_PIXEL_load_cast = zext i3 %BYTES_PER_PIXEL_load" [C:/Vulcan/Protocol/Display/v_dp_rxss1_0_ex/v_dp_rxss1_0_ex.runs/dpss_vck190_pt_v_frmbuf_rd_0_0_synth_1/prj/sol/.autopilot/db/v_frmbuf_rd.cpp:229]   --->   Operation 29 'zext' 'BYTES_PER_PIXEL_load_cast' <Predicate = true> <Delay = 0.00>
ST_2 : Operation 30 [1/1] (0.00ns)   --->   "%muxLogicI0_to_mul_ln229 = muxlogic i16 %BYTES_PER_PIXEL_load_cast"   --->   Operation 30 'muxlogic' 'muxLogicI0_to_mul_ln229' <Predicate = true> <Delay = 0.00>
ST_2 : Operation 31 [1/1] (0.00ns)   --->   "%muxLogicI1_to_mul_ln229 = muxlogic i16 %width_read"   --->   Operation 31 'muxlogic' 'muxLogicI1_to_mul_ln229' <Predicate = true> <Delay = 0.00>
ST_2 : Operation 32 [1/1] (1.27ns)   --->   "%mul_ln229 = mul i16 %BYTES_PER_PIXEL_load_cast, i16 %width_read" [C:/Vulcan/Protocol/Display/v_dp_rxss1_0_ex/v_dp_rxss1_0_ex.runs/dpss_vck190_pt_v_frmbuf_rd_0_0_synth_1/prj/sol/.autopilot/db/v_frmbuf_rd.cpp:229]   --->   Operation 32 'mul' 'mul_ln229' <Predicate = true> <Delay = 1.27> <CoreInst = "Multiplier">   --->   Core 3 'Multiplier' <Latency = 0> <II = 1> <Delay = 1.27> <FuncUnit> <Opcode : 'mul'> <InPorts = 2> <OutPorts = 1>
ST_2 : Operation 33 [1/1] (0.00ns)   --->   "%shl_ln = bitconcatenate i15 @_ssdm_op_BitConcatenate.i15.i13.i2, i13 %empty_74, i2 0" [C:/Vulcan/Protocol/Display/v_dp_rxss1_0_ex/v_dp_rxss1_0_ex.runs/dpss_vck190_pt_v_frmbuf_rd_0_0_synth_1/prj/sol/.autopilot/db/v_frmbuf_rd.cpp:216]   --->   Operation 33 'bitconcatenate' 'shl_ln' <Predicate = true> <Delay = 0.00>
ST_2 : Operation 34 [1/1] (0.00ns)   --->   "%zext_ln216 = zext i15 %shl_ln" [C:/Vulcan/Protocol/Display/v_dp_rxss1_0_ex/v_dp_rxss1_0_ex.runs/dpss_vck190_pt_v_frmbuf_rd_0_0_synth_1/prj/sol/.autopilot/db/v_frmbuf_rd.cpp:216]   --->   Operation 34 'zext' 'zext_ln216' <Predicate = true> <Delay = 0.00>
ST_2 : Operation 35 [1/1] (0.00ns)   --->   "%muxLogicI0_to_mul_ln216 = muxlogic i31 %zext_ln216"   --->   Operation 35 'muxlogic' 'muxLogicI0_to_mul_ln216' <Predicate = true> <Delay = 0.00>
ST_2 : Operation 36 [1/1] (0.00ns)   --->   "%muxLogicI1_to_mul_ln216 = muxlogic i31 43691"   --->   Operation 36 'muxlogic' 'muxLogicI1_to_mul_ln216' <Predicate = true> <Delay = 0.00>
ST_2 : Operation 37 [1/1] (2.18ns)   --->   "%mul_ln216 = mul i31 %zext_ln216, i31 43691" [C:/Vulcan/Protocol/Display/v_dp_rxss1_0_ex/v_dp_rxss1_0_ex.runs/dpss_vck190_pt_v_frmbuf_rd_0_0_synth_1/prj/sol/.autopilot/db/v_frmbuf_rd.cpp:216]   --->   Operation 37 'mul' 'mul_ln216' <Predicate = true> <Delay = 2.18> <CoreInst = "Multiplier">   --->   Core 3 'Multiplier' <Latency = 0> <II = 1> <Delay = 2.18> <FuncUnit> <Opcode : 'mul'> <InPorts = 2> <OutPorts = 1>
ST_2 : Operation 38 [1/1] (0.71ns)   --->   "%icmp_ln212 = icmp_eq  i6 %empty_75, i6 22" [C:/Vulcan/Protocol/Display/v_dp_rxss1_0_ex/v_dp_rxss1_0_ex.runs/dpss_vck190_pt_v_frmbuf_rd_0_0_synth_1/prj/sol/.autopilot/db/v_frmbuf_rd.cpp:212]   --->   Operation 38 'icmp' 'icmp_ln212' <Predicate = true> <Delay = 0.71> <CoreInst = "Cmp">   --->   Core 9 'Cmp' <Latency = 0> <II = 1> <Delay = 0.71> <FuncUnit> <Opcode : 'icmp'> <InPorts = 2> <OutPorts = 1>
ST_2 : Operation 39 [1/1] (0.71ns)   --->   "%icmp_ln212_1 = icmp_eq  i6 %empty_75, i6 23" [C:/Vulcan/Protocol/Display/v_dp_rxss1_0_ex/v_dp_rxss1_0_ex.runs/dpss_vck190_pt_v_frmbuf_rd_0_0_synth_1/prj/sol/.autopilot/db/v_frmbuf_rd.cpp:212]   --->   Operation 39 'icmp' 'icmp_ln212_1' <Predicate = true> <Delay = 0.71> <CoreInst = "Cmp">   --->   Core 9 'Cmp' <Latency = 0> <II = 1> <Delay = 0.71> <FuncUnit> <Opcode : 'icmp'> <InPorts = 2> <OutPorts = 1>
ST_2 : Operation 40 [1/1] (0.71ns)   --->   "%icmp_ln212_2 = icmp_eq  i6 %empty_75, i6 25" [C:/Vulcan/Protocol/Display/v_dp_rxss1_0_ex/v_dp_rxss1_0_ex.runs/dpss_vck190_pt_v_frmbuf_rd_0_0_synth_1/prj/sol/.autopilot/db/v_frmbuf_rd.cpp:212]   --->   Operation 40 'icmp' 'icmp_ln212_2' <Predicate = true> <Delay = 0.71> <CoreInst = "Cmp">   --->   Core 9 'Cmp' <Latency = 0> <II = 1> <Delay = 0.71> <FuncUnit> <Opcode : 'icmp'> <InPorts = 2> <OutPorts = 1>
ST_2 : Operation 41 [1/1] (0.71ns)   --->   "%icmp_ln212_3 = icmp_eq  i6 %empty_75, i6 43" [C:/Vulcan/Protocol/Display/v_dp_rxss1_0_ex/v_dp_rxss1_0_ex.runs/dpss_vck190_pt_v_frmbuf_rd_0_0_synth_1/prj/sol/.autopilot/db/v_frmbuf_rd.cpp:212]   --->   Operation 41 'icmp' 'icmp_ln212_3' <Predicate = true> <Delay = 0.71> <CoreInst = "Cmp">   --->   Core 9 'Cmp' <Latency = 0> <II = 1> <Delay = 0.71> <FuncUnit> <Opcode : 'icmp'> <InPorts = 2> <OutPorts = 1>
ST_2 : Operation 42 [1/2] (0.88ns)   --->   "%colorFormat = load i6 %MEMORY2LIVE_addr" [C:/Vulcan/Protocol/Display/v_dp_rxss1_0_ex/v_dp_rxss1_0_ex.runs/dpss_vck190_pt_v_frmbuf_rd_0_0_synth_1/prj/sol/.autopilot/db/v_frmbuf_rd.cpp:232]   --->   Operation 42 'load' 'colorFormat' <Predicate = true> <Delay = 0.88> <CoreInst = "ROM">   --->   Core 105 'ROM' <Latency = 1> <II = 1> <Delay = 1.07> <Storage> <Opcode : 'load'> <Ports = 0> <Width = 2> <Depth = 44> <ROM>

State 3 <SV = 2> <Delay = 2.12>
ST_3 : Operation 43 [1/1] (0.00ns) (grouped into LUT with out node WidthInBytes)   --->   "%tmp = partselect i14 @_ssdm_op_PartSelect.i14.i31.i32.i32, i31 %mul_ln216, i32 17, i32 30" [C:/Vulcan/Protocol/Display/v_dp_rxss1_0_ex/v_dp_rxss1_0_ex.runs/dpss_vck190_pt_v_frmbuf_rd_0_0_synth_1/prj/sol/.autopilot/db/v_frmbuf_rd.cpp:216]   --->   Operation 43 'partselect' 'tmp' <Predicate = true> <Delay = 0.00>
ST_3 : Operation 44 [1/1] (0.00ns) (grouped into LUT with out node WidthInBytes)   --->   "%zext_ln217 = zext i14 %tmp" [C:/Vulcan/Protocol/Display/v_dp_rxss1_0_ex/v_dp_rxss1_0_ex.runs/dpss_vck190_pt_v_frmbuf_rd_0_0_synth_1/prj/sol/.autopilot/db/v_frmbuf_rd.cpp:217]   --->   Operation 44 'zext' 'zext_ln217' <Predicate = true> <Delay = 0.00>
ST_3 : Operation 45 [1/1] (0.00ns) (grouped into LUT with out node WidthInBytes)   --->   "%or_ln212 = or i1 %icmp_ln212, i1 %icmp_ln212_1" [C:/Vulcan/Protocol/Display/v_dp_rxss1_0_ex/v_dp_rxss1_0_ex.runs/dpss_vck190_pt_v_frmbuf_rd_0_0_synth_1/prj/sol/.autopilot/db/v_frmbuf_rd.cpp:212]   --->   Operation 45 'or' 'or_ln212' <Predicate = true> <Delay = 0.00> <CoreInst = "LogicGate">   --->   Core 78 'LogicGate' <Latency = 0> <II = 1> <Delay = 0.30> <FuncUnit> <Opcode : 'and' 'or' 'xor'> <InPorts = 2> <OutPorts = 1>
ST_3 : Operation 46 [1/1] (0.00ns) (grouped into LUT with out node WidthInBytes)   --->   "%or_ln212_1 = or i1 %icmp_ln212_2, i1 %icmp_ln212_3" [C:/Vulcan/Protocol/Display/v_dp_rxss1_0_ex/v_dp_rxss1_0_ex.runs/dpss_vck190_pt_v_frmbuf_rd_0_0_synth_1/prj/sol/.autopilot/db/v_frmbuf_rd.cpp:212]   --->   Operation 46 'or' 'or_ln212_1' <Predicate = true> <Delay = 0.00> <CoreInst = "LogicGate">   --->   Core 78 'LogicGate' <Latency = 0> <II = 1> <Delay = 0.30> <FuncUnit> <Opcode : 'and' 'or' 'xor'> <InPorts = 2> <OutPorts = 1>
ST_3 : Operation 47 [1/1] (0.00ns) (grouped into LUT with out node WidthInBytes)   --->   "%or_ln212_2 = or i1 %or_ln212_1, i1 %or_ln212" [C:/Vulcan/Protocol/Display/v_dp_rxss1_0_ex/v_dp_rxss1_0_ex.runs/dpss_vck190_pt_v_frmbuf_rd_0_0_synth_1/prj/sol/.autopilot/db/v_frmbuf_rd.cpp:212]   --->   Operation 47 'or' 'or_ln212_2' <Predicate = true> <Delay = 0.00> <CoreInst = "LogicGate">   --->   Core 78 'LogicGate' <Latency = 0> <II = 1> <Delay = 0.30> <FuncUnit> <Opcode : 'and' 'or' 'xor'> <InPorts = 2> <OutPorts = 1>
ST_3 : Operation 48 [1/1] (0.38ns) (out node of the LUT)   --->   "%WidthInBytes = select i1 %or_ln212_2, i16 %zext_ln217, i16 %mul_ln229" [C:/Vulcan/Protocol/Display/v_dp_rxss1_0_ex/v_dp_rxss1_0_ex.runs/dpss_vck190_pt_v_frmbuf_rd_0_0_synth_1/prj/sol/.autopilot/db/v_frmbuf_rd.cpp:212]   --->   Operation 48 'select' 'WidthInBytes' <Predicate = true> <Delay = 0.38> <CoreInst = "Sel">   --->   Core 77 'Sel' <Latency = 0> <II = 1> <Delay = 0.38> <FuncUnit> <Opcode : 'select'> <InPorts = 3> <OutPorts = 1>
ST_3 : Operation 49 [2/2] (1.73ns)   --->   "%call_ln233 = call void @FrmbufRdHlsDataFlow, i120 %m_axis_video_V_data_V, i15 %m_axis_video_V_keep_V, i15 %m_axis_video_V_strb_V, i1 %m_axis_video_V_user_V, i1 %m_axis_video_V_last_V, i1 %m_axis_video_V_id_V, i1 %m_axis_video_V_dest_V, i256 %mm_video, i32 %frm_buffer_read, i32 %frm_buffer2_read, i13 %empty_74, i13 %empty, i16 %stride_read, i6 %empty_75, i16 %WidthInBytes, i2 %colorFormat, i4 %mapComp" [C:/Vulcan/Protocol/Display/v_dp_rxss1_0_ex/v_dp_rxss1_0_ex.runs/dpss_vck190_pt_v_frmbuf_rd_0_0_synth_1/prj/sol/.autopilot/db/v_frmbuf_rd.cpp:233]   --->   Operation 49 'call' 'call_ln233' <Predicate = true> <Delay = 1.73> <CoreType = "Generic">   --->   Core 0 '' <Latency = 0> <II = 1> <Delay = 1.00> <Generic> <Opcode : >

State 4 <SV = 3> <Delay = 0.00>
ST_4 : Operation 50 [1/2] (0.00ns)   --->   "%call_ln233 = call void @FrmbufRdHlsDataFlow, i120 %m_axis_video_V_data_V, i15 %m_axis_video_V_keep_V, i15 %m_axis_video_V_strb_V, i1 %m_axis_video_V_user_V, i1 %m_axis_video_V_last_V, i1 %m_axis_video_V_id_V, i1 %m_axis_video_V_dest_V, i256 %mm_video, i32 %frm_buffer_read, i32 %frm_buffer2_read, i13 %empty_74, i13 %empty, i16 %stride_read, i6 %empty_75, i16 %WidthInBytes, i2 %colorFormat, i4 %mapComp" [C:/Vulcan/Protocol/Display/v_dp_rxss1_0_ex/v_dp_rxss1_0_ex.runs/dpss_vck190_pt_v_frmbuf_rd_0_0_synth_1/prj/sol/.autopilot/db/v_frmbuf_rd.cpp:233]   --->   Operation 50 'call' 'call_ln233' <Predicate = true> <Delay = 0.00> <CoreType = "Generic">   --->   Core 0 '' <Latency = 0> <II = 1> <Delay = 1.00> <Generic> <Opcode : >

State 5 <SV = 4> <Delay = 0.00>
ST_5 : Operation 51 [1/1] (0.00ns)   --->   "%spectopmodule_ln115 = spectopmodule void @_ssdm_op_SpecTopModule, void @empty_7" [C:/Vulcan/Protocol/Display/v_dp_rxss1_0_ex/v_dp_rxss1_0_ex.runs/dpss_vck190_pt_v_frmbuf_rd_0_0_synth_1/prj/sol/.autopilot/db/v_frmbuf_rd.cpp:115]   --->   Operation 51 'spectopmodule' 'spectopmodule_ln115' <Predicate = true> <Delay = 0.00>
ST_5 : Operation 52 [1/1] (0.00ns)   --->   "%specinterface_ln0 = specinterface void @_ssdm_op_SpecInterface, i256 %mm_video, void @empty_23, i32 0, i32 0, void @empty_24, i32 100, i32 2073600, void @empty_19, void @empty_25, void @empty_24, i32 8, i32 16, i32 16, i32 16, void @empty_24, void @empty_24, i32 4294967295, i32 0"   --->   Operation 52 'specinterface' 'specinterface_ln0' <Predicate = true> <Delay = 0.00>
ST_5 : Operation 53 [1/1] (0.00ns)   --->   "%specbitsmap_ln0 = specbitsmap void @_ssdm_op_SpecBitsMap, i256 %mm_video"   --->   Operation 53 'specbitsmap' 'specbitsmap_ln0' <Predicate = true> <Delay = 0.00>
ST_5 : Operation 54 [1/1] (0.00ns)   --->   "%specbitsmap_ln0 = specbitsmap void @_ssdm_op_SpecBitsMap, i16 %width"   --->   Operation 54 'specbitsmap' 'specbitsmap_ln0' <Predicate = true> <Delay = 0.00>
ST_5 : Operation 55 [1/1] (0.00ns)   --->   "%specinterface_ln0 = specinterface void @_ssdm_op_SpecInterface, i16 %width, void @empty_26, i32 0, i32 0, void @empty_24, i32 0, i32 0, void @empty_27, void @empty_29, void @empty_24, i32 0, i32 0, i32 0, i32 0, void @empty_24, void @empty_24, i32 4294967295, i32 0"   --->   Operation 55 'specinterface' 'specinterface_ln0' <Predicate = true> <Delay = 0.00>
ST_5 : Operation 56 [1/1] (0.00ns)   --->   "%specinterface_ln0 = specinterface void @_ssdm_op_SpecInterface, i16 %width, void @empty_8, i32 0, i32 0, void @empty_24, i32 0, i32 0, void @empty_24, void @empty_24, void @empty_24, i32 0, i32 0, i32 0, i32 0, void @empty_24, void @empty_24, i32 4294967295, i32 0"   --->   Operation 56 'specinterface' 'specinterface_ln0' <Predicate = true> <Delay = 0.00>
ST_5 : Operation 57 [1/1] (0.00ns)   --->   "%specbitsmap_ln0 = specbitsmap void @_ssdm_op_SpecBitsMap, i16 %height"   --->   Operation 57 'specbitsmap' 'specbitsmap_ln0' <Predicate = true> <Delay = 0.00>
ST_5 : Operation 58 [1/1] (0.00ns)   --->   "%specinterface_ln0 = specinterface void @_ssdm_op_SpecInterface, i16 %height, void @empty_26, i32 0, i32 0, void @empty_24, i32 0, i32 0, void @empty_27, void @empty_31, void @empty_24, i32 0, i32 0, i32 0, i32 0, void @empty_24, void @empty_24, i32 4294967295, i32 0"   --->   Operation 58 'specinterface' 'specinterface_ln0' <Predicate = true> <Delay = 0.00>
ST_5 : Operation 59 [1/1] (0.00ns)   --->   "%specinterface_ln0 = specinterface void @_ssdm_op_SpecInterface, i16 %height, void @empty_8, i32 0, i32 0, void @empty_24, i32 0, i32 0, void @empty_24, void @empty_24, void @empty_24, i32 0, i32 0, i32 0, i32 0, void @empty_24, void @empty_24, i32 4294967295, i32 0"   --->   Operation 59 'specinterface' 'specinterface_ln0' <Predicate = true> <Delay = 0.00>
ST_5 : Operation 60 [1/1] (0.00ns)   --->   "%specbitsmap_ln0 = specbitsmap void @_ssdm_op_SpecBitsMap, i16 %stride"   --->   Operation 60 'specbitsmap' 'specbitsmap_ln0' <Predicate = true> <Delay = 0.00>
ST_5 : Operation 61 [1/1] (0.00ns)   --->   "%specinterface_ln0 = specinterface void @_ssdm_op_SpecInterface, i16 %stride, void @empty_26, i32 0, i32 0, void @empty_24, i32 0, i32 0, void @empty_27, void @empty_32, void @empty_24, i32 0, i32 0, i32 0, i32 0, void @empty_24, void @empty_24, i32 4294967295, i32 0"   --->   Operation 61 'specinterface' 'specinterface_ln0' <Predicate = true> <Delay = 0.00>
ST_5 : Operation 62 [1/1] (0.00ns)   --->   "%specinterface_ln0 = specinterface void @_ssdm_op_SpecInterface, i16 %stride, void @empty_8, i32 0, i32 0, void @empty_24, i32 0, i32 0, void @empty_24, void @empty_24, void @empty_24, i32 0, i32 0, i32 0, i32 0, void @empty_24, void @empty_24, i32 4294967295, i32 0"   --->   Operation 62 'specinterface' 'specinterface_ln0' <Predicate = true> <Delay = 0.00>
ST_5 : Operation 63 [1/1] (0.00ns)   --->   "%specbitsmap_ln0 = specbitsmap void @_ssdm_op_SpecBitsMap, i16 %video_format"   --->   Operation 63 'specbitsmap' 'specbitsmap_ln0' <Predicate = true> <Delay = 0.00>
ST_5 : Operation 64 [1/1] (0.00ns)   --->   "%specinterface_ln0 = specinterface void @_ssdm_op_SpecInterface, i16 %video_format, void @empty_26, i32 0, i32 0, void @empty_24, i32 0, i32 0, void @empty_27, void @empty_22, void @empty_24, i32 0, i32 0, i32 0, i32 0, void @empty_24, void @empty_24, i32 4294967295, i32 0"   --->   Operation 64 'specinterface' 'specinterface_ln0' <Predicate = true> <Delay = 0.00>
ST_5 : Operation 65 [1/1] (0.00ns)   --->   "%specinterface_ln0 = specinterface void @_ssdm_op_SpecInterface, i16 %video_format, void @empty_8, i32 0, i32 0, void @empty_24, i32 0, i32 0, void @empty_24, void @empty_24, void @empty_24, i32 0, i32 0, i32 0, i32 0, void @empty_24, void @empty_24, i32 4294967295, i32 0"   --->   Operation 65 'specinterface' 'specinterface_ln0' <Predicate = true> <Delay = 0.00>
ST_5 : Operation 66 [1/1] (0.00ns)   --->   "%specinterface_ln0 = specinterface void @_ssdm_op_SpecInterface, i32 %frm_buffer, void @empty_26, i32 0, i32 0, void @empty_24, i32 0, i32 0, void @empty_27, void @empty, void @empty_24, i32 0, i32 0, i32 0, i32 0, void @empty_24, void @empty_0, i32 4294967295, i32 0"   --->   Operation 66 'specinterface' 'specinterface_ln0' <Predicate = true> <Delay = 0.00>
ST_5 : Operation 67 [1/1] (0.00ns)   --->   "%specinterface_ln0 = specinterface void @_ssdm_op_SpecInterface, i32 %frm_buffer, void @empty_8, i32 0, i32 0, void @empty_24, i32 0, i32 0, void @empty_24, void @empty_24, void @empty_24, i32 0, i32 0, i32 0, i32 0, void @empty_24, void @empty_0, i32 4294967295, i32 0"   --->   Operation 67 'specinterface' 'specinterface_ln0' <Predicate = true> <Delay = 0.00>
ST_5 : Operation 68 [1/1] (0.00ns)   --->   "%specinterface_ln0 = specinterface void @_ssdm_op_SpecInterface, i32 %frm_buffer2, void @empty_26, i32 0, i32 0, void @empty_24, i32 0, i32 0, void @empty_27, void @empty_1, void @empty_24, i32 0, i32 0, i32 0, i32 0, void @empty_24, void @empty_0, i32 4294967295, i32 0"   --->   Operation 68 'specinterface' 'specinterface_ln0' <Predicate = true> <Delay = 0.00>
ST_5 : Operation 69 [1/1] (0.00ns)   --->   "%specinterface_ln0 = specinterface void @_ssdm_op_SpecInterface, i32 %frm_buffer2, void @empty_8, i32 0, i32 0, void @empty_24, i32 0, i32 0, void @empty_24, void @empty_24, void @empty_24, i32 0, i32 0, i32 0, i32 0, void @empty_24, void @empty_0, i32 4294967295, i32 0"   --->   Operation 69 'specinterface' 'specinterface_ln0' <Predicate = true> <Delay = 0.00>
ST_5 : Operation 70 [1/1] (0.00ns)   --->   "%specinterface_ln0 = specinterface void @_ssdm_op_SpecInterface, i32 %frm_buffer3, void @empty_26, i32 0, i32 0, void @empty_24, i32 0, i32 0, void @empty_27, void @empty_2, void @empty_24, i32 0, i32 0, i32 0, i32 0, void @empty_24, void @empty_0, i32 4294967295, i32 0"   --->   Operation 70 'specinterface' 'specinterface_ln0' <Predicate = true> <Delay = 0.00>
ST_5 : Operation 71 [1/1] (0.00ns)   --->   "%specinterface_ln0 = specinterface void @_ssdm_op_SpecInterface, i32 %frm_buffer3, void @empty_8, i32 0, i32 0, void @empty_24, i32 0, i32 0, void @empty_24, void @empty_24, void @empty_24, i32 0, i32 0, i32 0, i32 0, void @empty_24, void @empty_0, i32 4294967295, i32 0"   --->   Operation 71 'specinterface' 'specinterface_ln0' <Predicate = true> <Delay = 0.00>
ST_5 : Operation 72 [1/1] (0.00ns)   --->   "%specinterface_ln0 = specinterface void @_ssdm_op_SpecInterface, i120 %m_axis_video_V_data_V, i15 %m_axis_video_V_keep_V, i15 %m_axis_video_V_strb_V, i1 %m_axis_video_V_user_V, i1 %m_axis_video_V_last_V, i1 %m_axis_video_V_id_V, i1 %m_axis_video_V_dest_V, void @empty_3, i32 1, i32 1, void @empty_4, i32 0, i32 0, void @empty_24, void @empty_24, void @empty_24, i32 0, i32 0, i32 0, i32 0, void @empty_24, void @empty_24, i32 4294967295, i32 0"   --->   Operation 72 'specinterface' 'specinterface_ln0' <Predicate = true> <Delay = 0.00>
ST_5 : Operation 73 [1/1] (0.00ns)   --->   "%specbitsmap_ln0 = specbitsmap void @_ssdm_op_SpecBitsMap, i120 %m_axis_video_V_data_V"   --->   Operation 73 'specbitsmap' 'specbitsmap_ln0' <Predicate = true> <Delay = 0.00>
ST_5 : Operation 74 [1/1] (0.00ns)   --->   "%specbitsmap_ln0 = specbitsmap void @_ssdm_op_SpecBitsMap, i15 %m_axis_video_V_keep_V"   --->   Operation 74 'specbitsmap' 'specbitsmap_ln0' <Predicate = true> <Delay = 0.00>
ST_5 : Operation 75 [1/1] (0.00ns)   --->   "%specbitsmap_ln0 = specbitsmap void @_ssdm_op_SpecBitsMap, i15 %m_axis_video_V_strb_V"   --->   Operation 75 'specbitsmap' 'specbitsmap_ln0' <Predicate = true> <Delay = 0.00>
ST_5 : Operation 76 [1/1] (0.00ns)   --->   "%specbitsmap_ln0 = specbitsmap void @_ssdm_op_SpecBitsMap, i1 %m_axis_video_V_user_V"   --->   Operation 76 'specbitsmap' 'specbitsmap_ln0' <Predicate = true> <Delay = 0.00>
ST_5 : Operation 77 [1/1] (0.00ns)   --->   "%specbitsmap_ln0 = specbitsmap void @_ssdm_op_SpecBitsMap, i1 %m_axis_video_V_last_V"   --->   Operation 77 'specbitsmap' 'specbitsmap_ln0' <Predicate = true> <Delay = 0.00>
ST_5 : Operation 78 [1/1] (0.00ns)   --->   "%specbitsmap_ln0 = specbitsmap void @_ssdm_op_SpecBitsMap, i1 %m_axis_video_V_id_V"   --->   Operation 78 'specbitsmap' 'specbitsmap_ln0' <Predicate = true> <Delay = 0.00>
ST_5 : Operation 79 [1/1] (0.00ns)   --->   "%specbitsmap_ln0 = specbitsmap void @_ssdm_op_SpecBitsMap, i1 %m_axis_video_V_dest_V"   --->   Operation 79 'specbitsmap' 'specbitsmap_ln0' <Predicate = true> <Delay = 0.00>
ST_5 : Operation 80 [1/1] (0.00ns)   --->   "%specinterface_ln0 = specinterface void @_ssdm_op_SpecInterface, i32 0, void @empty_26, i32 0, i32 0, void @empty_24, i32 0, i32 0, void @empty_27, void @empty_24, void @empty_24, i32 0, i32 0, i32 0, i32 0, void @empty_24, void @empty_24, i32 4294967295, i32 0"   --->   Operation 80 'specinterface' 'specinterface_ln0' <Predicate = true> <Delay = 0.00>
ST_5 : Operation 81 [1/1] (0.00ns)   --->   "%specstablecontent_ln143 = specstablecontent void @_ssdm_op_SpecStableContent, i16 %width, void " [C:/Vulcan/Protocol/Display/v_dp_rxss1_0_ex/v_dp_rxss1_0_ex.runs/dpss_vck190_pt_v_frmbuf_rd_0_0_synth_1/prj/sol/.autopilot/db/v_frmbuf_rd.cpp:143]   --->   Operation 81 'specstablecontent' 'specstablecontent_ln143' <Predicate = true> <Delay = 0.00>
ST_5 : Operation 82 [1/1] (0.00ns)   --->   "%specstablecontent_ln144 = specstablecontent void @_ssdm_op_SpecStableContent, i16 %height, void " [C:/Vulcan/Protocol/Display/v_dp_rxss1_0_ex/v_dp_rxss1_0_ex.runs/dpss_vck190_pt_v_frmbuf_rd_0_0_synth_1/prj/sol/.autopilot/db/v_frmbuf_rd.cpp:144]   --->   Operation 82 'specstablecontent' 'specstablecontent_ln144' <Predicate = true> <Delay = 0.00>
ST_5 : Operation 83 [1/1] (0.00ns)   --->   "%specstablecontent_ln145 = specstablecontent void @_ssdm_op_SpecStableContent, i16 %stride, void " [C:/Vulcan/Protocol/Display/v_dp_rxss1_0_ex/v_dp_rxss1_0_ex.runs/dpss_vck190_pt_v_frmbuf_rd_0_0_synth_1/prj/sol/.autopilot/db/v_frmbuf_rd.cpp:145]   --->   Operation 83 'specstablecontent' 'specstablecontent_ln145' <Predicate = true> <Delay = 0.00>
ST_5 : Operation 84 [1/1] (0.00ns)   --->   "%specstablecontent_ln146 = specstablecontent void @_ssdm_op_SpecStableContent, i16 %video_format, void " [C:/Vulcan/Protocol/Display/v_dp_rxss1_0_ex/v_dp_rxss1_0_ex.runs/dpss_vck190_pt_v_frmbuf_rd_0_0_synth_1/prj/sol/.autopilot/db/v_frmbuf_rd.cpp:146]   --->   Operation 84 'specstablecontent' 'specstablecontent_ln146' <Predicate = true> <Delay = 0.00>
ST_5 : Operation 85 [1/1] (0.00ns)   --->   "%specaxissidechannel_ln212 = specaxissidechannel void @_ssdm_op_SpecAXISSideChannel, i120 %m_axis_video_V_data_V, i15 %m_axis_video_V_keep_V, i15 %m_axis_video_V_strb_V, i1 %m_axis_video_V_user_V, i1 %m_axis_video_V_last_V, i1 %m_axis_video_V_id_V, i1 %m_axis_video_V_dest_V, void @empty_5" [C:/Vulcan/Protocol/Display/v_dp_rxss1_0_ex/v_dp_rxss1_0_ex.runs/dpss_vck190_pt_v_frmbuf_rd_0_0_synth_1/prj/sol/.autopilot/db/v_frmbuf_rd.cpp:212]   --->   Operation 85 'specaxissidechannel' 'specaxissidechannel_ln212' <Predicate = true> <Delay = 0.00>
ST_5 : Operation 86 [1/1] (0.00ns)   --->   "%ret_ln265 = ret" [C:/Vulcan/Protocol/Display/v_dp_rxss1_0_ex/v_dp_rxss1_0_ex.runs/dpss_vck190_pt_v_frmbuf_rd_0_0_synth_1/prj/sol/.autopilot/db/v_frmbuf_rd.cpp:265]   --->   Operation 86 'ret' 'ret_ln265' <Predicate = true> <Delay = 0.00>


============================================================
+ Verbose Summary: Binding
============================================================
STG Binding: 
---------------- STG Properties BEGIN ----------------
- Is combinational: 0
- Is one-state seq: 0
- Is datapath-only: 0
- Is pipelined: 0
- Is top level: 1
Port [ Return ] is wired: 1; IO mode=ap_ctrl_hs:ce=0
Port [ mm_video]:  wired=1; compound=1; hidden=0; nouse=0; global=0; static=0; extern=0; dir=0; type=4; pingpong=0; private_global=0; IO mode=m_axi:ce=0
Port [ width]:  wired=1; compound=0; hidden=0; nouse=0; global=0; static=0; extern=0; dir=0; type=0; pingpong=0; private_global=0; IO mode=ap_none:ce=0
Port [ height]:  wired=1; compound=0; hidden=0; nouse=0; global=0; static=0; extern=0; dir=0; type=0; pingpong=0; private_global=0; IO mode=ap_none:ce=0
Port [ stride]:  wired=1; compound=0; hidden=0; nouse=0; global=0; static=0; extern=0; dir=0; type=0; pingpong=0; private_global=0; IO mode=ap_none:ce=0
Port [ video_format]:  wired=1; compound=0; hidden=0; nouse=0; global=0; static=0; extern=0; dir=0; type=0; pingpong=0; private_global=0; IO mode=ap_none:ce=0
Port [ frm_buffer]:  wired=1; compound=0; hidden=0; nouse=0; global=0; static=0; extern=0; dir=0; type=0; pingpong=0; private_global=0; IO mode=ap_none:ce=0
Port [ frm_buffer2]:  wired=1; compound=0; hidden=0; nouse=0; global=0; static=0; extern=0; dir=0; type=0; pingpong=0; private_global=0; IO mode=ap_none:ce=0
Port [ frm_buffer3]:  wired=1; compound=0; hidden=0; nouse=1; global=0; static=0; extern=0; dir=0; type=0; pingpong=0; private_global=0; IO mode=ap_none:ce=0
Port [ m_axis_video_V_data_V]:  wired=1; compound=1; hidden=0; nouse=0; global=0; static=0; extern=0; dir=1; type=0; pingpong=0; private_global=0; IO mode=axis:ce=0
Port [ m_axis_video_V_keep_V]:  wired=1; compound=1; hidden=0; nouse=0; global=0; static=0; extern=0; dir=1; type=0; pingpong=0; private_global=0; IO mode=axis:ce=0
Port [ m_axis_video_V_strb_V]:  wired=1; compound=1; hidden=0; nouse=0; global=0; static=0; extern=0; dir=1; type=0; pingpong=0; private_global=0; IO mode=axis:ce=0
Port [ m_axis_video_V_user_V]:  wired=1; compound=1; hidden=0; nouse=0; global=0; static=0; extern=0; dir=1; type=0; pingpong=0; private_global=0; IO mode=axis:ce=0
Port [ m_axis_video_V_last_V]:  wired=1; compound=1; hidden=0; nouse=0; global=0; static=0; extern=0; dir=1; type=0; pingpong=0; private_global=0; IO mode=axis:ce=0
Port [ m_axis_video_V_id_V]:  wired=1; compound=1; hidden=0; nouse=0; global=0; static=0; extern=0; dir=1; type=0; pingpong=0; private_global=0; IO mode=axis:ce=0
Port [ m_axis_video_V_dest_V]:  wired=1; compound=1; hidden=0; nouse=0; global=0; static=0; extern=0; dir=1; type=0; pingpong=0; private_global=0; IO mode=axis:ce=0
Port [ BYTES_PER_PIXEL]:  wired=0; compound=1; hidden=1; nouse=0; global=1; static=1; extern=0; dir=0; type=1; pingpong=0; private_global=1; MemPort=[1]; IO mode=ap_memory:ce=0
Port [ MEMORY2LIVE]:  wired=0; compound=1; hidden=1; nouse=0; global=1; static=1; extern=0; dir=0; type=1; pingpong=0; private_global=1; MemPort=[1]; IO mode=ap_memory:ce=0
Port [ mapComp]:  wired=0; compound=1; hidden=1; nouse=1; global=1; static=1; extern=0; dir=0; type=1; pingpong=0; private_global=0; MemPort=[1]; IO mode=ap_memory:ce=0
---------------- STG Properties END ------------------

---------------- Datapath Model BEGIN ----------------

<LifeTime>
<method=bitvector/>
muxLogicCE_to_frm_buffer2_read       (muxlogic           ) [ 000000]
frm_buffer2_read                     (read               ) [ 001110]
muxLogicCE_to_frm_buffer_read        (muxlogic           ) [ 000000]
frm_buffer_read                      (read               ) [ 001110]
muxLogicCE_to_video_format_read      (muxlogic           ) [ 000000]
video_format_read                    (read               ) [ 000000]
muxLogicCE_to_stride_read            (muxlogic           ) [ 000000]
stride_read                          (read               ) [ 001110]
muxLogicCE_to_height_read            (muxlogic           ) [ 000000]
height_read                          (read               ) [ 000000]
muxLogicCE_to_width_read             (muxlogic           ) [ 000000]
width_read                           (read               ) [ 001000]
empty                                (trunc              ) [ 001110]
empty_74                             (trunc              ) [ 001110]
empty_75                             (trunc              ) [ 001110]
zext_ln229                           (zext               ) [ 000000]
BYTES_PER_PIXEL_addr                 (getelementptr      ) [ 001000]
MuxLogicAddr_to_BYTES_PER_PIXEL_load (muxlogic           ) [ 000000]
MEMORY2LIVE_addr                     (getelementptr      ) [ 001000]
MuxLogicAddr_to_colorFormat          (muxlogic           ) [ 000000]
BYTES_PER_PIXEL_load                 (load               ) [ 000000]
BYTES_PER_PIXEL_load_cast            (zext               ) [ 000000]
muxLogicI0_to_mul_ln229              (muxlogic           ) [ 000000]
muxLogicI1_to_mul_ln229              (muxlogic           ) [ 000000]
mul_ln229                            (mul                ) [ 000100]
shl_ln                               (bitconcatenate     ) [ 000000]
zext_ln216                           (zext               ) [ 000000]
muxLogicI0_to_mul_ln216              (muxlogic           ) [ 000000]
muxLogicI1_to_mul_ln216              (muxlogic           ) [ 000000]
mul_ln216                            (mul                ) [ 000100]
icmp_ln212                           (icmp               ) [ 000100]
icmp_ln212_1                         (icmp               ) [ 000100]
icmp_ln212_2                         (icmp               ) [ 000100]
icmp_ln212_3                         (icmp               ) [ 000100]
colorFormat                          (load               ) [ 000110]
tmp                                  (partselect         ) [ 000000]
zext_ln217                           (zext               ) [ 000000]
or_ln212                             (or                 ) [ 000000]
or_ln212_1                           (or                 ) [ 000000]
or_ln212_2                           (or                 ) [ 000000]
WidthInBytes                         (select             ) [ 000010]
call_ln233                           (call               ) [ 000000]
spectopmodule_ln115                  (spectopmodule      ) [ 000000]
specinterface_ln0                    (specinterface      ) [ 000000]
specbitsmap_ln0                      (specbitsmap        ) [ 000000]
specbitsmap_ln0                      (specbitsmap        ) [ 000000]
specinterface_ln0                    (specinterface      ) [ 000000]
specinterface_ln0                    (specinterface      ) [ 000000]
specbitsmap_ln0                      (specbitsmap        ) [ 000000]
specinterface_ln0                    (specinterface      ) [ 000000]
specinterface_ln0                    (specinterface      ) [ 000000]
specbitsmap_ln0                      (specbitsmap        ) [ 000000]
specinterface_ln0                    (specinterface      ) [ 000000]
specinterface_ln0                    (specinterface      ) [ 000000]
specbitsmap_ln0                      (specbitsmap        ) [ 000000]
specinterface_ln0                    (specinterface      ) [ 000000]
specinterface_ln0                    (specinterface      ) [ 000000]
specinterface_ln0                    (specinterface      ) [ 000000]
specinterface_ln0                    (specinterface      ) [ 000000]
specinterface_ln0                    (specinterface      ) [ 000000]
specinterface_ln0                    (specinterface      ) [ 000000]
specinterface_ln0                    (specinterface      ) [ 000000]
specinterface_ln0                    (specinterface      ) [ 000000]
specinterface_ln0                    (specinterface      ) [ 000000]
specbitsmap_ln0                      (specbitsmap        ) [ 000000]
specbitsmap_ln0                      (specbitsmap        ) [ 000000]
specbitsmap_ln0                      (specbitsmap        ) [ 000000]
specbitsmap_ln0                      (specbitsmap        ) [ 000000]
specbitsmap_ln0                      (specbitsmap        ) [ 000000]
specbitsmap_ln0                      (specbitsmap        ) [ 000000]
specbitsmap_ln0                      (specbitsmap        ) [ 000000]
specinterface_ln0                    (specinterface      ) [ 000000]
specstablecontent_ln143              (specstablecontent  ) [ 000000]
specstablecontent_ln144              (specstablecontent  ) [ 000000]
specstablecontent_ln145              (specstablecontent  ) [ 000000]
specstablecontent_ln146              (specstablecontent  ) [ 000000]
specaxissidechannel_ln212            (specaxissidechannel) [ 000000]
ret_ln265                            (ret                ) [ 000000]
</LifeTime>

<model>

<comp_list>
<comp id="0" class="1000" name="mm_video">
<pin_list>
<pin id="1" dir="1" index="0" bw="1" slack="0"/>
</pin_list>
<bind>
<StgValue><ssdm name="mm_video"/></StgValue>
</bind>
</comp>

<comp id="2" class="1000" name="width">
<pin_list>
<pin id="3" dir="1" index="0" bw="1" slack="0"/>
</pin_list>
<bind>
<StgValue><ssdm name="width"/></StgValue>
</bind>
</comp>

<comp id="4" class="1000" name="height">
<pin_list>
<pin id="5" dir="1" index="0" bw="1" slack="0"/>
</pin_list>
<bind>
<StgValue><ssdm name="height"/></StgValue>
</bind>
</comp>

<comp id="6" class="1000" name="stride">
<pin_list>
<pin id="7" dir="1" index="0" bw="1" slack="0"/>
</pin_list>
<bind>
<StgValue><ssdm name="stride"/></StgValue>
</bind>
</comp>

<comp id="8" class="1000" name="video_format">
<pin_list>
<pin id="9" dir="1" index="0" bw="1" slack="0"/>
</pin_list>
<bind>
<StgValue><ssdm name="video_format"/></StgValue>
</bind>
</comp>

<comp id="10" class="1000" name="frm_buffer">
<pin_list>
<pin id="11" dir="1" index="0" bw="1" slack="0"/>
</pin_list>
<bind>
<StgValue><ssdm name="frm_buffer"/></StgValue>
</bind>
</comp>

<comp id="12" class="1000" name="frm_buffer2">
<pin_list>
<pin id="13" dir="1" index="0" bw="1" slack="0"/>
</pin_list>
<bind>
<StgValue><ssdm name="frm_buffer2"/></StgValue>
</bind>
</comp>

<comp id="14" class="1000" name="frm_buffer3">
<pin_list>
<pin id="15" dir="1" index="0" bw="1" slack="2147483647"/>
</pin_list>
<bind>
<StgValue><ssdm name="frm_buffer3"/></StgValue>
</bind>
</comp>

<comp id="16" class="1000" name="m_axis_video_V_data_V">
<pin_list>
<pin id="17" dir="1" index="0" bw="1" slack="0"/>
</pin_list>
<bind>
<StgValue><ssdm name="m_axis_video_V_data_V"/></StgValue>
</bind>
</comp>

<comp id="18" class="1000" name="m_axis_video_V_keep_V">
<pin_list>
<pin id="19" dir="1" index="0" bw="1" slack="0"/>
</pin_list>
<bind>
<StgValue><ssdm name="m_axis_video_V_keep_V"/></StgValue>
</bind>
</comp>

<comp id="20" class="1000" name="m_axis_video_V_strb_V">
<pin_list>
<pin id="21" dir="1" index="0" bw="1" slack="0"/>
</pin_list>
<bind>
<StgValue><ssdm name="m_axis_video_V_strb_V"/></StgValue>
</bind>
</comp>

<comp id="22" class="1000" name="m_axis_video_V_user_V">
<pin_list>
<pin id="23" dir="1" index="0" bw="1" slack="0"/>
</pin_list>
<bind>
<StgValue><ssdm name="m_axis_video_V_user_V"/></StgValue>
</bind>
</comp>

<comp id="24" class="1000" name="m_axis_video_V_last_V">
<pin_list>
<pin id="25" dir="1" index="0" bw="1" slack="0"/>
</pin_list>
<bind>
<StgValue><ssdm name="m_axis_video_V_last_V"/></StgValue>
</bind>
</comp>

<comp id="26" class="1000" name="m_axis_video_V_id_V">
<pin_list>
<pin id="27" dir="1" index="0" bw="1" slack="0"/>
</pin_list>
<bind>
<StgValue><ssdm name="m_axis_video_V_id_V"/></StgValue>
</bind>
</comp>

<comp id="28" class="1000" name="m_axis_video_V_dest_V">
<pin_list>
<pin id="29" dir="1" index="0" bw="1" slack="0"/>
</pin_list>
<bind>
<StgValue><ssdm name="m_axis_video_V_dest_V"/></StgValue>
</bind>
</comp>

<comp id="30" class="1000" name="BYTES_PER_PIXEL">
<pin_list>
<pin id="31" dir="1" index="0" bw="1" slack="0"/>
</pin_list>
<bind>
<StgValue><ssdm name="BYTES_PER_PIXEL"/><MemPortTyVec>1 </MemPortTyVec>
</StgValue>
</bind>
</comp>

<comp id="32" class="1000" name="MEMORY2LIVE">
<pin_list>
<pin id="33" dir="1" index="0" bw="1" slack="0"/>
</pin_list>
<bind>
<StgValue><ssdm name="MEMORY2LIVE"/><MemPortTyVec>1 </MemPortTyVec>
</StgValue>
</bind>
</comp>

<comp id="34" class="1000" name="mapComp">
<pin_list>
<pin id="35" dir="1" index="0" bw="1" slack="0"/>
</pin_list>
<bind>
<StgValue><ssdm name="mapComp"/><MemPortTyVec>1 </MemPortTyVec>
</StgValue>
</bind>
</comp>

<comp id="36" class="1001" name="const_36">
<pin_list>
<pin id="37" dir="1" index="0" bw="1" slack="0"/>
</pin_list>
<bind>
<StgValue><ssdm name="_ssdm_op_Read.s_axilite.i32"/></StgValue>
</bind>
</comp>

<comp id="38" class="1001" name="const_38">
<pin_list>
<pin id="39" dir="1" index="0" bw="1" slack="0"/>
</pin_list>
<bind>
<StgValue><ssdm name="_ssdm_op_Read.s_axilite.i16"/></StgValue>
</bind>
</comp>

<comp id="40" class="1001" name="const_40">
<pin_list>
<pin id="41" dir="1" index="0" bw="1" slack="0"/>
</pin_list>
<bind>
<StgValue><ssdm name=""/></StgValue>
</bind>
</comp>

<comp id="42" class="1001" name="const_42">
<pin_list>
<pin id="43" dir="1" index="0" bw="1" slack="0"/>
</pin_list>
<bind>
<StgValue><ssdm name="_ssdm_op_BitConcatenate.i15.i13.i2"/></StgValue>
</bind>
</comp>

<comp id="44" class="1001" name="const_44">
<pin_list>
<pin id="45" dir="1" index="0" bw="1" slack="0"/>
</pin_list>
<bind>
<StgValue><ssdm name=""/></StgValue>
</bind>
</comp>

<comp id="46" class="1001" name="const_46">
<pin_list>
<pin id="47" dir="1" index="0" bw="1" slack="0"/>
</pin_list>
<bind>
<StgValue><ssdm name=""/></StgValue>
</bind>
</comp>

<comp id="48" class="1001" name="const_48">
<pin_list>
<pin id="49" dir="1" index="0" bw="1" slack="0"/>
</pin_list>
<bind>
<StgValue><ssdm name=""/></StgValue>
</bind>
</comp>

<comp id="50" class="1001" name="const_50">
<pin_list>
<pin id="51" dir="1" index="0" bw="1" slack="0"/>
</pin_list>
<bind>
<StgValue><ssdm name=""/></StgValue>
</bind>
</comp>

<comp id="52" class="1001" name="const_52">
<pin_list>
<pin id="53" dir="1" index="0" bw="1" slack="0"/>
</pin_list>
<bind>
<StgValue><ssdm name=""/></StgValue>
</bind>
</comp>

<comp id="54" class="1001" name="const_54">
<pin_list>
<pin id="55" dir="1" index="0" bw="1" slack="0"/>
</pin_list>
<bind>
<StgValue><ssdm name=""/></StgValue>
</bind>
</comp>

<comp id="56" class="1001" name="const_56">
<pin_list>
<pin id="57" dir="1" index="0" bw="1" slack="0"/>
</pin_list>
<bind>
<StgValue><ssdm name="_ssdm_op_PartSelect.i14.i31.i32.i32"/></StgValue>
</bind>
</comp>

<comp id="58" class="1001" name="const_58">
<pin_list>
<pin id="59" dir="1" index="0" bw="1" slack="0"/>
</pin_list>
<bind>
<StgValue><ssdm name=""/></StgValue>
</bind>
</comp>

<comp id="60" class="1001" name="const_60">
<pin_list>
<pin id="61" dir="1" index="0" bw="1" slack="0"/>
</pin_list>
<bind>
<StgValue><ssdm name=""/></StgValue>
</bind>
</comp>

<comp id="62" class="1001" name="const_62">
<pin_list>
<pin id="63" dir="1" index="0" bw="1" slack="0"/>
</pin_list>
<bind>
<StgValue><ssdm name="FrmbufRdHlsDataFlow"/></StgValue>
</bind>
</comp>

<comp id="64" class="1001" name="const_64">
<pin_list>
<pin id="65" dir="1" index="0" bw="1" slack="2147483647"/>
</pin_list>
<bind>
<StgValue><ssdm name="_ssdm_op_SpecTopModule"/></StgValue>
</bind>
</comp>

<comp id="66" class="1001" name="const_66">
<pin_list>
<pin id="67" dir="1" index="0" bw="1" slack="2147483647"/>
</pin_list>
<bind>
<StgValue><ssdm name="empty_7"/></StgValue>
</bind>
</comp>

<comp id="68" class="1001" name="const_68">
<pin_list>
<pin id="69" dir="1" index="0" bw="1" slack="2147483647"/>
</pin_list>
<bind>
<StgValue><ssdm name="_ssdm_op_SpecInterface"/></StgValue>
</bind>
</comp>

<comp id="70" class="1001" name="const_70">
<pin_list>
<pin id="71" dir="1" index="0" bw="1" slack="2147483647"/>
</pin_list>
<bind>
<StgValue><ssdm name="empty_23"/></StgValue>
</bind>
</comp>

<comp id="72" class="1001" name="const_72">
<pin_list>
<pin id="73" dir="1" index="0" bw="1" slack="2147483647"/>
</pin_list>
<bind>
<StgValue><ssdm name="empty_24"/></StgValue>
</bind>
</comp>

<comp id="74" class="1001" name="const_74">
<pin_list>
<pin id="75" dir="1" index="0" bw="1" slack="2147483647"/>
</pin_list>
<bind>
<StgValue><ssdm name=""/></StgValue>
</bind>
</comp>

<comp id="76" class="1001" name="const_76">
<pin_list>
<pin id="77" dir="1" index="0" bw="1" slack="2147483647"/>
</pin_list>
<bind>
<StgValue><ssdm name=""/></StgValue>
</bind>
</comp>

<comp id="78" class="1001" name="const_78">
<pin_list>
<pin id="79" dir="1" index="0" bw="1" slack="2147483647"/>
</pin_list>
<bind>
<StgValue><ssdm name="empty_19"/></StgValue>
</bind>
</comp>

<comp id="80" class="1001" name="const_80">
<pin_list>
<pin id="81" dir="1" index="0" bw="1" slack="2147483647"/>
</pin_list>
<bind>
<StgValue><ssdm name="empty_25"/></StgValue>
</bind>
</comp>

<comp id="82" class="1001" name="const_82">
<pin_list>
<pin id="83" dir="1" index="0" bw="1" slack="2147483647"/>
</pin_list>
<bind>
<StgValue><ssdm name=""/></StgValue>
</bind>
</comp>

<comp id="84" class="1001" name="const_84">
<pin_list>
<pin id="85" dir="1" index="0" bw="1" slack="2147483647"/>
</pin_list>
<bind>
<StgValue><ssdm name=""/></StgValue>
</bind>
</comp>

<comp id="86" class="1001" name="const_86">
<pin_list>
<pin id="87" dir="1" index="0" bw="1" slack="2147483647"/>
</pin_list>
<bind>
<StgValue><ssdm name=""/></StgValue>
</bind>
</comp>

<comp id="88" class="1001" name="const_88">
<pin_list>
<pin id="89" dir="1" index="0" bw="1" slack="2147483647"/>
</pin_list>
<bind>
<StgValue><ssdm name="_ssdm_op_SpecBitsMap"/></StgValue>
</bind>
</comp>

<comp id="90" class="1001" name="const_90">
<pin_list>
<pin id="91" dir="1" index="0" bw="1" slack="2147483647"/>
</pin_list>
<bind>
<StgValue><ssdm name="empty_26"/></StgValue>
</bind>
</comp>

<comp id="92" class="1001" name="const_92">
<pin_list>
<pin id="93" dir="1" index="0" bw="1" slack="2147483647"/>
</pin_list>
<bind>
<StgValue><ssdm name="empty_27"/></StgValue>
</bind>
</comp>

<comp id="94" class="1001" name="const_94">
<pin_list>
<pin id="95" dir="1" index="0" bw="1" slack="2147483647"/>
</pin_list>
<bind>
<StgValue><ssdm name="empty_29"/></StgValue>
</bind>
</comp>

<comp id="96" class="1001" name="const_96">
<pin_list>
<pin id="97" dir="1" index="0" bw="1" slack="2147483647"/>
</pin_list>
<bind>
<StgValue><ssdm name="empty_8"/></StgValue>
</bind>
</comp>

<comp id="98" class="1001" name="const_98">
<pin_list>
<pin id="99" dir="1" index="0" bw="1" slack="2147483647"/>
</pin_list>
<bind>
<StgValue><ssdm name="empty_31"/></StgValue>
</bind>
</comp>

<comp id="100" class="1001" name="const_100">
<pin_list>
<pin id="101" dir="1" index="0" bw="1" slack="2147483647"/>
</pin_list>
<bind>
<StgValue><ssdm name="empty_32"/></StgValue>
</bind>
</comp>

<comp id="102" class="1001" name="const_102">
<pin_list>
<pin id="103" dir="1" index="0" bw="1" slack="2147483647"/>
</pin_list>
<bind>
<StgValue><ssdm name="empty_22"/></StgValue>
</bind>
</comp>

<comp id="104" class="1001" name="const_104">
<pin_list>
<pin id="105" dir="1" index="0" bw="1" slack="2147483647"/>
</pin_list>
<bind>
<StgValue><ssdm name="empty"/></StgValue>
</bind>
</comp>

<comp id="106" class="1001" name="const_106">
<pin_list>
<pin id="107" dir="1" index="0" bw="1" slack="2147483647"/>
</pin_list>
<bind>
<StgValue><ssdm name="empty_0"/></StgValue>
</bind>
</comp>

<comp id="108" class="1001" name="const_108">
<pin_list>
<pin id="109" dir="1" index="0" bw="1" slack="2147483647"/>
</pin_list>
<bind>
<StgValue><ssdm name="empty_1"/></StgValue>
</bind>
</comp>

<comp id="110" class="1001" name="const_110">
<pin_list>
<pin id="111" dir="1" index="0" bw="1" slack="2147483647"/>
</pin_list>
<bind>
<StgValue><ssdm name="empty_2"/></StgValue>
</bind>
</comp>

<comp id="112" class="1001" name="const_112">
<pin_list>
<pin id="113" dir="1" index="0" bw="1" slack="2147483647"/>
</pin_list>
<bind>
<StgValue><ssdm name="empty_3"/></StgValue>
</bind>
</comp>

<comp id="114" class="1001" name="const_114">
<pin_list>
<pin id="115" dir="1" index="0" bw="1" slack="2147483647"/>
</pin_list>
<bind>
<StgValue><ssdm name=""/></StgValue>
</bind>
</comp>

<comp id="116" class="1001" name="const_116">
<pin_list>
<pin id="117" dir="1" index="0" bw="1" slack="2147483647"/>
</pin_list>
<bind>
<StgValue><ssdm name="empty_4"/></StgValue>
</bind>
</comp>

<comp id="118" class="1001" name="const_118">
<pin_list>
<pin id="119" dir="1" index="0" bw="1" slack="2147483647"/>
</pin_list>
<bind>
<StgValue><ssdm name="_ssdm_op_SpecStableContent"/></StgValue>
</bind>
</comp>

<comp id="120" class="1001" name="const_120">
<pin_list>
<pin id="121" dir="1" index="0" bw="1" slack="2147483647"/>
</pin_list>
<bind>
<StgValue><ssdm name=""/></StgValue>
</bind>
</comp>

<comp id="122" class="1001" name="const_122">
<pin_list>
<pin id="123" dir="1" index="0" bw="1" slack="2147483647"/>
</pin_list>
<bind>
<StgValue><ssdm name="_ssdm_op_SpecAXISSideChannel"/></StgValue>
</bind>
</comp>

<comp id="124" class="1001" name="const_124">
<pin_list>
<pin id="125" dir="1" index="0" bw="1" slack="2147483647"/>
</pin_list>
<bind>
<StgValue><ssdm name="empty_5"/></StgValue>
</bind>
</comp>

<comp id="126" class="1004" name="frm_buffer2_read_read_fu_126">
<pin_list>
<pin id="127" dir="0" index="0" bw="32" slack="0"/>
<pin id="128" dir="0" index="1" bw="32" slack="0"/>
<pin id="129" dir="1" index="2" bw="32" slack="2"/>
</pin_list>
<bind>
<opcode="read(1150) " fcode="read"/>
<opset="frm_buffer2_read/1 "/>
</bind>
</comp>

<comp id="132" class="1004" name="frm_buffer_read_read_fu_132">
<pin_list>
<pin id="133" dir="0" index="0" bw="32" slack="0"/>
<pin id="134" dir="0" index="1" bw="32" slack="0"/>
<pin id="135" dir="1" index="2" bw="32" slack="2"/>
</pin_list>
<bind>
<opcode="read(1150) " fcode="read"/>
<opset="frm_buffer_read/1 "/>
</bind>
</comp>

<comp id="138" class="1004" name="video_format_read_read_fu_138">
<pin_list>
<pin id="139" dir="0" index="0" bw="16" slack="0"/>
<pin id="140" dir="0" index="1" bw="16" slack="0"/>
<pin id="141" dir="1" index="2" bw="16" slack="0"/>
</pin_list>
<bind>
<opcode="read(1150) " fcode="read"/>
<opset="video_format_read/1 "/>
</bind>
</comp>

<comp id="144" class="1004" name="stride_read_read_fu_144">
<pin_list>
<pin id="145" dir="0" index="0" bw="16" slack="0"/>
<pin id="146" dir="0" index="1" bw="16" slack="0"/>
<pin id="147" dir="1" index="2" bw="16" slack="2"/>
</pin_list>
<bind>
<opcode="read(1150) " fcode="read"/>
<opset="stride_read/1 "/>
</bind>
</comp>

<comp id="150" class="1004" name="height_read_read_fu_150">
<pin_list>
<pin id="151" dir="0" index="0" bw="16" slack="0"/>
<pin id="152" dir="0" index="1" bw="16" slack="0"/>
<pin id="153" dir="1" index="2" bw="16" slack="0"/>
</pin_list>
<bind>
<opcode="read(1150) " fcode="read"/>
<opset="height_read/1 "/>
</bind>
</comp>

<comp id="156" class="1004" name="width_read_read_fu_156">
<pin_list>
<pin id="157" dir="0" index="0" bw="16" slack="0"/>
<pin id="158" dir="0" index="1" bw="16" slack="0"/>
<pin id="159" dir="1" index="2" bw="16" slack="0"/>
</pin_list>
<bind>
<opcode="read(1150) " fcode="read"/>
<opset="width_read/1 "/>
</bind>
</comp>

<comp id="162" class="1004" name="BYTES_PER_PIXEL_addr_gep_fu_162">
<pin_list>
<pin id="163" dir="0" index="0" bw="3" slack="0"/>
<pin id="164" dir="0" index="1" bw="1" slack="0"/>
<pin id="165" dir="0" index="2" bw="16" slack="0"/>
<pin id="166" dir="1" index="3" bw="6" slack="0"/>
</pin_list>
<bind>
<opcode="getelementptr(29) " fcode="getelementptr"/>
<opset="BYTES_PER_PIXEL_addr/1 "/>
</bind>
</comp>

<comp id="169" class="1004" name="grp_access_fu_169">
<pin_list>
<pin id="170" dir="0" index="0" bw="6" slack="0"/>
<pin id="171" dir="0" index="1" bw="3" slack="2147483647"/>
<pin id="172" dir="0" index="2" bw="0" slack="2147483647"/>
<pin id="173" dir="1" index="3" bw="3" slack="0"/>
</pin_list>
<bind>
<opcode="load(27) " fcode="load"/>
<opset="BYTES_PER_PIXEL_load/1 "/>
</bind>
</comp>

<comp id="175" class="1004" name="MEMORY2LIVE_addr_gep_fu_175">
<pin_list>
<pin id="176" dir="0" index="0" bw="2" slack="0"/>
<pin id="177" dir="0" index="1" bw="1" slack="0"/>
<pin id="178" dir="0" index="2" bw="16" slack="0"/>
<pin id="179" dir="1" index="3" bw="6" slack="0"/>
</pin_list>
<bind>
<opcode="getelementptr(29) " fcode="getelementptr"/>
<opset="MEMORY2LIVE_addr/1 "/>
</bind>
</comp>

<comp id="182" class="1004" name="grp_access_fu_182">
<pin_list>
<pin id="183" dir="0" index="0" bw="6" slack="0"/>
<pin id="184" dir="0" index="1" bw="2" slack="2147483647"/>
<pin id="185" dir="0" index="2" bw="0" slack="2147483647"/>
<pin id="186" dir="1" index="3" bw="2" slack="1"/>
</pin_list>
<bind>
<opcode="load(27) " fcode="load"/>
<opset="colorFormat/1 "/>
</bind>
</comp>

<comp id="188" class="1004" name="grp_FrmbufRdHlsDataFlow_fu_188">
<pin_list>
<pin id="189" dir="0" index="0" bw="0" slack="0"/>
<pin id="190" dir="0" index="1" bw="120" slack="0"/>
<pin id="191" dir="0" index="2" bw="15" slack="0"/>
<pin id="192" dir="0" index="3" bw="15" slack="0"/>
<pin id="193" dir="0" index="4" bw="1" slack="0"/>
<pin id="194" dir="0" index="5" bw="1" slack="0"/>
<pin id="195" dir="0" index="6" bw="1" slack="0"/>
<pin id="196" dir="0" index="7" bw="1" slack="0"/>
<pin id="197" dir="0" index="8" bw="256" slack="0"/>
<pin id="198" dir="0" index="9" bw="32" slack="2"/>
<pin id="199" dir="0" index="10" bw="32" slack="2"/>
<pin id="200" dir="0" index="11" bw="13" slack="2"/>
<pin id="201" dir="0" index="12" bw="13" slack="2"/>
<pin id="202" dir="0" index="13" bw="16" slack="2"/>
<pin id="203" dir="0" index="14" bw="6" slack="2"/>
<pin id="204" dir="0" index="15" bw="16" slack="0"/>
<pin id="205" dir="0" index="16" bw="2" slack="1"/>
<pin id="206" dir="0" index="17" bw="4" slack="0"/>
<pin id="207" dir="1" index="18" bw="0" slack="2147483647"/>
</pin_list>
<bind>
<opcode="call(48) " fcode="call"/>
<opset="call_ln233/3 "/>
</bind>
</comp>

<comp id="218" class="1004" name="muxLogicCE_to_frm_buffer2_read_fu_218">
<pin_list>
<pin id="219" dir="1" index="0" bw="32" slack="2147483647"/>
</pin_list>
<bind>
<opcode="muxlogic(592) " fcode="muxlogic"/>
<opset="muxLogicCE_to_frm_buffer2_read/1 "/>
</bind>
</comp>

<comp id="220" class="1004" name="muxLogicCE_to_frm_buffer_read_fu_220">
<pin_list>
<pin id="221" dir="1" index="0" bw="32" slack="2147483647"/>
</pin_list>
<bind>
<opcode="muxlogic(592) " fcode="muxlogic"/>
<opset="muxLogicCE_to_frm_buffer_read/1 "/>
</bind>
</comp>

<comp id="222" class="1004" name="muxLogicCE_to_video_format_read_fu_222">
<pin_list>
<pin id="223" dir="1" index="0" bw="16" slack="2147483647"/>
</pin_list>
<bind>
<opcode="muxlogic(592) " fcode="muxlogic"/>
<opset="muxLogicCE_to_video_format_read/1 "/>
</bind>
</comp>

<comp id="224" class="1004" name="muxLogicCE_to_stride_read_fu_224">
<pin_list>
<pin id="225" dir="1" index="0" bw="16" slack="2147483647"/>
</pin_list>
<bind>
<opcode="muxlogic(592) " fcode="muxlogic"/>
<opset="muxLogicCE_to_stride_read/1 "/>
</bind>
</comp>

<comp id="226" class="1004" name="muxLogicCE_to_height_read_fu_226">
<pin_list>
<pin id="227" dir="1" index="0" bw="16" slack="2147483647"/>
</pin_list>
<bind>
<opcode="muxlogic(592) " fcode="muxlogic"/>
<opset="muxLogicCE_to_height_read/1 "/>
</bind>
</comp>

<comp id="228" class="1004" name="muxLogicCE_to_width_read_fu_228">
<pin_list>
<pin id="229" dir="1" index="0" bw="16" slack="2147483647"/>
</pin_list>
<bind>
<opcode="muxlogic(592) " fcode="muxlogic"/>
<opset="muxLogicCE_to_width_read/1 "/>
</bind>
</comp>

<comp id="230" class="1004" name="empty_fu_230">
<pin_list>
<pin id="231" dir="0" index="0" bw="16" slack="0"/>
<pin id="232" dir="1" index="1" bw="13" slack="2"/>
</pin_list>
<bind>
<opcode="trunc(33) " fcode="trunc"/>
<opset="empty/1 "/>
</bind>
</comp>

<comp id="234" class="1004" name="empty_74_fu_234">
<pin_list>
<pin id="235" dir="0" index="0" bw="16" slack="0"/>
<pin id="236" dir="1" index="1" bw="13" slack="1"/>
</pin_list>
<bind>
<opcode="trunc(33) " fcode="trunc"/>
<opset="empty_74/1 "/>
</bind>
</comp>

<comp id="238" class="1004" name="empty_75_fu_238">
<pin_list>
<pin id="239" dir="0" index="0" bw="16" slack="0"/>
<pin id="240" dir="1" index="1" bw="6" slack="1"/>
</pin_list>
<bind>
<opcode="trunc(33) " fcode="trunc"/>
<opset="empty_75/1 "/>
</bind>
</comp>

<comp id="242" class="1004" name="zext_ln229_fu_242">
<pin_list>
<pin id="243" dir="0" index="0" bw="16" slack="0"/>
<pin id="244" dir="1" index="1" bw="32" slack="0"/>
</pin_list>
<bind>
<opcode="zext(34) " fcode="zext"/>
<opset="zext_ln229/1 "/>
</bind>
</comp>

<comp id="248" class="1004" name="MuxLogicAddr_to_BYTES_PER_PIXEL_load_fu_248">
<pin_list>
<pin id="249" dir="0" index="0" bw="6" slack="0"/>
<pin id="250" dir="1" index="1" bw="3" slack="2147483647"/>
</pin_list>
<bind>
<opcode="muxlogic(592) " fcode="muxlogic"/>
<opset="MuxLogicAddr_to_BYTES_PER_PIXEL_load/1 "/>
</bind>
</comp>

<comp id="252" class="1004" name="MuxLogicAddr_to_colorFormat_fu_252">
<pin_list>
<pin id="253" dir="0" index="0" bw="6" slack="0"/>
<pin id="254" dir="1" index="1" bw="2" slack="2147483647"/>
</pin_list>
<bind>
<opcode="muxlogic(592) " fcode="muxlogic"/>
<opset="MuxLogicAddr_to_colorFormat/1 "/>
</bind>
</comp>

<comp id="256" class="1004" name="BYTES_PER_PIXEL_load_cast_fu_256">
<pin_list>
<pin id="257" dir="0" index="0" bw="3" slack="0"/>
<pin id="258" dir="1" index="1" bw="16" slack="0"/>
</pin_list>
<bind>
<opcode="zext(34) " fcode="zext"/>
<opset="BYTES_PER_PIXEL_load_cast/2 "/>
</bind>
</comp>

<comp id="260" class="1004" name="muxLogicI0_to_mul_ln229_fu_260">
<pin_list>
<pin id="261" dir="0" index="0" bw="3" slack="0"/>
<pin id="262" dir="1" index="1" bw="16" slack="2147483647"/>
</pin_list>
<bind>
<opcode="muxlogic(592) " fcode="muxlogic"/>
<opset="muxLogicI0_to_mul_ln229/2 "/>
</bind>
</comp>

<comp id="264" class="1004" name="muxLogicI1_to_mul_ln229_fu_264">
<pin_list>
<pin id="265" dir="0" index="0" bw="16" slack="1"/>
<pin id="266" dir="1" index="1" bw="16" slack="2147483647"/>
</pin_list>
<bind>
<opcode="muxlogic(592) " fcode="muxlogic"/>
<opset="muxLogicI1_to_mul_ln229/2 "/>
</bind>
</comp>

<comp id="267" class="1004" name="mul_ln229_fu_267">
<pin_list>
<pin id="268" dir="0" index="0" bw="3" slack="0"/>
<pin id="269" dir="0" index="1" bw="16" slack="1"/>
<pin id="270" dir="1" index="2" bw="16" slack="1"/>
</pin_list>
<bind>
<opcode="mul(12) " fcode="mul"/>
<opset="mul_ln229/2 "/>
</bind>
</comp>

<comp id="272" class="1004" name="shl_ln_fu_272">
<pin_list>
<pin id="273" dir="0" index="0" bw="15" slack="0"/>
<pin id="274" dir="0" index="1" bw="13" slack="1"/>
<pin id="275" dir="0" index="2" bw="1" slack="0"/>
<pin id="276" dir="1" index="3" bw="15" slack="0"/>
</pin_list>
<bind>
<opcode="bitconcatenate(1004) " fcode="bitconcatenate"/>
<opset="shl_ln/2 "/>
</bind>
</comp>

<comp id="279" class="1004" name="zext_ln216_fu_279">
<pin_list>
<pin id="280" dir="0" index="0" bw="15" slack="0"/>
<pin id="281" dir="1" index="1" bw="31" slack="0"/>
</pin_list>
<bind>
<opcode="zext(34) " fcode="zext"/>
<opset="zext_ln216/2 "/>
</bind>
</comp>

<comp id="283" class="1004" name="muxLogicI0_to_mul_ln216_fu_283">
<pin_list>
<pin id="284" dir="0" index="0" bw="15" slack="0"/>
<pin id="285" dir="1" index="1" bw="31" slack="2147483647"/>
</pin_list>
<bind>
<opcode="muxlogic(592) " fcode="muxlogic"/>
<opset="muxLogicI0_to_mul_ln216/2 "/>
</bind>
</comp>

<comp id="287" class="1004" name="muxLogicI1_to_mul_ln216_fu_287">
<pin_list>
<pin id="288" dir="0" index="0" bw="17" slack="0"/>
<pin id="289" dir="1" index="1" bw="31" slack="2147483647"/>
</pin_list>
<bind>
<opcode="muxlogic(592) " fcode="muxlogic"/>
<opset="muxLogicI1_to_mul_ln216/2 "/>
</bind>
</comp>

<comp id="291" class="1004" name="mul_ln216_fu_291">
<pin_list>
<pin id="292" dir="0" index="0" bw="15" slack="0"/>
<pin id="293" dir="0" index="1" bw="17" slack="0"/>
<pin id="294" dir="1" index="2" bw="31" slack="1"/>
</pin_list>
<bind>
<opcode="mul(12) " fcode="mul"/>
<opset="mul_ln216/2 "/>
</bind>
</comp>

<comp id="297" class="1004" name="icmp_ln212_fu_297">
<pin_list>
<pin id="298" dir="0" index="0" bw="6" slack="1"/>
<pin id="299" dir="0" index="1" bw="6" slack="0"/>
<pin id="300" dir="1" index="2" bw="1" slack="1"/>
</pin_list>
<bind>
<opcode="icmp(45) " fcode="icmp"/>
<opset="icmp_ln212/2 "/>
</bind>
</comp>

<comp id="302" class="1004" name="icmp_ln212_1_fu_302">
<pin_list>
<pin id="303" dir="0" index="0" bw="6" slack="1"/>
<pin id="304" dir="0" index="1" bw="6" slack="0"/>
<pin id="305" dir="1" index="2" bw="1" slack="1"/>
</pin_list>
<bind>
<opcode="icmp(45) " fcode="icmp"/>
<opset="icmp_ln212_1/2 "/>
</bind>
</comp>

<comp id="307" class="1004" name="icmp_ln212_2_fu_307">
<pin_list>
<pin id="308" dir="0" index="0" bw="6" slack="1"/>
<pin id="309" dir="0" index="1" bw="6" slack="0"/>
<pin id="310" dir="1" index="2" bw="1" slack="1"/>
</pin_list>
<bind>
<opcode="icmp(45) " fcode="icmp"/>
<opset="icmp_ln212_2/2 "/>
</bind>
</comp>

<comp id="312" class="1004" name="icmp_ln212_3_fu_312">
<pin_list>
<pin id="313" dir="0" index="0" bw="6" slack="1"/>
<pin id="314" dir="0" index="1" bw="6" slack="0"/>
<pin id="315" dir="1" index="2" bw="1" slack="1"/>
</pin_list>
<bind>
<opcode="icmp(45) " fcode="icmp"/>
<opset="icmp_ln212_3/2 "/>
</bind>
</comp>

<comp id="317" class="1004" name="tmp_fu_317">
<pin_list>
<pin id="318" dir="0" index="0" bw="14" slack="0"/>
<pin id="319" dir="0" index="1" bw="31" slack="1"/>
<pin id="320" dir="0" index="2" bw="6" slack="0"/>
<pin id="321" dir="0" index="3" bw="6" slack="0"/>
<pin id="322" dir="1" index="4" bw="14" slack="0"/>
</pin_list>
<bind>
<opcode="partselect(1002) " fcode="partselect"/>
<opset="tmp/3 "/>
</bind>
</comp>

<comp id="326" class="1004" name="zext_ln217_fu_326">
<pin_list>
<pin id="327" dir="0" index="0" bw="14" slack="0"/>
<pin id="328" dir="1" index="1" bw="16" slack="0"/>
</pin_list>
<bind>
<opcode="zext(34) " fcode="zext"/>
<opset="zext_ln217/3 "/>
</bind>
</comp>

<comp id="330" class="1004" name="or_ln212_fu_330">
<pin_list>
<pin id="331" dir="0" index="0" bw="1" slack="1"/>
<pin id="332" dir="0" index="1" bw="1" slack="1"/>
<pin id="333" dir="1" index="2" bw="1" slack="0"/>
</pin_list>
<bind>
<opcode="or(24) " fcode="or"/>
<opset="or_ln212/3 "/>
</bind>
</comp>

<comp id="334" class="1004" name="or_ln212_1_fu_334">
<pin_list>
<pin id="335" dir="0" index="0" bw="1" slack="1"/>
<pin id="336" dir="0" index="1" bw="1" slack="1"/>
<pin id="337" dir="1" index="2" bw="1" slack="0"/>
</pin_list>
<bind>
<opcode="or(24) " fcode="or"/>
<opset="or_ln212_1/3 "/>
</bind>
</comp>

<comp id="338" class="1004" name="or_ln212_2_fu_338">
<pin_list>
<pin id="339" dir="0" index="0" bw="1" slack="0"/>
<pin id="340" dir="0" index="1" bw="1" slack="0"/>
<pin id="341" dir="1" index="2" bw="1" slack="0"/>
</pin_list>
<bind>
<opcode="or(24) " fcode="or"/>
<opset="or_ln212_2/3 "/>
</bind>
</comp>

<comp id="344" class="1004" name="WidthInBytes_fu_344">
<pin_list>
<pin id="345" dir="0" index="0" bw="1" slack="0"/>
<pin id="346" dir="0" index="1" bw="14" slack="0"/>
<pin id="347" dir="0" index="2" bw="16" slack="1"/>
<pin id="348" dir="1" index="3" bw="16" slack="0"/>
</pin_list>
<bind>
<opcode="select(49) " fcode="select"/>
<opset="WidthInBytes/3 "/>
</bind>
</comp>

<comp id="352" class="1005" name="frm_buffer2_read_reg_352">
<pin_list>
<pin id="353" dir="0" index="0" bw="32" slack="2"/>
<pin id="354" dir="1" index="1" bw="32" slack="2"/>
</pin_list>
<bind>
<opset="frm_buffer2_read "/>
</bind>
</comp>

<comp id="357" class="1005" name="frm_buffer_read_reg_357">
<pin_list>
<pin id="358" dir="0" index="0" bw="32" slack="2"/>
<pin id="359" dir="1" index="1" bw="32" slack="2"/>
</pin_list>
<bind>
<opset="frm_buffer_read "/>
</bind>
</comp>

<comp id="362" class="1005" name="stride_read_reg_362">
<pin_list>
<pin id="363" dir="0" index="0" bw="16" slack="2"/>
<pin id="364" dir="1" index="1" bw="16" slack="2"/>
</pin_list>
<bind>
<opset="stride_read "/>
</bind>
</comp>

<comp id="367" class="1005" name="width_read_reg_367">
<pin_list>
<pin id="368" dir="0" index="0" bw="16" slack="1"/>
<pin id="369" dir="1" index="1" bw="16" slack="1"/>
</pin_list>
<bind>
<opset="width_read "/>
</bind>
</comp>

<comp id="373" class="1005" name="empty_reg_373">
<pin_list>
<pin id="374" dir="0" index="0" bw="13" slack="2"/>
<pin id="375" dir="1" index="1" bw="13" slack="2"/>
</pin_list>
<bind>
<opset="empty "/>
</bind>
</comp>

<comp id="378" class="1005" name="empty_74_reg_378">
<pin_list>
<pin id="379" dir="0" index="0" bw="13" slack="1"/>
<pin id="380" dir="1" index="1" bw="13" slack="1"/>
</pin_list>
<bind>
<opset="empty_74 "/>
</bind>
</comp>

<comp id="384" class="1005" name="empty_75_reg_384">
<pin_list>
<pin id="385" dir="0" index="0" bw="6" slack="1"/>
<pin id="386" dir="1" index="1" bw="6" slack="1"/>
</pin_list>
<bind>
<opset="empty_75 "/>
</bind>
</comp>

<comp id="393" class="1005" name="BYTES_PER_PIXEL_addr_reg_393">
<pin_list>
<pin id="394" dir="0" index="0" bw="6" slack="1"/>
<pin id="395" dir="1" index="1" bw="6" slack="1"/>
</pin_list>
<bind>
<opset="BYTES_PER_PIXEL_addr "/>
</bind>
</comp>

<comp id="398" class="1005" name="MEMORY2LIVE_addr_reg_398">
<pin_list>
<pin id="399" dir="0" index="0" bw="6" slack="1"/>
<pin id="400" dir="1" index="1" bw="6" slack="1"/>
</pin_list>
<bind>
<opset="MEMORY2LIVE_addr "/>
</bind>
</comp>

<comp id="403" class="1005" name="mul_ln229_reg_403">
<pin_list>
<pin id="404" dir="0" index="0" bw="16" slack="1"/>
<pin id="405" dir="1" index="1" bw="16" slack="1"/>
</pin_list>
<bind>
<opset="mul_ln229 "/>
</bind>
</comp>

<comp id="408" class="1005" name="mul_ln216_reg_408">
<pin_list>
<pin id="409" dir="0" index="0" bw="31" slack="1"/>
<pin id="410" dir="1" index="1" bw="31" slack="1"/>
</pin_list>
<bind>
<opset="mul_ln216 "/>
</bind>
</comp>

<comp id="413" class="1005" name="icmp_ln212_reg_413">
<pin_list>
<pin id="414" dir="0" index="0" bw="1" slack="1"/>
<pin id="415" dir="1" index="1" bw="1" slack="1"/>
</pin_list>
<bind>
<opset="icmp_ln212 "/>
</bind>
</comp>

<comp id="418" class="1005" name="icmp_ln212_1_reg_418">
<pin_list>
<pin id="419" dir="0" index="0" bw="1" slack="1"/>
<pin id="420" dir="1" index="1" bw="1" slack="1"/>
</pin_list>
<bind>
<opset="icmp_ln212_1 "/>
</bind>
</comp>

<comp id="423" class="1005" name="icmp_ln212_2_reg_423">
<pin_list>
<pin id="424" dir="0" index="0" bw="1" slack="1"/>
<pin id="425" dir="1" index="1" bw="1" slack="1"/>
</pin_list>
<bind>
<opset="icmp_ln212_2 "/>
</bind>
</comp>

<comp id="428" class="1005" name="icmp_ln212_3_reg_428">
<pin_list>
<pin id="429" dir="0" index="0" bw="1" slack="1"/>
<pin id="430" dir="1" index="1" bw="1" slack="1"/>
</pin_list>
<bind>
<opset="icmp_ln212_3 "/>
</bind>
</comp>

<comp id="433" class="1005" name="colorFormat_reg_433">
<pin_list>
<pin id="434" dir="0" index="0" bw="2" slack="1"/>
<pin id="435" dir="1" index="1" bw="2" slack="1"/>
</pin_list>
<bind>
<opset="colorFormat "/>
</bind>
</comp>

<comp id="438" class="1005" name="WidthInBytes_reg_438">
<pin_list>
<pin id="439" dir="0" index="0" bw="16" slack="1"/>
<pin id="440" dir="1" index="1" bw="16" slack="1"/>
</pin_list>
<bind>
<opset="WidthInBytes "/>
</bind>
</comp>

</comp_list>

<net_list>
<net id="130"><net_src comp="36" pin="0"/><net_sink comp="126" pin=0"/></net>

<net id="131"><net_src comp="12" pin="0"/><net_sink comp="126" pin=1"/></net>

<net id="136"><net_src comp="36" pin="0"/><net_sink comp="132" pin=0"/></net>

<net id="137"><net_src comp="10" pin="0"/><net_sink comp="132" pin=1"/></net>

<net id="142"><net_src comp="38" pin="0"/><net_sink comp="138" pin=0"/></net>

<net id="143"><net_src comp="8" pin="0"/><net_sink comp="138" pin=1"/></net>

<net id="148"><net_src comp="38" pin="0"/><net_sink comp="144" pin=0"/></net>

<net id="149"><net_src comp="6" pin="0"/><net_sink comp="144" pin=1"/></net>

<net id="154"><net_src comp="38" pin="0"/><net_sink comp="150" pin=0"/></net>

<net id="155"><net_src comp="4" pin="0"/><net_sink comp="150" pin=1"/></net>

<net id="160"><net_src comp="38" pin="0"/><net_sink comp="156" pin=0"/></net>

<net id="161"><net_src comp="2" pin="0"/><net_sink comp="156" pin=1"/></net>

<net id="167"><net_src comp="30" pin="0"/><net_sink comp="162" pin=0"/></net>

<net id="168"><net_src comp="40" pin="0"/><net_sink comp="162" pin=1"/></net>

<net id="174"><net_src comp="162" pin="3"/><net_sink comp="169" pin=0"/></net>

<net id="180"><net_src comp="32" pin="0"/><net_sink comp="175" pin=0"/></net>

<net id="181"><net_src comp="40" pin="0"/><net_sink comp="175" pin=1"/></net>

<net id="187"><net_src comp="175" pin="3"/><net_sink comp="182" pin=0"/></net>

<net id="208"><net_src comp="62" pin="0"/><net_sink comp="188" pin=0"/></net>

<net id="209"><net_src comp="16" pin="0"/><net_sink comp="188" pin=1"/></net>

<net id="210"><net_src comp="18" pin="0"/><net_sink comp="188" pin=2"/></net>

<net id="211"><net_src comp="20" pin="0"/><net_sink comp="188" pin=3"/></net>

<net id="212"><net_src comp="22" pin="0"/><net_sink comp="188" pin=4"/></net>

<net id="213"><net_src comp="24" pin="0"/><net_sink comp="188" pin=5"/></net>

<net id="214"><net_src comp="26" pin="0"/><net_sink comp="188" pin=6"/></net>

<net id="215"><net_src comp="28" pin="0"/><net_sink comp="188" pin=7"/></net>

<net id="216"><net_src comp="0" pin="0"/><net_sink comp="188" pin=8"/></net>

<net id="217"><net_src comp="34" pin="0"/><net_sink comp="188" pin=17"/></net>

<net id="233"><net_src comp="150" pin="2"/><net_sink comp="230" pin=0"/></net>

<net id="237"><net_src comp="156" pin="2"/><net_sink comp="234" pin=0"/></net>

<net id="241"><net_src comp="138" pin="2"/><net_sink comp="238" pin=0"/></net>

<net id="245"><net_src comp="138" pin="2"/><net_sink comp="242" pin=0"/></net>

<net id="246"><net_src comp="242" pin="1"/><net_sink comp="162" pin=2"/></net>

<net id="247"><net_src comp="242" pin="1"/><net_sink comp="175" pin=2"/></net>

<net id="251"><net_src comp="162" pin="3"/><net_sink comp="248" pin=0"/></net>

<net id="255"><net_src comp="175" pin="3"/><net_sink comp="252" pin=0"/></net>

<net id="259"><net_src comp="169" pin="3"/><net_sink comp="256" pin=0"/></net>

<net id="263"><net_src comp="256" pin="1"/><net_sink comp="260" pin=0"/></net>

<net id="271"><net_src comp="256" pin="1"/><net_sink comp="267" pin=0"/></net>

<net id="277"><net_src comp="42" pin="0"/><net_sink comp="272" pin=0"/></net>

<net id="278"><net_src comp="44" pin="0"/><net_sink comp="272" pin=2"/></net>

<net id="282"><net_src comp="272" pin="3"/><net_sink comp="279" pin=0"/></net>

<net id="286"><net_src comp="279" pin="1"/><net_sink comp="283" pin=0"/></net>

<net id="290"><net_src comp="46" pin="0"/><net_sink comp="287" pin=0"/></net>

<net id="295"><net_src comp="279" pin="1"/><net_sink comp="291" pin=0"/></net>

<net id="296"><net_src comp="46" pin="0"/><net_sink comp="291" pin=1"/></net>

<net id="301"><net_src comp="48" pin="0"/><net_sink comp="297" pin=1"/></net>

<net id="306"><net_src comp="50" pin="0"/><net_sink comp="302" pin=1"/></net>

<net id="311"><net_src comp="52" pin="0"/><net_sink comp="307" pin=1"/></net>

<net id="316"><net_src comp="54" pin="0"/><net_sink comp="312" pin=1"/></net>

<net id="323"><net_src comp="56" pin="0"/><net_sink comp="317" pin=0"/></net>

<net id="324"><net_src comp="58" pin="0"/><net_sink comp="317" pin=2"/></net>

<net id="325"><net_src comp="60" pin="0"/><net_sink comp="317" pin=3"/></net>

<net id="329"><net_src comp="317" pin="4"/><net_sink comp="326" pin=0"/></net>

<net id="342"><net_src comp="334" pin="2"/><net_sink comp="338" pin=0"/></net>

<net id="343"><net_src comp="330" pin="2"/><net_sink comp="338" pin=1"/></net>

<net id="349"><net_src comp="338" pin="2"/><net_sink comp="344" pin=0"/></net>

<net id="350"><net_src comp="326" pin="1"/><net_sink comp="344" pin=1"/></net>

<net id="351"><net_src comp="344" pin="3"/><net_sink comp="188" pin=15"/></net>

<net id="355"><net_src comp="126" pin="2"/><net_sink comp="352" pin=0"/></net>

<net id="356"><net_src comp="352" pin="1"/><net_sink comp="188" pin=10"/></net>

<net id="360"><net_src comp="132" pin="2"/><net_sink comp="357" pin=0"/></net>

<net id="361"><net_src comp="357" pin="1"/><net_sink comp="188" pin=9"/></net>

<net id="365"><net_src comp="144" pin="2"/><net_sink comp="362" pin=0"/></net>

<net id="366"><net_src comp="362" pin="1"/><net_sink comp="188" pin=13"/></net>

<net id="370"><net_src comp="156" pin="2"/><net_sink comp="367" pin=0"/></net>

<net id="371"><net_src comp="367" pin="1"/><net_sink comp="264" pin=0"/></net>

<net id="372"><net_src comp="367" pin="1"/><net_sink comp="267" pin=1"/></net>

<net id="376"><net_src comp="230" pin="1"/><net_sink comp="373" pin=0"/></net>

<net id="377"><net_src comp="373" pin="1"/><net_sink comp="188" pin=12"/></net>

<net id="381"><net_src comp="234" pin="1"/><net_sink comp="378" pin=0"/></net>

<net id="382"><net_src comp="378" pin="1"/><net_sink comp="272" pin=1"/></net>

<net id="383"><net_src comp="378" pin="1"/><net_sink comp="188" pin=11"/></net>

<net id="387"><net_src comp="238" pin="1"/><net_sink comp="384" pin=0"/></net>

<net id="388"><net_src comp="384" pin="1"/><net_sink comp="297" pin=0"/></net>

<net id="389"><net_src comp="384" pin="1"/><net_sink comp="302" pin=0"/></net>

<net id="390"><net_src comp="384" pin="1"/><net_sink comp="307" pin=0"/></net>

<net id="391"><net_src comp="384" pin="1"/><net_sink comp="312" pin=0"/></net>

<net id="392"><net_src comp="384" pin="1"/><net_sink comp="188" pin=14"/></net>

<net id="396"><net_src comp="162" pin="3"/><net_sink comp="393" pin=0"/></net>

<net id="397"><net_src comp="393" pin="1"/><net_sink comp="169" pin=0"/></net>

<net id="401"><net_src comp="175" pin="3"/><net_sink comp="398" pin=0"/></net>

<net id="402"><net_src comp="398" pin="1"/><net_sink comp="182" pin=0"/></net>

<net id="406"><net_src comp="267" pin="2"/><net_sink comp="403" pin=0"/></net>

<net id="407"><net_src comp="403" pin="1"/><net_sink comp="344" pin=2"/></net>

<net id="411"><net_src comp="291" pin="2"/><net_sink comp="408" pin=0"/></net>

<net id="412"><net_src comp="408" pin="1"/><net_sink comp="317" pin=1"/></net>

<net id="416"><net_src comp="297" pin="2"/><net_sink comp="413" pin=0"/></net>

<net id="417"><net_src comp="413" pin="1"/><net_sink comp="330" pin=0"/></net>

<net id="421"><net_src comp="302" pin="2"/><net_sink comp="418" pin=0"/></net>

<net id="422"><net_src comp="418" pin="1"/><net_sink comp="330" pin=1"/></net>

<net id="426"><net_src comp="307" pin="2"/><net_sink comp="423" pin=0"/></net>

<net id="427"><net_src comp="423" pin="1"/><net_sink comp="334" pin=0"/></net>

<net id="431"><net_src comp="312" pin="2"/><net_sink comp="428" pin=0"/></net>

<net id="432"><net_src comp="428" pin="1"/><net_sink comp="334" pin=1"/></net>

<net id="436"><net_src comp="182" pin="3"/><net_sink comp="433" pin=0"/></net>

<net id="437"><net_src comp="433" pin="1"/><net_sink comp="188" pin=16"/></net>

<net id="441"><net_src comp="344" pin="3"/><net_sink comp="438" pin=0"/></net>

<net id="442"><net_src comp="438" pin="1"/><net_sink comp="188" pin=15"/></net>

</net_list>

</model> 
---------------- Datapath Model END ------------------

* FSMD analyzer results:
  - Output states:
	Port: m_axis_video_V_data_V | {3 4 }
	Port: m_axis_video_V_keep_V | {3 4 }
	Port: m_axis_video_V_strb_V | {3 4 }
	Port: m_axis_video_V_user_V | {3 4 }
	Port: m_axis_video_V_last_V | {3 4 }
	Port: m_axis_video_V_id_V | {3 4 }
	Port: m_axis_video_V_dest_V | {3 4 }
 - Input state : 
	Port: v_frmbuf_rd : mm_video | {3 4 }
	Port: v_frmbuf_rd : width | {1 }
	Port: v_frmbuf_rd : height | {1 }
	Port: v_frmbuf_rd : stride | {1 }
	Port: v_frmbuf_rd : video_format | {1 }
	Port: v_frmbuf_rd : frm_buffer | {1 }
	Port: v_frmbuf_rd : frm_buffer2 | {1 }
	Port: v_frmbuf_rd : BYTES_PER_PIXEL | {1 2 }
	Port: v_frmbuf_rd : MEMORY2LIVE | {1 2 }
	Port: v_frmbuf_rd : mapComp | {3 4 }
  - Chain level:
	State 1
		BYTES_PER_PIXEL_addr : 1
		MuxLogicAddr_to_BYTES_PER_PIXEL_load : 2
		BYTES_PER_PIXEL_load : 2
		MEMORY2LIVE_addr : 1
		MuxLogicAddr_to_colorFormat : 2
		colorFormat : 2
	State 2
		BYTES_PER_PIXEL_load_cast : 1
		muxLogicI0_to_mul_ln229 : 2
		mul_ln229 : 2
		zext_ln216 : 1
		muxLogicI0_to_mul_ln216 : 2
		mul_ln216 : 2
	State 3
		zext_ln217 : 1
		call_ln233 : 1
	State 4
	State 5


============================================================
+ Verbose Summary: Datapath Resource usage 
============================================================

* Functional unit list:
|----------|---------------------------------------------|---------|---------|---------|---------|
| Operation|               Functional Unit               |   DSP   |  Delay  |    FF   |   LUT   |
|----------|---------------------------------------------|---------|---------|---------|---------|
|   call   |        grp_FrmbufRdHlsDataFlow_fu_188       |    1    |  9.702  |   4262  |   2974  |
|----------|---------------------------------------------|---------|---------|---------|---------|
|    mul   |               mul_ln229_fu_267              |    0    |    0    |    0    |    68   |
|          |               mul_ln216_fu_291              |    1    |    0    |    0    |    0    |
|----------|---------------------------------------------|---------|---------|---------|---------|
|          |              icmp_ln212_fu_297              |    0    |    0    |    0    |    6    |
|   icmp   |             icmp_ln212_1_fu_302             |    0    |    0    |    0    |    6    |
|          |             icmp_ln212_2_fu_307             |    0    |    0    |    0    |    6    |
|          |             icmp_ln212_3_fu_312             |    0    |    0    |    0    |    6    |
|----------|---------------------------------------------|---------|---------|---------|---------|
|  select  |             WidthInBytes_fu_344             |    0    |    0    |    0    |    15   |
|----------|---------------------------------------------|---------|---------|---------|---------|
|          |               or_ln212_fu_330               |    0    |    0    |    0    |    2    |
|    or    |              or_ln212_1_fu_334              |    0    |    0    |    0    |    2    |
|          |              or_ln212_2_fu_338              |    0    |    0    |    0    |    2    |
|----------|---------------------------------------------|---------|---------|---------|---------|
|          |         frm_buffer2_read_read_fu_126        |    0    |    0    |    0    |    0    |
|          |         frm_buffer_read_read_fu_132         |    0    |    0    |    0    |    0    |
|   read   |        video_format_read_read_fu_138        |    0    |    0    |    0    |    0    |
|          |           stride_read_read_fu_144           |    0    |    0    |    0    |    0    |
|          |           height_read_read_fu_150           |    0    |    0    |    0    |    0    |
|          |            width_read_read_fu_156           |    0    |    0    |    0    |    0    |
|----------|---------------------------------------------|---------|---------|---------|---------|
|          |    muxLogicCE_to_frm_buffer2_read_fu_218    |    0    |    0    |    0    |    0    |
|          |     muxLogicCE_to_frm_buffer_read_fu_220    |    0    |    0    |    0    |    0    |
|          |    muxLogicCE_to_video_format_read_fu_222   |    0    |    0    |    0    |    0    |
|          |       muxLogicCE_to_stride_read_fu_224      |    0    |    0    |    0    |    0    |
|          |       muxLogicCE_to_height_read_fu_226      |    0    |    0    |    0    |    0    |
| muxlogic |       muxLogicCE_to_width_read_fu_228       |    0    |    0    |    0    |    0    |
|          | MuxLogicAddr_to_BYTES_PER_PIXEL_load_fu_248 |    0    |    0    |    0    |    0    |
|          |      MuxLogicAddr_to_colorFormat_fu_252     |    0    |    0    |    0    |    0    |
|          |        muxLogicI0_to_mul_ln229_fu_260       |    0    |    0    |    0    |    0    |
|          |        muxLogicI1_to_mul_ln229_fu_264       |    0    |    0    |    0    |    0    |
|          |        muxLogicI0_to_mul_ln216_fu_283       |    0    |    0    |    0    |    0    |
|          |        muxLogicI1_to_mul_ln216_fu_287       |    0    |    0    |    0    |    0    |
|----------|---------------------------------------------|---------|---------|---------|---------|
|          |                 empty_fu_230                |    0    |    0    |    0    |    0    |
|   trunc  |               empty_74_fu_234               |    0    |    0    |    0    |    0    |
|          |               empty_75_fu_238               |    0    |    0    |    0    |    0    |
|----------|---------------------------------------------|---------|---------|---------|---------|
|          |              zext_ln229_fu_242              |    0    |    0    |    0    |    0    |
|   zext   |       BYTES_PER_PIXEL_load_cast_fu_256      |    0    |    0    |    0    |    0    |
|          |              zext_ln216_fu_279              |    0    |    0    |    0    |    0    |
|          |              zext_ln217_fu_326              |    0    |    0    |    0    |    0    |
|----------|---------------------------------------------|---------|---------|---------|---------|
|bitconcatenate|                shl_ln_fu_272                |    0    |    0    |    0    |    0    |
|----------|---------------------------------------------|---------|---------|---------|---------|
|partselect|                  tmp_fu_317                 |    0    |    0    |    0    |    0    |
|----------|---------------------------------------------|---------|---------|---------|---------|
|   Total  |                                             |    2    |  9.702  |   4262  |   3087  |
|----------|---------------------------------------------|---------|---------|---------|---------|

Memories:
+---------------+--------+--------+--------+
|               |  BRAM  |   FF   |   LUT  |
+---------------+--------+--------+--------+
|BYTES_PER_PIXEL|    1   |    0   |    0   |
|  MEMORY2LIVE  |    1   |    0   |    0   |
|    mapComp    |    1   |    0   |    0   |
+---------------+--------+--------+--------+
|     Total     |    3   |    0   |    0   |
+---------------+--------+--------+--------+

* Register list:
+----------------------------+--------+
|                            |   FF   |
+----------------------------+--------+
|BYTES_PER_PIXEL_addr_reg_393|    6   |
|  MEMORY2LIVE_addr_reg_398  |    6   |
|    WidthInBytes_reg_438    |   16   |
|     colorFormat_reg_433    |    2   |
|      empty_74_reg_378      |   13   |
|      empty_75_reg_384      |    6   |
|        empty_reg_373       |   13   |
|  frm_buffer2_read_reg_352  |   32   |
|   frm_buffer_read_reg_357  |   32   |
|    icmp_ln212_1_reg_418    |    1   |
|    icmp_ln212_2_reg_423    |    1   |
|    icmp_ln212_3_reg_428    |    1   |
|     icmp_ln212_reg_413     |    1   |
|      mul_ln216_reg_408     |   31   |
|      mul_ln229_reg_403     |   16   |
|     stride_read_reg_362    |   16   |
|     width_read_reg_367     |   16   |
+----------------------------+--------+
|            Total           |   209  |
+----------------------------+--------+

* Multiplexer (MUX) list: 
|--------------------------------|------|------|------|--------||---------||---------|
|              Comp              |  Pin | Size |  BW  | S x BW ||  Delay  ||   LUT   |
|--------------------------------|------|------|------|--------||---------||---------|
|        grp_access_fu_169       |  p0  |   2  |   6  |   12   ||    5    |
|        grp_access_fu_182       |  p0  |   2  |   6  |   12   ||    5    |
| grp_FrmbufRdHlsDataFlow_fu_188 |  p15 |   2  |  16  |   32   ||    15   |
|--------------------------------|------|------|------|--------||---------||---------|
|              Total             |      |      |      |   56   ||  1.188  ||    25   |
|--------------------------------|------|------|------|--------||---------||---------|



* Summary:
+-----------+--------+--------+--------+--------+--------+
|           |  BRAM  |   DSP  |  Delay |   FF   |   LUT  |
+-----------+--------+--------+--------+--------+--------+
|  Function |    -   |    2   |    9   |  4262  |  3087  |
|   Memory  |    3   |    -   |    -   |    0   |    0   |
|Multiplexer|    -   |    -   |    1   |    -   |   25   |
|  Register |    -   |    -   |    -   |   209  |    -   |
+-----------+--------+--------+--------+--------+--------+
|   Total   |    3   |    2   |   10   |  4471  |  3112  |
+-----------+--------+--------+--------+--------+--------+
