
*** Running vivado
    with args -log dpss_vck190_pt_bufg_gt_0.vds -m64 -product Vivado -mode batch -messageDb vivado.pb -notrace -source dpss_vck190_pt_bufg_gt_0.tcl



****** Vivado v2023.2 (64-bit)
  **** SW Build 4029153 on Fri Oct 13 20:14:34 MDT 2023
  **** IP Build 4028589 on Sat Oct 14 00:45:43 MDT 2023
  **** SharedData Build 4025554 on Tue Oct 10 17:18:54 MDT 2023
    ** Copyright 1986-2022 Xilinx, Inc. All Rights Reserved.
    ** Copyright 2022-2023 Advanced Micro Devices, Inc. All Rights Reserved.

source dpss_vck190_pt_bufg_gt_0.tcl -notrace
create_project: Time (s): cpu = 00:00:13 ; elapsed = 00:00:18 . Memory (MB): peak = 584.691 ; gain = 184.523
INFO: [IP_Flow 19-6924] IPCACHE: Running cache check for IP inst: dpss_vck190_pt_bufg_gt_0
Command: synth_design -top dpss_vck190_pt_bufg_gt_0 -part xcvc1902-vsva2197-2MP-e-S -incremental_mode off -mode out_of_context
Starting synth_design
Attempting to get a license for feature 'Synthesis' and/or device 'xcvc1902'
INFO: [Common 17-349] Got license for feature 'Synthesis' and/or device 'xcvc1902'
INFO: [Device 21-403] Loading part xcvc1902-vsva2197-2MP-e-S
INFO: [Synth 8-7079] Multithreading enabled for synth_design using a maximum of 2 processes.
INFO: [Synth 8-7078] Launching helper process for spawning children vivado processes
INFO: [Synth 8-7075] Helper process launched with PID 20692
---------------------------------------------------------------------------------
Starting RTL Elaboration : Time (s): cpu = 00:00:03 ; elapsed = 00:00:24 . Memory (MB): peak = 2010.391 ; gain = 437.414
---------------------------------------------------------------------------------
Abnormal program termination (EXCEPTION_ACCESS_VIOLATION)
Please check 'c:/Vulcan/Protocol/Display/v_dp_rxss1_0_ex/v_dp_rxss1_0_ex.runs/dpss_vck190_pt_bufg_gt_0_synth_1/hs_err_pid8856.log' for details
