==============================================================
Vitis HLS - High-Level Synthesis from C, C++ and OpenCL v2023.2 (64-bit)
Tool Version Limit: 2023.10
Copyright 1986-2022 Xilinx, Inc. All Rights Reserved.
Copyright 2022-2023 Advanced Micro Devices, Inc. All Rights Reserved.

==============================================================
INFO: [HLS 200-1505] Using default flow_target 'vivado'
INFO: [HLS 200-1510] Running: set_part xcvc1902-vsva2197-2mp-e-s 
INFO: [HLS 200-1611] Setting target device to 'xcvc1902-vsva2197-2MP-e-S'
INFO: [HLS 200-1510] Running: add_files -cflags  -I c:/Vulcan/Protocol/Display/v_dp_rxss1_0_ex/v_dp_rxss1_0_ex.gen/sources_1/bd/dpss_vck190_pt/ip/dpss_vck190_pt_v_frmbuf_rd_0_0/src/hls -I c:/Vulcan/Protocol/Display/v_dp_rxss1_0_ex/v_dp_rxss1_0_ex.gen/sources_1/bd/dpss_vck190_pt/ip/dpss_vck190_pt_v_frmbuf_rd_0_0/src  c:/Vulcan/Protocol/Display/v_dp_rxss1_0_ex/v_dp_rxss1_0_ex.gen/sources_1/bd/dpss_vck190_pt/ip/dpss_vck190_pt_v_frmbuf_rd_0_0/src/v_frmbuf_rd_config.h 
INFO: [HLS 200-10] Adding design file 'c:/Vulcan/Protocol/Display/v_dp_rxss1_0_ex/v_dp_rxss1_0_ex.gen/sources_1/bd/dpss_vck190_pt/ip/dpss_vck190_pt_v_frmbuf_rd_0_0/src/v_frmbuf_rd_config.h' to the project
INFO: [HLS 200-1510] Running: add_files -cflags  -I c:/Vulcan/Protocol/Display/v_dp_rxss1_0_ex/v_dp_rxss1_0_ex.gen/sources_1/bd/dpss_vck190_pt/ip/dpss_vck190_pt_v_frmbuf_rd_0_0/src/hls -I c:/Vulcan/Protocol/Display/v_dp_rxss1_0_ex/v_dp_rxss1_0_ex.gen/sources_1/bd/dpss_vck190_pt/ip/dpss_vck190_pt_v_frmbuf_rd_0_0/src  c:/Vulcan/Protocol/Display/v_dp_rxss1_0_ex/v_dp_rxss1_0_ex.gen/sources_1/bd/dpss_vck190_pt/ip/dpss_vck190_pt_v_frmbuf_rd_0_0/src/v_frmbuf_rd.cpp 
INFO: [HLS 200-10] Adding design file 'c:/Vulcan/Protocol/Display/v_dp_rxss1_0_ex/v_dp_rxss1_0_ex.gen/sources_1/bd/dpss_vck190_pt/ip/dpss_vck190_pt_v_frmbuf_rd_0_0/src/v_frmbuf_rd.cpp' to the project
INFO: [HLS 200-1510] Running: add_files -cflags  -I c:/Vulcan/Protocol/Display/v_dp_rxss1_0_ex/v_dp_rxss1_0_ex.gen/sources_1/bd/dpss_vck190_pt/ip/dpss_vck190_pt_v_frmbuf_rd_0_0/src/hls -I c:/Vulcan/Protocol/Display/v_dp_rxss1_0_ex/v_dp_rxss1_0_ex.gen/sources_1/bd/dpss_vck190_pt/ip/dpss_vck190_pt_v_frmbuf_rd_0_0/src  c:/Vulcan/Protocol/Display/v_dp_rxss1_0_ex/v_dp_rxss1_0_ex.gen/sources_1/bd/dpss_vck190_pt/ip/dpss_vck190_pt_v_frmbuf_rd_0_0/src/v_frmbuf_rd.h 
INFO: [HLS 200-10] Adding design file 'c:/Vulcan/Protocol/Display/v_dp_rxss1_0_ex/v_dp_rxss1_0_ex.gen/sources_1/bd/dpss_vck190_pt/ip/dpss_vck190_pt_v_frmbuf_rd_0_0/src/v_frmbuf_rd.h' to the project
INFO: [HLS 200-1510] Running: add_files -cflags  -I c:/Vulcan/Protocol/Display/v_dp_rxss1_0_ex/v_dp_rxss1_0_ex.gen/sources_1/bd/dpss_vck190_pt/ip/dpss_vck190_pt_v_frmbuf_rd_0_0/src/hls -I c:/Vulcan/Protocol/Display/v_dp_rxss1_0_ex/v_dp_rxss1_0_ex.gen/sources_1/bd/dpss_vck190_pt/ip/dpss_vck190_pt_v_frmbuf_rd_0_0/src  c:/Vulcan/Protocol/Display/v_dp_rxss1_0_ex/v_dp_rxss1_0_ex.gen/sources_1/bd/dpss_vck190_pt/ip/dpss_vck190_pt_v_frmbuf_rd_0_0/src/hls_video.h 
INFO: [HLS 200-10] Adding design file 'c:/Vulcan/Protocol/Display/v_dp_rxss1_0_ex/v_dp_rxss1_0_ex.gen/sources_1/bd/dpss_vck190_pt/ip/dpss_vck190_pt_v_frmbuf_rd_0_0/src/hls_video.h' to the project
INFO: [HLS 200-1510] Running: add_files -cflags  -I c:/Vulcan/Protocol/Display/v_dp_rxss1_0_ex/v_dp_rxss1_0_ex.gen/sources_1/bd/dpss_vck190_pt/ip/dpss_vck190_pt_v_frmbuf_rd_0_0/src/hls -I c:/Vulcan/Protocol/Display/v_dp_rxss1_0_ex/v_dp_rxss1_0_ex.gen/sources_1/bd/dpss_vck190_pt/ip/dpss_vck190_pt_v_frmbuf_rd_0_0/src  c:/Vulcan/Protocol/Display/v_dp_rxss1_0_ex/v_dp_rxss1_0_ex.gen/sources_1/bd/dpss_vck190_pt/ip/dpss_vck190_pt_v_frmbuf_rd_0_0/src/hls_opencv.h 
INFO: [HLS 200-10] Adding design file 'c:/Vulcan/Protocol/Display/v_dp_rxss1_0_ex/v_dp_rxss1_0_ex.gen/sources_1/bd/dpss_vck190_pt/ip/dpss_vck190_pt_v_frmbuf_rd_0_0/src/hls_opencv.h' to the project
INFO: [HLS 200-1510] Running: add_files -cflags  -I c:/Vulcan/Protocol/Display/v_dp_rxss1_0_ex/v_dp_rxss1_0_ex.gen/sources_1/bd/dpss_vck190_pt/ip/dpss_vck190_pt_v_frmbuf_rd_0_0/src/hls -I c:/Vulcan/Protocol/Display/v_dp_rxss1_0_ex/v_dp_rxss1_0_ex.gen/sources_1/bd/dpss_vck190_pt/ip/dpss_vck190_pt_v_frmbuf_rd_0_0/src  c:/Vulcan/Protocol/Display/v_dp_rxss1_0_ex/v_dp_rxss1_0_ex.gen/sources_1/bd/dpss_vck190_pt/ip/dpss_vck190_pt_v_frmbuf_rd_0_0/src/hls/hls_axi_io.h 
INFO: [HLS 200-10] Adding design file 'c:/Vulcan/Protocol/Display/v_dp_rxss1_0_ex/v_dp_rxss1_0_ex.gen/sources_1/bd/dpss_vck190_pt/ip/dpss_vck190_pt_v_frmbuf_rd_0_0/src/hls/hls_axi_io.h' to the project
INFO: [HLS 200-1510] Running: add_files -cflags  -I c:/Vulcan/Protocol/Display/v_dp_rxss1_0_ex/v_dp_rxss1_0_ex.gen/sources_1/bd/dpss_vck190_pt/ip/dpss_vck190_pt_v_frmbuf_rd_0_0/src/hls -I c:/Vulcan/Protocol/Display/v_dp_rxss1_0_ex/v_dp_rxss1_0_ex.gen/sources_1/bd/dpss_vck190_pt/ip/dpss_vck190_pt_v_frmbuf_rd_0_0/src  c:/Vulcan/Protocol/Display/v_dp_rxss1_0_ex/v_dp_rxss1_0_ex.gen/sources_1/bd/dpss_vck190_pt/ip/dpss_vck190_pt_v_frmbuf_rd_0_0/src/hls/hls_video_arithm.h 
INFO: [HLS 200-10] Adding design file 'c:/Vulcan/Protocol/Display/v_dp_rxss1_0_ex/v_dp_rxss1_0_ex.gen/sources_1/bd/dpss_vck190_pt/ip/dpss_vck190_pt_v_frmbuf_rd_0_0/src/hls/hls_video_arithm.h' to the project
INFO: [HLS 200-1510] Running: add_files -cflags  -I c:/Vulcan/Protocol/Display/v_dp_rxss1_0_ex/v_dp_rxss1_0_ex.gen/sources_1/bd/dpss_vck190_pt/ip/dpss_vck190_pt_v_frmbuf_rd_0_0/src/hls -I c:/Vulcan/Protocol/Display/v_dp_rxss1_0_ex/v_dp_rxss1_0_ex.gen/sources_1/bd/dpss_vck190_pt/ip/dpss_vck190_pt_v_frmbuf_rd_0_0/src  c:/Vulcan/Protocol/Display/v_dp_rxss1_0_ex/v_dp_rxss1_0_ex.gen/sources_1/bd/dpss_vck190_pt/ip/dpss_vck190_pt_v_frmbuf_rd_0_0/src/hls/hls_video_core.h 
INFO: [HLS 200-10] Adding design file 'c:/Vulcan/Protocol/Display/v_dp_rxss1_0_ex/v_dp_rxss1_0_ex.gen/sources_1/bd/dpss_vck190_pt/ip/dpss_vck190_pt_v_frmbuf_rd_0_0/src/hls/hls_video_core.h' to the project
INFO: [HLS 200-1510] Running: add_files -cflags  -I c:/Vulcan/Protocol/Display/v_dp_rxss1_0_ex/v_dp_rxss1_0_ex.gen/sources_1/bd/dpss_vck190_pt/ip/dpss_vck190_pt_v_frmbuf_rd_0_0/src/hls -I c:/Vulcan/Protocol/Display/v_dp_rxss1_0_ex/v_dp_rxss1_0_ex.gen/sources_1/bd/dpss_vck190_pt/ip/dpss_vck190_pt_v_frmbuf_rd_0_0/src  c:/Vulcan/Protocol/Display/v_dp_rxss1_0_ex/v_dp_rxss1_0_ex.gen/sources_1/bd/dpss_vck190_pt/ip/dpss_vck190_pt_v_frmbuf_rd_0_0/src/hls/hls_video_fast.h 
INFO: [HLS 200-10] Adding design file 'c:/Vulcan/Protocol/Display/v_dp_rxss1_0_ex/v_dp_rxss1_0_ex.gen/sources_1/bd/dpss_vck190_pt/ip/dpss_vck190_pt_v_frmbuf_rd_0_0/src/hls/hls_video_fast.h' to the project
INFO: [HLS 200-1510] Running: add_files -cflags  -I c:/Vulcan/Protocol/Display/v_dp_rxss1_0_ex/v_dp_rxss1_0_ex.gen/sources_1/bd/dpss_vck190_pt/ip/dpss_vck190_pt_v_frmbuf_rd_0_0/src/hls -I c:/Vulcan/Protocol/Display/v_dp_rxss1_0_ex/v_dp_rxss1_0_ex.gen/sources_1/bd/dpss_vck190_pt/ip/dpss_vck190_pt_v_frmbuf_rd_0_0/src  c:/Vulcan/Protocol/Display/v_dp_rxss1_0_ex/v_dp_rxss1_0_ex.gen/sources_1/bd/dpss_vck190_pt/ip/dpss_vck190_pt_v_frmbuf_rd_0_0/src/hls/hls_video_haar.h 
INFO: [HLS 200-10] Adding design file 'c:/Vulcan/Protocol/Display/v_dp_rxss1_0_ex/v_dp_rxss1_0_ex.gen/sources_1/bd/dpss_vck190_pt/ip/dpss_vck190_pt_v_frmbuf_rd_0_0/src/hls/hls_video_haar.h' to the project
INFO: [HLS 200-1510] Running: add_files -cflags  -I c:/Vulcan/Protocol/Display/v_dp_rxss1_0_ex/v_dp_rxss1_0_ex.gen/sources_1/bd/dpss_vck190_pt/ip/dpss_vck190_pt_v_frmbuf_rd_0_0/src/hls -I c:/Vulcan/Protocol/Display/v_dp_rxss1_0_ex/v_dp_rxss1_0_ex.gen/sources_1/bd/dpss_vck190_pt/ip/dpss_vck190_pt_v_frmbuf_rd_0_0/src  c:/Vulcan/Protocol/Display/v_dp_rxss1_0_ex/v_dp_rxss1_0_ex.gen/sources_1/bd/dpss_vck190_pt/ip/dpss_vck190_pt_v_frmbuf_rd_0_0/src/hls/hls_video_harris.h 
INFO: [HLS 200-10] Adding design file 'c:/Vulcan/Protocol/Display/v_dp_rxss1_0_ex/v_dp_rxss1_0_ex.gen/sources_1/bd/dpss_vck190_pt/ip/dpss_vck190_pt_v_frmbuf_rd_0_0/src/hls/hls_video_harris.h' to the project
INFO: [HLS 200-1510] Running: add_files -cflags  -I c:/Vulcan/Protocol/Display/v_dp_rxss1_0_ex/v_dp_rxss1_0_ex.gen/sources_1/bd/dpss_vck190_pt/ip/dpss_vck190_pt_v_frmbuf_rd_0_0/src/hls -I c:/Vulcan/Protocol/Display/v_dp_rxss1_0_ex/v_dp_rxss1_0_ex.gen/sources_1/bd/dpss_vck190_pt/ip/dpss_vck190_pt_v_frmbuf_rd_0_0/src  c:/Vulcan/Protocol/Display/v_dp_rxss1_0_ex/v_dp_rxss1_0_ex.gen/sources_1/bd/dpss_vck190_pt/ip/dpss_vck190_pt_v_frmbuf_rd_0_0/src/hls/hls_video_histogram.h 
INFO: [HLS 200-10] Adding design file 'c:/Vulcan/Protocol/Display/v_dp_rxss1_0_ex/v_dp_rxss1_0_ex.gen/sources_1/bd/dpss_vck190_pt/ip/dpss_vck190_pt_v_frmbuf_rd_0_0/src/hls/hls_video_histogram.h' to the project
INFO: [HLS 200-1510] Running: add_files -cflags  -I c:/Vulcan/Protocol/Display/v_dp_rxss1_0_ex/v_dp_rxss1_0_ex.gen/sources_1/bd/dpss_vck190_pt/ip/dpss_vck190_pt_v_frmbuf_rd_0_0/src/hls -I c:/Vulcan/Protocol/Display/v_dp_rxss1_0_ex/v_dp_rxss1_0_ex.gen/sources_1/bd/dpss_vck190_pt/ip/dpss_vck190_pt_v_frmbuf_rd_0_0/src  c:/Vulcan/Protocol/Display/v_dp_rxss1_0_ex/v_dp_rxss1_0_ex.gen/sources_1/bd/dpss_vck190_pt/ip/dpss_vck190_pt_v_frmbuf_rd_0_0/src/hls/hls_video_hough.h 
INFO: [HLS 200-10] Adding design file 'c:/Vulcan/Protocol/Display/v_dp_rxss1_0_ex/v_dp_rxss1_0_ex.gen/sources_1/bd/dpss_vck190_pt/ip/dpss_vck190_pt_v_frmbuf_rd_0_0/src/hls/hls_video_hough.h' to the project
INFO: [HLS 200-1510] Running: add_files -cflags  -I c:/Vulcan/Protocol/Display/v_dp_rxss1_0_ex/v_dp_rxss1_0_ex.gen/sources_1/bd/dpss_vck190_pt/ip/dpss_vck190_pt_v_frmbuf_rd_0_0/src/hls -I c:/Vulcan/Protocol/Display/v_dp_rxss1_0_ex/v_dp_rxss1_0_ex.gen/sources_1/bd/dpss_vck190_pt/ip/dpss_vck190_pt_v_frmbuf_rd_0_0/src  c:/Vulcan/Protocol/Display/v_dp_rxss1_0_ex/v_dp_rxss1_0_ex.gen/sources_1/bd/dpss_vck190_pt/ip/dpss_vck190_pt_v_frmbuf_rd_0_0/src/hls/hls_video_imgbase.h 
INFO: [HLS 200-10] Adding design file 'c:/Vulcan/Protocol/Display/v_dp_rxss1_0_ex/v_dp_rxss1_0_ex.gen/sources_1/bd/dpss_vck190_pt/ip/dpss_vck190_pt_v_frmbuf_rd_0_0/src/hls/hls_video_imgbase.h' to the project
INFO: [HLS 200-1510] Running: add_files -cflags  -I c:/Vulcan/Protocol/Display/v_dp_rxss1_0_ex/v_dp_rxss1_0_ex.gen/sources_1/bd/dpss_vck190_pt/ip/dpss_vck190_pt_v_frmbuf_rd_0_0/src/hls -I c:/Vulcan/Protocol/Display/v_dp_rxss1_0_ex/v_dp_rxss1_0_ex.gen/sources_1/bd/dpss_vck190_pt/ip/dpss_vck190_pt_v_frmbuf_rd_0_0/src  c:/Vulcan/Protocol/Display/v_dp_rxss1_0_ex/v_dp_rxss1_0_ex.gen/sources_1/bd/dpss_vck190_pt/ip/dpss_vck190_pt_v_frmbuf_rd_0_0/src/hls/hls_video_imgproc.h 
INFO: [HLS 200-10] Adding design file 'c:/Vulcan/Protocol/Display/v_dp_rxss1_0_ex/v_dp_rxss1_0_ex.gen/sources_1/bd/dpss_vck190_pt/ip/dpss_vck190_pt_v_frmbuf_rd_0_0/src/hls/hls_video_imgproc.h' to the project
INFO: [HLS 200-1510] Running: add_files -cflags  -I c:/Vulcan/Protocol/Display/v_dp_rxss1_0_ex/v_dp_rxss1_0_ex.gen/sources_1/bd/dpss_vck190_pt/ip/dpss_vck190_pt_v_frmbuf_rd_0_0/src/hls -I c:/Vulcan/Protocol/Display/v_dp_rxss1_0_ex/v_dp_rxss1_0_ex.gen/sources_1/bd/dpss_vck190_pt/ip/dpss_vck190_pt_v_frmbuf_rd_0_0/src  c:/Vulcan/Protocol/Display/v_dp_rxss1_0_ex/v_dp_rxss1_0_ex.gen/sources_1/bd/dpss_vck190_pt/ip/dpss_vck190_pt_v_frmbuf_rd_0_0/src/hls/hls_video_io.h 
INFO: [HLS 200-10] Adding design file 'c:/Vulcan/Protocol/Display/v_dp_rxss1_0_ex/v_dp_rxss1_0_ex.gen/sources_1/bd/dpss_vck190_pt/ip/dpss_vck190_pt_v_frmbuf_rd_0_0/src/hls/hls_video_io.h' to the project
INFO: [HLS 200-1510] Running: add_files -cflags  -I c:/Vulcan/Protocol/Display/v_dp_rxss1_0_ex/v_dp_rxss1_0_ex.gen/sources_1/bd/dpss_vck190_pt/ip/dpss_vck190_pt_v_frmbuf_rd_0_0/src/hls -I c:/Vulcan/Protocol/Display/v_dp_rxss1_0_ex/v_dp_rxss1_0_ex.gen/sources_1/bd/dpss_vck190_pt/ip/dpss_vck190_pt_v_frmbuf_rd_0_0/src  c:/Vulcan/Protocol/Display/v_dp_rxss1_0_ex/v_dp_rxss1_0_ex.gen/sources_1/bd/dpss_vck190_pt/ip/dpss_vck190_pt_v_frmbuf_rd_0_0/src/hls/hls_video_mem.h 
INFO: [HLS 200-10] Adding design file 'c:/Vulcan/Protocol/Display/v_dp_rxss1_0_ex/v_dp_rxss1_0_ex.gen/sources_1/bd/dpss_vck190_pt/ip/dpss_vck190_pt_v_frmbuf_rd_0_0/src/hls/hls_video_mem.h' to the project
INFO: [HLS 200-1510] Running: add_files -cflags  -I c:/Vulcan/Protocol/Display/v_dp_rxss1_0_ex/v_dp_rxss1_0_ex.gen/sources_1/bd/dpss_vck190_pt/ip/dpss_vck190_pt_v_frmbuf_rd_0_0/src/hls -I c:/Vulcan/Protocol/Display/v_dp_rxss1_0_ex/v_dp_rxss1_0_ex.gen/sources_1/bd/dpss_vck190_pt/ip/dpss_vck190_pt_v_frmbuf_rd_0_0/src  c:/Vulcan/Protocol/Display/v_dp_rxss1_0_ex/v_dp_rxss1_0_ex.gen/sources_1/bd/dpss_vck190_pt/ip/dpss_vck190_pt_v_frmbuf_rd_0_0/src/hls/hls_video_stereobm.h 
INFO: [HLS 200-10] Adding design file 'c:/Vulcan/Protocol/Display/v_dp_rxss1_0_ex/v_dp_rxss1_0_ex.gen/sources_1/bd/dpss_vck190_pt/ip/dpss_vck190_pt_v_frmbuf_rd_0_0/src/hls/hls_video_stereobm.h' to the project
INFO: [HLS 200-1510] Running: add_files -cflags  -I c:/Vulcan/Protocol/Display/v_dp_rxss1_0_ex/v_dp_rxss1_0_ex.gen/sources_1/bd/dpss_vck190_pt/ip/dpss_vck190_pt_v_frmbuf_rd_0_0/src/hls -I c:/Vulcan/Protocol/Display/v_dp_rxss1_0_ex/v_dp_rxss1_0_ex.gen/sources_1/bd/dpss_vck190_pt/ip/dpss_vck190_pt_v_frmbuf_rd_0_0/src  c:/Vulcan/Protocol/Display/v_dp_rxss1_0_ex/v_dp_rxss1_0_ex.gen/sources_1/bd/dpss_vck190_pt/ip/dpss_vck190_pt_v_frmbuf_rd_0_0/src/hls/hls_video_types.h 
INFO: [HLS 200-10] Adding design file 'c:/Vulcan/Protocol/Display/v_dp_rxss1_0_ex/v_dp_rxss1_0_ex.gen/sources_1/bd/dpss_vck190_pt/ip/dpss_vck190_pt_v_frmbuf_rd_0_0/src/hls/hls_video_types.h' to the project
INFO: [HLS 200-1510] Running: add_files -cflags  -I c:/Vulcan/Protocol/Display/v_dp_rxss1_0_ex/v_dp_rxss1_0_ex.gen/sources_1/bd/dpss_vck190_pt/ip/dpss_vck190_pt_v_frmbuf_rd_0_0/src/hls -I c:/Vulcan/Protocol/Display/v_dp_rxss1_0_ex/v_dp_rxss1_0_ex.gen/sources_1/bd/dpss_vck190_pt/ip/dpss_vck190_pt_v_frmbuf_rd_0_0/src  c:/Vulcan/Protocol/Display/v_dp_rxss1_0_ex/v_dp_rxss1_0_ex.gen/sources_1/bd/dpss_vck190_pt/ip/dpss_vck190_pt_v_frmbuf_rd_0_0/src/hls/hls_video_undistort.h 
INFO: [HLS 200-10] Adding design file 'c:/Vulcan/Protocol/Display/v_dp_rxss1_0_ex/v_dp_rxss1_0_ex.gen/sources_1/bd/dpss_vck190_pt/ip/dpss_vck190_pt_v_frmbuf_rd_0_0/src/hls/hls_video_undistort.h' to the project
INFO: [HLS 200-1510] Running: create_clock -period 3.333 -name ap_clk 
INFO: [SYN 201-201] Setting up clock 'ap_clk' with a period of 3.333ns.
INFO: [HLS 200-1510] Running: config_rtl -reset all 
INFO: [HLS 200-1510] Running: config_interface -m_axi_flush_mode 
INFO: [HLS 200-1510] Running: config_interface -m_axi_conservative_mode 
INFO: [HLS 200-1510] Running: config_interface -m_axi_addr64=false 
INFO: [HLS 200-1510] Running: config_rtl -module_prefix dpss_vck190_pt_v_frmbuf_rd_0_0_ 
INFO: [HLS 200-1510] Running: config_export -vendor xilinx.com -library ip -version 2.5 
INFO: [HLS 200-1510] Running: csynth_design 
INFO: [HLS 200-111] Finished File checks and directory preparation: CPU user time: 0 seconds. CPU system time: 0 seconds. Elapsed time: 0.191 seconds; current allocated memory: 190.492 MB.
INFO: [HLS 200-10] Analyzing design file 'c:/Vulcan/Protocol/Display/v_dp_rxss1_0_ex/v_dp_rxss1_0_ex.gen/sources_1/bd/dpss_vck190_pt/ip/dpss_vck190_pt_v_frmbuf_rd_0_0/src/v_frmbuf_rd.cpp' ... 
WARNING: [HLS 207-5292] unused parameter 'srcImg3' (C:/Vulcan/Protocol/Display/v_dp_rxss1_0_ex/v_dp_rxss1_0_ex.runs/dpss_vck190_pt_v_frmbuf_rd_0_0_synth_1/prj/sol/.autopilot/db/v_frmbuf_rd.cpp:506:9)
INFO: [HLS 200-111] Finished Source Code Analysis and Preprocessing: CPU user time: 4 seconds. CPU system time: 0 seconds. Elapsed time: 101 seconds; current allocated memory: 192.324 MB.
INFO: [HLS 200-777] Using interface defaults for 'Vivado' flow target.
INFO: [HLS 200-1995] There were 5,488 instructions in the design after the 'Compile/Link' phase of compilation. See the Design Size Report for more details: C:/Vulcan/Protocol/Display/v_dp_rxss1_0_ex/v_dp_rxss1_0_ex.runs/dpss_vck190_pt_v_frmbuf_rd_0_0_synth_1/prj/sol/syn/report/csynth_design_size.rpt
INFO: [HLS 200-1995] There were 3,067 instructions in the design after the 'Unroll/Inline (step 1)' phase of compilation. See the Design Size Report for more details: C:/Vulcan/Protocol/Display/v_dp_rxss1_0_ex/v_dp_rxss1_0_ex.runs/dpss_vck190_pt_v_frmbuf_rd_0_0_synth_1/prj/sol/syn/report/csynth_design_size.rpt
INFO: [HLS 200-1995] There were 2,046 instructions in the design after the 'Unroll/Inline (step 2)' phase of compilation. See the Design Size Report for more details: C:/Vulcan/Protocol/Display/v_dp_rxss1_0_ex/v_dp_rxss1_0_ex.runs/dpss_vck190_pt_v_frmbuf_rd_0_0_synth_1/prj/sol/syn/report/csynth_design_size.rpt
INFO: [HLS 200-1995] There were 1,770 instructions in the design after the 'Unroll/Inline (step 3)' phase of compilation. See the Design Size Report for more details: C:/Vulcan/Protocol/Display/v_dp_rxss1_0_ex/v_dp_rxss1_0_ex.runs/dpss_vck190_pt_v_frmbuf_rd_0_0_synth_1/prj/sol/syn/report/csynth_design_size.rpt
INFO: [HLS 200-1995] There were 1,809 instructions in the design after the 'Unroll/Inline (step 4)' phase of compilation. See the Design Size Report for more details: C:/Vulcan/Protocol/Display/v_dp_rxss1_0_ex/v_dp_rxss1_0_ex.runs/dpss_vck190_pt_v_frmbuf_rd_0_0_synth_1/prj/sol/syn/report/csynth_design_size.rpt
INFO: [HLS 200-1995] There were 1,941 instructions in the design after the 'Array/Struct (step 1)' phase of compilation. See the Design Size Report for more details: C:/Vulcan/Protocol/Display/v_dp_rxss1_0_ex/v_dp_rxss1_0_ex.runs/dpss_vck190_pt_v_frmbuf_rd_0_0_synth_1/prj/sol/syn/report/csynth_design_size.rpt
INFO: [HLS 200-1995] There were 1,586 instructions in the design after the 'Array/Struct (step 2)' phase of compilation. See the Design Size Report for more details: C:/Vulcan/Protocol/Display/v_dp_rxss1_0_ex/v_dp_rxss1_0_ex.runs/dpss_vck190_pt_v_frmbuf_rd_0_0_synth_1/prj/sol/syn/report/csynth_design_size.rpt
INFO: [HLS 200-1995] There were 1,607 instructions in the design after the 'Array/Struct (step 3)' phase of compilation. See the Design Size Report for more details: C:/Vulcan/Protocol/Display/v_dp_rxss1_0_ex/v_dp_rxss1_0_ex.runs/dpss_vck190_pt_v_frmbuf_rd_0_0_synth_1/prj/sol/syn/report/csynth_design_size.rpt
INFO: [HLS 200-1995] There were 3,355 instructions in the design after the 'Array/Struct (step 4)' phase of compilation. See the Design Size Report for more details: C:/Vulcan/Protocol/Display/v_dp_rxss1_0_ex/v_dp_rxss1_0_ex.runs/dpss_vck190_pt_v_frmbuf_rd_0_0_synth_1/prj/sol/syn/report/csynth_design_size.rpt
INFO: [HLS 200-1995] There were 3,429 instructions in the design after the 'Array/Struct (step 5)' phase of compilation. See the Design Size Report for more details: C:/Vulcan/Protocol/Display/v_dp_rxss1_0_ex/v_dp_rxss1_0_ex.runs/dpss_vck190_pt_v_frmbuf_rd_0_0_synth_1/prj/sol/syn/report/csynth_design_size.rpt
INFO: [HLS 200-1995] There were 3,387 instructions in the design after the 'Performance (step 1)' phase of compilation. See the Design Size Report for more details: C:/Vulcan/Protocol/Display/v_dp_rxss1_0_ex/v_dp_rxss1_0_ex.runs/dpss_vck190_pt_v_frmbuf_rd_0_0_synth_1/prj/sol/syn/report/csynth_design_size.rpt
INFO: [HLS 200-1995] There were 3,376 instructions in the design after the 'Performance (step 2)' phase of compilation. See the Design Size Report for more details: C:/Vulcan/Protocol/Display/v_dp_rxss1_0_ex/v_dp_rxss1_0_ex.runs/dpss_vck190_pt_v_frmbuf_rd_0_0_synth_1/prj/sol/syn/report/csynth_design_size.rpt
INFO: [HLS 200-1995] There were 3,357 instructions in the design after the 'Performance (step 3)' phase of compilation. See the Design Size Report for more details: C:/Vulcan/Protocol/Display/v_dp_rxss1_0_ex/v_dp_rxss1_0_ex.runs/dpss_vck190_pt_v_frmbuf_rd_0_0_synth_1/prj/sol/syn/report/csynth_design_size.rpt
INFO: [HLS 200-1995] There were 3,357 instructions in the design after the 'Performance (step 4)' phase of compilation. See the Design Size Report for more details: C:/Vulcan/Protocol/Display/v_dp_rxss1_0_ex/v_dp_rxss1_0_ex.runs/dpss_vck190_pt_v_frmbuf_rd_0_0_synth_1/prj/sol/syn/report/csynth_design_size.rpt
INFO: [HLS 200-1995] There were 2,883 instructions in the design after the 'HW Transforms (step 1)' phase of compilation. See the Design Size Report for more details: C:/Vulcan/Protocol/Display/v_dp_rxss1_0_ex/v_dp_rxss1_0_ex.runs/dpss_vck190_pt_v_frmbuf_rd_0_0_synth_1/prj/sol/syn/report/csynth_design_size.rpt
INFO: [HLS 200-1995] There were 3,419 instructions in the design after the 'HW Transforms (step 2)' phase of compilation. See the Design Size Report for more details: C:/Vulcan/Protocol/Display/v_dp_rxss1_0_ex/v_dp_rxss1_0_ex.runs/dpss_vck190_pt_v_frmbuf_rd_0_0_synth_1/prj/sol/syn/report/csynth_design_size.rpt
INFO: [HLS 214-131] Inlining function 'hls::Scalar<12, ap_uint<10> >::Scalar()' into 'Bytes2MultiPixStream(STREAM_PLANES&, hls::stream<hls::Scalar<12, ap_uint<10> >, 0>&, unsigned short const&, unsigned short const&, unsigned short const&, unsigned short const&)' (C:/Vulcan/Protocol/Display/v_dp_rxss1_0_ex/v_dp_rxss1_0_ex.runs/dpss_vck190_pt_v_frmbuf_rd_0_0_synth_1/prj/sol/.autopilot/db/v_frmbuf_rd.cpp:911:18)
INFO: [HLS 214-131] Inlining function 'hls::Scalar<12, ap_uint<10> >::Scalar()' into 'Bytes2MultiPixStream(STREAM_PLANES&, hls::stream<hls::Scalar<12, ap_uint<10> >, 0>&, unsigned short const&, unsigned short const&, unsigned short const&, unsigned short const&)' (C:/Vulcan/Protocol/Display/v_dp_rxss1_0_ex/v_dp_rxss1_0_ex.runs/dpss_vck190_pt_v_frmbuf_rd_0_0_synth_1/prj/sol/.autopilot/db/v_frmbuf_rd.cpp:1403:18)
INFO: [HLS 214-131] Inlining function 'hls::Scalar<12, ap_uint<10> >::Scalar()' into 'Bytes2MultiPixStream(STREAM_PLANES&, hls::stream<hls::Scalar<12, ap_uint<10> >, 0>&, unsigned short const&, unsigned short const&, unsigned short const&, unsigned short const&)' (C:/Vulcan/Protocol/Display/v_dp_rxss1_0_ex/v_dp_rxss1_0_ex.runs/dpss_vck190_pt_v_frmbuf_rd_0_0_synth_1/prj/sol/.autopilot/db/v_frmbuf_rd.cpp:1152:20)
INFO: [HLS 214-131] Inlining function 'hls::Scalar<12, ap_uint<10> >::Scalar()' into 'Bytes2MultiPixStream(STREAM_PLANES&, hls::stream<hls::Scalar<12, ap_uint<10> >, 0>&, unsigned short const&, unsigned short const&, unsigned short const&, unsigned short const&)' (C:/Vulcan/Protocol/Display/v_dp_rxss1_0_ex/v_dp_rxss1_0_ex.runs/dpss_vck190_pt_v_frmbuf_rd_0_0_synth_1/prj/sol/.autopilot/db/v_frmbuf_rd.cpp:1069:18)
INFO: [HLS 214-131] Inlining function 'hls::Scalar<12, ap_uint<10> >::Scalar()' into 'MultiPixStream2AXIvideo(hls::stream<hls::Scalar<12, ap_uint<10> >, 0>&, hls::stream<hls::axis<ap_uint<120>, 1ul, 1ul, 1ul, (unsigned char)56, false>, 0>&, unsigned short&, unsigned short&, unsigned short&)' (C:/Vulcan/Protocol/Display/v_dp_rxss1_0_ex/v_dp_rxss1_0_ex.runs/dpss_vck190_pt_v_frmbuf_rd_0_0_synth_1/prj/sol/.autopilot/db/v_frmbuf_rd.cpp:285:18)
INFO: [HLS 214-377] Adding 'pix' into disaggregation list because there's array-partition pragma applied on the struct field (c:/Vulcan/Protocol/Display/v_dp_rxss1_0_ex/v_dp_rxss1_0_ex.gen/sources_1/bd/dpss_vck190_pt/ip/dpss_vck190_pt_v_frmbuf_rd_0_0/src/hls/hls_video_core.h:198:9)
INFO: [HLS 214-377] Adding 'pix168' into disaggregation list because there's array-partition pragma applied on the struct field (c:/Vulcan/Protocol/Display/v_dp_rxss1_0_ex/v_dp_rxss1_0_ex.gen/sources_1/bd/dpss_vck190_pt/ip/dpss_vck190_pt_v_frmbuf_rd_0_0/src/hls/hls_video_core.h:198:9)
INFO: [HLS 214-377] Adding 'pix270' into disaggregation list because there's array-partition pragma applied on the struct field (c:/Vulcan/Protocol/Display/v_dp_rxss1_0_ex/v_dp_rxss1_0_ex.gen/sources_1/bd/dpss_vck190_pt/ip/dpss_vck190_pt_v_frmbuf_rd_0_0/src/hls/hls_video_core.h:198:9)
INFO: [HLS 214-377] Adding 'pix457' into disaggregation list because there's array-partition pragma applied on the struct field (c:/Vulcan/Protocol/Display/v_dp_rxss1_0_ex/v_dp_rxss1_0_ex.gen/sources_1/bd/dpss_vck190_pt/ip/dpss_vck190_pt_v_frmbuf_rd_0_0/src/hls/hls_video_core.h:198:9)
INFO: [HLS 214-377] Adding 'bytePlanes' into disaggregation list because there's stream pragma applied on the struct field (C:/Vulcan/Protocol/Display/v_dp_rxss1_0_ex/v_dp_rxss1_0_ex.runs/dpss_vck190_pt_v_frmbuf_rd_0_0_synth_1/prj/sol/.autopilot/db/v_frmbuf_rd.cpp:87:9)
INFO: [HLS 214-377] Adding 'bytePlanes' into disaggregation list because there's stream pragma applied on the struct field (C:/Vulcan/Protocol/Display/v_dp_rxss1_0_ex/v_dp_rxss1_0_ex.runs/dpss_vck190_pt_v_frmbuf_rd_0_0_synth_1/prj/sol/.autopilot/db/v_frmbuf_rd.cpp:83:9)
INFO: [HLS 214-210] Disaggregating variable 'pix457' (C:/Vulcan/Protocol/Display/v_dp_rxss1_0_ex/v_dp_rxss1_0_ex.runs/dpss_vck190_pt_v_frmbuf_rd_0_0_synth_1/prj/sol/.autopilot/db/v_frmbuf_rd.cpp:1403:18)
INFO: [HLS 214-210] Disaggregating variable 'pix270' (C:/Vulcan/Protocol/Display/v_dp_rxss1_0_ex/v_dp_rxss1_0_ex.runs/dpss_vck190_pt_v_frmbuf_rd_0_0_synth_1/prj/sol/.autopilot/db/v_frmbuf_rd.cpp:1152:20)
INFO: [HLS 214-210] Disaggregating variable 'pix168' (C:/Vulcan/Protocol/Display/v_dp_rxss1_0_ex/v_dp_rxss1_0_ex.runs/dpss_vck190_pt_v_frmbuf_rd_0_0_synth_1/prj/sol/.autopilot/db/v_frmbuf_rd.cpp:1069:18)
INFO: [HLS 214-210] Disaggregating variable 'pix' (C:/Vulcan/Protocol/Display/v_dp_rxss1_0_ex/v_dp_rxss1_0_ex.runs/dpss_vck190_pt_v_frmbuf_rd_0_0_synth_1/prj/sol/.autopilot/db/v_frmbuf_rd.cpp:911:18)
INFO: [HLS 214-210] Disaggregating variable 'pix' (C:/Vulcan/Protocol/Display/v_dp_rxss1_0_ex/v_dp_rxss1_0_ex.runs/dpss_vck190_pt_v_frmbuf_rd_0_0_synth_1/prj/sol/.autopilot/db/v_frmbuf_rd.cpp:285:18)
INFO: [HLS 214-210] Disaggregating variable 'bytePlanes' (C:/Vulcan/Protocol/Display/v_dp_rxss1_0_ex/v_dp_rxss1_0_ex.runs/dpss_vck190_pt_v_frmbuf_rd_0_0_synth_1/prj/sol/.autopilot/db/v_frmbuf_rd.cpp:82:16)
INFO: [HLS 214-291] Loop 'VITIS_LOOP_377_4' is marked as complete unroll implied by the pipeline pragma (C:/Vulcan/Protocol/Display/v_dp_rxss1_0_ex/v_dp_rxss1_0_ex.runs/dpss_vck190_pt_v_frmbuf_rd_0_0_synth_1/prj/sol/.autopilot/db/v_frmbuf_rd.cpp:377:22)
INFO: [HLS 214-291] Loop 'VITIS_LOOP_379_5' is marked as complete unroll implied by the pipeline pragma (C:/Vulcan/Protocol/Display/v_dp_rxss1_0_ex/v_dp_rxss1_0_ex.runs/dpss_vck190_pt_v_frmbuf_rd_0_0_synth_1/prj/sol/.autopilot/db/v_frmbuf_rd.cpp:379:23)
INFO: [HLS 214-291] Loop 'VITIS_LOOP_921_2' is marked as complete unroll implied by the pipeline pragma (C:/Vulcan/Protocol/Display/v_dp_rxss1_0_ex/v_dp_rxss1_0_ex.runs/dpss_vck190_pt_v_frmbuf_rd_0_0_synth_1/prj/sol/.autopilot/db/v_frmbuf_rd.cpp:921:23)
INFO: [HLS 214-291] Loop 'VITIS_LOOP_933_3' is marked as complete unroll implied by the pipeline pragma (C:/Vulcan/Protocol/Display/v_dp_rxss1_0_ex/v_dp_rxss1_0_ex.runs/dpss_vck190_pt_v_frmbuf_rd_0_0_synth_1/prj/sol/.autopilot/db/v_frmbuf_rd.cpp:933:24)
INFO: [HLS 214-291] Loop 'VITIS_LOOP_939_4' is marked as complete unroll implied by the pipeline pragma (C:/Vulcan/Protocol/Display/v_dp_rxss1_0_ex/v_dp_rxss1_0_ex.runs/dpss_vck190_pt_v_frmbuf_rd_0_0_synth_1/prj/sol/.autopilot/db/v_frmbuf_rd.cpp:939:23)
INFO: [HLS 214-291] Loop 'VITIS_LOOP_941_5' is marked as complete unroll implied by the pipeline pragma (C:/Vulcan/Protocol/Display/v_dp_rxss1_0_ex/v_dp_rxss1_0_ex.runs/dpss_vck190_pt_v_frmbuf_rd_0_0_synth_1/prj/sol/.autopilot/db/v_frmbuf_rd.cpp:941:24)
INFO: [HLS 214-291] Loop 'VITIS_LOOP_1079_7' is marked as complete unroll implied by the pipeline pragma (C:/Vulcan/Protocol/Display/v_dp_rxss1_0_ex/v_dp_rxss1_0_ex.runs/dpss_vck190_pt_v_frmbuf_rd_0_0_synth_1/prj/sol/.autopilot/db/v_frmbuf_rd.cpp:1079:24)
INFO: [HLS 214-291] Loop 'VITIS_LOOP_1081_8' is marked as complete unroll implied by the pipeline pragma (C:/Vulcan/Protocol/Display/v_dp_rxss1_0_ex/v_dp_rxss1_0_ex.runs/dpss_vck190_pt_v_frmbuf_rd_0_0_synth_1/prj/sol/.autopilot/db/v_frmbuf_rd.cpp:1081:25)
INFO: [HLS 214-291] Loop 'VITIS_LOOP_1169_10' is marked as complete unroll implied by the pipeline pragma (C:/Vulcan/Protocol/Display/v_dp_rxss1_0_ex/v_dp_rxss1_0_ex.runs/dpss_vck190_pt_v_frmbuf_rd_0_0_synth_1/prj/sol/.autopilot/db/v_frmbuf_rd.cpp:1169:25)
INFO: [HLS 214-291] Loop 'VITIS_LOOP_1171_11' is marked as complete unroll implied by the pipeline pragma (C:/Vulcan/Protocol/Display/v_dp_rxss1_0_ex/v_dp_rxss1_0_ex.runs/dpss_vck190_pt_v_frmbuf_rd_0_0_synth_1/prj/sol/.autopilot/db/v_frmbuf_rd.cpp:1171:26)
INFO: [HLS 214-291] Loop 'VITIS_LOOP_1412_13' is marked as complete unroll implied by the pipeline pragma (C:/Vulcan/Protocol/Display/v_dp_rxss1_0_ex/v_dp_rxss1_0_ex.runs/dpss_vck190_pt_v_frmbuf_rd_0_0_synth_1/prj/sol/.autopilot/db/v_frmbuf_rd.cpp:1412:25)
INFO: [HLS 214-291] Loop 'VITIS_LOOP_1414_14' is marked as complete unroll implied by the pipeline pragma (C:/Vulcan/Protocol/Display/v_dp_rxss1_0_ex/v_dp_rxss1_0_ex.runs/dpss_vck190_pt_v_frmbuf_rd_0_0_synth_1/prj/sol/.autopilot/db/v_frmbuf_rd.cpp:1414:26)
INFO: [HLS 214-186] Unrolling loop 'VITIS_LOOP_377_4' (C:/Vulcan/Protocol/Display/v_dp_rxss1_0_ex/v_dp_rxss1_0_ex.runs/dpss_vck190_pt_v_frmbuf_rd_0_0_synth_1/prj/sol/.autopilot/db/v_frmbuf_rd.cpp:377:22) in function 'MultiPixStream2AXIvideo' completely with a factor of 4 (C:/Vulcan/Protocol/Display/v_dp_rxss1_0_ex/v_dp_rxss1_0_ex.runs/dpss_vck190_pt_v_frmbuf_rd_0_0_synth_1/prj/sol/.autopilot/db/v_frmbuf_rd.cpp:284:0)
INFO: [HLS 214-186] Unrolling loop 'VITIS_LOOP_379_5' (C:/Vulcan/Protocol/Display/v_dp_rxss1_0_ex/v_dp_rxss1_0_ex.runs/dpss_vck190_pt_v_frmbuf_rd_0_0_synth_1/prj/sol/.autopilot/db/v_frmbuf_rd.cpp:379:23) in function 'MultiPixStream2AXIvideo' completely with a factor of 3 (C:/Vulcan/Protocol/Display/v_dp_rxss1_0_ex/v_dp_rxss1_0_ex.runs/dpss_vck190_pt_v_frmbuf_rd_0_0_synth_1/prj/sol/.autopilot/db/v_frmbuf_rd.cpp:284:0)
INFO: [HLS 214-186] Unrolling loop 'VITIS_LOOP_921_2' (C:/Vulcan/Protocol/Display/v_dp_rxss1_0_ex/v_dp_rxss1_0_ex.runs/dpss_vck190_pt_v_frmbuf_rd_0_0_synth_1/prj/sol/.autopilot/db/v_frmbuf_rd.cpp:921:23) in function 'Bytes2MultiPixStream' completely with a factor of 8 (C:/Vulcan/Protocol/Display/v_dp_rxss1_0_ex/v_dp_rxss1_0_ex.runs/dpss_vck190_pt_v_frmbuf_rd_0_0_synth_1/prj/sol/.autopilot/db/v_frmbuf_rd.cpp:662:0)
INFO: [HLS 214-186] Unrolling loop 'VITIS_LOOP_933_3' (C:/Vulcan/Protocol/Display/v_dp_rxss1_0_ex/v_dp_rxss1_0_ex.runs/dpss_vck190_pt_v_frmbuf_rd_0_0_synth_1/prj/sol/.autopilot/db/v_frmbuf_rd.cpp:933:24) in function 'Bytes2MultiPixStream' completely with a factor of 8 (C:/Vulcan/Protocol/Display/v_dp_rxss1_0_ex/v_dp_rxss1_0_ex.runs/dpss_vck190_pt_v_frmbuf_rd_0_0_synth_1/prj/sol/.autopilot/db/v_frmbuf_rd.cpp:662:0)
INFO: [HLS 214-186] Unrolling loop 'VITIS_LOOP_939_4' (C:/Vulcan/Protocol/Display/v_dp_rxss1_0_ex/v_dp_rxss1_0_ex.runs/dpss_vck190_pt_v_frmbuf_rd_0_0_synth_1/prj/sol/.autopilot/db/v_frmbuf_rd.cpp:939:23) in function 'Bytes2MultiPixStream' completely with a factor of 6 (C:/Vulcan/Protocol/Display/v_dp_rxss1_0_ex/v_dp_rxss1_0_ex.runs/dpss_vck190_pt_v_frmbuf_rd_0_0_synth_1/prj/sol/.autopilot/db/v_frmbuf_rd.cpp:662:0)
INFO: [HLS 214-186] Unrolling loop 'VITIS_LOOP_941_5' (C:/Vulcan/Protocol/Display/v_dp_rxss1_0_ex/v_dp_rxss1_0_ex.runs/dpss_vck190_pt_v_frmbuf_rd_0_0_synth_1/prj/sol/.autopilot/db/v_frmbuf_rd.cpp:941:24) in function 'Bytes2MultiPixStream' completely with a factor of 4 (C:/Vulcan/Protocol/Display/v_dp_rxss1_0_ex/v_dp_rxss1_0_ex.runs/dpss_vck190_pt_v_frmbuf_rd_0_0_synth_1/prj/sol/.autopilot/db/v_frmbuf_rd.cpp:662:0)
INFO: [HLS 214-186] Unrolling loop 'VITIS_LOOP_1079_7' (C:/Vulcan/Protocol/Display/v_dp_rxss1_0_ex/v_dp_rxss1_0_ex.runs/dpss_vck190_pt_v_frmbuf_rd_0_0_synth_1/prj/sol/.autopilot/db/v_frmbuf_rd.cpp:1079:24) in function 'Bytes2MultiPixStream' completely with a factor of 4 (C:/Vulcan/Protocol/Display/v_dp_rxss1_0_ex/v_dp_rxss1_0_ex.runs/dpss_vck190_pt_v_frmbuf_rd_0_0_synth_1/prj/sol/.autopilot/db/v_frmbuf_rd.cpp:662:0)
INFO: [HLS 214-186] Unrolling loop 'VITIS_LOOP_1081_8' (C:/Vulcan/Protocol/Display/v_dp_rxss1_0_ex/v_dp_rxss1_0_ex.runs/dpss_vck190_pt_v_frmbuf_rd_0_0_synth_1/prj/sol/.autopilot/db/v_frmbuf_rd.cpp:1081:25) in function 'Bytes2MultiPixStream' completely with a factor of 4 (C:/Vulcan/Protocol/Display/v_dp_rxss1_0_ex/v_dp_rxss1_0_ex.runs/dpss_vck190_pt_v_frmbuf_rd_0_0_synth_1/prj/sol/.autopilot/db/v_frmbuf_rd.cpp:662:0)
INFO: [HLS 214-186] Unrolling loop 'VITIS_LOOP_1169_10' (C:/Vulcan/Protocol/Display/v_dp_rxss1_0_ex/v_dp_rxss1_0_ex.runs/dpss_vck190_pt_v_frmbuf_rd_0_0_synth_1/prj/sol/.autopilot/db/v_frmbuf_rd.cpp:1169:25) in function 'Bytes2MultiPixStream' completely with a factor of 8 (C:/Vulcan/Protocol/Display/v_dp_rxss1_0_ex/v_dp_rxss1_0_ex.runs/dpss_vck190_pt_v_frmbuf_rd_0_0_synth_1/prj/sol/.autopilot/db/v_frmbuf_rd.cpp:662:0)
INFO: [HLS 214-186] Unrolling loop 'VITIS_LOOP_1171_11' (C:/Vulcan/Protocol/Display/v_dp_rxss1_0_ex/v_dp_rxss1_0_ex.runs/dpss_vck190_pt_v_frmbuf_rd_0_0_synth_1/prj/sol/.autopilot/db/v_frmbuf_rd.cpp:1171:26) in function 'Bytes2MultiPixStream' completely with a factor of 4 (C:/Vulcan/Protocol/Display/v_dp_rxss1_0_ex/v_dp_rxss1_0_ex.runs/dpss_vck190_pt_v_frmbuf_rd_0_0_synth_1/prj/sol/.autopilot/db/v_frmbuf_rd.cpp:662:0)
INFO: [HLS 214-186] Unrolling loop 'VITIS_LOOP_1412_13' (C:/Vulcan/Protocol/Display/v_dp_rxss1_0_ex/v_dp_rxss1_0_ex.runs/dpss_vck190_pt_v_frmbuf_rd_0_0_synth_1/prj/sol/.autopilot/db/v_frmbuf_rd.cpp:1412:25) in function 'Bytes2MultiPixStream' completely with a factor of 2 (C:/Vulcan/Protocol/Display/v_dp_rxss1_0_ex/v_dp_rxss1_0_ex.runs/dpss_vck190_pt_v_frmbuf_rd_0_0_synth_1/prj/sol/.autopilot/db/v_frmbuf_rd.cpp:662:0)
INFO: [HLS 214-186] Unrolling loop 'VITIS_LOOP_1414_14' (C:/Vulcan/Protocol/Display/v_dp_rxss1_0_ex/v_dp_rxss1_0_ex.runs/dpss_vck190_pt_v_frmbuf_rd_0_0_synth_1/prj/sol/.autopilot/db/v_frmbuf_rd.cpp:1414:26) in function 'Bytes2MultiPixStream' completely with a factor of 4 (C:/Vulcan/Protocol/Display/v_dp_rxss1_0_ex/v_dp_rxss1_0_ex.runs/dpss_vck190_pt_v_frmbuf_rd_0_0_synth_1/prj/sol/.autopilot/db/v_frmbuf_rd.cpp:662:0)
INFO: [HLS 214-248] Applying array_partition to 'pix': Complete partitioning on dimension 1. (C:/Vulcan/Protocol/Display/v_dp_rxss1_0_ex/v_dp_rxss1_0_ex.runs/dpss_vck190_pt_v_frmbuf_rd_0_0_synth_1/prj/sol/.autopilot/db/v_frmbuf_rd.cpp:911:18)
INFO: [HLS 214-248] Applying array_partition to 'pix168': Complete partitioning on dimension 1. (C:/Vulcan/Protocol/Display/v_dp_rxss1_0_ex/v_dp_rxss1_0_ex.runs/dpss_vck190_pt_v_frmbuf_rd_0_0_synth_1/prj/sol/.autopilot/db/v_frmbuf_rd.cpp:1069:18)
INFO: [HLS 214-248] Applying array_partition to 'pix': Complete partitioning on dimension 1. (C:/Vulcan/Protocol/Display/v_dp_rxss1_0_ex/v_dp_rxss1_0_ex.runs/dpss_vck190_pt_v_frmbuf_rd_0_0_synth_1/prj/sol/.autopilot/db/v_frmbuf_rd.cpp:285:18)
INFO: [HLS 214-248] Applying array_partition to 'map': Complete partitioning on dimension 1. (C:/Vulcan/Protocol/Display/v_dp_rxss1_0_ex/v_dp_rxss1_0_ex.runs/dpss_vck190_pt_v_frmbuf_rd_0_0_synth_1/prj/sol/.autopilot/db/v_frmbuf_rd.cpp:339:13)
INFO: [HLS 214-241] Aggregating fifo (hls::stream) variable 'img' with compact=bit mode in 120-bits (C:/Vulcan/Protocol/Display/v_dp_rxss1_0_ex/v_dp_rxss1_0_ex.runs/dpss_vck190_pt_v_frmbuf_rd_0_0_synth_1/prj/sol/.autopilot/db/v_frmbuf_rd.cpp:80:18)
INFO: [HLS 214-376] automatically set the pipeline for Loop< VITIS_LOOP_341_1> at C:/Vulcan/Protocol/Display/v_dp_rxss1_0_ex/v_dp_rxss1_0_ex.runs/dpss_vck190_pt_v_frmbuf_rd_0_0_synth_1/prj/sol/.autopilot/db/v_frmbuf_rd.cpp:341:20 
INFO: [HLS 214-115] Multiple burst reads of variable length and bit width 256 in loop 'VITIS_LOOP_522_1'(C:/Vulcan/Protocol/Display/v_dp_rxss1_0_ex/v_dp_rxss1_0_ex.runs/dpss_vck190_pt_v_frmbuf_rd_0_0_synth_1/prj/sol/.autopilot/db/v_frmbuf_rd.cpp:522:20) has been inferred on bundle 'mm_video'. These burst requests might be further partitioned into multiple requests during RTL generation, based on max_read_burst_length or max_write_burst_length settings. (C:/Vulcan/Protocol/Display/v_dp_rxss1_0_ex/v_dp_rxss1_0_ex.runs/dpss_vck190_pt_v_frmbuf_rd_0_0_synth_1/prj/sol/.autopilot/db/v_frmbuf_rd.cpp:522:20)
INFO: [HLS 214-115] Multiple burst reads of variable length and bit width 256 in loop 'VITIS_LOOP_534_2'(C:/Vulcan/Protocol/Display/v_dp_rxss1_0_ex/v_dp_rxss1_0_ex.runs/dpss_vck190_pt_v_frmbuf_rd_0_0_synth_1/prj/sol/.autopilot/db/v_frmbuf_rd.cpp:534:31) has been inferred on bundle 'mm_video'. These burst requests might be further partitioned into multiple requests during RTL generation, based on max_read_burst_length or max_write_burst_length settings. (C:/Vulcan/Protocol/Display/v_dp_rxss1_0_ex/v_dp_rxss1_0_ex.runs/dpss_vck190_pt_v_frmbuf_rd_0_0_synth_1/prj/sol/.autopilot/db/v_frmbuf_rd.cpp:534:31)
INFO: [HLS 200-111] Finished Compiling Optimization and Transform: CPU user time: 1 seconds. CPU system time: 0 seconds. Elapsed time: 40.039 seconds; current allocated memory: 192.324 MB.
INFO: [HLS 200-111] Finished Checking Pragmas: CPU user time: 0 seconds. CPU system time: 0 seconds. Elapsed time: 0.064 seconds; current allocated memory: 192.324 MB.
INFO: [HLS 200-10] Starting code transformations ...
INFO: [HLS 200-111] Finished Standard Transforms: CPU user time: 0 seconds. CPU system time: 0 seconds. Elapsed time: 0.852 seconds; current allocated memory: 192.324 MB.
INFO: [HLS 200-10] Checking synthesizability ...
INFO: [HLS 200-111] Finished Checking Synthesizability: CPU user time: 0 seconds. CPU system time: 0 seconds. Elapsed time: 0.551 seconds; current allocated memory: 192.324 MB.
WARNING: [XFORM 203-561] Updating loop upper bound from 16383 to 1920 for loop 'VITIS_LOOP_350_3' (C:/Vulcan/Protocol/Display/v_dp_rxss1_0_ex/v_dp_rxss1_0_ex.runs/dpss_vck190_pt_v_frmbuf_rd_0_0_synth_1/prj/sol/.autopilot/db/v_frmbuf_rd.cpp:346:7) in function 'MultiPixStream2AXIvideo'.
WARNING: [XFORM 203-561] Ignored invalid trip count directive (MAX (= 1920) < AVE (= 8191)) for loop 'VITIS_LOOP_350_3' (C:/Vulcan/Protocol/Display/v_dp_rxss1_0_ex/v_dp_rxss1_0_ex.runs/dpss_vck190_pt_v_frmbuf_rd_0_0_synth_1/prj/sol/.autopilot/db/v_frmbuf_rd.cpp:346:7) in function 'MultiPixStream2AXIvideo'.
WARNING: [XFORM 203-561] Updating loop upper bound from 65535 to 4320 for loop 'VITIS_LOOP_348_2' (C:/Vulcan/Protocol/Display/v_dp_rxss1_0_ex/v_dp_rxss1_0_ex.runs/dpss_vck190_pt_v_frmbuf_rd_0_0_synth_1/prj/sol/.autopilot/db/v_frmbuf_rd.cpp:346:7) in function 'MultiPixStream2AXIvideo'.
WARNING: [XFORM 203-561] Ignored invalid trip count directive (MAX (= 4320) < AVE (= 32767)) for loop 'VITIS_LOOP_348_2' (C:/Vulcan/Protocol/Display/v_dp_rxss1_0_ex/v_dp_rxss1_0_ex.runs/dpss_vck190_pt_v_frmbuf_rd_0_0_synth_1/prj/sol/.autopilot/db/v_frmbuf_rd.cpp:346:7) in function 'MultiPixStream2AXIvideo'.
WARNING: [XFORM 203-561] Updating loop upper bound from 4095 to 2048 for loop 'VITIS_LOOP_914_1' (C:/Vulcan/Protocol/Display/v_dp_rxss1_0_ex/v_dp_rxss1_0_ex.runs/dpss_vck190_pt_v_frmbuf_rd_0_0_synth_1/prj/sol/.autopilot/db/v_frmbuf_rd.cpp:914:29) in function 'Bytes2MultiPixStream'.
WARNING: [XFORM 203-561] Updating loop upper bound from 4095 to 2048 for loop 'VITIS_LOOP_1072_6' (C:/Vulcan/Protocol/Display/v_dp_rxss1_0_ex/v_dp_rxss1_0_ex.runs/dpss_vck190_pt_v_frmbuf_rd_0_0_synth_1/prj/sol/.autopilot/db/v_frmbuf_rd.cpp:1072:30) in function 'Bytes2MultiPixStream'.
WARNING: [XFORM 203-561] Updating loop upper bound from 4095 to 683 for loop 'VITIS_LOOP_1155_9' (C:/Vulcan/Protocol/Display/v_dp_rxss1_0_ex/v_dp_rxss1_0_ex.runs/dpss_vck190_pt_v_frmbuf_rd_0_0_synth_1/prj/sol/.autopilot/db/v_frmbuf_rd.cpp:1151:20) in function 'Bytes2MultiPixStream'.
WARNING: [XFORM 203-561] Ignored invalid trip count directive (MAX (= 683) < AVE (= 2047)) for loop 'VITIS_LOOP_1155_9' (C:/Vulcan/Protocol/Display/v_dp_rxss1_0_ex/v_dp_rxss1_0_ex.runs/dpss_vck190_pt_v_frmbuf_rd_0_0_synth_1/prj/sol/.autopilot/db/v_frmbuf_rd.cpp:1151:20) in function 'Bytes2MultiPixStream'.
WARNING: [XFORM 203-561] Updating loop upper bound from 4095 to 2048 for loop 'VITIS_LOOP_1406_12' (C:/Vulcan/Protocol/Display/v_dp_rxss1_0_ex/v_dp_rxss1_0_ex.runs/dpss_vck190_pt_v_frmbuf_rd_0_0_synth_1/prj/sol/.autopilot/db/v_frmbuf_rd.cpp:1406:31) in function 'Bytes2MultiPixStream'.
WARNING: [XFORM 203-561] Updating loop upper bound from 4095 to 2048 for loop 'VITIS_LOOP_522_1' (C:/Vulcan/Protocol/Display/v_dp_rxss1_0_ex/v_dp_rxss1_0_ex.runs/dpss_vck190_pt_v_frmbuf_rd_0_0_synth_1/prj/sol/.autopilot/db/v_frmbuf_rd.cpp:522:29) in function 'AXIMMvideo2Bytes'.
WARNING: [XFORM 203-561] Updating loop upper bound from 4095 to 2048 for loop 'VITIS_LOOP_534_2' (C:/Vulcan/Protocol/Display/v_dp_rxss1_0_ex/v_dp_rxss1_0_ex.runs/dpss_vck190_pt_v_frmbuf_rd_0_0_synth_1/prj/sol/.autopilot/db/v_frmbuf_rd.cpp:534:40) in function 'AXIMMvideo2Bytes'.
WARNING: [HLS 200-805] An internal stream 'img' with default size can result in deadlock. Please consider resizing the stream using the directive 'set_directive_stream' or the 'HLS stream' pragma.
INFO: [XFORM 203-712] Applying dataflow to function 'FrmbufRdHlsDataFlow' (C:/Vulcan/Protocol/Display/v_dp_rxss1_0_ex/v_dp_rxss1_0_ex.runs/dpss_vck190_pt_v_frmbuf_rd_0_0_synth_1/prj/sol/.autopilot/db/v_frmbuf_rd.cpp:82:1), detected/extracted 4 process function(s): 
	 'entry_proc'
	 'AXIMMvideo2Bytes'
	 'Bytes2MultiPixStream'
	 'MultiPixStream2AXIvideo'.
INFO: [XFORM 203-401] Performing if-conversion on hyperblock to (C:/Vulcan/Protocol/Display/v_dp_rxss1_0_ex/v_dp_rxss1_0_ex.runs/dpss_vck190_pt_v_frmbuf_rd_0_0_synth_1/prj/sol/.autopilot/db/v_frmbuf_rd.cpp:265:1) in function 'v_frmbuf_rd'... converting 4 basic blocks.
INFO: [XFORM 203-11] Balancing expressions in function 'v_frmbuf_rd' (C:/Vulcan/Protocol/Display/v_dp_rxss1_0_ex/v_dp_rxss1_0_ex.runs/dpss_vck190_pt_v_frmbuf_rd_0_0_synth_1/prj/sol/.autopilot/db/v_frmbuf_rd.cpp:115)...3 expression(s) balanced.
INFO: [XFORM 203-11] Balancing expressions in function 'AXIMMvideo2Bytes' (C:/Vulcan/Protocol/Display/v_dp_rxss1_0_ex/v_dp_rxss1_0_ex.runs/dpss_vck190_pt_v_frmbuf_rd_0_0_synth_1/prj/sol/.autopilot/db/v_frmbuf_rd.cpp:517:31)...3 expression(s) balanced.
INFO: [HLS 200-111] Finished Loop, function and other optimizations: CPU user time: 1 seconds. CPU system time: 0 seconds. Elapsed time: 1.479 seconds; current allocated memory: 192.324 MB.
INFO: [HLS 200-111] Finished Architecture Synthesis: CPU user time: 0 seconds. CPU system time: 0 seconds. Elapsed time: 1.144 seconds; current allocated memory: 192.324 MB.
INFO: [HLS 200-10] Starting hardware synthesis ...
INFO: [HLS 200-10] Synthesizing 'v_frmbuf_rd' ...
WARNING: [SYN 201-103] Legalizing function name 'reg<unsigned short>' to 'reg_unsigned_short_s'.
INFO: [HLS 200-10] ----------------------------------------------------------------
INFO: [HLS 200-42] -- Implementing module 'entry_proc' 
INFO: [HLS 200-10] ----------------------------------------------------------------
INFO: [SCHED 204-11] Starting scheduling ...
INFO: [SCHED 204-11] Finished scheduling.
INFO: [HLS 200-111] Finished Scheduling: CPU user time: 0 seconds. CPU system time: 0 seconds. Elapsed time: 1.476 seconds; current allocated memory: 192.324 MB.
INFO: [BIND 205-100] Starting micro-architecture generation ...
INFO: [BIND 205-101] Performing variable lifetime analysis.
INFO: [BIND 205-101] Exploring resource sharing.
INFO: [BIND 205-101] Binding ...
INFO: [BIND 205-100] Finished micro-architecture generation.
INFO: [HLS 200-111] Finished Binding: CPU user time: 0 seconds. CPU system time: 0 seconds. Elapsed time: 0.828 seconds; current allocated memory: 192.324 MB.
INFO: [HLS 200-10] ----------------------------------------------------------------
INFO: [HLS 200-42] -- Implementing module 'AXIMMvideo2Bytes_Pipeline_VITIS_LOOP_522_1' 
INFO: [HLS 200-10] ----------------------------------------------------------------
INFO: [SCHED 204-11] Starting scheduling ...
INFO: [SCHED 204-61] Pipelining loop 'VITIS_LOOP_522_1'.
INFO: [HLS 200-1470] Pipelining result : Target II = 1, Final II = 1, Depth = 2, loop 'VITIS_LOOP_522_1'
INFO: [SCHED 204-11] Finished scheduling.
INFO: [HLS 200-111] Finished Scheduling: CPU user time: 0 seconds. CPU system time: 0 seconds. Elapsed time: 0.419 seconds; current allocated memory: 192.324 MB.
INFO: [BIND 205-100] Starting micro-architecture generation ...
INFO: [BIND 205-101] Performing variable lifetime analysis.
INFO: [BIND 205-101] Exploring resource sharing.
INFO: [BIND 205-101] Binding ...
INFO: [BIND 205-100] Finished micro-architecture generation.
INFO: [HLS 200-111] Finished Binding: CPU user time: 0 seconds. CPU system time: 0 seconds. Elapsed time: 0.176 seconds; current allocated memory: 192.324 MB.
INFO: [HLS 200-10] ----------------------------------------------------------------
INFO: [HLS 200-42] -- Implementing module 'AXIMMvideo2Bytes_Pipeline_VITIS_LOOP_534_2' 
INFO: [HLS 200-10] ----------------------------------------------------------------
INFO: [SCHED 204-11] Starting scheduling ...
INFO: [SCHED 204-61] Pipelining loop 'VITIS_LOOP_534_2'.
INFO: [HLS 200-1470] Pipelining result : Target II = 1, Final II = 1, Depth = 2, loop 'VITIS_LOOP_534_2'
INFO: [SCHED 204-11] Finished scheduling.
INFO: [HLS 200-111] Finished Scheduling: CPU user time: 0 seconds. CPU system time: 0 seconds. Elapsed time: 0.148 seconds; current allocated memory: 192.324 MB.
INFO: [BIND 205-100] Starting micro-architecture generation ...
INFO: [BIND 205-101] Performing variable lifetime analysis.
INFO: [BIND 205-101] Exploring resource sharing.
INFO: [BIND 205-101] Binding ...
INFO: [BIND 205-100] Finished micro-architecture generation.
INFO: [HLS 200-111] Finished Binding: CPU user time: 0 seconds. CPU system time: 0 seconds. Elapsed time: 0.091 seconds; current allocated memory: 192.324 MB.
INFO: [HLS 200-10] ----------------------------------------------------------------
INFO: [HLS 200-42] -- Implementing module 'AXIMMvideo2Bytes' 
INFO: [HLS 200-10] ----------------------------------------------------------------
INFO: [SCHED 204-11] Starting scheduling ...
INFO: [SCHED 204-11] Finished scheduling.
INFO: [HLS 200-111] Finished Scheduling: CPU user time: 0 seconds. CPU system time: 0 seconds. Elapsed time: 0.268 seconds; current allocated memory: 192.324 MB.
INFO: [BIND 205-100] Starting micro-architecture generation ...
INFO: [BIND 205-101] Performing variable lifetime analysis.
INFO: [BIND 205-101] Exploring resource sharing.
INFO: [BIND 205-101] Binding ...
INFO: [BIND 205-100] Finished micro-architecture generation.
INFO: [HLS 200-111] Finished Binding: CPU user time: 0 seconds. CPU system time: 0 seconds. Elapsed time: 0.191 seconds; current allocated memory: 192.324 MB.
INFO: [HLS 200-10] ----------------------------------------------------------------
INFO: [HLS 200-42] -- Implementing module 'Bytes2MultiPixStream_Pipeline_VITIS_LOOP_1406_12' 
INFO: [HLS 200-10] ----------------------------------------------------------------
INFO: [SCHED 204-11] Starting scheduling ...
INFO: [SCHED 204-61] Pipelining loop 'VITIS_LOOP_1406_12'.
INFO: [HLS 200-1470] Pipelining result : Target II = 2, Final II = 2, Depth = 3, loop 'VITIS_LOOP_1406_12'
INFO: [SCHED 204-11] Finished scheduling.
INFO: [HLS 200-111] Finished Scheduling: CPU user time: 0 seconds. CPU system time: 0 seconds. Elapsed time: 0.297 seconds; current allocated memory: 192.324 MB.
INFO: [BIND 205-100] Starting micro-architecture generation ...
INFO: [BIND 205-101] Performing variable lifetime analysis.
INFO: [BIND 205-101] Exploring resource sharing.
INFO: [BIND 205-101] Binding ...
INFO: [BIND 205-100] Finished micro-architecture generation.
INFO: [HLS 200-111] Finished Binding: CPU user time: 0 seconds. CPU system time: 0 seconds. Elapsed time: 0.145 seconds; current allocated memory: 192.324 MB.
INFO: [HLS 200-10] ----------------------------------------------------------------
INFO: [HLS 200-42] -- Implementing module 'Bytes2MultiPixStream_Pipeline_VITIS_LOOP_1155_9' 
INFO: [HLS 200-10] ----------------------------------------------------------------
INFO: [SCHED 204-11] Starting scheduling ...
INFO: [SCHED 204-61] Pipelining loop 'VITIS_LOOP_1155_9'.
INFO: [HLS 200-1470] Pipelining result : Target II = 8, Final II = 8, Depth = 9, loop 'VITIS_LOOP_1155_9'
INFO: [SCHED 204-11] Finished scheduling.
INFO: [HLS 200-111] Finished Scheduling: CPU user time: 0 seconds. CPU system time: 0 seconds. Elapsed time: 0.376 seconds; current allocated memory: 192.324 MB.
INFO: [BIND 205-100] Starting micro-architecture generation ...
INFO: [BIND 205-101] Performing variable lifetime analysis.
INFO: [BIND 205-101] Exploring resource sharing.
INFO: [BIND 205-101] Binding ...
INFO: [BIND 205-100] Finished micro-architecture generation.
INFO: [HLS 200-111] Finished Binding: CPU user time: 0 seconds. CPU system time: 0 seconds. Elapsed time: 0.189 seconds; current allocated memory: 192.324 MB.
INFO: [HLS 200-10] ----------------------------------------------------------------
INFO: [HLS 200-42] -- Implementing module 'Bytes2MultiPixStream_Pipeline_VITIS_LOOP_1072_6' 
INFO: [HLS 200-10] ----------------------------------------------------------------
INFO: [SCHED 204-11] Starting scheduling ...
INFO: [SCHED 204-61] Pipelining loop 'VITIS_LOOP_1072_6'.
INFO: [HLS 200-1470] Pipelining result : Target II = 4, Final II = 4, Depth = 5, loop 'VITIS_LOOP_1072_6'
INFO: [SCHED 204-11] Finished scheduling.
INFO: [HLS 200-111] Finished Scheduling: CPU user time: 0 seconds. CPU system time: 0 seconds. Elapsed time: 0.267 seconds; current allocated memory: 192.324 MB.
INFO: [BIND 205-100] Starting micro-architecture generation ...
INFO: [BIND 205-101] Performing variable lifetime analysis.
INFO: [BIND 205-101] Exploring resource sharing.
INFO: [BIND 205-101] Binding ...
INFO: [BIND 205-100] Finished micro-architecture generation.
INFO: [HLS 200-111] Finished Binding: CPU user time: 0 seconds. CPU system time: 0 seconds. Elapsed time: 0.138 seconds; current allocated memory: 192.324 MB.
INFO: [HLS 200-10] ----------------------------------------------------------------
INFO: [HLS 200-42] -- Implementing module 'Bytes2MultiPixStream_Pipeline_VITIS_LOOP_914_1' 
INFO: [HLS 200-10] ----------------------------------------------------------------
INFO: [SCHED 204-11] Starting scheduling ...
INFO: [SCHED 204-61] Pipelining loop 'VITIS_LOOP_914_1'.
INFO: [HLS 200-1470] Pipelining result : Target II = 6, Final II = 6, Depth = 7, loop 'VITIS_LOOP_914_1'
INFO: [SCHED 204-11] Finished scheduling.
INFO: [HLS 200-111] Finished Scheduling: CPU user time: 1 seconds. CPU system time: 0 seconds. Elapsed time: 0.284 seconds; current allocated memory: 192.324 MB.
INFO: [BIND 205-100] Starting micro-architecture generation ...
INFO: [BIND 205-101] Performing variable lifetime analysis.
INFO: [BIND 205-101] Exploring resource sharing.
INFO: [BIND 205-101] Binding ...
INFO: [BIND 205-100] Finished micro-architecture generation.
INFO: [HLS 200-111] Finished Binding: CPU user time: 0 seconds. CPU system time: 0 seconds. Elapsed time: 0.22 seconds; current allocated memory: 192.324 MB.
INFO: [HLS 200-10] ----------------------------------------------------------------
INFO: [HLS 200-42] -- Implementing module 'Bytes2MultiPixStream' 
INFO: [HLS 200-10] ----------------------------------------------------------------
INFO: [SCHED 204-11] Starting scheduling ...
INFO: [SCHED 204-11] Finished scheduling.
INFO: [HLS 200-111] Finished Scheduling: CPU user time: 0 seconds. CPU system time: 0 seconds. Elapsed time: 0.546 seconds; current allocated memory: 192.324 MB.
INFO: [BIND 205-100] Starting micro-architecture generation ...
INFO: [BIND 205-101] Performing variable lifetime analysis.
INFO: [BIND 205-101] Exploring resource sharing.
INFO: [BIND 205-101] Binding ...
INFO: [BIND 205-100] Finished micro-architecture generation.
INFO: [HLS 200-111] Finished Binding: CPU user time: 0 seconds. CPU system time: 0 seconds. Elapsed time: 0.159 seconds; current allocated memory: 192.324 MB.
INFO: [HLS 200-10] ----------------------------------------------------------------
INFO: [HLS 200-42] -- Implementing module 'reg_unsigned_short_s' 
INFO: [HLS 200-10] ----------------------------------------------------------------
INFO: [SCHED 204-11] Starting scheduling ...
INFO: [SCHED 204-61] Pipelining function 'reg<unsigned short>'.
INFO: [HLS 200-1470] Pipelining result : Target II = 1, Final II = 1, Depth = 2, function 'reg<unsigned short>'
INFO: [SCHED 204-11] Finished scheduling.
INFO: [HLS 200-111] Finished Scheduling: CPU user time: 0 seconds. CPU system time: 0 seconds. Elapsed time: 0.232 seconds; current allocated memory: 192.324 MB.
INFO: [BIND 205-100] Starting micro-architecture generation ...
INFO: [BIND 205-101] Performing variable lifetime analysis.
INFO: [BIND 205-101] Exploring resource sharing.
INFO: [BIND 205-101] Binding ...
INFO: [BIND 205-100] Finished micro-architecture generation.
INFO: [HLS 200-111] Finished Binding: CPU user time: 0 seconds. CPU system time: 0 seconds. Elapsed time: 0.122 seconds; current allocated memory: 192.324 MB.
INFO: [HLS 200-10] ----------------------------------------------------------------
INFO: [HLS 200-42] -- Implementing module 'MultiPixStream2AXIvideo_Pipeline_VITIS_LOOP_341_1' 
INFO: [HLS 200-10] ----------------------------------------------------------------
INFO: [SCHED 204-11] Starting scheduling ...
INFO: [SCHED 204-61] Pipelining loop 'VITIS_LOOP_341_1'.
INFO: [HLS 200-1470] Pipelining result : Target II = NA, Final II = 1, Depth = 2, loop 'VITIS_LOOP_341_1'
INFO: [SCHED 204-11] Finished scheduling.
INFO: [HLS 200-111] Finished Scheduling: CPU user time: 0 seconds. CPU system time: 0 seconds. Elapsed time: 0.468 seconds; current allocated memory: 192.324 MB.
INFO: [BIND 205-100] Starting micro-architecture generation ...
INFO: [BIND 205-101] Performing variable lifetime analysis.
INFO: [BIND 205-101] Exploring resource sharing.
INFO: [BIND 205-101] Binding ...
INFO: [BIND 205-100] Finished micro-architecture generation.
INFO: [HLS 200-111] Finished Binding: CPU user time: 0 seconds. CPU system time: 0 seconds. Elapsed time: 0.148 seconds; current allocated memory: 192.324 MB.
INFO: [HLS 200-10] ----------------------------------------------------------------
INFO: [HLS 200-42] -- Implementing module 'MultiPixStream2AXIvideo_Pipeline_VITIS_LOOP_350_3' 
INFO: [HLS 200-10] ----------------------------------------------------------------
INFO: [SCHED 204-11] Starting scheduling ...
INFO: [SCHED 204-61] Pipelining loop 'VITIS_LOOP_350_3'.
INFO: [HLS 200-1470] Pipelining result : Target II = 1, Final II = 1, Depth = 3, loop 'VITIS_LOOP_350_3'
INFO: [SCHED 204-11] Finished scheduling.
INFO: [HLS 200-111] Finished Scheduling: CPU user time: 0 seconds. CPU system time: 0 seconds. Elapsed time: 0.355 seconds; current allocated memory: 192.324 MB.
INFO: [BIND 205-100] Starting micro-architecture generation ...
INFO: [BIND 205-101] Performing variable lifetime analysis.
INFO: [BIND 205-101] Exploring resource sharing.
INFO: [BIND 205-101] Binding ...
INFO: [BIND 205-100] Finished micro-architecture generation.
INFO: [HLS 200-111] Finished Binding: CPU user time: 0 seconds. CPU system time: 0 seconds. Elapsed time: 0.124 seconds; current allocated memory: 192.324 MB.
INFO: [HLS 200-10] ----------------------------------------------------------------
INFO: [HLS 200-42] -- Implementing module 'MultiPixStream2AXIvideo' 
INFO: [HLS 200-10] ----------------------------------------------------------------
INFO: [SCHED 204-11] Starting scheduling ...
INFO: [SCHED 204-11] Finished scheduling.
INFO: [HLS 200-111] Finished Scheduling: CPU user time: 0 seconds. CPU system time: 0 seconds. Elapsed time: 0.158 seconds; current allocated memory: 192.324 MB.
INFO: [BIND 205-100] Starting micro-architecture generation ...
INFO: [BIND 205-101] Performing variable lifetime analysis.
INFO: [BIND 205-101] Exploring resource sharing.
INFO: [BIND 205-101] Binding ...
INFO: [BIND 205-100] Finished micro-architecture generation.
INFO: [HLS 200-111] Finished Binding: CPU user time: 0 seconds. CPU system time: 0 seconds. Elapsed time: 0.125 seconds; current allocated memory: 192.324 MB.
INFO: [HLS 200-10] ----------------------------------------------------------------
INFO: [HLS 200-42] -- Implementing module 'FrmbufRdHlsDataFlow' 
INFO: [HLS 200-10] ----------------------------------------------------------------
INFO: [SCHED 204-11] Starting scheduling ...
WARNING: [HLS 200-871] Estimated clock period (2.866 ns) exceeds the target (target clock period: 3.333 ns, clock uncertainty: 0.900 ns, effective delay budget: 2.433 ns).
WARNING: [HLS 200-1016] The critical path in module 'FrmbufRdHlsDataFlow' consists of the following:
	'alloca' operation 256 bit ('bytePlanes.plane0', C:/Vulcan/Protocol/Display/v_dp_rxss1_0_ex/v_dp_rxss1_0_ex.runs/dpss_vck190_pt_v_frmbuf_rd_0_0_synth_1/prj/sol/.autopilot/db/v_frmbuf_rd.cpp:82) [51]  (1.127 ns)
	'call' operation 0 bit ('_ln96', C:/Vulcan/Protocol/Display/v_dp_rxss1_0_ex/v_dp_rxss1_0_ex.runs/dpss_vck190_pt_v_frmbuf_rd_0_0_synth_1/prj/sol/.autopilot/db/v_frmbuf_rd.cpp:96) to 'AXIMMvideo2Bytes' [60]  (1.739 ns)

INFO: [SCHED 204-11] Finished scheduling.
WARNING: [HLS 200-1020] Increasing the depth of FIFO start_for_MultiPixStream2AXIvideo_U0 (from entry_proc_U0 to MultiPixStream2AXIvideo_U0) to 3 to improve performance and/or avoid deadlocks.
INFO: [HLS 200-111] Finished Scheduling: CPU user time: 0 seconds. CPU system time: 0 seconds. Elapsed time: 0.319 seconds; current allocated memory: 192.324 MB.
INFO: [BIND 205-100] Starting micro-architecture generation ...
INFO: [BIND 205-101] Performing variable lifetime analysis.
INFO: [BIND 205-101] Exploring resource sharing.
INFO: [BIND 205-101] Binding ...
INFO: [BIND 205-100] Finished micro-architecture generation.
INFO: [HLS 200-111] Finished Binding: CPU user time: 0 seconds. CPU system time: 0 seconds. Elapsed time: 0.184 seconds; current allocated memory: 192.324 MB.
INFO: [HLS 200-10] ----------------------------------------------------------------
INFO: [HLS 200-42] -- Implementing module 'v_frmbuf_rd' 
INFO: [HLS 200-10] ----------------------------------------------------------------
INFO: [SCHED 204-11] Starting scheduling ...
INFO: [SCHED 204-11] Finished scheduling.
INFO: [HLS 200-111] Finished Scheduling: CPU user time: 1 seconds. CPU system time: 0 seconds. Elapsed time: 0.407 seconds; current allocated memory: 192.324 MB.
INFO: [BIND 205-100] Starting micro-architecture generation ...
INFO: [BIND 205-101] Performing variable lifetime analysis.
INFO: [BIND 205-101] Exploring resource sharing.
INFO: [BIND 205-101] Binding ...
INFO: [BIND 205-100] Finished micro-architecture generation.
INFO: [HLS 200-111] Finished Binding: CPU user time: 0 seconds. CPU system time: 0 seconds. Elapsed time: 0.186 seconds; current allocated memory: 192.324 MB.
INFO: [HLS 200-10] ----------------------------------------------------------------
INFO: [HLS 200-10] -- Generating RTL for module 'entry_proc' 
INFO: [HLS 200-10] ----------------------------------------------------------------
INFO: [RTGEN 206-100] Finished creating RTL model for 'entry_proc'.
INFO: [HLS 200-111] Finished Creating RTL model: CPU user time: 0 seconds. CPU system time: 0 seconds. Elapsed time: 0.325 seconds; current allocated memory: 192.324 MB.
INFO: [HLS 200-10] ----------------------------------------------------------------
INFO: [HLS 200-10] -- Generating RTL for module 'AXIMMvideo2Bytes_Pipeline_VITIS_LOOP_522_1' 
INFO: [HLS 200-10] ----------------------------------------------------------------
INFO: [HLS 200-1030] Apply Unified Pipeline Control on module 'AXIMMvideo2Bytes_Pipeline_VITIS_LOOP_522_1' pipeline 'VITIS_LOOP_522_1' pipeline type 'loop pipeline'
WARNING: [RTGEN 206-101] Setting dangling out port 'AXIMMvideo2Bytes_Pipeline_VITIS_LOOP_522_1/m_axi_mm_video_ARVALID' to 0.
WARNING: [RTGEN 206-101] Setting dangling out port 'AXIMMvideo2Bytes_Pipeline_VITIS_LOOP_522_1/m_axi_mm_video_ARADDR' to 0.
WARNING: [RTGEN 206-101] Setting dangling out port 'AXIMMvideo2Bytes_Pipeline_VITIS_LOOP_522_1/m_axi_mm_video_ARID' to 0.
WARNING: [RTGEN 206-101] Setting dangling out port 'AXIMMvideo2Bytes_Pipeline_VITIS_LOOP_522_1/m_axi_mm_video_ARLEN' to 0.
WARNING: [RTGEN 206-101] Setting dangling out port 'AXIMMvideo2Bytes_Pipeline_VITIS_LOOP_522_1/m_axi_mm_video_ARSIZE' to 0.
WARNING: [RTGEN 206-101] Setting dangling out port 'AXIMMvideo2Bytes_Pipeline_VITIS_LOOP_522_1/m_axi_mm_video_ARBURST' to 0.
WARNING: [RTGEN 206-101] Setting dangling out port 'AXIMMvideo2Bytes_Pipeline_VITIS_LOOP_522_1/m_axi_mm_video_ARLOCK' to 0.
WARNING: [RTGEN 206-101] Setting dangling out port 'AXIMMvideo2Bytes_Pipeline_VITIS_LOOP_522_1/m_axi_mm_video_ARCACHE' to 0.
WARNING: [RTGEN 206-101] Setting dangling out port 'AXIMMvideo2Bytes_Pipeline_VITIS_LOOP_522_1/m_axi_mm_video_ARPROT' to 0.
WARNING: [RTGEN 206-101] Setting dangling out port 'AXIMMvideo2Bytes_Pipeline_VITIS_LOOP_522_1/m_axi_mm_video_ARQOS' to 0.
WARNING: [RTGEN 206-101] Setting dangling out port 'AXIMMvideo2Bytes_Pipeline_VITIS_LOOP_522_1/m_axi_mm_video_ARREGION' to 0.
WARNING: [RTGEN 206-101] Setting dangling out port 'AXIMMvideo2Bytes_Pipeline_VITIS_LOOP_522_1/m_axi_mm_video_ARUSER' to 0.
INFO: [RTGEN 206-100] Finished creating RTL model for 'AXIMMvideo2Bytes_Pipeline_VITIS_LOOP_522_1'.
INFO: [HLS 200-111] Finished Creating RTL model: CPU user time: 0 seconds. CPU system time: 0 seconds. Elapsed time: 0.486 seconds; current allocated memory: 192.324 MB.
INFO: [HLS 200-10] ----------------------------------------------------------------
INFO: [HLS 200-10] -- Generating RTL for module 'AXIMMvideo2Bytes_Pipeline_VITIS_LOOP_534_2' 
INFO: [HLS 200-10] ----------------------------------------------------------------
INFO: [HLS 200-1030] Apply Unified Pipeline Control on module 'AXIMMvideo2Bytes_Pipeline_VITIS_LOOP_534_2' pipeline 'VITIS_LOOP_534_2' pipeline type 'loop pipeline'
WARNING: [RTGEN 206-101] Setting dangling out port 'AXIMMvideo2Bytes_Pipeline_VITIS_LOOP_534_2/m_axi_mm_video_ARVALID' to 0.
WARNING: [RTGEN 206-101] Setting dangling out port 'AXIMMvideo2Bytes_Pipeline_VITIS_LOOP_534_2/m_axi_mm_video_ARADDR' to 0.
WARNING: [RTGEN 206-101] Setting dangling out port 'AXIMMvideo2Bytes_Pipeline_VITIS_LOOP_534_2/m_axi_mm_video_ARID' to 0.
WARNING: [RTGEN 206-101] Setting dangling out port 'AXIMMvideo2Bytes_Pipeline_VITIS_LOOP_534_2/m_axi_mm_video_ARLEN' to 0.
WARNING: [RTGEN 206-101] Setting dangling out port 'AXIMMvideo2Bytes_Pipeline_VITIS_LOOP_534_2/m_axi_mm_video_ARSIZE' to 0.
WARNING: [RTGEN 206-101] Setting dangling out port 'AXIMMvideo2Bytes_Pipeline_VITIS_LOOP_534_2/m_axi_mm_video_ARBURST' to 0.
WARNING: [RTGEN 206-101] Setting dangling out port 'AXIMMvideo2Bytes_Pipeline_VITIS_LOOP_534_2/m_axi_mm_video_ARLOCK' to 0.
WARNING: [RTGEN 206-101] Setting dangling out port 'AXIMMvideo2Bytes_Pipeline_VITIS_LOOP_534_2/m_axi_mm_video_ARCACHE' to 0.
WARNING: [RTGEN 206-101] Setting dangling out port 'AXIMMvideo2Bytes_Pipeline_VITIS_LOOP_534_2/m_axi_mm_video_ARPROT' to 0.
WARNING: [RTGEN 206-101] Setting dangling out port 'AXIMMvideo2Bytes_Pipeline_VITIS_LOOP_534_2/m_axi_mm_video_ARQOS' to 0.
WARNING: [RTGEN 206-101] Setting dangling out port 'AXIMMvideo2Bytes_Pipeline_VITIS_LOOP_534_2/m_axi_mm_video_ARREGION' to 0.
WARNING: [RTGEN 206-101] Setting dangling out port 'AXIMMvideo2Bytes_Pipeline_VITIS_LOOP_534_2/m_axi_mm_video_ARUSER' to 0.
INFO: [RTGEN 206-100] Finished creating RTL model for 'AXIMMvideo2Bytes_Pipeline_VITIS_LOOP_534_2'.
INFO: [HLS 200-111] Finished Creating RTL model: CPU user time: 0 seconds. CPU system time: 0 seconds. Elapsed time: 0.561 seconds; current allocated memory: 192.324 MB.
INFO: [HLS 200-10] ----------------------------------------------------------------
INFO: [HLS 200-10] -- Generating RTL for module 'AXIMMvideo2Bytes' 
INFO: [HLS 200-10] ----------------------------------------------------------------
INFO: [RTGEN 206-100] Finished creating RTL model for 'AXIMMvideo2Bytes'.
INFO: [HLS 200-111] Finished Creating RTL model: CPU user time: 0 seconds. CPU system time: 0 seconds. Elapsed time: 0.427 seconds; current allocated memory: 192.324 MB.
INFO: [HLS 200-10] ----------------------------------------------------------------
INFO: [HLS 200-10] -- Generating RTL for module 'Bytes2MultiPixStream_Pipeline_VITIS_LOOP_1406_12' 
INFO: [HLS 200-10] ----------------------------------------------------------------
INFO: [HLS 200-1030] Apply Unified Pipeline Control on module 'Bytes2MultiPixStream_Pipeline_VITIS_LOOP_1406_12' pipeline 'VITIS_LOOP_1406_12' pipeline type 'loop pipeline'
INFO: [RTGEN 206-100] Finished creating RTL model for 'Bytes2MultiPixStream_Pipeline_VITIS_LOOP_1406_12'.
INFO: [HLS 200-111] Finished Creating RTL model: CPU user time: 0 seconds. CPU system time: 0 seconds. Elapsed time: 0.869 seconds; current allocated memory: 192.324 MB.
INFO: [HLS 200-10] ----------------------------------------------------------------
INFO: [HLS 200-10] -- Generating RTL for module 'Bytes2MultiPixStream_Pipeline_VITIS_LOOP_1155_9' 
INFO: [HLS 200-10] ----------------------------------------------------------------
INFO: [HLS 200-1030] Apply Unified Pipeline Control on module 'Bytes2MultiPixStream_Pipeline_VITIS_LOOP_1155_9' pipeline 'VITIS_LOOP_1155_9' pipeline type 'loop pipeline'
INFO: [RTGEN 206-100] Finished creating RTL model for 'Bytes2MultiPixStream_Pipeline_VITIS_LOOP_1155_9'.
INFO: [HLS 200-111] Finished Creating RTL model: CPU user time: 0 seconds. CPU system time: 0 seconds. Elapsed time: 0.498 seconds; current allocated memory: 192.324 MB.
INFO: [HLS 200-10] ----------------------------------------------------------------
INFO: [HLS 200-10] -- Generating RTL for module 'Bytes2MultiPixStream_Pipeline_VITIS_LOOP_1072_6' 
INFO: [HLS 200-10] ----------------------------------------------------------------
INFO: [HLS 200-1030] Apply Unified Pipeline Control on module 'Bytes2MultiPixStream_Pipeline_VITIS_LOOP_1072_6' pipeline 'VITIS_LOOP_1072_6' pipeline type 'loop pipeline'
INFO: [RTGEN 206-100] Finished creating RTL model for 'Bytes2MultiPixStream_Pipeline_VITIS_LOOP_1072_6'.
INFO: [HLS 200-111] Finished Creating RTL model: CPU user time: 0 seconds. CPU system time: 1 seconds. Elapsed time: 1.795 seconds; current allocated memory: 192.324 MB.
INFO: [HLS 200-10] ----------------------------------------------------------------
INFO: [HLS 200-10] -- Generating RTL for module 'Bytes2MultiPixStream_Pipeline_VITIS_LOOP_914_1' 
INFO: [HLS 200-10] ----------------------------------------------------------------
INFO: [HLS 200-1030] Apply Unified Pipeline Control on module 'Bytes2MultiPixStream_Pipeline_VITIS_LOOP_914_1' pipeline 'VITIS_LOOP_914_1' pipeline type 'loop pipeline'
INFO: [RTGEN 206-100] Finished creating RTL model for 'Bytes2MultiPixStream_Pipeline_VITIS_LOOP_914_1'.
INFO: [HLS 200-111] Finished Creating RTL model: CPU user time: 0 seconds. CPU system time: 0 seconds. Elapsed time: 0.881 seconds; current allocated memory: 192.324 MB.
INFO: [HLS 200-10] ----------------------------------------------------------------
INFO: [HLS 200-10] -- Generating RTL for module 'Bytes2MultiPixStream' 
INFO: [HLS 200-10] ----------------------------------------------------------------
INFO: [RTGEN 206-100] Generating core module 'mul_12ns_14ns_25_1_1': 1 instance(s).
INFO: [RTGEN 206-100] Generating core module 'urem_12ns_3ns_2_16_seq_1': 1 instance(s).
INFO: [RTGEN 206-100] Generating core module 'urem_13ns_6ns_13_17_seq_1': 1 instance(s).
INFO: [RTGEN 206-100] Finished creating RTL model for 'Bytes2MultiPixStream'.
INFO: [HLS 200-111] Finished Creating RTL model: CPU user time: 0 seconds. CPU system time: 0 seconds. Elapsed time: 17.954 seconds; current allocated memory: 192.324 MB.
INFO: [HLS 200-10] ----------------------------------------------------------------
INFO: [HLS 200-10] -- Generating RTL for module 'reg_unsigned_short_s' 
INFO: [HLS 200-10] ----------------------------------------------------------------
INFO: [RTGEN 206-100] Finished creating RTL model for 'reg_unsigned_short_s'.
INFO: [HLS 200-111] Finished Creating RTL model: CPU user time: 0 seconds. CPU system time: 0 seconds. Elapsed time: 1.677 seconds; current allocated memory: 192.324 MB.
INFO: [HLS 200-10] ----------------------------------------------------------------
INFO: [HLS 200-10] -- Generating RTL for module 'MultiPixStream2AXIvideo_Pipeline_VITIS_LOOP_341_1' 
INFO: [HLS 200-10] ----------------------------------------------------------------
INFO: [HLS 200-1030] Apply Unified Pipeline Control on module 'MultiPixStream2AXIvideo_Pipeline_VITIS_LOOP_341_1' pipeline 'VITIS_LOOP_341_1' pipeline type 'loop pipeline'
INFO: [RTGEN 206-100] Finished creating RTL model for 'MultiPixStream2AXIvideo_Pipeline_VITIS_LOOP_341_1'.
INFO: [RTMG 210-279] Implementing memory 'dpss_vck190_pt_v_frmbuf_rd_0_0_MultiPixStream2AXIvideo_Pipeline_VITIS_LOOP_341_1_mapComp_ROM_AUTO_1R' using auto ROMs.
INFO: [HLS 200-111] Finished Creating RTL model: CPU user time: 0 seconds. CPU system time: 0 seconds. Elapsed time: 12.764 seconds; current allocated memory: 192.324 MB.
INFO: [HLS 200-10] ----------------------------------------------------------------
INFO: [HLS 200-10] -- Generating RTL for module 'MultiPixStream2AXIvideo_Pipeline_VITIS_LOOP_350_3' 
INFO: [HLS 200-10] ----------------------------------------------------------------
INFO: [HLS 200-1030] Apply Unified Pipeline Control on module 'MultiPixStream2AXIvideo_Pipeline_VITIS_LOOP_350_3' pipeline 'VITIS_LOOP_350_3' pipeline type 'loop pipeline'
INFO: [RTGEN 206-100] Generating core module 'sparsemux_25_4_10_1_1': 12 instance(s).
INFO: [RTGEN 206-100] Finished creating RTL model for 'MultiPixStream2AXIvideo_Pipeline_VITIS_LOOP_350_3'.
INFO: [HLS 200-111] Finished Creating RTL model: CPU user time: 0 seconds. CPU system time: 0 seconds. Elapsed time: 0.525 seconds; current allocated memory: 192.324 MB.
INFO: [HLS 200-10] ----------------------------------------------------------------
INFO: [HLS 200-10] -- Generating RTL for module 'MultiPixStream2AXIvideo' 
INFO: [HLS 200-10] ----------------------------------------------------------------
INFO: [RTGEN 206-100] Finished creating RTL model for 'MultiPixStream2AXIvideo'.
INFO: [HLS 200-111] Finished Creating RTL model: CPU user time: 0 seconds. CPU system time: 0 seconds. Elapsed time: 0.317 seconds; current allocated memory: 192.324 MB.
INFO: [HLS 200-10] ----------------------------------------------------------------
INFO: [HLS 200-10] -- Generating RTL for module 'FrmbufRdHlsDataFlow' 
INFO: [HLS 200-10] ----------------------------------------------------------------
WARNING: [RTGEN 206-101] Setting dangling out port 'FrmbufRdHlsDataFlow/m_axi_mm_video_AWVALID' to 0.
WARNING: [RTGEN 206-101] Setting dangling out port 'FrmbufRdHlsDataFlow/m_axi_mm_video_AWADDR' to 0.
WARNING: [RTGEN 206-101] Setting dangling out port 'FrmbufRdHlsDataFlow/m_axi_mm_video_AWID' to 0.
WARNING: [RTGEN 206-101] Setting dangling out port 'FrmbufRdHlsDataFlow/m_axi_mm_video_AWLEN' to 0.
WARNING: [RTGEN 206-101] Setting dangling out port 'FrmbufRdHlsDataFlow/m_axi_mm_video_AWSIZE' to 0.
WARNING: [RTGEN 206-101] Setting dangling out port 'FrmbufRdHlsDataFlow/m_axi_mm_video_AWBURST' to 0.
WARNING: [RTGEN 206-101] Setting dangling out port 'FrmbufRdHlsDataFlow/m_axi_mm_video_AWLOCK' to 0.
WARNING: [RTGEN 206-101] Setting dangling out port 'FrmbufRdHlsDataFlow/m_axi_mm_video_AWCACHE' to 0.
WARNING: [RTGEN 206-101] Setting dangling out port 'FrmbufRdHlsDataFlow/m_axi_mm_video_AWPROT' to 0.
WARNING: [RTGEN 206-101] Setting dangling out port 'FrmbufRdHlsDataFlow/m_axi_mm_video_AWQOS' to 0.
WARNING: [RTGEN 206-101] Setting dangling out port 'FrmbufRdHlsDataFlow/m_axi_mm_video_AWREGION' to 0.
WARNING: [RTGEN 206-101] Setting dangling out port 'FrmbufRdHlsDataFlow/m_axi_mm_video_AWUSER' to 0.
WARNING: [RTGEN 206-101] Setting dangling out port 'FrmbufRdHlsDataFlow/m_axi_mm_video_WVALID' to 0.
WARNING: [RTGEN 206-101] Setting dangling out port 'FrmbufRdHlsDataFlow/m_axi_mm_video_WDATA' to 0.
WARNING: [RTGEN 206-101] Setting dangling out port 'FrmbufRdHlsDataFlow/m_axi_mm_video_WSTRB' to 0.
WARNING: [RTGEN 206-101] Setting dangling out port 'FrmbufRdHlsDataFlow/m_axi_mm_video_WLAST' to 0.
WARNING: [RTGEN 206-101] Setting dangling out port 'FrmbufRdHlsDataFlow/m_axi_mm_video_WID' to 0.
WARNING: [RTGEN 206-101] Setting dangling out port 'FrmbufRdHlsDataFlow/m_axi_mm_video_WUSER' to 0.
WARNING: [RTGEN 206-101] Setting dangling out port 'FrmbufRdHlsDataFlow/m_axi_mm_video_BREADY' to 0.
INFO: [RTGEN 206-100] Finished creating RTL model for 'FrmbufRdHlsDataFlow'.
INFO: [RTMG 210-285] Implementing FIFO 'colorFormat_val11_c_U(dpss_vck190_pt_v_frmbuf_rd_0_0_fifo_w2_d4_S)' using Shift Registers.
INFO: [RTMG 210-285] Implementing FIFO 'bytePlanes_plane0_U(dpss_vck190_pt_v_frmbuf_rd_0_0_fifo_w256_d480_B)' using Block RAMs.
INFO: [RTMG 210-285] Implementing FIFO 'bytePlanes_plane1_U(dpss_vck190_pt_v_frmbuf_rd_0_0_fifo_w256_d480_B)' using Block RAMs.
INFO: [RTMG 210-285] Implementing FIFO 'WidthInBytes_val10_c_U(dpss_vck190_pt_v_frmbuf_rd_0_0_fifo_w16_d2_S)' using Shift Registers.
INFO: [RTMG 210-285] Implementing FIFO 'img_U(dpss_vck190_pt_v_frmbuf_rd_0_0_fifo_w120_d2_S)' using Shift Registers.
INFO: [RTMG 210-285] Implementing FIFO 'start_for_MultiPixStream2AXIvideo_U0_U(dpss_vck190_pt_v_frmbuf_rd_0_0_start_for_MultiPixStream2AXIvideo_U0)' using Shift Registers.
INFO: [RTMG 210-285] Implementing FIFO 'start_for_Bytes2MultiPixStream_U0_U(dpss_vck190_pt_v_frmbuf_rd_0_0_start_for_Bytes2MultiPixStream_U0)' using Shift Registers.
INFO: [HLS 200-111] Finished Creating RTL model: CPU user time: 0 seconds. CPU system time: 0 seconds. Elapsed time: 0.853 seconds; current allocated memory: 192.324 MB.
INFO: [HLS 200-10] ----------------------------------------------------------------
INFO: [HLS 200-10] -- Generating RTL for module 'v_frmbuf_rd' 
INFO: [HLS 200-10] ----------------------------------------------------------------
WARNING: [RTGEN 206-101] Design contains AXI ports. Reset is fixed to synchronous and active low.
INFO: [RTGEN 206-500] Setting interface mode on port 'v_frmbuf_rd/mm_video' to 'm_axi'.
INFO: [RTGEN 206-500] Setting interface mode on port 'v_frmbuf_rd/width' to 's_axilite & ap_none'.
INFO: [RTGEN 206-500] Setting interface mode on port 'v_frmbuf_rd/height' to 's_axilite & ap_none'.
INFO: [RTGEN 206-500] Setting interface mode on port 'v_frmbuf_rd/stride' to 's_axilite & ap_none'.
INFO: [RTGEN 206-500] Setting interface mode on port 'v_frmbuf_rd/video_format' to 's_axilite & ap_none'.
INFO: [RTGEN 206-500] Setting interface mode on port 'v_frmbuf_rd/frm_buffer' to 's_axilite & ap_none'.
INFO: [RTGEN 206-500] Setting interface mode on port 'v_frmbuf_rd/frm_buffer2' to 's_axilite & ap_none'.
INFO: [RTGEN 206-500] Setting interface mode on port 'v_frmbuf_rd/frm_buffer3' to 's_axilite & ap_none'.
INFO: [RTGEN 206-500] Setting interface mode on port 'v_frmbuf_rd/m_axis_video_V_data_V' to 'axis' (register, both mode).
INFO: [RTGEN 206-500] Setting interface mode on port 'v_frmbuf_rd/m_axis_video_V_keep_V' to 'axis' (register, both mode).
INFO: [RTGEN 206-500] Setting interface mode on port 'v_frmbuf_rd/m_axis_video_V_strb_V' to 'axis' (register, both mode).
INFO: [RTGEN 206-500] Setting interface mode on port 'v_frmbuf_rd/m_axis_video_V_user_V' to 'axis' (register, both mode).
INFO: [RTGEN 206-500] Setting interface mode on port 'v_frmbuf_rd/m_axis_video_V_last_V' to 'axis' (register, both mode).
INFO: [RTGEN 206-500] Setting interface mode on port 'v_frmbuf_rd/m_axis_video_V_id_V' to 'axis' (register, both mode).
INFO: [RTGEN 206-500] Setting interface mode on port 'v_frmbuf_rd/m_axis_video_V_dest_V' to 'axis' (register, both mode).
INFO: [RTGEN 206-500] Setting interface mode on function 'v_frmbuf_rd' to 's_axilite & ap_ctrl_hs'.
INFO: [RTGEN 206-100] Bundling port 'width', 'height', 'stride', 'video_format', 'frm_buffer', 'frm_buffer2', 'frm_buffer3' and 'return' to AXI-Lite port CTRL.
INFO: [RTGEN 206-100] Generating core module 'mul_15ns_17ns_31_1_1': 1 instance(s).
INFO: [RTGEN 206-100] Generating core module 'mul_3ns_16s_16_1_1': 1 instance(s).
INFO: [RTGEN 206-100] Finished creating RTL model for 'v_frmbuf_rd'.
INFO: [RTMG 210-279] Implementing memory 'dpss_vck190_pt_v_frmbuf_rd_0_0_BYTES_PER_PIXEL_ROM_AUTO_1R' using auto ROMs.
INFO: [RTMG 210-279] Implementing memory 'dpss_vck190_pt_v_frmbuf_rd_0_0_MEMORY2LIVE_ROM_AUTO_1R' using auto ROMs.
INFO: [HLS 200-111] Finished Creating RTL model: CPU user time: 1 seconds. CPU system time: 0 seconds. Elapsed time: 1.406 seconds; current allocated memory: 192.324 MB.
INFO: [HLS 200-111] Finished Generating all RTL models: CPU user time: 0 seconds. CPU system time: 0 seconds. Elapsed time: 49.625 seconds; current allocated memory: 192.324 MB.
INFO: [HLS 200-1603] Design has inferred MAXI bursts and missed bursts, see Vitis HLS GUI synthesis summary report for detailed information.
INFO: [HLS 200-111] Finished Updating report files: CPU user time: 2 seconds. CPU system time: 0 seconds. Elapsed time: 6.74 seconds; current allocated memory: 192.324 MB.
INFO: [VHDL 208-304] Generating VHDL RTL for v_frmbuf_rd with prefix dpss_vck190_pt_v_frmbuf_rd_0_0_.
INFO: [VLOG 209-307] Generating Verilog RTL for v_frmbuf_rd with prefix dpss_vck190_pt_v_frmbuf_rd_0_0_.
INFO: [HLS 200-789] **** Estimated Fmax: 348.92 MHz
INFO: [HLS 200-111] Finished Command csynth_design CPU user time: 11 seconds. CPU system time: 1 seconds. Elapsed time: 254.219 seconds; current allocated memory: 2.730 MB.
INFO: [HLS 200-1510] Running: export_design -format ip_catalog 
INFO: [IMPL 213-8] Exporting RTL as a Vivado IP.
INFO: [HLS 200-802] Generated output file prj/sol/impl/export.zip
INFO: [HLS 200-111] Finished Command export_design CPU user time: 3 seconds. CPU system time: 0 seconds. Elapsed time: 31.707 seconds; current allocated memory: 0.000 MB.
