
*** Running vivado
    with args -log dpss_vck190_pt_util_ds_buf_aud_0.vds -m64 -product Vivado -mode batch -messageDb vivado.pb -notrace -source dpss_vck190_pt_util_ds_buf_aud_0.tcl



****** Vivado v2023.2 (64-bit)
  **** SW Build 4029153 on Fri Oct 13 20:14:34 MDT 2023
  **** IP Build 4028589 on Sat Oct 14 00:45:43 MDT 2023
  **** SharedData Build 4025554 on Tue Oct 10 17:18:54 MDT 2023
    ** Copyright 1986-2022 Xilinx, Inc. All Rights Reserved.
    ** Copyright 2022-2023 Advanced Micro Devices, Inc. All Rights Reserved.

source dpss_vck190_pt_util_ds_buf_aud_0.tcl -notrace
create_project: Time (s): cpu = 00:00:03 ; elapsed = 00:00:20 . Memory (MB): peak = 582.891 ; gain = 181.770
INFO: [IP_Flow 19-6924] IPCACHE: Running cache check for IP inst: dpss_vck190_pt_util_ds_buf_aud_0
Command: synth_design -top dpss_vck190_pt_util_ds_buf_aud_0 -part xcvc1902-vsva2197-2MP-e-S -incremental_mode off -mode out_of_context
Starting synth_design
Attempting to get a license for feature 'Synthesis' and/or device 'xcvc1902'
INFO: [Common 17-349] Got license for feature 'Synthesis' and/or device 'xcvc1902'
INFO: [Device 21-403] Loading part xcvc1902-vsva2197-2MP-e-S
INFO: [Synth 8-7079] Multithreading enabled for synth_design using a maximum of 2 processes.
INFO: [Synth 8-7078] Launching helper process for spawning children vivado processes
INFO: [Synth 8-7075] Helper process launched with PID 23668
---------------------------------------------------------------------------------
Starting RTL Elaboration : Time (s): cpu = 00:00:07 ; elapsed = 00:00:11 . Memory (MB): peak = 2012.320 ; gain = 438.852
---------------------------------------------------------------------------------
INFO: [Synth 8-638] synthesizing module 'dpss_vck190_pt_util_ds_buf_aud_0' [c:/Vulcan/Protocol/Display/v_dp_rxss1_0_ex/v_dp_rxss1_0_ex.gen/sources_1/bd/dpss_vck190_pt/ip/dpss_vck190_pt_util_ds_buf_aud_0/synth/dpss_vck190_pt_util_ds_buf_aud_0.vhd:68]
	Parameter C_BUF_TYPE bound to: BUFG_GT - type: string 
	Parameter C_SIZE bound to: 1 - type: integer 
	Parameter C_BUFGCE_DIV bound to: 1 - type: integer 
	Parameter C_BUFG_GT_SYNC bound to: 0 - type: integer 
	Parameter C_SIM_DEVICE bound to: VERSAL_AI_CORE - type: string 
	Parameter C_OBUFDS_GTE5_ADV bound to: 2'b00 
	Parameter C_REFCLK_ICNTL_TX bound to: 5'b00000 
INFO: [Synth 8-3491] module 'util_ds_buf' declared at 'c:/Vulcan/Protocol/Display/v_dp_rxss1_0_ex/v_dp_rxss1_0_ex.gen/sources_1/bd/dpss_vck190_pt/ip/dpss_vck190_pt_util_ds_buf_aud_0/util_ds_buf.vhd:73' bound to instance 'U0' of component 'util_ds_buf' [c:/Vulcan/Protocol/Display/v_dp_rxss1_0_ex/v_dp_rxss1_0_ex.gen/sources_1/bd/dpss_vck190_pt/ip/dpss_vck190_pt_util_ds_buf_aud_0/synth/dpss_vck190_pt_util_ds_buf_aud_0.vhd:204]
INFO: [Synth 8-638] synthesizing module 'util_ds_buf' [c:/Vulcan/Protocol/Display/v_dp_rxss1_0_ex/v_dp_rxss1_0_ex.gen/sources_1/bd/dpss_vck190_pt/ip/dpss_vck190_pt_util_ds_buf_aud_0/util_ds_buf.vhd:252]
	Parameter SIM_DEVICE bound to: VERSAL_AI_CORE - type: string 
INFO: [Synth 8-113] binding component instance 'BUFG_GT_U' to cell 'BUFG_GT' [c:/Vulcan/Protocol/Display/v_dp_rxss1_0_ex/v_dp_rxss1_0_ex.gen/sources_1/bd/dpss_vck190_pt/ip/dpss_vck190_pt_util_ds_buf_aud_0/util_ds_buf.vhd:632]
INFO: [Synth 8-256] done synthesizing module 'util_ds_buf' (0#1) [c:/Vulcan/Protocol/Display/v_dp_rxss1_0_ex/v_dp_rxss1_0_ex.gen/sources_1/bd/dpss_vck190_pt/ip/dpss_vck190_pt_util_ds_buf_aud_0/util_ds_buf.vhd:252]
INFO: [Synth 8-256] done synthesizing module 'dpss_vck190_pt_util_ds_buf_aud_0' (0#1) [c:/Vulcan/Protocol/Display/v_dp_rxss1_0_ex/v_dp_rxss1_0_ex.gen/sources_1/bd/dpss_vck190_pt/ip/dpss_vck190_pt_util_ds_buf_aud_0/synth/dpss_vck190_pt_util_ds_buf_aud_0.vhd:68]
WARNING: [Synth 8-3848] Net IBUF_OUT in module/entity util_ds_buf does not have driver. [c:/Vulcan/Protocol/Display/v_dp_rxss1_0_ex/v_dp_rxss1_0_ex.gen/sources_1/bd/dpss_vck190_pt/ip/dpss_vck190_pt_util_ds_buf_aud_0/util_ds_buf.vhd:89]
WARNING: [Synth 8-3848] Net IBUF_DS_ODIV2 in module/entity util_ds_buf does not have driver. [c:/Vulcan/Protocol/Display/v_dp_rxss1_0_ex/v_dp_rxss1_0_ex.gen/sources_1/bd/dpss_vck190_pt/ip/dpss_vck190_pt_util_ds_buf_aud_0/util_ds_buf.vhd:90]
WARNING: [Synth 8-3848] Net OBUF_DS_P in module/entity util_ds_buf does not have driver. [c:/Vulcan/Protocol/Display/v_dp_rxss1_0_ex/v_dp_rxss1_0_ex.gen/sources_1/bd/dpss_vck190_pt/ip/dpss_vck190_pt_util_ds_buf_aud_0/util_ds_buf.vhd:95]
WARNING: [Synth 8-3848] Net OBUF_DS_N in module/entity util_ds_buf does not have driver. [c:/Vulcan/Protocol/Display/v_dp_rxss1_0_ex/v_dp_rxss1_0_ex.gen/sources_1/bd/dpss_vck190_pt/ip/dpss_vck190_pt_util_ds_buf_aud_0/util_ds_buf.vhd:96]
WARNING: [Synth 8-3848] Net IOBUF_IO_O in module/entity util_ds_buf does not have driver. [c:/Vulcan/Protocol/Display/v_dp_rxss1_0_ex/v_dp_rxss1_0_ex.gen/sources_1/bd/dpss_vck190_pt/ip/dpss_vck190_pt_util_ds_buf_aud_0/util_ds_buf.vhd:103]
WARNING: [Synth 8-3848] Net BUFG_O in module/entity util_ds_buf does not have driver. [c:/Vulcan/Protocol/Display/v_dp_rxss1_0_ex/v_dp_rxss1_0_ex.gen/sources_1/bd/dpss_vck190_pt/ip/dpss_vck190_pt_util_ds_buf_aud_0/util_ds_buf.vhd:110]
WARNING: [Synth 8-3848] Net BUFGCE_O in module/entity util_ds_buf does not have driver. [c:/Vulcan/Protocol/Display/v_dp_rxss1_0_ex/v_dp_rxss1_0_ex.gen/sources_1/bd/dpss_vck190_pt/ip/dpss_vck190_pt_util_ds_buf_aud_0/util_ds_buf.vhd:115]
WARNING: [Synth 8-3848] Net BUFH_O in module/entity util_ds_buf does not have driver. [c:/Vulcan/Protocol/Display/v_dp_rxss1_0_ex/v_dp_rxss1_0_ex.gen/sources_1/bd/dpss_vck190_pt/ip/dpss_vck190_pt_util_ds_buf_aud_0/util_ds_buf.vhd:120]
WARNING: [Synth 8-3848] Net BUFHCE_O in module/entity util_ds_buf does not have driver. [c:/Vulcan/Protocol/Display/v_dp_rxss1_0_ex/v_dp_rxss1_0_ex.gen/sources_1/bd/dpss_vck190_pt/ip/dpss_vck190_pt_util_ds_buf_aud_0/util_ds_buf.vhd:125]
WARNING: [Synth 8-3848] Net BUFG_FABRIC_O in module/entity util_ds_buf does not have driver. [c:/Vulcan/Protocol/Display/v_dp_rxss1_0_ex/v_dp_rxss1_0_ex.gen/sources_1/bd/dpss_vck190_pt/ip/dpss_vck190_pt_util_ds_buf_aud_0/util_ds_buf.vhd:129]
WARNING: [Synth 8-3848] Net OBUFDS_GTE5_O in module/entity util_ds_buf does not have driver. [c:/Vulcan/Protocol/Display/v_dp_rxss1_0_ex/v_dp_rxss1_0_ex.gen/sources_1/bd/dpss_vck190_pt/ip/dpss_vck190_pt_util_ds_buf_aud_0/util_ds_buf.vhd:134]
WARNING: [Synth 8-3848] Net OBUFDS_GTE5_OB in module/entity util_ds_buf does not have driver. [c:/Vulcan/Protocol/Display/v_dp_rxss1_0_ex/v_dp_rxss1_0_ex.gen/sources_1/bd/dpss_vck190_pt/ip/dpss_vck190_pt_util_ds_buf_aud_0/util_ds_buf.vhd:135]
WARNING: [Synth 8-3848] Net OBUFDS_GTE5_ADV_O in module/entity util_ds_buf does not have driver. [c:/Vulcan/Protocol/Display/v_dp_rxss1_0_ex/v_dp_rxss1_0_ex.gen/sources_1/bd/dpss_vck190_pt/ip/dpss_vck190_pt_util_ds_buf_aud_0/util_ds_buf.vhd:140]
WARNING: [Synth 8-3848] Net OBUFDS_GTE5_ADV_OB in module/entity util_ds_buf does not have driver. [c:/Vulcan/Protocol/Display/v_dp_rxss1_0_ex/v_dp_rxss1_0_ex.gen/sources_1/bd/dpss_vck190_pt/ip/dpss_vck190_pt_util_ds_buf_aud_0/util_ds_buf.vhd:141]
WARNING: [Synth 8-3848] Net OBUFDS_GTE3_O in module/entity util_ds_buf does not have driver. [c:/Vulcan/Protocol/Display/v_dp_rxss1_0_ex/v_dp_rxss1_0_ex.gen/sources_1/bd/dpss_vck190_pt/ip/dpss_vck190_pt_util_ds_buf_aud_0/util_ds_buf.vhd:147]
WARNING: [Synth 8-3848] Net OBUFDS_GTE3_OB in module/entity util_ds_buf does not have driver. [c:/Vulcan/Protocol/Display/v_dp_rxss1_0_ex/v_dp_rxss1_0_ex.gen/sources_1/bd/dpss_vck190_pt/ip/dpss_vck190_pt_util_ds_buf_aud_0/util_ds_buf.vhd:148]
WARNING: [Synth 8-3848] Net OBUFDS_GTE3_ADV_O in module/entity util_ds_buf does not have driver. [c:/Vulcan/Protocol/Display/v_dp_rxss1_0_ex/v_dp_rxss1_0_ex.gen/sources_1/bd/dpss_vck190_pt/ip/dpss_vck190_pt_util_ds_buf_aud_0/util_ds_buf.vhd:153]
WARNING: [Synth 8-3848] Net OBUFDS_GTE3_ADV_OB in module/entity util_ds_buf does not have driver. [c:/Vulcan/Protocol/Display/v_dp_rxss1_0_ex/v_dp_rxss1_0_ex.gen/sources_1/bd/dpss_vck190_pt/ip/dpss_vck190_pt_util_ds_buf_aud_0/util_ds_buf.vhd:154]
WARNING: [Synth 8-3848] Net OBUFDS_GTE4_O in module/entity util_ds_buf does not have driver. [c:/Vulcan/Protocol/Display/v_dp_rxss1_0_ex/v_dp_rxss1_0_ex.gen/sources_1/bd/dpss_vck190_pt/ip/dpss_vck190_pt_util_ds_buf_aud_0/util_ds_buf.vhd:160]
WARNING: [Synth 8-3848] Net OBUFDS_GTE4_OB in module/entity util_ds_buf does not have driver. [c:/Vulcan/Protocol/Display/v_dp_rxss1_0_ex/v_dp_rxss1_0_ex.gen/sources_1/bd/dpss_vck190_pt/ip/dpss_vck190_pt_util_ds_buf_aud_0/util_ds_buf.vhd:161]
WARNING: [Synth 8-3848] Net OBUFDS_GTE4_ADV_O in module/entity util_ds_buf does not have driver. [c:/Vulcan/Protocol/Display/v_dp_rxss1_0_ex/v_dp_rxss1_0_ex.gen/sources_1/bd/dpss_vck190_pt/ip/dpss_vck190_pt_util_ds_buf_aud_0/util_ds_buf.vhd:166]
WARNING: [Synth 8-3848] Net OBUFDS_GTE4_ADV_OB in module/entity util_ds_buf does not have driver. [c:/Vulcan/Protocol/Display/v_dp_rxss1_0_ex/v_dp_rxss1_0_ex.gen/sources_1/bd/dpss_vck190_pt/ip/dpss_vck190_pt_util_ds_buf_aud_0/util_ds_buf.vhd:167]
WARNING: [Synth 8-3848] Net IBUFDS_GTM_O in module/entity util_ds_buf does not have driver. [c:/Vulcan/Protocol/Display/v_dp_rxss1_0_ex/v_dp_rxss1_0_ex.gen/sources_1/bd/dpss_vck190_pt/ip/dpss_vck190_pt_util_ds_buf_aud_0/util_ds_buf.vhd:171]
WARNING: [Synth 8-3848] Net IBUFDS_GTM_ODIV2 in module/entity util_ds_buf does not have driver. [c:/Vulcan/Protocol/Display/v_dp_rxss1_0_ex/v_dp_rxss1_0_ex.gen/sources_1/bd/dpss_vck190_pt/ip/dpss_vck190_pt_util_ds_buf_aud_0/util_ds_buf.vhd:172]
WARNING: [Synth 8-3848] Net OBUFDS_GTM_O in module/entity util_ds_buf does not have driver. [c:/Vulcan/Protocol/Display/v_dp_rxss1_0_ex/v_dp_rxss1_0_ex.gen/sources_1/bd/dpss_vck190_pt/ip/dpss_vck190_pt_util_ds_buf_aud_0/util_ds_buf.vhd:178]
WARNING: [Synth 8-3848] Net OBUFDS_GTM_OB in module/entity util_ds_buf does not have driver. [c:/Vulcan/Protocol/Display/v_dp_rxss1_0_ex/v_dp_rxss1_0_ex.gen/sources_1/bd/dpss_vck190_pt/ip/dpss_vck190_pt_util_ds_buf_aud_0/util_ds_buf.vhd:179]
WARNING: [Synth 8-3848] Net OBUFDS_GTM_ADV_O in module/entity util_ds_buf does not have driver. [c:/Vulcan/Protocol/Display/v_dp_rxss1_0_ex/v_dp_rxss1_0_ex.gen/sources_1/bd/dpss_vck190_pt/ip/dpss_vck190_pt_util_ds_buf_aud_0/util_ds_buf.vhd:186]
WARNING: [Synth 8-3848] Net OBUFDS_GTM_ADV_OB in module/entity util_ds_buf does not have driver. [c:/Vulcan/Protocol/Display/v_dp_rxss1_0_ex/v_dp_rxss1_0_ex.gen/sources_1/bd/dpss_vck190_pt/ip/dpss_vck190_pt_util_ds_buf_aud_0/util_ds_buf.vhd:187]
WARNING: [Synth 8-3848] Net IBUFDS_GTME5_O in module/entity util_ds_buf does not have driver. [c:/Vulcan/Protocol/Display/v_dp_rxss1_0_ex/v_dp_rxss1_0_ex.gen/sources_1/bd/dpss_vck190_pt/ip/dpss_vck190_pt_util_ds_buf_aud_0/util_ds_buf.vhd:190]
WARNING: [Synth 8-3848] Net IBUFDS_GTME5_ODIV2 in module/entity util_ds_buf does not have driver. [c:/Vulcan/Protocol/Display/v_dp_rxss1_0_ex/v_dp_rxss1_0_ex.gen/sources_1/bd/dpss_vck190_pt/ip/dpss_vck190_pt_util_ds_buf_aud_0/util_ds_buf.vhd:191]
WARNING: [Synth 8-3848] Net OBUFDS_GTME5_O in module/entity util_ds_buf does not have driver. [c:/Vulcan/Protocol/Display/v_dp_rxss1_0_ex/v_dp_rxss1_0_ex.gen/sources_1/bd/dpss_vck190_pt/ip/dpss_vck190_pt_util_ds_buf_aud_0/util_ds_buf.vhd:199]
WARNING: [Synth 8-3848] Net OBUFDS_GTME5_OB in module/entity util_ds_buf does not have driver. [c:/Vulcan/Protocol/Display/v_dp_rxss1_0_ex/v_dp_rxss1_0_ex.gen/sources_1/bd/dpss_vck190_pt/ip/dpss_vck190_pt_util_ds_buf_aud_0/util_ds_buf.vhd:200]
WARNING: [Synth 8-3848] Net OBUFDS_GTME5_ADV_O in module/entity util_ds_buf does not have driver. [c:/Vulcan/Protocol/Display/v_dp_rxss1_0_ex/v_dp_rxss1_0_ex.gen/sources_1/bd/dpss_vck190_pt/ip/dpss_vck190_pt_util_ds_buf_aud_0/util_ds_buf.vhd:206]
WARNING: [Synth 8-3848] Net OBUFDS_GTME5_ADV_OB in module/entity util_ds_buf does not have driver. [c:/Vulcan/Protocol/Display/v_dp_rxss1_0_ex/v_dp_rxss1_0_ex.gen/sources_1/bd/dpss_vck190_pt/ip/dpss_vck190_pt_util_ds_buf_aud_0/util_ds_buf.vhd:207]
WARNING: [Synth 8-3848] Net BUFG_PS_O in module/entity util_ds_buf does not have driver. [c:/Vulcan/Protocol/Display/v_dp_rxss1_0_ex/v_dp_rxss1_0_ex.gen/sources_1/bd/dpss_vck190_pt/ip/dpss_vck190_pt_util_ds_buf_aud_0/util_ds_buf.vhd:221]
WARNING: [Synth 8-3848] Net MBUFG_GT_O1 in module/entity util_ds_buf does not have driver. [c:/Vulcan/Protocol/Display/v_dp_rxss1_0_ex/v_dp_rxss1_0_ex.gen/sources_1/bd/dpss_vck190_pt/ip/dpss_vck190_pt_util_ds_buf_aud_0/util_ds_buf.vhd:233]
WARNING: [Synth 8-3848] Net MBUFG_GT_O2 in module/entity util_ds_buf does not have driver. [c:/Vulcan/Protocol/Display/v_dp_rxss1_0_ex/v_dp_rxss1_0_ex.gen/sources_1/bd/dpss_vck190_pt/ip/dpss_vck190_pt_util_ds_buf_aud_0/util_ds_buf.vhd:234]
WARNING: [Synth 8-3848] Net MBUFG_GT_O3 in module/entity util_ds_buf does not have driver. [c:/Vulcan/Protocol/Display/v_dp_rxss1_0_ex/v_dp_rxss1_0_ex.gen/sources_1/bd/dpss_vck190_pt/ip/dpss_vck190_pt_util_ds_buf_aud_0/util_ds_buf.vhd:235]
WARNING: [Synth 8-3848] Net MBUFG_GT_O4 in module/entity util_ds_buf does not have driver. [c:/Vulcan/Protocol/Display/v_dp_rxss1_0_ex/v_dp_rxss1_0_ex.gen/sources_1/bd/dpss_vck190_pt/ip/dpss_vck190_pt_util_ds_buf_aud_0/util_ds_buf.vhd:236]
WARNING: [Synth 8-3848] Net MBUFG_PS_O1 in module/entity util_ds_buf does not have driver. [c:/Vulcan/Protocol/Display/v_dp_rxss1_0_ex/v_dp_rxss1_0_ex.gen/sources_1/bd/dpss_vck190_pt/ip/dpss_vck190_pt_util_ds_buf_aud_0/util_ds_buf.vhd:241]
WARNING: [Synth 8-3848] Net MBUFG_PS_O2 in module/entity util_ds_buf does not have driver. [c:/Vulcan/Protocol/Display/v_dp_rxss1_0_ex/v_dp_rxss1_0_ex.gen/sources_1/bd/dpss_vck190_pt/ip/dpss_vck190_pt_util_ds_buf_aud_0/util_ds_buf.vhd:242]
WARNING: [Synth 8-3848] Net MBUFG_PS_O3 in module/entity util_ds_buf does not have driver. [c:/Vulcan/Protocol/Display/v_dp_rxss1_0_ex/v_dp_rxss1_0_ex.gen/sources_1/bd/dpss_vck190_pt/ip/dpss_vck190_pt_util_ds_buf_aud_0/util_ds_buf.vhd:243]
WARNING: [Synth 8-3848] Net MBUFG_PS_O4 in module/entity util_ds_buf does not have driver. [c:/Vulcan/Protocol/Display/v_dp_rxss1_0_ex/v_dp_rxss1_0_ex.gen/sources_1/bd/dpss_vck190_pt/ip/dpss_vck190_pt_util_ds_buf_aud_0/util_ds_buf.vhd:244]
WARNING: [Synth 8-7129] Port IBUF_OUT[0] in module util_ds_buf is either unconnected or has no load
WARNING: [Synth 8-7129] Port IBUF_DS_ODIV2[0] in module util_ds_buf is either unconnected or has no load
WARNING: [Synth 8-7129] Port OBUF_DS_P[0] in module util_ds_buf is either unconnected or has no load
WARNING: [Synth 8-7129] Port OBUF_DS_N[0] in module util_ds_buf is either unconnected or has no load
WARNING: [Synth 8-7129] Port IOBUF_IO_O[0] in module util_ds_buf is either unconnected or has no load
WARNING: [Synth 8-7129] Port BUFG_O[0] in module util_ds_buf is either unconnected or has no load
WARNING: [Synth 8-7129] Port BUFGCE_O[0] in module util_ds_buf is either unconnected or has no load
WARNING: [Synth 8-7129] Port BUFH_O[0] in module util_ds_buf is either unconnected or has no load
WARNING: [Synth 8-7129] Port BUFHCE_O[0] in module util_ds_buf is either unconnected or has no load
WARNING: [Synth 8-7129] Port BUFG_FABRIC_O[0] in module util_ds_buf is either unconnected or has no load
WARNING: [Synth 8-7129] Port OBUFDS_GTE5_O[0] in module util_ds_buf is either unconnected or has no load
WARNING: [Synth 8-7129] Port OBUFDS_GTE5_OB[0] in module util_ds_buf is either unconnected or has no load
WARNING: [Synth 8-7129] Port OBUFDS_GTE5_ADV_O[0] in module util_ds_buf is either unconnected or has no load
WARNING: [Synth 8-7129] Port OBUFDS_GTE5_ADV_OB[0] in module util_ds_buf is either unconnected or has no load
WARNING: [Synth 8-7129] Port OBUFDS_GTE3_O[0] in module util_ds_buf is either unconnected or has no load
WARNING: [Synth 8-7129] Port OBUFDS_GTE3_OB[0] in module util_ds_buf is either unconnected or has no load
WARNING: [Synth 8-7129] Port OBUFDS_GTE3_ADV_O[0] in module util_ds_buf is either unconnected or has no load
WARNING: [Synth 8-7129] Port OBUFDS_GTE3_ADV_OB[0] in module util_ds_buf is either unconnected or has no load
WARNING: [Synth 8-7129] Port OBUFDS_GTE4_O[0] in module util_ds_buf is either unconnected or has no load
WARNING: [Synth 8-7129] Port OBUFDS_GTE4_OB[0] in module util_ds_buf is either unconnected or has no load
WARNING: [Synth 8-7129] Port OBUFDS_GTE4_ADV_O[0] in module util_ds_buf is either unconnected or has no load
WARNING: [Synth 8-7129] Port OBUFDS_GTE4_ADV_OB[0] in module util_ds_buf is either unconnected or has no load
WARNING: [Synth 8-7129] Port IBUFDS_GTM_O[0] in module util_ds_buf is either unconnected or has no load
WARNING: [Synth 8-7129] Port IBUFDS_GTM_ODIV2[0] in module util_ds_buf is either unconnected or has no load
WARNING: [Synth 8-7129] Port OBUFDS_GTM_O[0] in module util_ds_buf is either unconnected or has no load
WARNING: [Synth 8-7129] Port OBUFDS_GTM_OB[0] in module util_ds_buf is either unconnected or has no load
WARNING: [Synth 8-7129] Port OBUFDS_GTM_ADV_O[0] in module util_ds_buf is either unconnected or has no load
WARNING: [Synth 8-7129] Port OBUFDS_GTM_ADV_OB[0] in module util_ds_buf is either unconnected or has no load
WARNING: [Synth 8-7129] Port IBUFDS_GTME5_O[0] in module util_ds_buf is either unconnected or has no load
WARNING: [Synth 8-7129] Port IBUFDS_GTME5_ODIV2[0] in module util_ds_buf is either unconnected or has no load
WARNING: [Synth 8-7129] Port OBUFDS_GTME5_O[0] in module util_ds_buf is either unconnected or has no load
WARNING: [Synth 8-7129] Port OBUFDS_GTME5_OB[0] in module util_ds_buf is either unconnected or has no load
WARNING: [Synth 8-7129] Port OBUFDS_GTME5_ADV_O[0] in module util_ds_buf is either unconnected or has no load
WARNING: [Synth 8-7129] Port OBUFDS_GTME5_ADV_OB[0] in module util_ds_buf is either unconnected or has no load
WARNING: [Synth 8-7129] Port BUFG_PS_O[0] in module util_ds_buf is either unconnected or has no load
WARNING: [Synth 8-7129] Port MBUFG_GT_O1[0] in module util_ds_buf is either unconnected or has no load
WARNING: [Synth 8-7129] Port MBUFG_GT_O2[0] in module util_ds_buf is either unconnected or has no load
WARNING: [Synth 8-7129] Port MBUFG_GT_O3[0] in module util_ds_buf is either unconnected or has no load
WARNING: [Synth 8-7129] Port MBUFG_GT_O4[0] in module util_ds_buf is either unconnected or has no load
WARNING: [Synth 8-7129] Port MBUFG_PS_O1[0] in module util_ds_buf is either unconnected or has no load
WARNING: [Synth 8-7129] Port MBUFG_PS_O2[0] in module util_ds_buf is either unconnected or has no load
WARNING: [Synth 8-7129] Port MBUFG_PS_O3[0] in module util_ds_buf is either unconnected or has no load
WARNING: [Synth 8-7129] Port MBUFG_PS_O4[0] in module util_ds_buf is either unconnected or has no load
WARNING: [Synth 8-7129] Port IOBUF_DS_P[0] in module util_ds_buf is either unconnected or has no load
WARNING: [Synth 8-7129] Port IOBUF_DS_N[0] in module util_ds_buf is either unconnected or has no load
WARNING: [Synth 8-7129] Port IOBUF_IO_IO[0] in module util_ds_buf is either unconnected or has no load
WARNING: [Synth 8-7129] Port IBUF_DS_P[0] in module util_ds_buf is either unconnected or has no load
WARNING: [Synth 8-7129] Port IBUF_DS_N[0] in module util_ds_buf is either unconnected or has no load
WARNING: [Synth 8-7129] Port IBUF_DS_CEB[0] in module util_ds_buf is either unconnected or has no load
WARNING: [Synth 8-7129] Port OBUF_IN[0] in module util_ds_buf is either unconnected or has no load
WARNING: [Synth 8-7129] Port IOBUF_IO_T[0] in module util_ds_buf is either unconnected or has no load
WARNING: [Synth 8-7129] Port IOBUF_IO_I[0] in module util_ds_buf is either unconnected or has no load
WARNING: [Synth 8-7129] Port BUFG_I[0] in module util_ds_buf is either unconnected or has no load
WARNING: [Synth 8-7129] Port BUFGCE_I[0] in module util_ds_buf is either unconnected or has no load
WARNING: [Synth 8-7129] Port BUFGCE_CE[0] in module util_ds_buf is either unconnected or has no load
WARNING: [Synth 8-7129] Port BUFGCE_CLR[0] in module util_ds_buf is either unconnected or has no load
WARNING: [Synth 8-7129] Port BUFH_I[0] in module util_ds_buf is either unconnected or has no load
WARNING: [Synth 8-7129] Port BUFHCE_I[0] in module util_ds_buf is either unconnected or has no load
WARNING: [Synth 8-7129] Port BUFHCE_CE[0] in module util_ds_buf is either unconnected or has no load
WARNING: [Synth 8-7129] Port BUFG_FABRIC_I[0] in module util_ds_buf is either unconnected or has no load
WARNING: [Synth 8-7129] Port OBUFDS_GTE5_CEB[0] in module util_ds_buf is either unconnected or has no load
WARNING: [Synth 8-7129] Port OBUFDS_GTE5_I[0] in module util_ds_buf is either unconnected or has no load
WARNING: [Synth 8-7129] Port OBUFDS_GTE5_ADV_CEB[0] in module util_ds_buf is either unconnected or has no load
WARNING: [Synth 8-7129] Port OBUFDS_GTE5_ADV_I[3] in module util_ds_buf is either unconnected or has no load
WARNING: [Synth 8-7129] Port OBUFDS_GTE5_ADV_I[2] in module util_ds_buf is either unconnected or has no load
WARNING: [Synth 8-7129] Port OBUFDS_GTE5_ADV_I[1] in module util_ds_buf is either unconnected or has no load
WARNING: [Synth 8-7129] Port OBUFDS_GTE5_ADV_I[0] in module util_ds_buf is either unconnected or has no load
WARNING: [Synth 8-7129] Port OBUFDS_GTE5_ADV_RXRECCLKSEL[1] in module util_ds_buf is either unconnected or has no load
WARNING: [Synth 8-7129] Port OBUFDS_GTE5_ADV_RXRECCLKSEL[0] in module util_ds_buf is either unconnected or has no load
WARNING: [Synth 8-7129] Port OBUFDS_GTE3_CEB[0] in module util_ds_buf is either unconnected or has no load
WARNING: [Synth 8-7129] Port OBUFDS_GTE3_I[0] in module util_ds_buf is either unconnected or has no load
WARNING: [Synth 8-7129] Port OBUFDS_GTE3_ADV_CEB[0] in module util_ds_buf is either unconnected or has no load
WARNING: [Synth 8-7129] Port OBUFDS_GTE3_ADV_I[3] in module util_ds_buf is either unconnected or has no load
WARNING: [Synth 8-7129] Port OBUFDS_GTE3_ADV_I[2] in module util_ds_buf is either unconnected or has no load
WARNING: [Synth 8-7129] Port OBUFDS_GTE3_ADV_I[1] in module util_ds_buf is either unconnected or has no load
WARNING: [Synth 8-7129] Port OBUFDS_GTE3_ADV_I[0] in module util_ds_buf is either unconnected or has no load
WARNING: [Synth 8-7129] Port RXRECCLK_SEL_GTE3_ADV[1] in module util_ds_buf is either unconnected or has no load
WARNING: [Synth 8-7129] Port RXRECCLK_SEL_GTE3_ADV[0] in module util_ds_buf is either unconnected or has no load
WARNING: [Synth 8-7129] Port OBUFDS_GTE4_CEB[0] in module util_ds_buf is either unconnected or has no load
WARNING: [Synth 8-7129] Port OBUFDS_GTE4_I[0] in module util_ds_buf is either unconnected or has no load
WARNING: [Synth 8-7129] Port OBUFDS_GTE4_ADV_CEB[0] in module util_ds_buf is either unconnected or has no load
WARNING: [Synth 8-7129] Port OBUFDS_GTE4_ADV_I[3] in module util_ds_buf is either unconnected or has no load
WARNING: [Synth 8-7129] Port OBUFDS_GTE4_ADV_I[2] in module util_ds_buf is either unconnected or has no load
WARNING: [Synth 8-7129] Port OBUFDS_GTE4_ADV_I[1] in module util_ds_buf is either unconnected or has no load
WARNING: [Synth 8-7129] Port OBUFDS_GTE4_ADV_I[0] in module util_ds_buf is either unconnected or has no load
WARNING: [Synth 8-7129] Port RXRECCLK_SEL_GTE4_ADV[1] in module util_ds_buf is either unconnected or has no load
WARNING: [Synth 8-7129] Port RXRECCLK_SEL_GTE4_ADV[0] in module util_ds_buf is either unconnected or has no load
WARNING: [Synth 8-7129] Port IBUFDS_GTM_CEB[0] in module util_ds_buf is either unconnected or has no load
WARNING: [Synth 8-7129] Port IBUFDS_GTM_I[0] in module util_ds_buf is either unconnected or has no load
WARNING: [Synth 8-7129] Port IBUFDS_GTM_IB[0] in module util_ds_buf is either unconnected or has no load
WARNING: [Synth 8-7129] Port OBUFDS_GTM_CEB[0] in module util_ds_buf is either unconnected or has no load
WARNING: [Synth 8-7129] Port OBUFDS_GTM_I[0] in module util_ds_buf is either unconnected or has no load
WARNING: [Synth 8-7129] Port OBUFDS_GTM_ADV_CEB[0] in module util_ds_buf is either unconnected or has no load
WARNING: [Synth 8-7129] Port OBUFDS_GTM_ADV_I[3] in module util_ds_buf is either unconnected or has no load
WARNING: [Synth 8-7129] Port OBUFDS_GTM_ADV_I[2] in module util_ds_buf is either unconnected or has no load
WARNING: [Synth 8-7129] Port OBUFDS_GTM_ADV_I[1] in module util_ds_buf is either unconnected or has no load
WARNING: [Synth 8-7129] Port OBUFDS_GTM_ADV_I[0] in module util_ds_buf is either unconnected or has no load
WARNING: [Synth 8-7129] Port IBUFDS_GTME5_CEB[0] in module util_ds_buf is either unconnected or has no load
WARNING: [Synth 8-7129] Port IBUFDS_GTME5_I[0] in module util_ds_buf is either unconnected or has no load
WARNING: [Synth 8-7129] Port IBUFDS_GTME5_IB[0] in module util_ds_buf is either unconnected or has no load
INFO: [Common 17-14] Message 'Synth 8-7129' appears 100 times and further instances of the messages will be disabled. Use the Tcl command set_msg_config to change the current settings.
---------------------------------------------------------------------------------
Finished RTL Elaboration : Time (s): cpu = 00:00:09 ; elapsed = 00:00:14 . Memory (MB): peak = 2125.270 ; gain = 551.801
---------------------------------------------------------------------------------
---------------------------------------------------------------------------------
Start Handling Custom Attributes
---------------------------------------------------------------------------------
---------------------------------------------------------------------------------
Finished Handling Custom Attributes : Time (s): cpu = 00:00:09 ; elapsed = 00:00:14 . Memory (MB): peak = 2125.270 ; gain = 551.801
---------------------------------------------------------------------------------
---------------------------------------------------------------------------------
Finished RTL Optimization Phase 1 : Time (s): cpu = 00:00:09 ; elapsed = 00:00:14 . Memory (MB): peak = 2125.270 ; gain = 551.801
---------------------------------------------------------------------------------
Netlist sorting complete. Time (s): cpu = 00:00:00 ; elapsed = 00:00:00.002 . Memory (MB): peak = 2125.270 ; gain = 0.000
INFO: [Constraints 18-6359] No Clock Expansion Window constraints config file entry for device xcvc1902.  GCLK Deskew mode will be Off and cannot be enabled via GCLK_DESKEW override.
INFO: [Constraints 18-5720] The default GCLK Deskew mode is Off.
INFO: [Project 1-570] Preparing netlist for logic optimization

Processing XDC Constraints
Initializing timing engine
WARNING: [Designutils 20-1758] instance U0 wraps a black box. Constraint reading is skipped for elaborated designs in this case. Skipping constraint file 'c:/Vulcan/Protocol/Display/v_dp_rxss1_0_ex/v_dp_rxss1_0_ex.gen/sources_1/bd/dpss_vck190_pt/ip/dpss_vck190_pt_util_ds_buf_aud_0/dpss_vck190_pt_util_ds_buf_aud_0_ooc.xdc'.
WARNING: [Designutils 20-1758] instance U0 wraps a black box. Constraint reading is skipped for elaborated designs in this case. Skipping constraint file 'c:/Vulcan/Protocol/Display/v_dp_rxss1_0_ex/v_dp_rxss1_0_ex.gen/sources_1/bd/dpss_vck190_pt/ip/dpss_vck190_pt_util_ds_buf_aud_0/dpss_vck190_pt_util_ds_buf_aud_0_board.xdc'.
Parsing XDC File [c:/Vulcan/Protocol/Display/v_dp_rxss1_0_ex/v_dp_rxss1_0_ex.runs/dpss_vck190_pt_util_ds_buf_aud_0_synth_1/dont_touch.xdc]
Finished Parsing XDC File [c:/Vulcan/Protocol/Display/v_dp_rxss1_0_ex/v_dp_rxss1_0_ex.runs/dpss_vck190_pt_util_ds_buf_aud_0_synth_1/dont_touch.xdc]
Completed Processing XDC Constraints

Netlist sorting complete. Time (s): cpu = 00:00:00 ; elapsed = 00:00:00 . Memory (MB): peak = 2191.461 ; gain = 0.000
INFO: [Project 1-111] Unisim Transformation Summary:
No Unisim elements were transformed.

The system cannot find the path specified.
Constraint Validation Runtime : Time (s): cpu = 00:00:00 ; elapsed = 00:00:00.045 . Memory (MB): peak = 2196.426 ; gain = 4.965
INFO: [Designutils 20-5008] Incremental synthesis strategy off
---------------------------------------------------------------------------------
Finished Constraint Validation : Time (s): cpu = 00:00:16 ; elapsed = 00:00:28 . Memory (MB): peak = 2196.426 ; gain = 622.957
---------------------------------------------------------------------------------
---------------------------------------------------------------------------------
Start Loading Part and Timing Information
---------------------------------------------------------------------------------
Loading part: xcvc1902-vsva2197-2MP-e-S
INFO: [Synth 8-6742] Reading net delay rules and data
---------------------------------------------------------------------------------
Finished Loading Part and Timing Information : Time (s): cpu = 00:00:16 ; elapsed = 00:00:28 . Memory (MB): peak = 2196.426 ; gain = 622.957
---------------------------------------------------------------------------------
---------------------------------------------------------------------------------
Start Applying 'set_property' XDC Constraints
---------------------------------------------------------------------------------
Applied set_property KEEP_HIERARCHY = SOFT for U0. (constraint file  c:/Vulcan/Protocol/Display/v_dp_rxss1_0_ex/v_dp_rxss1_0_ex.runs/dpss_vck190_pt_util_ds_buf_aud_0_synth_1/dont_touch.xdc, line 9).
---------------------------------------------------------------------------------
Finished applying 'set_property' XDC Constraints : Time (s): cpu = 00:00:16 ; elapsed = 00:00:28 . Memory (MB): peak = 2196.426 ; gain = 622.957
---------------------------------------------------------------------------------
---------------------------------------------------------------------------------
Finished RTL Optimization Phase 2 : Time (s): cpu = 00:00:16 ; elapsed = 00:00:29 . Memory (MB): peak = 2196.426 ; gain = 622.957
---------------------------------------------------------------------------------
---------------------------------------------------------------------------------
Start RTL Component Statistics 
---------------------------------------------------------------------------------
Detailed RTL Component Info : 
---------------------------------------------------------------------------------
Finished RTL Component Statistics 
---------------------------------------------------------------------------------
---------------------------------------------------------------------------------
Start Part Resource Summary
---------------------------------------------------------------------------------
Part Resources:
DSPs: 1968 (col length:164)
BRAMs: 1934 (col length: RAMB18 168 RAMB36 84)
---------------------------------------------------------------------------------
Finished Part Resource Summary
---------------------------------------------------------------------------------
---------------------------------------------------------------------------------
Start Cross Boundary and Area Optimization
---------------------------------------------------------------------------------
WARNING: [Synth 8-7080] Parallel synthesis criteria is not met
---------------------------------------------------------------------------------
Finished Cross Boundary and Area Optimization : Time (s): cpu = 00:00:18 ; elapsed = 00:00:32 . Memory (MB): peak = 2196.426 ; gain = 622.957
---------------------------------------------------------------------------------
---------------------------------------------------------------------------------
Start Applying XDC Timing Constraints
---------------------------------------------------------------------------------
---------------------------------------------------------------------------------
Finished Applying XDC Timing Constraints : Time (s): cpu = 00:00:41 ; elapsed = 00:02:29 . Memory (MB): peak = 3114.527 ; gain = 1541.059
---------------------------------------------------------------------------------
---------------------------------------------------------------------------------
Start Timing Optimization
---------------------------------------------------------------------------------
---------------------------------------------------------------------------------
Finished Timing Optimization : Time (s): cpu = 00:00:41 ; elapsed = 00:02:29 . Memory (MB): peak = 3114.527 ; gain = 1541.059
---------------------------------------------------------------------------------
---------------------------------------------------------------------------------
Start Technology Mapping
---------------------------------------------------------------------------------
INFO: [Synth 8-11322] No global retiming is needed without any clock constraint
---------------------------------------------------------------------------------
Finished Technology Mapping : Time (s): cpu = 00:00:41 ; elapsed = 00:02:29 . Memory (MB): peak = 3124.105 ; gain = 1550.637
---------------------------------------------------------------------------------
---------------------------------------------------------------------------------
Start IO Insertion
---------------------------------------------------------------------------------
---------------------------------------------------------------------------------
Start Flattening Before IO Insertion
---------------------------------------------------------------------------------
---------------------------------------------------------------------------------
Finished Flattening Before IO Insertion
---------------------------------------------------------------------------------
---------------------------------------------------------------------------------
Start Final Netlist Cleanup
---------------------------------------------------------------------------------
---------------------------------------------------------------------------------
Finished Final Netlist Cleanup
---------------------------------------------------------------------------------
---------------------------------------------------------------------------------
Finished IO Insertion : Time (s): cpu = 00:00:42 ; elapsed = 00:02:47 . Memory (MB): peak = 3139.855 ; gain = 1566.387
---------------------------------------------------------------------------------
---------------------------------------------------------------------------------
Start Renaming Generated Instances
---------------------------------------------------------------------------------
---------------------------------------------------------------------------------
Finished Renaming Generated Instances : Time (s): cpu = 00:00:42 ; elapsed = 00:02:47 . Memory (MB): peak = 3139.855 ; gain = 1566.387
---------------------------------------------------------------------------------
---------------------------------------------------------------------------------
Start Rebuilding User Hierarchy
---------------------------------------------------------------------------------
---------------------------------------------------------------------------------
Finished Rebuilding User Hierarchy : Time (s): cpu = 00:00:42 ; elapsed = 00:02:47 . Memory (MB): peak = 3139.855 ; gain = 1566.387
---------------------------------------------------------------------------------
---------------------------------------------------------------------------------
Start Renaming Generated Ports
---------------------------------------------------------------------------------
---------------------------------------------------------------------------------
Finished Renaming Generated Ports : Time (s): cpu = 00:00:42 ; elapsed = 00:02:47 . Memory (MB): peak = 3139.855 ; gain = 1566.387
---------------------------------------------------------------------------------
---------------------------------------------------------------------------------
Start Handling Custom Attributes
---------------------------------------------------------------------------------
---------------------------------------------------------------------------------
Finished Handling Custom Attributes : Time (s): cpu = 00:00:42 ; elapsed = 00:02:48 . Memory (MB): peak = 3139.855 ; gain = 1566.387
---------------------------------------------------------------------------------
---------------------------------------------------------------------------------
Start Renaming Generated Nets
---------------------------------------------------------------------------------
---------------------------------------------------------------------------------
Finished Renaming Generated Nets : Time (s): cpu = 00:00:42 ; elapsed = 00:02:48 . Memory (MB): peak = 3139.855 ; gain = 1566.387
---------------------------------------------------------------------------------
---------------------------------------------------------------------------------
Start Writing Synthesis Report
---------------------------------------------------------------------------------

Report BlackBoxes: 
+-+--------------+----------+
| |BlackBox name |Instances |
+-+--------------+----------+
+-+--------------+----------+

Report Cell Usage: 
+------+--------+------+
|      |Cell    |Count |
+------+--------+------+
|1     |BUFG_GT |     1|
+------+--------+------+
---------------------------------------------------------------------------------
Finished Writing Synthesis Report : Time (s): cpu = 00:00:42 ; elapsed = 00:02:48 . Memory (MB): peak = 3139.855 ; gain = 1566.387
---------------------------------------------------------------------------------
Synthesis finished with 0 errors, 0 critical warnings and 122 warnings.
Synthesis Optimization Runtime : Time (s): cpu = 00:00:31 ; elapsed = 00:02:42 . Memory (MB): peak = 3139.855 ; gain = 1495.230
Synthesis Optimization Complete : Time (s): cpu = 00:00:42 ; elapsed = 00:02:48 . Memory (MB): peak = 3139.855 ; gain = 1566.387
INFO: [Project 1-571] Translating synthesized netlist
Netlist sorting complete. Time (s): cpu = 00:00:00 ; elapsed = 00:00:00.003 . Memory (MB): peak = 3139.855 ; gain = 0.000
INFO: [Constraints 18-6359] No Clock Expansion Window constraints config file entry for device xcvc1902.  GCLK Deskew mode will be Off and cannot be enabled via GCLK_DESKEW override.
INFO: [Constraints 18-5720] The default GCLK Deskew mode is Off.
INFO: [Project 1-570] Preparing netlist for logic optimization
INFO: [Opt 31-138] Pushed 0 inverter(s) to 0 load pin(s).
INFO: [Opt 31-441] Inserted BUFG_GT_SYNC BUFG_GT_SYNC for BUFG_GT U0/USE_BUFG_GT.GEN_BUFG_GT[0].BUFG_GT_U
Netlist sorting complete. Time (s): cpu = 00:00:00 ; elapsed = 00:00:00 . Memory (MB): peak = 3199.656 ; gain = 0.000
INFO: [Project 1-111] Unisim Transformation Summary:
No Unisim elements were transformed.

The system cannot find the path specified.
Synth Design complete | Checksum: 59004901
INFO: [Common 17-83] Releasing license: Synthesis
28 Infos, 146 Warnings, 0 Critical Warnings and 0 Errors encountered.
synth_design completed successfully
synth_design: Time (s): cpu = 00:00:57 ; elapsed = 00:03:37 . Memory (MB): peak = 3199.656 ; gain = 2536.113
INFO: [Common 17-1381] The checkpoint 'c:/Vulcan/Protocol/Display/v_dp_rxss1_0_ex/v_dp_rxss1_0_ex.runs/dpss_vck190_pt_util_ds_buf_aud_0_synth_1/dpss_vck190_pt_util_ds_buf_aud_0.dcp' has been generated.
INFO: [Coretcl 2-1648] Added synthesis output to IP cache for IP dpss_vck190_pt_util_ds_buf_aud_0, cache-ID = f7481a5e450f5d39
INFO: [Common 17-1381] The checkpoint 'c:/Vulcan/Protocol/Display/v_dp_rxss1_0_ex/v_dp_rxss1_0_ex.runs/dpss_vck190_pt_util_ds_buf_aud_0_synth_1/dpss_vck190_pt_util_ds_buf_aud_0.dcp' has been generated.
INFO: [runtcl-4] Executing : report_utilization -file dpss_vck190_pt_util_ds_buf_aud_0_utilization_synth.rpt -pb dpss_vck190_pt_util_ds_buf_aud_0_utilization_synth.pb
INFO: [Common 17-206] Exiting Vivado at Thu May  9 19:11:02 2024...
