

================================================================
== Vitis HLS Report for 'AXIvideo2MultiPixStream'
================================================================
* Date:           Thu May  9 19:06:36 2024

* Version:        2023.2 (Build 4023990 on Oct 11 2023)
* Project:        prj
* Solution:       sol (Vivado IP Flow Target)
* Product family: versalaicore
* Target device:  xcvc1902-vsva2197-2MP-e-S


================================================================
== Performance Estimates
================================================================
+ Timing: 
    * Summary: 
    +--------+---------+----------+------------+
    |  Clock |  Target | Estimated| Uncertainty|
    +--------+---------+----------+------------+
    |ap_clk  |  3.33 ns|  2.792 ns|     0.90 ns|
    +--------+---------+----------+------------+

+ Latency: 
    * Summary: 
    +---------+---------+-----------+-----------+-----+---------+---------+
    |  Latency (cycles) |   Latency (absolute)  |    Interval   | Pipeline|
    |   min   |   max   |    min    |    max    | min |   max   |   Type  |
    +---------+---------+-----------+-----------+-----+---------+---------+
    |        6|  8341926|  19.998 ns|  27.804 ms|    6|  8341926|       no|
    +---------+---------+-----------+-----------+-----+---------+---------+

    + Detail: 
        * Instance: 
        +-----------------------------------------------------------------+------------------------------------------------------+---------+---------+----------+----------+-----+------+---------+
        |                                                                 |                                                      |  Latency (cycles) |  Latency (absolute) |  Interval  | Pipeline|
        |                             Instance                            |                        Module                        |   min   |   max   |    min   |    max   | min |  max |   Type  |
        +-----------------------------------------------------------------+------------------------------------------------------+---------+---------+----------+----------+-----+------+---------+
        |grp_AXIvideo2MultiPixStream_Pipeline_loop_wait_for_start_fu_150  |AXIvideo2MultiPixStream_Pipeline_loop_wait_for_start  |        2|        2|  6.666 ns|  6.666 ns|    2|     2|       no|
        |grp_AXIvideo2MultiPixStream_Pipeline_loop_width_fu_170           |AXIvideo2MultiPixStream_Pipeline_loop_width           |        2|     1922|  6.666 ns|  6.406 us|    2|  1922|       no|
        |grp_AXIvideo2MultiPixStream_Pipeline_loop_wait_for_eol_fu_201    |AXIvideo2MultiPixStream_Pipeline_loop_wait_for_eol    |        2|        2|  6.666 ns|  6.666 ns|    2|     2|       no|
        |grp_reg_unsigned_short_s_fu_230                                  |reg_unsigned_short_s                                  |        1|        1|  3.333 ns|  3.333 ns|    1|     1|      yes|
        |grp_reg_unsigned_short_s_fu_258                                  |reg_unsigned_short_s                                  |        1|        1|  3.333 ns|  3.333 ns|    1|     1|      yes|
        +-----------------------------------------------------------------+------------------------------------------------------+---------+---------+----------+----------+-----+------+---------+

        * Loop: 
        +---------------+---------+---------+-----------+-----------+-----------+----------+----------+
        |               |  Latency (cycles) | Iteration |  Initiation Interval  |   Trip   |          |
        |   Loop Name   |   min   |   max   |  Latency  |  achieved |   target  |   Count  | Pipelined|
        +---------------+---------+---------+-----------+-----------+-----------+----------+----------+
        |- loop_height  |        0|  8341920|  11 ~ 1931|          -|          -|  0 ~ 4320|        no|
        +---------------+---------+---------+-----------+-----------+-----------+----------+----------+

============================================================
+ Verbose Summary: Synthesis Manager
============================================================
InlineROM: 1
ExposeGlobal: 0
============================================================
+ Verbose Summary: CDFG Model
============================================================
IsTopModel: 0
ResetActiveHigh: 1
IsCombinational: 2
IsDatapathOnly: 0
HasWiredReturn: 1
HasMFsm: 0
HasVarLatency: 1
IsPipeline: 0
IsRtlPipelined: 0
IsInstanceOverlapped: 0
IsDontTouch: 0
HasImplIP: 0
IsGatedGlobalClock: 0


============================================================
+ Verbose Summary: Schedule
============================================================
* Number of FSM states : 11
* Pipeline : 0
* Dataflow Pipeline: 0

* FSM state transitions: 
1 --> 2 
2 --> 3 
3 --> 4 
4 --> 5 
5 --> 6 
6 --> 7 
7 --> 8 
8 --> 9 
9 --> 10 
10 --> 11 
11 --> 5 

* FSM state operations: 

State 1 <SV = 0> <Delay = 0.51>
ST_1 : Operation 12 [1/1] (0.00ns)   --->   "%axi_data_2 = alloca i32 1" [C:/Vulcan/Protocol/Display/v_dp_rxss1_0_ex/v_dp_rxss1_0_ex.runs/dpss_vck190_pt_v_frmbuf_wr_0_0_synth_1/prj/sol/.autopilot/db/v_frmbuf_wr.cpp:226]   --->   Operation 12 'alloca' 'axi_data_2' <Predicate = true> <Delay = 0.00>
ST_1 : Operation 13 [1/1] (0.00ns)   --->   "%i = alloca i32 1" [C:/Vulcan/Protocol/Display/v_dp_rxss1_0_ex/v_dp_rxss1_0_ex.runs/dpss_vck190_pt_v_frmbuf_wr_0_0_synth_1/prj/sol/.autopilot/db/v_frmbuf_wr.cpp:253]   --->   Operation 13 'alloca' 'i' <Predicate = true> <Delay = 0.00>
ST_1 : Operation 14 [1/1] (0.00ns)   --->   "%muxLogicCE_to_colorFormat_val_read = muxlogic"   --->   Operation 14 'muxlogic' 'muxLogicCE_to_colorFormat_val_read' <Predicate = true> <Delay = 0.00>
ST_1 : Operation 15 [1/1] (0.00ns)   --->   "%colorFormat_val_read = read i3 @_ssdm_op_Read.ap_auto.i3, i3 %colorFormat_val"   --->   Operation 15 'read' 'colorFormat_val_read' <Predicate = true> <Delay = 0.00>
ST_1 : Operation 16 [1/1] (0.00ns)   --->   "%muxLogicCE_to_WidthIn_val_read = muxlogic"   --->   Operation 16 'muxlogic' 'muxLogicCE_to_WidthIn_val_read' <Predicate = true> <Delay = 0.00>
ST_1 : Operation 17 [1/1] (0.00ns)   --->   "%WidthIn_val_read = read i13 @_ssdm_op_Read.ap_auto.i13, i13 %WidthIn_val"   --->   Operation 17 'read' 'WidthIn_val_read' <Predicate = true> <Delay = 0.00>
ST_1 : Operation 18 [1/1] (0.00ns)   --->   "%muxLogicCE_to_Height_val_read = muxlogic"   --->   Operation 18 'muxlogic' 'muxLogicCE_to_Height_val_read' <Predicate = true> <Delay = 0.00>
ST_1 : Operation 19 [1/1] (0.00ns)   --->   "%Height_val_read = read i13 @_ssdm_op_Read.ap_auto.i13, i13 %Height_val"   --->   Operation 19 'read' 'Height_val_read' <Predicate = true> <Delay = 0.00>
ST_1 : Operation 20 [1/1] (0.00ns)   --->   "%axi_last_4_loc = alloca i32 1"   --->   Operation 20 'alloca' 'axi_last_4_loc' <Predicate = true> <Delay = 0.00>
ST_1 : Operation 21 [1/1] (0.00ns)   --->   "%axi_data_3_loc = alloca i32 1"   --->   Operation 21 'alloca' 'axi_data_3_loc' <Predicate = true> <Delay = 0.00>
ST_1 : Operation 22 [1/1] (0.00ns)   --->   "%eol_loc = alloca i32 1"   --->   Operation 22 'alloca' 'eol_loc' <Predicate = true> <Delay = 0.00>
ST_1 : Operation 23 [1/1] (0.00ns)   --->   "%axi_last_loc = alloca i32 1"   --->   Operation 23 'alloca' 'axi_last_loc' <Predicate = true> <Delay = 0.00>
ST_1 : Operation 24 [2/2] (0.00ns)   --->   "%cols = call i13 @reg<unsigned short>, i13 %WidthIn_val_read" [C:/Vulcan/Protocol/Display/v_dp_rxss1_0_ex/v_dp_rxss1_0_ex.runs/dpss_vck190_pt_v_frmbuf_wr_0_0_synth_1/prj/sol/.autopilot/db/v_frmbuf_wr.cpp:231]   --->   Operation 24 'call' 'cols' <Predicate = true> <Delay = 0.00> <CoreType = "Generic">   --->   Core 0 '' <Latency = 0> <II = 1> <Delay = 1.00> <Generic> <Opcode : >
ST_1 : Operation 25 [1/1] (0.00ns)   --->   "%muxLogicData_to_store_ln253 = muxlogic i13 0"   --->   Operation 25 'muxlogic' 'muxLogicData_to_store_ln253' <Predicate = true> <Delay = 0.00>
ST_1 : Operation 26 [1/1] (0.00ns)   --->   "%muxLogicAddr_to_store_ln253 = muxlogic i13 %i"   --->   Operation 26 'muxlogic' 'muxLogicAddr_to_store_ln253' <Predicate = true> <Delay = 0.00>
ST_1 : Operation 27 [1/1] (0.51ns)   --->   "%store_ln253 = store i13 0, i13 %i" [C:/Vulcan/Protocol/Display/v_dp_rxss1_0_ex/v_dp_rxss1_0_ex.runs/dpss_vck190_pt_v_frmbuf_wr_0_0_synth_1/prj/sol/.autopilot/db/v_frmbuf_wr.cpp:253]   --->   Operation 27 'store' 'store_ln253' <Predicate = true> <Delay = 0.51>

State 2 <SV = 1> <Delay = 1.49>
ST_2 : Operation 28 [1/2] (0.00ns)   --->   "%cols = call i13 @reg<unsigned short>, i13 %WidthIn_val_read" [C:/Vulcan/Protocol/Display/v_dp_rxss1_0_ex/v_dp_rxss1_0_ex.runs/dpss_vck190_pt_v_frmbuf_wr_0_0_synth_1/prj/sol/.autopilot/db/v_frmbuf_wr.cpp:231]   --->   Operation 28 'call' 'cols' <Predicate = true> <Delay = 0.00> <CoreType = "Generic">   --->   Core 0 '' <Latency = 0> <II = 1> <Delay = 1.00> <Generic> <Opcode : >
ST_2 : Operation 29 [1/1] (0.00ns)   --->   "%empty = wait i32 @_ssdm_op_Wait"   --->   Operation 29 'wait' 'empty' <Predicate = true> <Delay = 0.00>
ST_2 : Operation 30 [2/2] (1.49ns)   --->   "%call_ln0 = call void @AXIvideo2MultiPixStream_Pipeline_loop_wait_for_start, i120 %s_axis_video_V_data_V, i15 %s_axis_video_V_keep_V, i15 %s_axis_video_V_strb_V, i1 %s_axis_video_V_user_V, i1 %s_axis_video_V_last_V, i1 %s_axis_video_V_id_V, i1 %s_axis_video_V_dest_V, i120 %axi_data_2, i1 %axi_last_loc"   --->   Operation 30 'call' 'call_ln0' <Predicate = true> <Delay = 1.49> <CoreType = "Generic">   --->   Core 0 '' <Latency = 0> <II = 1> <Delay = 1.00> <Generic> <Opcode : >
ST_2 : Operation 31 [1/1] (0.00ns)   --->   "%trunc_ln226_1 = partselect i11 @_ssdm_op_PartSelect.i11.i13.i32.i32, i13 %cols, i32 2, i32 12" [C:/Vulcan/Protocol/Display/v_dp_rxss1_0_ex/v_dp_rxss1_0_ex.runs/dpss_vck190_pt_v_frmbuf_wr_0_0_synth_1/prj/sol/.autopilot/db/v_frmbuf_wr.cpp:226]   --->   Operation 31 'partselect' 'trunc_ln226_1' <Predicate = true> <Delay = 0.00>

State 3 <SV = 2> <Delay = 0.33>
ST_3 : Operation 32 [2/2] (0.00ns)   --->   "%rows = call i13 @reg<unsigned short>, i13 %Height_val_read" [C:/Vulcan/Protocol/Display/v_dp_rxss1_0_ex/v_dp_rxss1_0_ex.runs/dpss_vck190_pt_v_frmbuf_wr_0_0_synth_1/prj/sol/.autopilot/db/v_frmbuf_wr.cpp:230]   --->   Operation 32 'call' 'rows' <Predicate = true> <Delay = 0.00> <CoreType = "Generic">   --->   Core 0 '' <Latency = 0> <II = 1> <Delay = 1.00> <Generic> <Opcode : >
ST_3 : Operation 33 [1/2] (0.33ns)   --->   "%call_ln0 = call void @AXIvideo2MultiPixStream_Pipeline_loop_wait_for_start, i120 %s_axis_video_V_data_V, i15 %s_axis_video_V_keep_V, i15 %s_axis_video_V_strb_V, i1 %s_axis_video_V_user_V, i1 %s_axis_video_V_last_V, i1 %s_axis_video_V_id_V, i1 %s_axis_video_V_dest_V, i120 %axi_data_2, i1 %axi_last_loc"   --->   Operation 33 'call' 'call_ln0' <Predicate = true> <Delay = 0.33> <CoreType = "Generic">   --->   Core 0 '' <Latency = 0> <II = 1> <Delay = 1.00> <Generic> <Opcode : >

State 4 <SV = 3> <Delay = 1.10>
ST_4 : Operation 34 [1/1] (0.00ns)   --->   "%specaxissidechannel_ln0 = specaxissidechannel void @_ssdm_op_SpecAXISSideChannel, i120 %s_axis_video_V_data_V, i15 %s_axis_video_V_keep_V, i15 %s_axis_video_V_strb_V, i1 %s_axis_video_V_user_V, i1 %s_axis_video_V_last_V, i1 %s_axis_video_V_id_V, i1 %s_axis_video_V_dest_V, void @empty_4"   --->   Operation 34 'specaxissidechannel' 'specaxissidechannel_ln0' <Predicate = true> <Delay = 0.00>
ST_4 : Operation 35 [1/1] (0.00ns)   --->   "%specstablecontent_ln0 = specstablecontent void @_ssdm_op_SpecStableContent, i13 %Height_val, void "   --->   Operation 35 'specstablecontent' 'specstablecontent_ln0' <Predicate = true> <Delay = 0.00>
ST_4 : Operation 36 [1/1] (0.00ns)   --->   "%specstablecontent_ln0 = specstablecontent void @_ssdm_op_SpecStableContent, i13 %WidthIn_val, void "   --->   Operation 36 'specstablecontent' 'specstablecontent_ln0' <Predicate = true> <Delay = 0.00>
ST_4 : Operation 37 [1/1] (0.00ns)   --->   "%specinterface_ln0 = specinterface void @_ssdm_op_SpecInterface, i120 %img, void @empty_5, i32 0, i32 0, void @empty_23, i32 0, i32 0, void @empty_23, void @empty_23, void @empty_23, i32 0, i32 0, i32 0, i32 0, void @empty_23, void @empty_23, i32 4294967295, i32 0"   --->   Operation 37 'specinterface' 'specinterface_ln0' <Predicate = true> <Delay = 0.00>
ST_4 : Operation 38 [1/1] (0.00ns)   --->   "%specinterface_ln0 = specinterface void @_ssdm_op_SpecInterface, i120 %s_axis_video_V_data_V, i15 %s_axis_video_V_keep_V, i15 %s_axis_video_V_strb_V, i1 %s_axis_video_V_user_V, i1 %s_axis_video_V_last_V, i1 %s_axis_video_V_id_V, i1 %s_axis_video_V_dest_V, void @empty_2, i32 0, i32 0, void @empty_3, i32 0, i32 0, void @empty_23, void @empty_23, void @empty_23, i32 0, i32 0, i32 0, i32 0, void @empty_23, void @empty_23, i32 4294967295, i32 0"   --->   Operation 38 'specinterface' 'specinterface_ln0' <Predicate = true> <Delay = 0.00>
ST_4 : Operation 39 [1/2] (0.00ns)   --->   "%rows = call i13 @reg<unsigned short>, i13 %Height_val_read" [C:/Vulcan/Protocol/Display/v_dp_rxss1_0_ex/v_dp_rxss1_0_ex.runs/dpss_vck190_pt_v_frmbuf_wr_0_0_synth_1/prj/sol/.autopilot/db/v_frmbuf_wr.cpp:230]   --->   Operation 39 'call' 'rows' <Predicate = true> <Delay = 0.00> <CoreType = "Generic">   --->   Core 0 '' <Latency = 0> <II = 1> <Delay = 1.00> <Generic> <Opcode : >
ST_4 : Operation 40 [1/1] (0.00ns)   --->   "%MuxLogicAddr_to_axi_last_loc_load = muxlogic i1 %axi_last_loc"   --->   Operation 40 'muxlogic' 'MuxLogicAddr_to_axi_last_loc_load' <Predicate = true> <Delay = 0.00>
ST_4 : Operation 41 [1/1] (0.00ns)   --->   "%axi_last_loc_load = load i1 %axi_last_loc"   --->   Operation 41 'load' 'axi_last_loc_load' <Predicate = true> <Delay = 0.00>
ST_4 : Operation 42 [1/1] (0.00ns)   --->   "%empty_312 = wait i32 @_ssdm_op_Wait"   --->   Operation 42 'wait' 'empty_312' <Predicate = true> <Delay = 0.00>
ST_4 : Operation 43 [1/1] (0.80ns)   --->   "%cmp10403 = icmp_ne  i11 %trunc_ln226_1, i11 0" [C:/Vulcan/Protocol/Display/v_dp_rxss1_0_ex/v_dp_rxss1_0_ex.runs/dpss_vck190_pt_v_frmbuf_wr_0_0_synth_1/prj/sol/.autopilot/db/v_frmbuf_wr.cpp:226]   --->   Operation 43 'icmp' 'cmp10403' <Predicate = true> <Delay = 0.80> <CoreInst = "Cmp">   --->   Core 9 'Cmp' <Latency = 0> <II = 1> <Delay = 0.80> <FuncUnit> <Opcode : 'icmp'> <InPorts = 2> <OutPorts = 1>
ST_4 : Operation 44 [1/1] (0.53ns)   --->   "%cond = icmp_eq  i3 %colorFormat_val_read, i3 0"   --->   Operation 44 'icmp' 'cond' <Predicate = true> <Delay = 0.53> <CoreInst = "Cmp">   --->   Core 9 'Cmp' <Latency = 0> <II = 1> <Delay = 0.53> <FuncUnit> <Opcode : 'icmp'> <InPorts = 2> <OutPorts = 1>
ST_4 : Operation 45 [1/1] (0.30ns)   --->   "%xor_ln306 = xor i1 %cmp10403, i1 1" [C:/Vulcan/Protocol/Display/v_dp_rxss1_0_ex/v_dp_rxss1_0_ex.runs/dpss_vck190_pt_v_frmbuf_wr_0_0_synth_1/prj/sol/.autopilot/db/v_frmbuf_wr.cpp:306]   --->   Operation 45 'xor' 'xor_ln306' <Predicate = true> <Delay = 0.30> <CoreInst = "LogicGate">   --->   Core 78 'LogicGate' <Latency = 0> <II = 1> <Delay = 0.30> <FuncUnit> <Opcode : 'and' 'or' 'xor'> <InPorts = 2> <OutPorts = 1>
ST_4 : Operation 46 [1/1] (0.33ns)   --->   "%br_ln253 = br void %loop_width" [C:/Vulcan/Protocol/Display/v_dp_rxss1_0_ex/v_dp_rxss1_0_ex.runs/dpss_vck190_pt_v_frmbuf_wr_0_0_synth_1/prj/sol/.autopilot/db/v_frmbuf_wr.cpp:253]   --->   Operation 46 'br' 'br_ln253' <Predicate = true> <Delay = 0.33>

State 5 <SV = 4> <Delay = 1.32>
ST_5 : Operation 47 [1/1] (0.00ns)   --->   "%sof = phi i1 1, void %entry, i1 %and_ln306, void %loop_width.split" [C:/Vulcan/Protocol/Display/v_dp_rxss1_0_ex/v_dp_rxss1_0_ex.runs/dpss_vck190_pt_v_frmbuf_wr_0_0_synth_1/prj/sol/.autopilot/db/v_frmbuf_wr.cpp:306]   --->   Operation 47 'phi' 'sof' <Predicate = true> <Delay = 0.00>
ST_5 : Operation 48 [1/1] (0.00ns)   --->   "%axi_last_2 = phi i1 %axi_last_loc_load, void %entry, i1 %axi_last_4_loc_load, void %loop_width.split"   --->   Operation 48 'phi' 'axi_last_2' <Predicate = true> <Delay = 0.00>
ST_5 : Operation 49 [1/1] (0.00ns)   --->   "%MuxLogicAddr_to_i_1 = muxlogic i13 %i"   --->   Operation 49 'muxlogic' 'MuxLogicAddr_to_i_1' <Predicate = true> <Delay = 0.00>
ST_5 : Operation 50 [1/1] (0.00ns)   --->   "%i_1 = load i13 %i" [C:/Vulcan/Protocol/Display/v_dp_rxss1_0_ex/v_dp_rxss1_0_ex.runs/dpss_vck190_pt_v_frmbuf_wr_0_0_synth_1/prj/sol/.autopilot/db/v_frmbuf_wr.cpp:253]   --->   Operation 50 'load' 'i_1' <Predicate = true> <Delay = 0.00>
ST_5 : Operation 51 [1/1] (0.81ns)   --->   "%i_2 = add i13 %i_1, i13 1" [C:/Vulcan/Protocol/Display/v_dp_rxss1_0_ex/v_dp_rxss1_0_ex.runs/dpss_vck190_pt_v_frmbuf_wr_0_0_synth_1/prj/sol/.autopilot/db/v_frmbuf_wr.cpp:253]   --->   Operation 51 'add' 'i_2' <Predicate = true> <Delay = 0.81> <CoreInst = "Adder">   --->   Core 1 'Adder' <Latency = 0> <II = 1> <Delay = 0.81> <FuncUnit> <Opcode : 'add' 'sub'> <InPorts = 2> <OutPorts = 1>
ST_5 : Operation 52 [1/1] (0.81ns)   --->   "%icmp_ln253 = icmp_eq  i13 %i_1, i13 %rows" [C:/Vulcan/Protocol/Display/v_dp_rxss1_0_ex/v_dp_rxss1_0_ex.runs/dpss_vck190_pt_v_frmbuf_wr_0_0_synth_1/prj/sol/.autopilot/db/v_frmbuf_wr.cpp:253]   --->   Operation 52 'icmp' 'icmp_ln253' <Predicate = true> <Delay = 0.81> <CoreInst = "Cmp">   --->   Core 9 'Cmp' <Latency = 0> <II = 1> <Delay = 0.81> <FuncUnit> <Opcode : 'icmp'> <InPorts = 2> <OutPorts = 1>
ST_5 : Operation 53 [1/1] (0.00ns)   --->   "%speclooptripcount_ln0 = speclooptripcount void @_ssdm_op_SpecLoopTripCount, i64 0, i64 4320, i64 0"   --->   Operation 53 'speclooptripcount' 'speclooptripcount_ln0' <Predicate = true> <Delay = 0.00>
ST_5 : Operation 54 [1/1] (0.00ns)   --->   "%br_ln253 = br i1 %icmp_ln253, void %loop_width.split, void %for.end71.loopexit" [C:/Vulcan/Protocol/Display/v_dp_rxss1_0_ex/v_dp_rxss1_0_ex.runs/dpss_vck190_pt_v_frmbuf_wr_0_0_synth_1/prj/sol/.autopilot/db/v_frmbuf_wr.cpp:253]   --->   Operation 54 'br' 'br_ln253' <Predicate = true> <Delay = 0.00>
ST_5 : Operation 55 [1/1] (0.00ns)   --->   "%empty_313 = wait i32 @_ssdm_op_Wait"   --->   Operation 55 'wait' 'empty_313' <Predicate = (!icmp_ln253)> <Delay = 0.00>
ST_5 : Operation 56 [1/1] (0.30ns)   --->   "%and_ln306 = and i1 %sof, i1 %xor_ln306" [C:/Vulcan/Protocol/Display/v_dp_rxss1_0_ex/v_dp_rxss1_0_ex.runs/dpss_vck190_pt_v_frmbuf_wr_0_0_synth_1/prj/sol/.autopilot/db/v_frmbuf_wr.cpp:306]   --->   Operation 56 'and' 'and_ln306' <Predicate = (!icmp_ln253)> <Delay = 0.30> <CoreInst = "LogicGate">   --->   Core 78 'LogicGate' <Latency = 0> <II = 1> <Delay = 0.30> <FuncUnit> <Opcode : 'and' 'or' 'xor'> <InPorts = 2> <OutPorts = 1>
ST_5 : Operation 57 [1/1] (0.00ns)   --->   "%muxLogicData_to_store_ln253 = muxlogic i13 %i_2"   --->   Operation 57 'muxlogic' 'muxLogicData_to_store_ln253' <Predicate = (!icmp_ln253)> <Delay = 0.00>
ST_5 : Operation 58 [1/1] (0.00ns)   --->   "%muxLogicAddr_to_store_ln253 = muxlogic i13 %i"   --->   Operation 58 'muxlogic' 'muxLogicAddr_to_store_ln253' <Predicate = (!icmp_ln253)> <Delay = 0.00>
ST_5 : Operation 59 [1/1] (0.51ns)   --->   "%store_ln253 = store i13 %i_2, i13 %i" [C:/Vulcan/Protocol/Display/v_dp_rxss1_0_ex/v_dp_rxss1_0_ex.runs/dpss_vck190_pt_v_frmbuf_wr_0_0_synth_1/prj/sol/.autopilot/db/v_frmbuf_wr.cpp:253]   --->   Operation 59 'store' 'store_ln253' <Predicate = (!icmp_ln253)> <Delay = 0.51>
ST_5 : Operation 60 [1/1] (0.00ns)   --->   "%ret_ln0 = ret"   --->   Operation 60 'ret' 'ret_ln0' <Predicate = (icmp_ln253)> <Delay = 0.00>

State 6 <SV = 5> <Delay = 2.29>
ST_6 : Operation 61 [1/1] (0.00ns)   --->   "%MuxLogicAddr_to_axi_data_2_load = muxlogic i120 %axi_data_2"   --->   Operation 61 'muxlogic' 'MuxLogicAddr_to_axi_data_2_load' <Predicate = true> <Delay = 0.00>
ST_6 : Operation 62 [1/1] (0.00ns)   --->   "%axi_data_2_load = load i120 %axi_data_2"   --->   Operation 62 'load' 'axi_data_2_load' <Predicate = true> <Delay = 0.00>
ST_6 : Operation 63 [2/2] (2.29ns)   --->   "%call_ln306 = call void @AXIvideo2MultiPixStream_Pipeline_loop_width, i1 %sof, i1 %axi_last_2, i120 %axi_data_2_load, i11 %trunc_ln226_1, i1 %cond, i3 %colorFormat_val_read, i3 %colorFormat_val_read, i120 %img, i120 %s_axis_video_V_data_V, i15 %s_axis_video_V_keep_V, i15 %s_axis_video_V_strb_V, i1 %s_axis_video_V_user_V, i1 %s_axis_video_V_last_V, i1 %s_axis_video_V_id_V, i1 %s_axis_video_V_dest_V, i1 %eol_loc, i120 %axi_data_3_loc" [C:/Vulcan/Protocol/Display/v_dp_rxss1_0_ex/v_dp_rxss1_0_ex.runs/dpss_vck190_pt_v_frmbuf_wr_0_0_synth_1/prj/sol/.autopilot/db/v_frmbuf_wr.cpp:306]   --->   Operation 63 'call' 'call_ln306' <Predicate = true> <Delay = 2.29> <CoreType = "Generic">   --->   Core 0 '' <Latency = 0> <II = 1> <Delay = 1.00> <Generic> <Opcode : >

State 7 <SV = 6> <Delay = 1.29>
ST_7 : Operation 64 [1/2] (1.29ns)   --->   "%call_ln306 = call void @AXIvideo2MultiPixStream_Pipeline_loop_width, i1 %sof, i1 %axi_last_2, i120 %axi_data_2_load, i11 %trunc_ln226_1, i1 %cond, i3 %colorFormat_val_read, i3 %colorFormat_val_read, i120 %img, i120 %s_axis_video_V_data_V, i15 %s_axis_video_V_keep_V, i15 %s_axis_video_V_strb_V, i1 %s_axis_video_V_user_V, i1 %s_axis_video_V_last_V, i1 %s_axis_video_V_id_V, i1 %s_axis_video_V_dest_V, i1 %eol_loc, i120 %axi_data_3_loc" [C:/Vulcan/Protocol/Display/v_dp_rxss1_0_ex/v_dp_rxss1_0_ex.runs/dpss_vck190_pt_v_frmbuf_wr_0_0_synth_1/prj/sol/.autopilot/db/v_frmbuf_wr.cpp:306]   --->   Operation 64 'call' 'call_ln306' <Predicate = true> <Delay = 1.29> <CoreType = "Generic">   --->   Core 0 '' <Latency = 0> <II = 1> <Delay = 1.00> <Generic> <Opcode : >

State 8 <SV = 7> <Delay = 0.00>
ST_8 : Operation 65 [1/1] (0.00ns)   --->   "%empty_314 = wait i32 @_ssdm_op_Wait"   --->   Operation 65 'wait' 'empty_314' <Predicate = true> <Delay = 0.00>

State 9 <SV = 8> <Delay = 2.15>
ST_9 : Operation 66 [1/1] (0.00ns)   --->   "%MuxLogicAddr_to_eol_loc_load = muxlogic i1 %eol_loc"   --->   Operation 66 'muxlogic' 'MuxLogicAddr_to_eol_loc_load' <Predicate = true> <Delay = 0.00>
ST_9 : Operation 67 [1/1] (0.00ns)   --->   "%eol_loc_load = load i1 %eol_loc"   --->   Operation 67 'load' 'eol_loc_load' <Predicate = true> <Delay = 0.00>
ST_9 : Operation 68 [1/1] (0.00ns)   --->   "%MuxLogicAddr_to_axi_data_3_loc_load = muxlogic i120 %axi_data_3_loc"   --->   Operation 68 'muxlogic' 'MuxLogicAddr_to_axi_data_3_loc_load' <Predicate = true> <Delay = 0.00>
ST_9 : Operation 69 [1/1] (0.00ns)   --->   "%axi_data_3_loc_load = load i120 %axi_data_3_loc"   --->   Operation 69 'load' 'axi_data_3_loc_load' <Predicate = true> <Delay = 0.00>
ST_9 : Operation 70 [1/1] (0.33ns)   --->   "%select_ln306 = select i1 %cmp10403, i1 %eol_loc_load, i1 %axi_last_2" [C:/Vulcan/Protocol/Display/v_dp_rxss1_0_ex/v_dp_rxss1_0_ex.runs/dpss_vck190_pt_v_frmbuf_wr_0_0_synth_1/prj/sol/.autopilot/db/v_frmbuf_wr.cpp:306]   --->   Operation 70 'select' 'select_ln306' <Predicate = true> <Delay = 0.33> <CoreInst = "Sel">   --->   Core 77 'Sel' <Latency = 0> <II = 1> <Delay = 0.33> <FuncUnit> <Opcode : 'select'> <InPorts = 3> <OutPorts = 1>
ST_9 : Operation 71 [1/1] (0.00ns)   --->   "%empty_315 = wait i32 @_ssdm_op_Wait"   --->   Operation 71 'wait' 'empty_315' <Predicate = true> <Delay = 0.00>
ST_9 : Operation 72 [2/2] (1.82ns)   --->   "%call_ln306 = call void @AXIvideo2MultiPixStream_Pipeline_loop_wait_for_eol, i120 %axi_data_3_loc_load, i1 %select_ln306, i1 %eol_loc_load, i120 %s_axis_video_V_data_V, i15 %s_axis_video_V_keep_V, i15 %s_axis_video_V_strb_V, i1 %s_axis_video_V_user_V, i1 %s_axis_video_V_last_V, i1 %s_axis_video_V_id_V, i1 %s_axis_video_V_dest_V, i120 %axi_data_2, i1 %axi_last_4_loc" [C:/Vulcan/Protocol/Display/v_dp_rxss1_0_ex/v_dp_rxss1_0_ex.runs/dpss_vck190_pt_v_frmbuf_wr_0_0_synth_1/prj/sol/.autopilot/db/v_frmbuf_wr.cpp:306]   --->   Operation 72 'call' 'call_ln306' <Predicate = true> <Delay = 1.82> <CoreType = "Generic">   --->   Core 0 '' <Latency = 0> <II = 1> <Delay = 1.00> <Generic> <Opcode : >

State 10 <SV = 9> <Delay = 0.33>
ST_10 : Operation 73 [1/2] (0.33ns)   --->   "%call_ln306 = call void @AXIvideo2MultiPixStream_Pipeline_loop_wait_for_eol, i120 %axi_data_3_loc_load, i1 %select_ln306, i1 %eol_loc_load, i120 %s_axis_video_V_data_V, i15 %s_axis_video_V_keep_V, i15 %s_axis_video_V_strb_V, i1 %s_axis_video_V_user_V, i1 %s_axis_video_V_last_V, i1 %s_axis_video_V_id_V, i1 %s_axis_video_V_dest_V, i120 %axi_data_2, i1 %axi_last_4_loc" [C:/Vulcan/Protocol/Display/v_dp_rxss1_0_ex/v_dp_rxss1_0_ex.runs/dpss_vck190_pt_v_frmbuf_wr_0_0_synth_1/prj/sol/.autopilot/db/v_frmbuf_wr.cpp:306]   --->   Operation 73 'call' 'call_ln306' <Predicate = true> <Delay = 0.33> <CoreType = "Generic">   --->   Core 0 '' <Latency = 0> <II = 1> <Delay = 1.00> <Generic> <Opcode : >

State 11 <SV = 10> <Delay = 0.00>
ST_11 : Operation 74 [1/1] (0.00ns)   --->   "%specloopname_ln253 = specloopname void @_ssdm_op_SpecLoopName, void @empty_27" [C:/Vulcan/Protocol/Display/v_dp_rxss1_0_ex/v_dp_rxss1_0_ex.runs/dpss_vck190_pt_v_frmbuf_wr_0_0_synth_1/prj/sol/.autopilot/db/v_frmbuf_wr.cpp:253]   --->   Operation 74 'specloopname' 'specloopname_ln253' <Predicate = true> <Delay = 0.00>
ST_11 : Operation 75 [1/1] (0.00ns)   --->   "%MuxLogicAddr_to_axi_last_4_loc_load = muxlogic i1 %axi_last_4_loc"   --->   Operation 75 'muxlogic' 'MuxLogicAddr_to_axi_last_4_loc_load' <Predicate = true> <Delay = 0.00>
ST_11 : Operation 76 [1/1] (0.00ns)   --->   "%axi_last_4_loc_load = load i1 %axi_last_4_loc"   --->   Operation 76 'load' 'axi_last_4_loc_load' <Predicate = true> <Delay = 0.00>
ST_11 : Operation 77 [1/1] (0.00ns)   --->   "%br_ln253 = br void %loop_width" [C:/Vulcan/Protocol/Display/v_dp_rxss1_0_ex/v_dp_rxss1_0_ex.runs/dpss_vck190_pt_v_frmbuf_wr_0_0_synth_1/prj/sol/.autopilot/db/v_frmbuf_wr.cpp:253]   --->   Operation 77 'br' 'br_ln253' <Predicate = true> <Delay = 0.00>


============================================================
+ Verbose Summary: Binding
============================================================
STG Binding: 
---------------- STG Properties BEGIN ----------------
- Is combinational: 0
- Is one-state seq: 0
- Is datapath-only: 0
- Is pipelined: 0
- Is top level: 0
Port [ Return ] is wired: 1; IO mode=ap_ctrl_hs:ce=0
Port [ s_axis_video_V_data_V]:  wired=1; compound=1; hidden=0; nouse=0; global=0; static=0; extern=0; dir=0; type=0; pingpong=0; private_global=0; IO mode=axis:ce=0
Port [ s_axis_video_V_keep_V]:  wired=1; compound=1; hidden=0; nouse=0; global=0; static=0; extern=0; dir=0; type=0; pingpong=0; private_global=0; IO mode=axis:ce=0
Port [ s_axis_video_V_strb_V]:  wired=1; compound=1; hidden=0; nouse=0; global=0; static=0; extern=0; dir=0; type=0; pingpong=0; private_global=0; IO mode=axis:ce=0
Port [ s_axis_video_V_user_V]:  wired=1; compound=1; hidden=0; nouse=0; global=0; static=0; extern=0; dir=0; type=0; pingpong=0; private_global=0; IO mode=axis:ce=0
Port [ s_axis_video_V_last_V]:  wired=1; compound=1; hidden=0; nouse=0; global=0; static=0; extern=0; dir=0; type=0; pingpong=0; private_global=0; IO mode=axis:ce=0
Port [ s_axis_video_V_id_V]:  wired=1; compound=1; hidden=0; nouse=0; global=0; static=0; extern=0; dir=0; type=0; pingpong=0; private_global=0; IO mode=axis:ce=0
Port [ s_axis_video_V_dest_V]:  wired=1; compound=1; hidden=0; nouse=0; global=0; static=0; extern=0; dir=0; type=0; pingpong=0; private_global=0; IO mode=axis:ce=0
Port [ img]:  wired=1; compound=1; hidden=0; nouse=0; global=0; static=0; extern=0; dir=1; type=3; pingpong=0; private_global=0; IO mode=ap_fifo:ce=0
Port [ Height_val]:  wired=1; compound=0; hidden=0; nouse=0; global=0; static=0; extern=0; dir=0; type=0; pingpong=0; private_global=0; IO mode=ap_stable:ce=0
Port [ WidthIn_val]:  wired=1; compound=0; hidden=0; nouse=0; global=0; static=0; extern=0; dir=0; type=0; pingpong=0; private_global=0; IO mode=ap_stable:ce=0
Port [ colorFormat_val]:  wired=1; compound=0; hidden=0; nouse=0; global=0; static=0; extern=0; dir=0; type=0; pingpong=0; private_global=0; IO mode=ap_none:ce=0
---------------- STG Properties END ------------------

---------------- Datapath Model BEGIN ----------------

<LifeTime>
<method=bitvector/>
axi_data_2                          (alloca             ) [ 001111111111]
i                                   (alloca             ) [ 011111111111]
muxLogicCE_to_colorFormat_val_read  (muxlogic           ) [ 000000000000]
colorFormat_val_read                (read               ) [ 001111111111]
muxLogicCE_to_WidthIn_val_read      (muxlogic           ) [ 000000000000]
WidthIn_val_read                    (read               ) [ 000000000000]
muxLogicCE_to_Height_val_read       (muxlogic           ) [ 000000000000]
Height_val_read                     (read               ) [ 001100000000]
axi_last_4_loc                      (alloca             ) [ 001111111111]
axi_data_3_loc                      (alloca             ) [ 001111111111]
eol_loc                             (alloca             ) [ 001111111111]
axi_last_loc                        (alloca             ) [ 001110000000]
muxLogicData_to_store_ln253         (muxlogic           ) [ 000000000000]
muxLogicAddr_to_store_ln253         (muxlogic           ) [ 000000000000]
store_ln253                         (store              ) [ 000000000000]
cols                                (call               ) [ 000000000000]
empty                               (wait               ) [ 000000000000]
trunc_ln226_1                       (partselect         ) [ 000111111111]
call_ln0                            (call               ) [ 000000000000]
specaxissidechannel_ln0             (specaxissidechannel) [ 000000000000]
specstablecontent_ln0               (specstablecontent  ) [ 000000000000]
specstablecontent_ln0               (specstablecontent  ) [ 000000000000]
specinterface_ln0                   (specinterface      ) [ 000000000000]
specinterface_ln0                   (specinterface      ) [ 000000000000]
rows                                (call               ) [ 000001111111]
MuxLogicAddr_to_axi_last_loc_load   (muxlogic           ) [ 000000000000]
axi_last_loc_load                   (load               ) [ 000011111111]
empty_312                           (wait               ) [ 000000000000]
cmp10403                            (icmp               ) [ 000001111111]
cond                                (icmp               ) [ 000001111111]
xor_ln306                           (xor                ) [ 000001111111]
br_ln253                            (br                 ) [ 000011111111]
sof                                 (phi                ) [ 000001110000]
axi_last_2                          (phi                ) [ 000001111100]
MuxLogicAddr_to_i_1                 (muxlogic           ) [ 000000000000]
i_1                                 (load               ) [ 000000000000]
i_2                                 (add                ) [ 000000000000]
icmp_ln253                          (icmp               ) [ 000001111111]
speclooptripcount_ln0               (speclooptripcount  ) [ 000000000000]
br_ln253                            (br                 ) [ 000000000000]
empty_313                           (wait               ) [ 000000000000]
and_ln306                           (and                ) [ 000011111111]
muxLogicData_to_store_ln253         (muxlogic           ) [ 000000000000]
muxLogicAddr_to_store_ln253         (muxlogic           ) [ 000000000000]
store_ln253                         (store              ) [ 000000000000]
ret_ln0                             (ret                ) [ 000000000000]
MuxLogicAddr_to_axi_data_2_load     (muxlogic           ) [ 000000000000]
axi_data_2_load                     (load               ) [ 000000010000]
call_ln306                          (call               ) [ 000000000000]
empty_314                           (wait               ) [ 000000000000]
MuxLogicAddr_to_eol_loc_load        (muxlogic           ) [ 000000000000]
eol_loc_load                        (load               ) [ 000000000010]
MuxLogicAddr_to_axi_data_3_loc_load (muxlogic           ) [ 000000000000]
axi_data_3_loc_load                 (load               ) [ 000000000010]
select_ln306                        (select             ) [ 000000000010]
empty_315                           (wait               ) [ 000000000000]
call_ln306                          (call               ) [ 000000000000]
specloopname_ln253                  (specloopname       ) [ 000000000000]
MuxLogicAddr_to_axi_last_4_loc_load (muxlogic           ) [ 000000000000]
axi_last_4_loc_load                 (load               ) [ 000011111111]
br_ln253                            (br                 ) [ 000011111111]
</LifeTime>

<model>

<comp_list>
<comp id="0" class="1000" name="s_axis_video_V_data_V">
<pin_list>
<pin id="1" dir="1" index="0" bw="1" slack="0"/>
</pin_list>
<bind>
<StgValue><ssdm name="s_axis_video_V_data_V"/></StgValue>
</bind>
</comp>

<comp id="2" class="1000" name="s_axis_video_V_keep_V">
<pin_list>
<pin id="3" dir="1" index="0" bw="1" slack="0"/>
</pin_list>
<bind>
<StgValue><ssdm name="s_axis_video_V_keep_V"/></StgValue>
</bind>
</comp>

<comp id="4" class="1000" name="s_axis_video_V_strb_V">
<pin_list>
<pin id="5" dir="1" index="0" bw="1" slack="0"/>
</pin_list>
<bind>
<StgValue><ssdm name="s_axis_video_V_strb_V"/></StgValue>
</bind>
</comp>

<comp id="6" class="1000" name="s_axis_video_V_user_V">
<pin_list>
<pin id="7" dir="1" index="0" bw="1" slack="0"/>
</pin_list>
<bind>
<StgValue><ssdm name="s_axis_video_V_user_V"/></StgValue>
</bind>
</comp>

<comp id="8" class="1000" name="s_axis_video_V_last_V">
<pin_list>
<pin id="9" dir="1" index="0" bw="1" slack="0"/>
</pin_list>
<bind>
<StgValue><ssdm name="s_axis_video_V_last_V"/></StgValue>
</bind>
</comp>

<comp id="10" class="1000" name="s_axis_video_V_id_V">
<pin_list>
<pin id="11" dir="1" index="0" bw="1" slack="0"/>
</pin_list>
<bind>
<StgValue><ssdm name="s_axis_video_V_id_V"/></StgValue>
</bind>
</comp>

<comp id="12" class="1000" name="s_axis_video_V_dest_V">
<pin_list>
<pin id="13" dir="1" index="0" bw="1" slack="0"/>
</pin_list>
<bind>
<StgValue><ssdm name="s_axis_video_V_dest_V"/></StgValue>
</bind>
</comp>

<comp id="14" class="1000" name="img">
<pin_list>
<pin id="15" dir="1" index="0" bw="1" slack="0"/>
</pin_list>
<bind>
<StgValue><ssdm name="img"/></StgValue>
</bind>
</comp>

<comp id="16" class="1000" name="Height_val">
<pin_list>
<pin id="17" dir="1" index="0" bw="1" slack="0"/>
</pin_list>
<bind>
<StgValue><ssdm name="Height_val"/></StgValue>
</bind>
</comp>

<comp id="18" class="1000" name="WidthIn_val">
<pin_list>
<pin id="19" dir="1" index="0" bw="1" slack="0"/>
</pin_list>
<bind>
<StgValue><ssdm name="WidthIn_val"/></StgValue>
</bind>
</comp>

<comp id="20" class="1000" name="colorFormat_val">
<pin_list>
<pin id="21" dir="1" index="0" bw="1" slack="0"/>
</pin_list>
<bind>
<StgValue><ssdm name="colorFormat_val"/></StgValue>
</bind>
</comp>

<comp id="22" class="1001" name="const_22">
<pin_list>
<pin id="23" dir="1" index="0" bw="1" slack="0"/>
</pin_list>
<bind>
<StgValue><ssdm name=""/></StgValue>
</bind>
</comp>

<comp id="24" class="1001" name="const_24">
<pin_list>
<pin id="25" dir="1" index="0" bw="1" slack="0"/>
</pin_list>
<bind>
<StgValue><ssdm name="_ssdm_op_Read.ap_auto.i3"/></StgValue>
</bind>
</comp>

<comp id="26" class="1001" name="const_26">
<pin_list>
<pin id="27" dir="1" index="0" bw="1" slack="0"/>
</pin_list>
<bind>
<StgValue><ssdm name="_ssdm_op_Read.ap_auto.i13"/></StgValue>
</bind>
</comp>

<comp id="28" class="1001" name="const_28">
<pin_list>
<pin id="29" dir="1" index="0" bw="1" slack="0"/>
</pin_list>
<bind>
<StgValue><ssdm name="reg<unsigned short>"/></StgValue>
</bind>
</comp>

<comp id="30" class="1001" name="const_30">
<pin_list>
<pin id="31" dir="1" index="0" bw="1" slack="0"/>
</pin_list>
<bind>
<StgValue><ssdm name=""/></StgValue>
</bind>
</comp>

<comp id="32" class="1001" name="const_32">
<pin_list>
<pin id="33" dir="1" index="0" bw="1" slack="2147483647"/>
</pin_list>
<bind>
<StgValue><ssdm name="_ssdm_op_Wait"/></StgValue>
</bind>
</comp>

<comp id="34" class="1001" name="const_34">
<pin_list>
<pin id="35" dir="1" index="0" bw="1" slack="0"/>
</pin_list>
<bind>
<StgValue><ssdm name="AXIvideo2MultiPixStream_Pipeline_loop_wait_for_start"/></StgValue>
</bind>
</comp>

<comp id="36" class="1001" name="const_36">
<pin_list>
<pin id="37" dir="1" index="0" bw="1" slack="0"/>
</pin_list>
<bind>
<StgValue><ssdm name="_ssdm_op_PartSelect.i11.i13.i32.i32"/></StgValue>
</bind>
</comp>

<comp id="38" class="1001" name="const_38">
<pin_list>
<pin id="39" dir="1" index="0" bw="1" slack="0"/>
</pin_list>
<bind>
<StgValue><ssdm name=""/></StgValue>
</bind>
</comp>

<comp id="40" class="1001" name="const_40">
<pin_list>
<pin id="41" dir="1" index="0" bw="1" slack="0"/>
</pin_list>
<bind>
<StgValue><ssdm name=""/></StgValue>
</bind>
</comp>

<comp id="42" class="1001" name="const_42">
<pin_list>
<pin id="43" dir="1" index="0" bw="1" slack="2147483647"/>
</pin_list>
<bind>
<StgValue><ssdm name="_ssdm_op_SpecAXISSideChannel"/></StgValue>
</bind>
</comp>

<comp id="44" class="1001" name="const_44">
<pin_list>
<pin id="45" dir="1" index="0" bw="1" slack="2147483647"/>
</pin_list>
<bind>
<StgValue><ssdm name="empty_4"/></StgValue>
</bind>
</comp>

<comp id="46" class="1001" name="const_46">
<pin_list>
<pin id="47" dir="1" index="0" bw="1" slack="2147483647"/>
</pin_list>
<bind>
<StgValue><ssdm name="_ssdm_op_SpecStableContent"/></StgValue>
</bind>
</comp>

<comp id="48" class="1001" name="const_48">
<pin_list>
<pin id="49" dir="1" index="0" bw="1" slack="2147483647"/>
</pin_list>
<bind>
<StgValue><ssdm name=""/></StgValue>
</bind>
</comp>

<comp id="50" class="1001" name="const_50">
<pin_list>
<pin id="51" dir="1" index="0" bw="1" slack="2147483647"/>
</pin_list>
<bind>
<StgValue><ssdm name="_ssdm_op_SpecInterface"/></StgValue>
</bind>
</comp>

<comp id="52" class="1001" name="const_52">
<pin_list>
<pin id="53" dir="1" index="0" bw="1" slack="2147483647"/>
</pin_list>
<bind>
<StgValue><ssdm name="empty_5"/></StgValue>
</bind>
</comp>

<comp id="54" class="1001" name="const_54">
<pin_list>
<pin id="55" dir="1" index="0" bw="1" slack="2147483647"/>
</pin_list>
<bind>
<StgValue><ssdm name=""/></StgValue>
</bind>
</comp>

<comp id="56" class="1001" name="const_56">
<pin_list>
<pin id="57" dir="1" index="0" bw="1" slack="2147483647"/>
</pin_list>
<bind>
<StgValue><ssdm name="empty_23"/></StgValue>
</bind>
</comp>

<comp id="58" class="1001" name="const_58">
<pin_list>
<pin id="59" dir="1" index="0" bw="1" slack="2147483647"/>
</pin_list>
<bind>
<StgValue><ssdm name=""/></StgValue>
</bind>
</comp>

<comp id="60" class="1001" name="const_60">
<pin_list>
<pin id="61" dir="1" index="0" bw="1" slack="2147483647"/>
</pin_list>
<bind>
<StgValue><ssdm name="empty_2"/></StgValue>
</bind>
</comp>

<comp id="62" class="1001" name="const_62">
<pin_list>
<pin id="63" dir="1" index="0" bw="1" slack="2147483647"/>
</pin_list>
<bind>
<StgValue><ssdm name="empty_3"/></StgValue>
</bind>
</comp>

<comp id="64" class="1001" name="const_64">
<pin_list>
<pin id="65" dir="1" index="0" bw="1" slack="0"/>
</pin_list>
<bind>
<StgValue><ssdm name=""/></StgValue>
</bind>
</comp>

<comp id="66" class="1001" name="const_66">
<pin_list>
<pin id="67" dir="1" index="0" bw="1" slack="0"/>
</pin_list>
<bind>
<StgValue><ssdm name=""/></StgValue>
</bind>
</comp>

<comp id="68" class="1001" name="const_68">
<pin_list>
<pin id="69" dir="1" index="0" bw="1" slack="0"/>
</pin_list>
<bind>
<StgValue><ssdm name=""/></StgValue>
</bind>
</comp>

<comp id="70" class="1001" name="const_70">
<pin_list>
<pin id="71" dir="1" index="0" bw="1" slack="0"/>
</pin_list>
<bind>
<StgValue><ssdm name=""/></StgValue>
</bind>
</comp>

<comp id="72" class="1001" name="const_72">
<pin_list>
<pin id="73" dir="1" index="0" bw="1" slack="2147483647"/>
</pin_list>
<bind>
<StgValue><ssdm name="_ssdm_op_SpecLoopTripCount"/></StgValue>
</bind>
</comp>

<comp id="74" class="1001" name="const_74">
<pin_list>
<pin id="75" dir="1" index="0" bw="1" slack="2147483647"/>
</pin_list>
<bind>
<StgValue><ssdm name=""/></StgValue>
</bind>
</comp>

<comp id="76" class="1001" name="const_76">
<pin_list>
<pin id="77" dir="1" index="0" bw="1" slack="2147483647"/>
</pin_list>
<bind>
<StgValue><ssdm name=""/></StgValue>
</bind>
</comp>

<comp id="78" class="1001" name="const_78">
<pin_list>
<pin id="79" dir="1" index="0" bw="1" slack="0"/>
</pin_list>
<bind>
<StgValue><ssdm name="AXIvideo2MultiPixStream_Pipeline_loop_width"/></StgValue>
</bind>
</comp>

<comp id="80" class="1001" name="const_80">
<pin_list>
<pin id="81" dir="1" index="0" bw="1" slack="0"/>
</pin_list>
<bind>
<StgValue><ssdm name="AXIvideo2MultiPixStream_Pipeline_loop_wait_for_eol"/></StgValue>
</bind>
</comp>

<comp id="82" class="1001" name="const_82">
<pin_list>
<pin id="83" dir="1" index="0" bw="1" slack="2147483647"/>
</pin_list>
<bind>
<StgValue><ssdm name="_ssdm_op_SpecLoopName"/></StgValue>
</bind>
</comp>

<comp id="84" class="1001" name="const_84">
<pin_list>
<pin id="85" dir="1" index="0" bw="1" slack="2147483647"/>
</pin_list>
<bind>
<StgValue><ssdm name="empty_27"/></StgValue>
</bind>
</comp>

<comp id="86" class="1004" name="axi_data_2_fu_86">
<pin_list>
<pin id="87" dir="0" index="0" bw="1" slack="0"/>
<pin id="88" dir="1" index="1" bw="120" slack="1"/>
</pin_list>
<bind>
<opcode="alloca(26) " fcode="alloca"/>
<opset="axi_data_2/1 "/>
</bind>
</comp>

<comp id="90" class="1004" name="i_fu_90">
<pin_list>
<pin id="91" dir="0" index="0" bw="1" slack="0"/>
<pin id="92" dir="1" index="1" bw="13" slack="0"/>
</pin_list>
<bind>
<opcode="alloca(26) " fcode="alloca"/>
<opset="i/1 "/>
</bind>
</comp>

<comp id="94" class="1004" name="axi_last_4_loc_fu_94">
<pin_list>
<pin id="95" dir="0" index="0" bw="1" slack="0"/>
<pin id="96" dir="1" index="1" bw="1" slack="8"/>
</pin_list>
<bind>
<opcode="alloca(26) " fcode="alloca"/>
<opset="axi_last_4_loc/1 "/>
</bind>
</comp>

<comp id="98" class="1004" name="axi_data_3_loc_fu_98">
<pin_list>
<pin id="99" dir="0" index="0" bw="1" slack="0"/>
<pin id="100" dir="1" index="1" bw="120" slack="5"/>
</pin_list>
<bind>
<opcode="alloca(26) " fcode="alloca"/>
<opset="axi_data_3_loc/1 "/>
</bind>
</comp>

<comp id="102" class="1004" name="eol_loc_fu_102">
<pin_list>
<pin id="103" dir="0" index="0" bw="1" slack="0"/>
<pin id="104" dir="1" index="1" bw="1" slack="5"/>
</pin_list>
<bind>
<opcode="alloca(26) " fcode="alloca"/>
<opset="eol_loc/1 "/>
</bind>
</comp>

<comp id="106" class="1004" name="axi_last_loc_fu_106">
<pin_list>
<pin id="107" dir="0" index="0" bw="1" slack="0"/>
<pin id="108" dir="1" index="1" bw="1" slack="1"/>
</pin_list>
<bind>
<opcode="alloca(26) " fcode="alloca"/>
<opset="axi_last_loc/1 "/>
</bind>
</comp>

<comp id="110" class="1004" name="colorFormat_val_read_read_fu_110">
<pin_list>
<pin id="111" dir="0" index="0" bw="3" slack="0"/>
<pin id="112" dir="0" index="1" bw="3" slack="0"/>
<pin id="113" dir="1" index="2" bw="3" slack="3"/>
</pin_list>
<bind>
<opcode="read(1150) " fcode="read"/>
<opset="colorFormat_val_read/1 "/>
</bind>
</comp>

<comp id="116" class="1004" name="WidthIn_val_read_read_fu_116">
<pin_list>
<pin id="117" dir="0" index="0" bw="13" slack="0"/>
<pin id="118" dir="0" index="1" bw="13" slack="0"/>
<pin id="119" dir="1" index="2" bw="13" slack="0"/>
</pin_list>
<bind>
<opcode="read(1150) " fcode="read"/>
<opset="WidthIn_val_read/1 "/>
</bind>
</comp>

<comp id="122" class="1004" name="Height_val_read_read_fu_122">
<pin_list>
<pin id="123" dir="0" index="0" bw="13" slack="0"/>
<pin id="124" dir="0" index="1" bw="13" slack="0"/>
<pin id="125" dir="1" index="2" bw="13" slack="2"/>
</pin_list>
<bind>
<opcode="read(1150) " fcode="read"/>
<opset="Height_val_read/1 "/>
</bind>
</comp>

<comp id="128" class="1005" name="sof_reg_128">
<pin_list>
<pin id="129" dir="0" index="0" bw="1" slack="1"/>
<pin id="130" dir="1" index="1" bw="1" slack="1"/>
</pin_list>
<bind>
<opset="sof (phireg) "/>
</bind>
</comp>

<comp id="132" class="1004" name="sof_phi_fu_132">
<pin_list>
<pin id="133" dir="0" index="0" bw="1" slack="1"/>
<pin id="134" dir="0" index="1" bw="0" slack="2147483647"/>
<pin id="135" dir="0" index="2" bw="1" slack="0"/>
<pin id="136" dir="0" index="3" bw="0" slack="2147483647"/>
<pin id="137" dir="1" index="4" bw="1" slack="0"/>
</pin_list>
<bind>
<opcode="phi(47) " fcode="phi"/>
<opset="sof/5 "/>
</bind>
</comp>

<comp id="140" class="1005" name="axi_last_2_reg_140">
<pin_list>
<pin id="141" dir="0" index="0" bw="1" slack="1"/>
<pin id="142" dir="1" index="1" bw="1" slack="1"/>
</pin_list>
<bind>
<opset="axi_last_2 (phireg) "/>
</bind>
</comp>

<comp id="143" class="1004" name="axi_last_2_phi_fu_143">
<pin_list>
<pin id="144" dir="0" index="0" bw="1" slack="2147483647"/>
<pin id="145" dir="0" index="1" bw="0" slack="2147483647"/>
<pin id="146" dir="0" index="2" bw="1" slack="2147483647"/>
<pin id="147" dir="0" index="3" bw="0" slack="2147483647"/>
<pin id="148" dir="1" index="4" bw="1" slack="1"/>
</pin_list>
<bind>
<opcode="phi(47) " fcode="phi"/>
<opset="axi_last_2/5 "/>
</bind>
</comp>

<comp id="150" class="1004" name="grp_AXIvideo2MultiPixStream_Pipeline_loop_wait_for_start_fu_150">
<pin_list>
<pin id="151" dir="0" index="0" bw="0" slack="0"/>
<pin id="152" dir="0" index="1" bw="120" slack="0"/>
<pin id="153" dir="0" index="2" bw="15" slack="0"/>
<pin id="154" dir="0" index="3" bw="15" slack="0"/>
<pin id="155" dir="0" index="4" bw="1" slack="0"/>
<pin id="156" dir="0" index="5" bw="1" slack="0"/>
<pin id="157" dir="0" index="6" bw="1" slack="0"/>
<pin id="158" dir="0" index="7" bw="1" slack="0"/>
<pin id="159" dir="0" index="8" bw="120" slack="1"/>
<pin id="160" dir="0" index="9" bw="1" slack="1"/>
<pin id="161" dir="1" index="10" bw="0" slack="2147483647"/>
</pin_list>
<bind>
<opcode="call(48) " fcode="call"/>
<opset="call_ln0/2 "/>
</bind>
</comp>

<comp id="170" class="1004" name="grp_AXIvideo2MultiPixStream_Pipeline_loop_width_fu_170">
<pin_list>
<pin id="171" dir="0" index="0" bw="0" slack="0"/>
<pin id="172" dir="0" index="1" bw="1" slack="1"/>
<pin id="173" dir="0" index="2" bw="1" slack="1"/>
<pin id="174" dir="0" index="3" bw="120" slack="0"/>
<pin id="175" dir="0" index="4" bw="11" slack="4"/>
<pin id="176" dir="0" index="5" bw="1" slack="2"/>
<pin id="177" dir="0" index="6" bw="3" slack="5"/>
<pin id="178" dir="0" index="7" bw="3" slack="5"/>
<pin id="179" dir="0" index="8" bw="120" slack="0"/>
<pin id="180" dir="0" index="9" bw="120" slack="0"/>
<pin id="181" dir="0" index="10" bw="15" slack="0"/>
<pin id="182" dir="0" index="11" bw="15" slack="0"/>
<pin id="183" dir="0" index="12" bw="1" slack="0"/>
<pin id="184" dir="0" index="13" bw="1" slack="0"/>
<pin id="185" dir="0" index="14" bw="1" slack="0"/>
<pin id="186" dir="0" index="15" bw="1" slack="0"/>
<pin id="187" dir="0" index="16" bw="1" slack="5"/>
<pin id="188" dir="0" index="17" bw="120" slack="5"/>
<pin id="189" dir="1" index="18" bw="0" slack="2147483647"/>
</pin_list>
<bind>
<opcode="call(48) " fcode="call"/>
<opset="call_ln306/6 "/>
</bind>
</comp>

<comp id="201" class="1004" name="grp_AXIvideo2MultiPixStream_Pipeline_loop_wait_for_eol_fu_201">
<pin_list>
<pin id="202" dir="0" index="0" bw="0" slack="0"/>
<pin id="203" dir="0" index="1" bw="120" slack="0"/>
<pin id="204" dir="0" index="2" bw="1" slack="0"/>
<pin id="205" dir="0" index="3" bw="1" slack="0"/>
<pin id="206" dir="0" index="4" bw="120" slack="0"/>
<pin id="207" dir="0" index="5" bw="15" slack="0"/>
<pin id="208" dir="0" index="6" bw="15" slack="0"/>
<pin id="209" dir="0" index="7" bw="1" slack="0"/>
<pin id="210" dir="0" index="8" bw="1" slack="0"/>
<pin id="211" dir="0" index="9" bw="1" slack="0"/>
<pin id="212" dir="0" index="10" bw="1" slack="0"/>
<pin id="213" dir="0" index="11" bw="120" slack="8"/>
<pin id="214" dir="0" index="12" bw="1" slack="8"/>
<pin id="215" dir="1" index="13" bw="0" slack="2147483647"/>
</pin_list>
<bind>
<opcode="call(48) " fcode="call"/>
<opset="call_ln306/9 "/>
</bind>
</comp>

<comp id="224" class="1004" name="muxLogicCE_to_colorFormat_val_read_fu_224">
<pin_list>
<pin id="225" dir="1" index="0" bw="3" slack="2147483647"/>
</pin_list>
<bind>
<opcode="muxlogic(592) " fcode="muxlogic"/>
<opset="muxLogicCE_to_colorFormat_val_read/1 "/>
</bind>
</comp>

<comp id="226" class="1004" name="muxLogicCE_to_WidthIn_val_read_fu_226">
<pin_list>
<pin id="227" dir="1" index="0" bw="13" slack="2147483647"/>
</pin_list>
<bind>
<opcode="muxlogic(592) " fcode="muxlogic"/>
<opset="muxLogicCE_to_WidthIn_val_read/1 "/>
</bind>
</comp>

<comp id="228" class="1004" name="muxLogicCE_to_Height_val_read_fu_228">
<pin_list>
<pin id="229" dir="1" index="0" bw="13" slack="2147483647"/>
</pin_list>
<bind>
<opcode="muxlogic(592) " fcode="muxlogic"/>
<opset="muxLogicCE_to_Height_val_read/1 "/>
</bind>
</comp>

<comp id="230" class="1004" name="grp_reg_unsigned_short_s_fu_230">
<pin_list>
<pin id="231" dir="0" index="0" bw="13" slack="0"/>
<pin id="232" dir="0" index="1" bw="13" slack="0"/>
<pin id="233" dir="1" index="2" bw="13" slack="0"/>
</pin_list>
<bind>
<opcode="call(48) " fcode="call"/>
<opset="cols/1 "/>
</bind>
</comp>

<comp id="236" class="1004" name="muxLogicData_to_store_ln253_fu_236">
<pin_list>
<pin id="237" dir="0" index="0" bw="1" slack="0"/>
<pin id="238" dir="1" index="1" bw="0" slack="2147483647"/>
</pin_list>
<bind>
<opcode="muxlogic(592) " fcode="muxlogic"/>
<opset="muxLogicData_to_store_ln253/1 "/>
</bind>
</comp>

<comp id="240" class="1004" name="muxLogicAddr_to_store_ln253_fu_240">
<pin_list>
<pin id="241" dir="0" index="0" bw="13" slack="0"/>
<pin id="242" dir="1" index="1" bw="0" slack="2147483647"/>
</pin_list>
<bind>
<opcode="muxlogic(592) " fcode="muxlogic"/>
<opset="muxLogicAddr_to_store_ln253/1 "/>
</bind>
</comp>

<comp id="243" class="1004" name="store_ln253_store_fu_243">
<pin_list>
<pin id="244" dir="0" index="0" bw="1" slack="0"/>
<pin id="245" dir="0" index="1" bw="13" slack="0"/>
<pin id="246" dir="1" index="2" bw="0" slack="2147483647"/>
</pin_list>
<bind>
<opcode="store(28) " fcode="store"/>
<opset="store_ln253/1 "/>
</bind>
</comp>

<comp id="248" class="1004" name="trunc_ln226_1_fu_248">
<pin_list>
<pin id="249" dir="0" index="0" bw="11" slack="0"/>
<pin id="250" dir="0" index="1" bw="13" slack="0"/>
<pin id="251" dir="0" index="2" bw="3" slack="0"/>
<pin id="252" dir="0" index="3" bw="5" slack="0"/>
<pin id="253" dir="1" index="4" bw="11" slack="2"/>
</pin_list>
<bind>
<opcode="partselect(1002) " fcode="partselect"/>
<opset="trunc_ln226_1/2 "/>
</bind>
</comp>

<comp id="258" class="1004" name="grp_reg_unsigned_short_s_fu_258">
<pin_list>
<pin id="259" dir="0" index="0" bw="13" slack="0"/>
<pin id="260" dir="0" index="1" bw="13" slack="2"/>
<pin id="261" dir="1" index="2" bw="13" slack="1"/>
</pin_list>
<bind>
<opcode="call(48) " fcode="call"/>
<opset="rows/3 "/>
</bind>
</comp>

<comp id="263" class="1004" name="MuxLogicAddr_to_axi_last_loc_load_fu_263">
<pin_list>
<pin id="264" dir="0" index="0" bw="1" slack="3"/>
<pin id="265" dir="1" index="1" bw="1" slack="2147483647"/>
</pin_list>
<bind>
<opcode="muxlogic(592) " fcode="muxlogic"/>
<opset="MuxLogicAddr_to_axi_last_loc_load/4 "/>
</bind>
</comp>

<comp id="266" class="1004" name="axi_last_loc_load_load_fu_266">
<pin_list>
<pin id="267" dir="0" index="0" bw="1" slack="3"/>
<pin id="268" dir="1" index="1" bw="1" slack="2147483647"/>
</pin_list>
<bind>
<opcode="load(27) " fcode="load"/>
<opset="axi_last_loc_load/4 "/>
</bind>
</comp>

<comp id="269" class="1004" name="cmp10403_fu_269">
<pin_list>
<pin id="270" dir="0" index="0" bw="11" slack="2"/>
<pin id="271" dir="0" index="1" bw="1" slack="0"/>
<pin id="272" dir="1" index="2" bw="1" slack="0"/>
</pin_list>
<bind>
<opcode="icmp(45) " fcode="icmp"/>
<opset="cmp10403/4 "/>
</bind>
</comp>

<comp id="274" class="1004" name="cond_fu_274">
<pin_list>
<pin id="275" dir="0" index="0" bw="3" slack="3"/>
<pin id="276" dir="0" index="1" bw="1" slack="0"/>
<pin id="277" dir="1" index="2" bw="1" slack="2"/>
</pin_list>
<bind>
<opcode="icmp(45) " fcode="icmp"/>
<opset="cond/4 "/>
</bind>
</comp>

<comp id="279" class="1004" name="xor_ln306_fu_279">
<pin_list>
<pin id="280" dir="0" index="0" bw="1" slack="0"/>
<pin id="281" dir="0" index="1" bw="1" slack="0"/>
<pin id="282" dir="1" index="2" bw="1" slack="1"/>
</pin_list>
<bind>
<opcode="xor(25) " fcode="xor"/>
<opset="xor_ln306/4 "/>
</bind>
</comp>

<comp id="285" class="1004" name="MuxLogicAddr_to_i_1_fu_285">
<pin_list>
<pin id="286" dir="0" index="0" bw="13" slack="4"/>
<pin id="287" dir="1" index="1" bw="13" slack="2147483647"/>
</pin_list>
<bind>
<opcode="muxlogic(592) " fcode="muxlogic"/>
<opset="MuxLogicAddr_to_i_1/5 "/>
</bind>
</comp>

<comp id="288" class="1004" name="i_1_load_fu_288">
<pin_list>
<pin id="289" dir="0" index="0" bw="13" slack="4"/>
<pin id="290" dir="1" index="1" bw="13" slack="0"/>
</pin_list>
<bind>
<opcode="load(27) " fcode="load"/>
<opset="i_1/5 "/>
</bind>
</comp>

<comp id="291" class="1004" name="i_2_fu_291">
<pin_list>
<pin id="292" dir="0" index="0" bw="13" slack="0"/>
<pin id="293" dir="0" index="1" bw="1" slack="0"/>
<pin id="294" dir="1" index="2" bw="13" slack="0"/>
</pin_list>
<bind>
<opcode="add(8) " fcode="add"/>
<opset="i_2/5 "/>
</bind>
</comp>

<comp id="297" class="1004" name="icmp_ln253_fu_297">
<pin_list>
<pin id="298" dir="0" index="0" bw="13" slack="0"/>
<pin id="299" dir="0" index="1" bw="13" slack="1"/>
<pin id="300" dir="1" index="2" bw="1" slack="2147483647"/>
</pin_list>
<bind>
<opcode="icmp(45) " fcode="icmp"/>
<opset="icmp_ln253/5 "/>
</bind>
</comp>

<comp id="302" class="1004" name="and_ln306_fu_302">
<pin_list>
<pin id="303" dir="0" index="0" bw="1" slack="0"/>
<pin id="304" dir="0" index="1" bw="1" slack="1"/>
<pin id="305" dir="1" index="2" bw="1" slack="0"/>
</pin_list>
<bind>
<opcode="and(23) " fcode="and"/>
<opset="and_ln306/5 "/>
</bind>
</comp>

<comp id="307" class="1004" name="muxLogicData_to_store_ln253_fu_307">
<pin_list>
<pin id="308" dir="0" index="0" bw="13" slack="0"/>
<pin id="309" dir="1" index="1" bw="0" slack="2147483647"/>
</pin_list>
<bind>
<opcode="muxlogic(592) " fcode="muxlogic"/>
<opset="muxLogicData_to_store_ln253/5 "/>
</bind>
</comp>

<comp id="311" class="1004" name="muxLogicAddr_to_store_ln253_fu_311">
<pin_list>
<pin id="312" dir="0" index="0" bw="13" slack="4"/>
<pin id="313" dir="1" index="1" bw="0" slack="2147483647"/>
</pin_list>
<bind>
<opcode="muxlogic(592) " fcode="muxlogic"/>
<opset="muxLogicAddr_to_store_ln253/5 "/>
</bind>
</comp>

<comp id="314" class="1004" name="store_ln253_store_fu_314">
<pin_list>
<pin id="315" dir="0" index="0" bw="13" slack="0"/>
<pin id="316" dir="0" index="1" bw="13" slack="4"/>
<pin id="317" dir="1" index="2" bw="0" slack="2147483647"/>
</pin_list>
<bind>
<opcode="store(28) " fcode="store"/>
<opset="store_ln253/5 "/>
</bind>
</comp>

<comp id="319" class="1004" name="MuxLogicAddr_to_axi_data_2_load_fu_319">
<pin_list>
<pin id="320" dir="0" index="0" bw="120" slack="5"/>
<pin id="321" dir="1" index="1" bw="120" slack="2147483647"/>
</pin_list>
<bind>
<opcode="muxlogic(592) " fcode="muxlogic"/>
<opset="MuxLogicAddr_to_axi_data_2_load/6 "/>
</bind>
</comp>

<comp id="322" class="1004" name="axi_data_2_load_load_fu_322">
<pin_list>
<pin id="323" dir="0" index="0" bw="120" slack="5"/>
<pin id="324" dir="1" index="1" bw="120" slack="0"/>
</pin_list>
<bind>
<opcode="load(27) " fcode="load"/>
<opset="axi_data_2_load/6 "/>
</bind>
</comp>

<comp id="326" class="1004" name="MuxLogicAddr_to_eol_loc_load_fu_326">
<pin_list>
<pin id="327" dir="0" index="0" bw="1" slack="8"/>
<pin id="328" dir="1" index="1" bw="1" slack="2147483647"/>
</pin_list>
<bind>
<opcode="muxlogic(592) " fcode="muxlogic"/>
<opset="MuxLogicAddr_to_eol_loc_load/9 "/>
</bind>
</comp>

<comp id="329" class="1004" name="eol_loc_load_load_fu_329">
<pin_list>
<pin id="330" dir="0" index="0" bw="1" slack="8"/>
<pin id="331" dir="1" index="1" bw="1" slack="0"/>
</pin_list>
<bind>
<opcode="load(27) " fcode="load"/>
<opset="eol_loc_load/9 "/>
</bind>
</comp>

<comp id="333" class="1004" name="MuxLogicAddr_to_axi_data_3_loc_load_fu_333">
<pin_list>
<pin id="334" dir="0" index="0" bw="120" slack="8"/>
<pin id="335" dir="1" index="1" bw="120" slack="2147483647"/>
</pin_list>
<bind>
<opcode="muxlogic(592) " fcode="muxlogic"/>
<opset="MuxLogicAddr_to_axi_data_3_loc_load/9 "/>
</bind>
</comp>

<comp id="336" class="1004" name="axi_data_3_loc_load_load_fu_336">
<pin_list>
<pin id="337" dir="0" index="0" bw="120" slack="8"/>
<pin id="338" dir="1" index="1" bw="120" slack="0"/>
</pin_list>
<bind>
<opcode="load(27) " fcode="load"/>
<opset="axi_data_3_loc_load/9 "/>
</bind>
</comp>

<comp id="340" class="1004" name="select_ln306_fu_340">
<pin_list>
<pin id="341" dir="0" index="0" bw="1" slack="5"/>
<pin id="342" dir="0" index="1" bw="1" slack="0"/>
<pin id="343" dir="0" index="2" bw="1" slack="4"/>
<pin id="344" dir="1" index="3" bw="1" slack="0"/>
</pin_list>
<bind>
<opcode="select(49) " fcode="select"/>
<opset="select_ln306/9 "/>
</bind>
</comp>

<comp id="348" class="1004" name="MuxLogicAddr_to_axi_last_4_loc_load_fu_348">
<pin_list>
<pin id="349" dir="0" index="0" bw="1" slack="10"/>
<pin id="350" dir="1" index="1" bw="1" slack="2147483647"/>
</pin_list>
<bind>
<opcode="muxlogic(592) " fcode="muxlogic"/>
<opset="MuxLogicAddr_to_axi_last_4_loc_load/11 "/>
</bind>
</comp>

<comp id="351" class="1004" name="axi_last_4_loc_load_load_fu_351">
<pin_list>
<pin id="352" dir="0" index="0" bw="1" slack="10"/>
<pin id="353" dir="1" index="1" bw="1" slack="2147483647"/>
</pin_list>
<bind>
<opcode="load(27) " fcode="load"/>
<opset="axi_last_4_loc_load/11 "/>
</bind>
</comp>

<comp id="354" class="1005" name="axi_data_2_reg_354">
<pin_list>
<pin id="355" dir="0" index="0" bw="120" slack="1"/>
<pin id="356" dir="1" index="1" bw="120" slack="1"/>
</pin_list>
<bind>
<opset="axi_data_2 "/>
</bind>
</comp>

<comp id="362" class="1005" name="i_reg_362">
<pin_list>
<pin id="363" dir="0" index="0" bw="13" slack="0"/>
<pin id="364" dir="1" index="1" bw="13" slack="0"/>
</pin_list>
<bind>
<opset="i "/>
</bind>
</comp>

<comp id="372" class="1005" name="colorFormat_val_read_reg_372">
<pin_list>
<pin id="373" dir="0" index="0" bw="3" slack="3"/>
<pin id="374" dir="1" index="1" bw="3" slack="3"/>
</pin_list>
<bind>
<opset="colorFormat_val_read "/>
</bind>
</comp>

<comp id="379" class="1005" name="Height_val_read_reg_379">
<pin_list>
<pin id="380" dir="0" index="0" bw="13" slack="2"/>
<pin id="381" dir="1" index="1" bw="13" slack="2"/>
</pin_list>
<bind>
<opset="Height_val_read "/>
</bind>
</comp>

<comp id="384" class="1005" name="axi_last_4_loc_reg_384">
<pin_list>
<pin id="385" dir="0" index="0" bw="1" slack="8"/>
<pin id="386" dir="1" index="1" bw="1" slack="8"/>
</pin_list>
<bind>
<opset="axi_last_4_loc "/>
</bind>
</comp>

<comp id="391" class="1005" name="axi_data_3_loc_reg_391">
<pin_list>
<pin id="392" dir="0" index="0" bw="120" slack="5"/>
<pin id="393" dir="1" index="1" bw="120" slack="5"/>
</pin_list>
<bind>
<opset="axi_data_3_loc "/>
</bind>
</comp>

<comp id="398" class="1005" name="eol_loc_reg_398">
<pin_list>
<pin id="399" dir="0" index="0" bw="1" slack="5"/>
<pin id="400" dir="1" index="1" bw="1" slack="5"/>
</pin_list>
<bind>
<opset="eol_loc "/>
</bind>
</comp>

<comp id="405" class="1005" name="axi_last_loc_reg_405">
<pin_list>
<pin id="406" dir="0" index="0" bw="1" slack="1"/>
<pin id="407" dir="1" index="1" bw="1" slack="1"/>
</pin_list>
<bind>
<opset="axi_last_loc "/>
</bind>
</comp>

<comp id="412" class="1005" name="trunc_ln226_1_reg_412">
<pin_list>
<pin id="413" dir="0" index="0" bw="11" slack="2"/>
<pin id="414" dir="1" index="1" bw="11" slack="2"/>
</pin_list>
<bind>
<opset="trunc_ln226_1 "/>
</bind>
</comp>

<comp id="418" class="1005" name="rows_reg_418">
<pin_list>
<pin id="419" dir="0" index="0" bw="13" slack="1"/>
<pin id="420" dir="1" index="1" bw="13" slack="1"/>
</pin_list>
<bind>
<opset="rows "/>
</bind>
</comp>

<comp id="426" class="1005" name="cmp10403_reg_426">
<pin_list>
<pin id="427" dir="0" index="0" bw="1" slack="5"/>
<pin id="428" dir="1" index="1" bw="1" slack="5"/>
</pin_list>
<bind>
<opset="cmp10403 "/>
</bind>
</comp>

<comp id="431" class="1005" name="cond_reg_431">
<pin_list>
<pin id="432" dir="0" index="0" bw="1" slack="2"/>
<pin id="433" dir="1" index="1" bw="1" slack="2"/>
</pin_list>
<bind>
<opset="cond "/>
</bind>
</comp>

<comp id="436" class="1005" name="xor_ln306_reg_436">
<pin_list>
<pin id="437" dir="0" index="0" bw="1" slack="1"/>
<pin id="438" dir="1" index="1" bw="1" slack="1"/>
</pin_list>
<bind>
<opset="xor_ln306 "/>
</bind>
</comp>

<comp id="444" class="1005" name="and_ln306_reg_444">
<pin_list>
<pin id="445" dir="0" index="0" bw="1" slack="0"/>
<pin id="446" dir="1" index="1" bw="1" slack="0"/>
</pin_list>
<bind>
<opset="and_ln306 "/>
</bind>
</comp>

<comp id="458" class="1005" name="select_ln306_reg_458">
<pin_list>
<pin id="459" dir="0" index="0" bw="1" slack="1"/>
<pin id="460" dir="1" index="1" bw="1" slack="1"/>
</pin_list>
<bind>
<opset="select_ln306 "/>
</bind>
</comp>

</comp_list>

<net_list>
<net id="89"><net_src comp="22" pin="0"/><net_sink comp="86" pin=0"/></net>

<net id="93"><net_src comp="22" pin="0"/><net_sink comp="90" pin=0"/></net>

<net id="97"><net_src comp="22" pin="0"/><net_sink comp="94" pin=0"/></net>

<net id="101"><net_src comp="22" pin="0"/><net_sink comp="98" pin=0"/></net>

<net id="105"><net_src comp="22" pin="0"/><net_sink comp="102" pin=0"/></net>

<net id="109"><net_src comp="22" pin="0"/><net_sink comp="106" pin=0"/></net>

<net id="114"><net_src comp="24" pin="0"/><net_sink comp="110" pin=0"/></net>

<net id="115"><net_src comp="20" pin="0"/><net_sink comp="110" pin=1"/></net>

<net id="120"><net_src comp="26" pin="0"/><net_sink comp="116" pin=0"/></net>

<net id="121"><net_src comp="18" pin="0"/><net_sink comp="116" pin=1"/></net>

<net id="126"><net_src comp="26" pin="0"/><net_sink comp="122" pin=0"/></net>

<net id="127"><net_src comp="16" pin="0"/><net_sink comp="122" pin=1"/></net>

<net id="131"><net_src comp="68" pin="0"/><net_sink comp="128" pin=0"/></net>

<net id="138"><net_src comp="128" pin="1"/><net_sink comp="132" pin=0"/></net>

<net id="139"><net_src comp="132" pin="4"/><net_sink comp="128" pin=0"/></net>

<net id="149"><net_src comp="143" pin="4"/><net_sink comp="140" pin=0"/></net>

<net id="162"><net_src comp="34" pin="0"/><net_sink comp="150" pin=0"/></net>

<net id="163"><net_src comp="0" pin="0"/><net_sink comp="150" pin=1"/></net>

<net id="164"><net_src comp="2" pin="0"/><net_sink comp="150" pin=2"/></net>

<net id="165"><net_src comp="4" pin="0"/><net_sink comp="150" pin=3"/></net>

<net id="166"><net_src comp="6" pin="0"/><net_sink comp="150" pin=4"/></net>

<net id="167"><net_src comp="8" pin="0"/><net_sink comp="150" pin=5"/></net>

<net id="168"><net_src comp="10" pin="0"/><net_sink comp="150" pin=6"/></net>

<net id="169"><net_src comp="12" pin="0"/><net_sink comp="150" pin=7"/></net>

<net id="190"><net_src comp="78" pin="0"/><net_sink comp="170" pin=0"/></net>

<net id="191"><net_src comp="128" pin="1"/><net_sink comp="170" pin=1"/></net>

<net id="192"><net_src comp="140" pin="1"/><net_sink comp="170" pin=2"/></net>

<net id="193"><net_src comp="14" pin="0"/><net_sink comp="170" pin=8"/></net>

<net id="194"><net_src comp="0" pin="0"/><net_sink comp="170" pin=9"/></net>

<net id="195"><net_src comp="2" pin="0"/><net_sink comp="170" pin=10"/></net>

<net id="196"><net_src comp="4" pin="0"/><net_sink comp="170" pin=11"/></net>

<net id="197"><net_src comp="6" pin="0"/><net_sink comp="170" pin=12"/></net>

<net id="198"><net_src comp="8" pin="0"/><net_sink comp="170" pin=13"/></net>

<net id="199"><net_src comp="10" pin="0"/><net_sink comp="170" pin=14"/></net>

<net id="200"><net_src comp="12" pin="0"/><net_sink comp="170" pin=15"/></net>

<net id="216"><net_src comp="80" pin="0"/><net_sink comp="201" pin=0"/></net>

<net id="217"><net_src comp="0" pin="0"/><net_sink comp="201" pin=4"/></net>

<net id="218"><net_src comp="2" pin="0"/><net_sink comp="201" pin=5"/></net>

<net id="219"><net_src comp="4" pin="0"/><net_sink comp="201" pin=6"/></net>

<net id="220"><net_src comp="6" pin="0"/><net_sink comp="201" pin=7"/></net>

<net id="221"><net_src comp="8" pin="0"/><net_sink comp="201" pin=8"/></net>

<net id="222"><net_src comp="10" pin="0"/><net_sink comp="201" pin=9"/></net>

<net id="223"><net_src comp="12" pin="0"/><net_sink comp="201" pin=10"/></net>

<net id="234"><net_src comp="28" pin="0"/><net_sink comp="230" pin=0"/></net>

<net id="235"><net_src comp="116" pin="2"/><net_sink comp="230" pin=1"/></net>

<net id="239"><net_src comp="30" pin="0"/><net_sink comp="236" pin=0"/></net>

<net id="247"><net_src comp="30" pin="0"/><net_sink comp="243" pin=0"/></net>

<net id="254"><net_src comp="36" pin="0"/><net_sink comp="248" pin=0"/></net>

<net id="255"><net_src comp="230" pin="2"/><net_sink comp="248" pin=1"/></net>

<net id="256"><net_src comp="38" pin="0"/><net_sink comp="248" pin=2"/></net>

<net id="257"><net_src comp="40" pin="0"/><net_sink comp="248" pin=3"/></net>

<net id="262"><net_src comp="28" pin="0"/><net_sink comp="258" pin=0"/></net>

<net id="273"><net_src comp="64" pin="0"/><net_sink comp="269" pin=1"/></net>

<net id="278"><net_src comp="66" pin="0"/><net_sink comp="274" pin=1"/></net>

<net id="283"><net_src comp="269" pin="2"/><net_sink comp="279" pin=0"/></net>

<net id="284"><net_src comp="68" pin="0"/><net_sink comp="279" pin=1"/></net>

<net id="295"><net_src comp="288" pin="1"/><net_sink comp="291" pin=0"/></net>

<net id="296"><net_src comp="70" pin="0"/><net_sink comp="291" pin=1"/></net>

<net id="301"><net_src comp="288" pin="1"/><net_sink comp="297" pin=0"/></net>

<net id="306"><net_src comp="132" pin="4"/><net_sink comp="302" pin=0"/></net>

<net id="310"><net_src comp="291" pin="2"/><net_sink comp="307" pin=0"/></net>

<net id="318"><net_src comp="291" pin="2"/><net_sink comp="314" pin=0"/></net>

<net id="325"><net_src comp="322" pin="1"/><net_sink comp="170" pin=3"/></net>

<net id="332"><net_src comp="329" pin="1"/><net_sink comp="201" pin=3"/></net>

<net id="339"><net_src comp="336" pin="1"/><net_sink comp="201" pin=1"/></net>

<net id="345"><net_src comp="329" pin="1"/><net_sink comp="340" pin=1"/></net>

<net id="346"><net_src comp="140" pin="1"/><net_sink comp="340" pin=2"/></net>

<net id="347"><net_src comp="340" pin="3"/><net_sink comp="201" pin=2"/></net>

<net id="357"><net_src comp="86" pin="1"/><net_sink comp="354" pin=0"/></net>

<net id="358"><net_src comp="354" pin="1"/><net_sink comp="150" pin=8"/></net>

<net id="359"><net_src comp="354" pin="1"/><net_sink comp="319" pin=0"/></net>

<net id="360"><net_src comp="354" pin="1"/><net_sink comp="322" pin=0"/></net>

<net id="361"><net_src comp="354" pin="1"/><net_sink comp="201" pin=11"/></net>

<net id="365"><net_src comp="90" pin="1"/><net_sink comp="362" pin=0"/></net>

<net id="366"><net_src comp="362" pin="1"/><net_sink comp="240" pin=0"/></net>

<net id="367"><net_src comp="362" pin="1"/><net_sink comp="243" pin=1"/></net>

<net id="368"><net_src comp="362" pin="1"/><net_sink comp="285" pin=0"/></net>

<net id="369"><net_src comp="362" pin="1"/><net_sink comp="288" pin=0"/></net>

<net id="370"><net_src comp="362" pin="1"/><net_sink comp="311" pin=0"/></net>

<net id="371"><net_src comp="362" pin="1"/><net_sink comp="314" pin=1"/></net>

<net id="375"><net_src comp="110" pin="2"/><net_sink comp="372" pin=0"/></net>

<net id="376"><net_src comp="372" pin="1"/><net_sink comp="274" pin=0"/></net>

<net id="377"><net_src comp="372" pin="1"/><net_sink comp="170" pin=6"/></net>

<net id="378"><net_src comp="372" pin="1"/><net_sink comp="170" pin=7"/></net>

<net id="382"><net_src comp="122" pin="2"/><net_sink comp="379" pin=0"/></net>

<net id="383"><net_src comp="379" pin="1"/><net_sink comp="258" pin=1"/></net>

<net id="387"><net_src comp="94" pin="1"/><net_sink comp="384" pin=0"/></net>

<net id="388"><net_src comp="384" pin="1"/><net_sink comp="201" pin=12"/></net>

<net id="389"><net_src comp="384" pin="1"/><net_sink comp="348" pin=0"/></net>

<net id="390"><net_src comp="384" pin="1"/><net_sink comp="351" pin=0"/></net>

<net id="394"><net_src comp="98" pin="1"/><net_sink comp="391" pin=0"/></net>

<net id="395"><net_src comp="391" pin="1"/><net_sink comp="170" pin=17"/></net>

<net id="396"><net_src comp="391" pin="1"/><net_sink comp="333" pin=0"/></net>

<net id="397"><net_src comp="391" pin="1"/><net_sink comp="336" pin=0"/></net>

<net id="401"><net_src comp="102" pin="1"/><net_sink comp="398" pin=0"/></net>

<net id="402"><net_src comp="398" pin="1"/><net_sink comp="170" pin=16"/></net>

<net id="403"><net_src comp="398" pin="1"/><net_sink comp="326" pin=0"/></net>

<net id="404"><net_src comp="398" pin="1"/><net_sink comp="329" pin=0"/></net>

<net id="408"><net_src comp="106" pin="1"/><net_sink comp="405" pin=0"/></net>

<net id="409"><net_src comp="405" pin="1"/><net_sink comp="150" pin=9"/></net>

<net id="410"><net_src comp="405" pin="1"/><net_sink comp="263" pin=0"/></net>

<net id="411"><net_src comp="405" pin="1"/><net_sink comp="266" pin=0"/></net>

<net id="415"><net_src comp="248" pin="4"/><net_sink comp="412" pin=0"/></net>

<net id="416"><net_src comp="412" pin="1"/><net_sink comp="269" pin=0"/></net>

<net id="417"><net_src comp="412" pin="1"/><net_sink comp="170" pin=4"/></net>

<net id="421"><net_src comp="258" pin="2"/><net_sink comp="418" pin=0"/></net>

<net id="422"><net_src comp="418" pin="1"/><net_sink comp="297" pin=1"/></net>

<net id="429"><net_src comp="269" pin="2"/><net_sink comp="426" pin=0"/></net>

<net id="430"><net_src comp="426" pin="1"/><net_sink comp="340" pin=0"/></net>

<net id="434"><net_src comp="274" pin="2"/><net_sink comp="431" pin=0"/></net>

<net id="435"><net_src comp="431" pin="1"/><net_sink comp="170" pin=5"/></net>

<net id="439"><net_src comp="279" pin="2"/><net_sink comp="436" pin=0"/></net>

<net id="440"><net_src comp="436" pin="1"/><net_sink comp="302" pin=1"/></net>

<net id="447"><net_src comp="302" pin="2"/><net_sink comp="444" pin=0"/></net>

<net id="448"><net_src comp="444" pin="1"/><net_sink comp="132" pin=2"/></net>

<net id="461"><net_src comp="340" pin="3"/><net_sink comp="458" pin=0"/></net>

<net id="462"><net_src comp="458" pin="1"/><net_sink comp="201" pin=2"/></net>

</net_list>

</model> 
---------------- Datapath Model END ------------------

* FSMD analyzer results:
  - Output states:
	Port: img | {6 7 }
 - Input state : 
	Port: AXIvideo2MultiPixStream : s_axis_video_V_data_V | {2 3 6 7 9 10 }
	Port: AXIvideo2MultiPixStream : s_axis_video_V_keep_V | {2 3 6 7 9 10 }
	Port: AXIvideo2MultiPixStream : s_axis_video_V_strb_V | {2 3 6 7 9 10 }
	Port: AXIvideo2MultiPixStream : s_axis_video_V_user_V | {2 3 6 7 9 10 }
	Port: AXIvideo2MultiPixStream : s_axis_video_V_last_V | {2 3 6 7 9 10 }
	Port: AXIvideo2MultiPixStream : s_axis_video_V_id_V | {2 3 6 7 9 10 }
	Port: AXIvideo2MultiPixStream : s_axis_video_V_dest_V | {2 3 6 7 9 10 }
	Port: AXIvideo2MultiPixStream : Height_val | {1 }
	Port: AXIvideo2MultiPixStream : WidthIn_val | {1 }
	Port: AXIvideo2MultiPixStream : colorFormat_val | {1 }
  - Chain level:
	State 1
		muxLogicAddr_to_store_ln253 : 1
		store_ln253 : 1
	State 2
		trunc_ln226_1 : 1
	State 3
	State 4
		xor_ln306 : 1
	State 5
		i_2 : 1
		icmp_ln253 : 1
		br_ln253 : 2
		and_ln306 : 1
		muxLogicData_to_store_ln253 : 2
		store_ln253 : 2
	State 6
		call_ln306 : 1
	State 7
	State 8
	State 9
		select_ln306 : 1
		call_ln306 : 2
	State 10
	State 11


============================================================
+ Verbose Summary: Datapath Resource usage 
============================================================

* Functional unit list:
|----------|-----------------------------------------------------------------|---------|---------|
| Operation|                         Functional Unit                         |    FF   |   LUT   |
|----------|-----------------------------------------------------------------|---------|---------|
|          | grp_AXIvideo2MultiPixStream_Pipeline_loop_wait_for_start_fu_150 |    3    |    0    |
|          |      grp_AXIvideo2MultiPixStream_Pipeline_loop_width_fu_170     |   148   |   144   |
|   call   |  grp_AXIvideo2MultiPixStream_Pipeline_loop_wait_for_eol_fu_201  |    3    |    0    |
|          |                 grp_reg_unsigned_short_s_fu_230                 |    13   |    0    |
|          |                 grp_reg_unsigned_short_s_fu_258                 |    13   |    0    |
|----------|-----------------------------------------------------------------|---------|---------|
|          |                         cmp10403_fu_269                         |    0    |    11   |
|   icmp   |                           cond_fu_274                           |    0    |    5    |
|          |                        icmp_ln253_fu_297                        |    0    |    13   |
|----------|-----------------------------------------------------------------|---------|---------|
|    add   |                            i_2_fu_291                           |    0    |    13   |
|----------|-----------------------------------------------------------------|---------|---------|
|    xor   |                         xor_ln306_fu_279                        |    0    |    2    |
|----------|-----------------------------------------------------------------|---------|---------|
|    and   |                         and_ln306_fu_302                        |    0    |    2    |
|----------|-----------------------------------------------------------------|---------|---------|
|  select  |                       select_ln306_fu_340                       |    0    |    2    |
|----------|-----------------------------------------------------------------|---------|---------|
|          |                 colorFormat_val_read_read_fu_110                |    0    |    0    |
|   read   |                   WidthIn_val_read_read_fu_116                  |    0    |    0    |
|          |                   Height_val_read_read_fu_122                   |    0    |    0    |
|----------|-----------------------------------------------------------------|---------|---------|
|          |            muxLogicCE_to_colorFormat_val_read_fu_224            |    0    |    0    |
|          |              muxLogicCE_to_WidthIn_val_read_fu_226              |    0    |    0    |
|          |               muxLogicCE_to_Height_val_read_fu_228              |    0    |    0    |
|          |                muxLogicData_to_store_ln253_fu_236               |    0    |    0    |
|          |                muxLogicAddr_to_store_ln253_fu_240               |    0    |    0    |
|          |             MuxLogicAddr_to_axi_last_loc_load_fu_263            |    0    |    0    |
| muxlogic |                    MuxLogicAddr_to_i_1_fu_285                   |    0    |    0    |
|          |                muxLogicData_to_store_ln253_fu_307               |    0    |    0    |
|          |                muxLogicAddr_to_store_ln253_fu_311               |    0    |    0    |
|          |              MuxLogicAddr_to_axi_data_2_load_fu_319             |    0    |    0    |
|          |               MuxLogicAddr_to_eol_loc_load_fu_326               |    0    |    0    |
|          |            MuxLogicAddr_to_axi_data_3_loc_load_fu_333           |    0    |    0    |
|          |            MuxLogicAddr_to_axi_last_4_loc_load_fu_348           |    0    |    0    |
|----------|-----------------------------------------------------------------|---------|---------|
|partselect|                       trunc_ln226_1_fu_248                      |    0    |    0    |
|----------|-----------------------------------------------------------------|---------|---------|
|   Total  |                                                                 |   180   |   192   |
|----------|-----------------------------------------------------------------|---------|---------|

Memories:
N/A

* Register list:
+----------------------------+--------+
|                            |   FF   |
+----------------------------+--------+
|   Height_val_read_reg_379  |   13   |
|      and_ln306_reg_444     |    1   |
|     axi_data_2_reg_354     |   120  |
|   axi_data_3_loc_reg_391   |   120  |
|     axi_last_2_reg_140     |    1   |
|   axi_last_4_loc_reg_384   |    1   |
|    axi_last_loc_reg_405    |    1   |
|      cmp10403_reg_426      |    1   |
|colorFormat_val_read_reg_372|    3   |
|        cond_reg_431        |    1   |
|       eol_loc_reg_398      |    1   |
|          i_reg_362         |   13   |
|        rows_reg_418        |   13   |
|    select_ln306_reg_458    |    1   |
|         sof_reg_128        |    1   |
|    trunc_ln226_1_reg_412   |   11   |
|      xor_ln306_reg_436     |    1   |
+----------------------------+--------+
|            Total           |   303  |
+----------------------------+--------+

* Multiplexer (MUX) list: 
|---------------------------------------------------------------|------|------|------|--------||---------||---------|
|                              Comp                             |  Pin | Size |  BW  | S x BW ||  Delay  ||   LUT   |
|---------------------------------------------------------------|------|------|------|--------||---------||---------|
|                          sof_reg_128                          |  p0  |   2  |   1  |    2   ||    2    |
| grp_AXIvideo2MultiPixStream_Pipeline_loop_wait_for_eol_fu_201 |  p2  |   2  |   1  |    2   ||    2    |
|---------------------------------------------------------------|------|------|------|--------||---------||---------|
|                             Total                             |      |      |      |    4   ||   0.66  ||    4    |
|---------------------------------------------------------------|------|------|------|--------||---------||---------|



* Summary:
+-----------+--------+--------+--------+
|           |  Delay |   FF   |   LUT  |
+-----------+--------+--------+--------+
|  Function |    -   |   180  |   192  |
|   Memory  |    -   |    -   |    -   |
|Multiplexer|    0   |    -   |    4   |
|  Register |    -   |   303  |    -   |
+-----------+--------+--------+--------+
|   Total   |    0   |   483  |   196  |
+-----------+--------+--------+--------+
