

================================================================
== Vitis HLS Report for 'AXIvideo2MultiPixStream'
================================================================
* Date:           Thu May  9 19:06:36 2024

* Version:        2023.2 (Build 4023990 on Oct 11 2023)
* Project:        prj
* Solution:       sol (Vivado IP Flow Target)
* Product family: versalaicore
* Target device:  xcvc1902-vsva2197-2MP-e-S


================================================================
== Performance Estimates
================================================================
+ Timing: 
    * Summary: 
    +--------+---------+----------+------------+
    |  Clock |  Target | Estimated| Uncertainty|
    +--------+---------+----------+------------+
    |ap_clk  |  3.33 ns|  2.792 ns|     0.90 ns|
    +--------+---------+----------+------------+

+ Latency: 
    * Summary: 
    +---------+---------+-----------+-----------+-----+---------+---------+
    |  Latency (cycles) |   Latency (absolute)  |    Interval   | Pipeline|
    |   min   |   max   |    min    |    max    | min |   max   |   Type  |
    +---------+---------+-----------+-----------+-----+---------+---------+
    |        6|  8341926|  19.998 ns|  27.804 ms|    6|  8341926|       no|
    +---------+---------+-----------+-----------+-----+---------+---------+

    + Detail: 
        * Instance: 
        N/A

        * Loop: 
        +---------------+---------+---------+-----------+-----------+-----------+----------+----------+
        |               |  Latency (cycles) | Iteration |  Initiation Interval  |   Trip   |          |
        |   Loop Name   |   min   |   max   |  Latency  |  achieved |   target  |   Count  | Pipelined|
        +---------------+---------+---------+-----------+-----------+-----------+----------+----------+
        |- loop_height  |        0|  8341920|  11 ~ 1931|          -|          -|  0 ~ 4320|        no|
        +---------------+---------+---------+-----------+-----------+-----------+----------+----------+

============================================================
+ Verbose Summary: Synthesis Manager
============================================================
InlineROM: 1
ExposeGlobal: 0
============================================================
+ Verbose Summary: CDFG Model
============================================================
IsTopModel: 0
ResetActiveHigh: 1
IsCombinational: 2
IsDatapathOnly: 0
HasWiredReturn: 1
HasMFsm: 0
HasVarLatency: 1
IsPipeline: 0
IsRtlPipelined: 0
IsInstanceOverlapped: 0
IsDontTouch: 0
HasImplIP: 0
IsGatedGlobalClock: 0


============================================================
+ Verbose Summary: Schedule
============================================================
* Number of FSM states : 11
* Pipeline : 0
* Dataflow Pipeline: 0

* FSM state transitions: 
1 --> 2 
2 --> 3 
3 --> 4 
4 --> 5 
5 --> 6 
6 --> 7 
7 --> 8 
8 --> 9 
9 --> 10 
10 --> 11 
11 --> 5 

* FSM state operations: 

State 1 <SV = 0> <Delay = 0.51>
ST_1 : Operation 12 [1/1] (0.00ns)   --->   "%axi_data_2 = alloca i32 1" [C:/Vulcan/Protocol/Display/v_dp_rxss1_0_ex/v_dp_rxss1_0_ex.runs/dpss_vck190_pt_v_frmbuf_wr_0_0_synth_1/prj/sol/.autopilot/db/v_frmbuf_wr.cpp:226]   --->   Operation 12 'alloca' 'axi_data_2' <Predicate = true> <Delay = 0.00>
ST_1 : Operation 13 [1/1] (0.00ns)   --->   "%i = alloca i32 1" [C:/Vulcan/Protocol/Display/v_dp_rxss1_0_ex/v_dp_rxss1_0_ex.runs/dpss_vck190_pt_v_frmbuf_wr_0_0_synth_1/prj/sol/.autopilot/db/v_frmbuf_wr.cpp:253]   --->   Operation 13 'alloca' 'i' <Predicate = true> <Delay = 0.00>
ST_1 : Operation 14 [1/1] (0.00ns)   --->   "%muxLogicCE_to_colorFormat_val_read = muxlogic"   --->   Operation 14 'muxlogic' 'muxLogicCE_to_colorFormat_val_read' <Predicate = true> <Delay = 0.00>
ST_1 : Operation 15 [1/1] (0.00ns)   --->   "%colorFormat_val_read = read i3 @_ssdm_op_Read.ap_auto.i3, i3 %colorFormat_val"   --->   Operation 15 'read' 'colorFormat_val_read' <Predicate = true> <Delay = 0.00>
ST_1 : Operation 16 [1/1] (0.00ns)   --->   "%muxLogicCE_to_WidthIn_val_read = muxlogic"   --->   Operation 16 'muxlogic' 'muxLogicCE_to_WidthIn_val_read' <Predicate = true> <Delay = 0.00>
ST_1 : Operation 17 [1/1] (0.00ns)   --->   "%WidthIn_val_read = read i13 @_ssdm_op_Read.ap_auto.i13, i13 %WidthIn_val"   --->   Operation 17 'read' 'WidthIn_val_read' <Predicate = true> <Delay = 0.00>
ST_1 : Operation 18 [1/1] (0.00ns)   --->   "%muxLogicCE_to_Height_val_read = muxlogic"   --->   Operation 18 'muxlogic' 'muxLogicCE_to_Height_val_read' <Predicate = true> <Delay = 0.00>
ST_1 : Operation 19 [1/1] (0.00ns)   --->   "%Height_val_read = read i13 @_ssdm_op_Read.ap_auto.i13, i13 %Height_val"   --->   Operation 19 'read' 'Height_val_read' <Predicate = true> <Delay = 0.00>
ST_1 : Operation 20 [1/1] (0.00ns)   --->   "%axi_last_4_loc = alloca i32 1"   --->   Operation 20 'alloca' 'axi_last_4_loc' <Predicate = true> <Delay = 0.00>
ST_1 : Operation 21 [1/1] (0.00ns)   --->   "%axi_data_3_loc = alloca i32 1"   --->   Operation 21 'alloca' 'axi_data_3_loc' <Predicate = true> <Delay = 0.00>
ST_1 : Operation 22 [1/1] (0.00ns)   --->   "%eol_loc = alloca i32 1"   --->   Operation 22 'alloca' 'eol_loc' <Predicate = true> <Delay = 0.00>
ST_1 : Operation 23 [1/1] (0.00ns)   --->   "%axi_last_loc = alloca i32 1"   --->   Operation 23 'alloca' 'axi_last_loc' <Predicate = true> <Delay = 0.00>
ST_1 : Operation 24 [2/2] (0.00ns)   --->   "%cols = call i13 @reg<unsigned short>, i13 %WidthIn_val_read" [C:/Vulcan/Protocol/Display/v_dp_rxss1_0_ex/v_dp_rxss1_0_ex.runs/dpss_vck190_pt_v_frmbuf_wr_0_0_synth_1/prj/sol/.autopilot/db/v_frmbuf_wr.cpp:231]   --->   Operation 24 'call' 'cols' <Predicate = true> <Delay = 0.00> <CoreType = "Generic">   --->   Core 0 '' <Latency = 0> <II = 1> <Delay = 1.00> <Generic> <Opcode : >
ST_1 : Operation 25 [1/1] (0.00ns)   --->   "%muxLogicData_to_store_ln253 = muxlogic i13 0"   --->   Operation 25 'muxlogic' 'muxLogicData_to_store_ln253' <Predicate = true> <Delay = 0.00>
ST_1 : Operation 26 [1/1] (0.00ns)   --->   "%muxLogicAddr_to_store_ln253 = muxlogic i13 %i"   --->   Operation 26 'muxlogic' 'muxLogicAddr_to_store_ln253' <Predicate = true> <Delay = 0.00>
ST_1 : Operation 27 [1/1] (0.51ns)   --->   "%store_ln253 = store i13 0, i13 %i" [C:/Vulcan/Protocol/Display/v_dp_rxss1_0_ex/v_dp_rxss1_0_ex.runs/dpss_vck190_pt_v_frmbuf_wr_0_0_synth_1/prj/sol/.autopilot/db/v_frmbuf_wr.cpp:253]   --->   Operation 27 'store' 'store_ln253' <Predicate = true> <Delay = 0.51>

State 2 <SV = 1> <Delay = 1.49>
ST_2 : Operation 28 [1/2] (0.00ns)   --->   "%cols = call i13 @reg<unsigned short>, i13 %WidthIn_val_read" [C:/Vulcan/Protocol/Display/v_dp_rxss1_0_ex/v_dp_rxss1_0_ex.runs/dpss_vck190_pt_v_frmbuf_wr_0_0_synth_1/prj/sol/.autopilot/db/v_frmbuf_wr.cpp:231]   --->   Operation 28 'call' 'cols' <Predicate = true> <Delay = 0.00> <CoreType = "Generic">   --->   Core 0 '' <Latency = 0> <II = 1> <Delay = 1.00> <Generic> <Opcode : >
ST_2 : Operation 29 [1/1] (0.00ns)   --->   "%empty = wait i32 @_ssdm_op_Wait"   --->   Operation 29 'wait' 'empty' <Predicate = true> <Delay = 0.00>
ST_2 : Operation 30 [2/2] (1.49ns)   --->   "%call_ln0 = call void @AXIvideo2MultiPixStream_Pipeline_loop_wait_for_start, i120 %s_axis_video_V_data_V, i15 %s_axis_video_V_keep_V, i15 %s_axis_video_V_strb_V, i1 %s_axis_video_V_user_V, i1 %s_axis_video_V_last_V, i1 %s_axis_video_V_id_V, i1 %s_axis_video_V_dest_V, i120 %axi_data_2, i1 %axi_last_loc"   --->   Operation 30 'call' 'call_ln0' <Predicate = true> <Delay = 1.49> <CoreType = "Generic">   --->   Core 0 '' <Latency = 0> <II = 1> <Delay = 1.00> <Generic> <Opcode : >
ST_2 : Operation 31 [1/1] (0.00ns)   --->   "%trunc_ln226_1 = partselect i11 @_ssdm_op_PartSelect.i11.i13.i32.i32, i13 %cols, i32 2, i32 12" [C:/Vulcan/Protocol/Display/v_dp_rxss1_0_ex/v_dp_rxss1_0_ex.runs/dpss_vck190_pt_v_frmbuf_wr_0_0_synth_1/prj/sol/.autopilot/db/v_frmbuf_wr.cpp:226]   --->   Operation 31 'partselect' 'trunc_ln226_1' <Predicate = true> <Delay = 0.00>

State 3 <SV = 2> <Delay = 0.33>
ST_3 : Operation 32 [2/2] (0.00ns)   --->   "%rows = call i13 @reg<unsigned short>, i13 %Height_val_read" [C:/Vulcan/Protocol/Display/v_dp_rxss1_0_ex/v_dp_rxss1_0_ex.runs/dpss_vck190_pt_v_frmbuf_wr_0_0_synth_1/prj/sol/.autopilot/db/v_frmbuf_wr.cpp:230]   --->   Operation 32 'call' 'rows' <Predicate = true> <Delay = 0.00> <CoreType = "Generic">   --->   Core 0 '' <Latency = 0> <II = 1> <Delay = 1.00> <Generic> <Opcode : >
ST_3 : Operation 33 [1/2] (0.33ns)   --->   "%call_ln0 = call void @AXIvideo2MultiPixStream_Pipeline_loop_wait_for_start, i120 %s_axis_video_V_data_V, i15 %s_axis_video_V_keep_V, i15 %s_axis_video_V_strb_V, i1 %s_axis_video_V_user_V, i1 %s_axis_video_V_last_V, i1 %s_axis_video_V_id_V, i1 %s_axis_video_V_dest_V, i120 %axi_data_2, i1 %axi_last_loc"   --->   Operation 33 'call' 'call_ln0' <Predicate = true> <Delay = 0.33> <CoreType = "Generic">   --->   Core 0 '' <Latency = 0> <II = 1> <Delay = 1.00> <Generic> <Opcode : >

State 4 <SV = 3> <Delay = 1.10>
ST_4 : Operation 34 [1/1] (0.00ns)   --->   "%specaxissidechannel_ln0 = specaxissidechannel void @_ssdm_op_SpecAXISSideChannel, i120 %s_axis_video_V_data_V, i15 %s_axis_video_V_keep_V, i15 %s_axis_video_V_strb_V, i1 %s_axis_video_V_user_V, i1 %s_axis_video_V_last_V, i1 %s_axis_video_V_id_V, i1 %s_axis_video_V_dest_V, void @empty_4"   --->   Operation 34 'specaxissidechannel' 'specaxissidechannel_ln0' <Predicate = true> <Delay = 0.00>
ST_4 : Operation 35 [1/1] (0.00ns)   --->   "%specstablecontent_ln0 = specstablecontent void @_ssdm_op_SpecStableContent, i13 %Height_val, void "   --->   Operation 35 'specstablecontent' 'specstablecontent_ln0' <Predicate = true> <Delay = 0.00>
ST_4 : Operation 36 [1/1] (0.00ns)   --->   "%specstablecontent_ln0 = specstablecontent void @_ssdm_op_SpecStableContent, i13 %WidthIn_val, void "   --->   Operation 36 'specstablecontent' 'specstablecontent_ln0' <Predicate = true> <Delay = 0.00>
ST_4 : Operation 37 [1/1] (0.00ns)   --->   "%specinterface_ln0 = specinterface void @_ssdm_op_SpecInterface, i120 %img, void @empty_5, i32 0, i32 0, void @empty_23, i32 0, i32 0, void @empty_23, void @empty_23, void @empty_23, i32 0, i32 0, i32 0, i32 0, void @empty_23, void @empty_23, i32 4294967295, i32 0"   --->   Operation 37 'specinterface' 'specinterface_ln0' <Predicate = true> <Delay = 0.00>
ST_4 : Operation 38 [1/1] (0.00ns)   --->   "%specinterface_ln0 = specinterface void @_ssdm_op_SpecInterface, i120 %s_axis_video_V_data_V, i15 %s_axis_video_V_keep_V, i15 %s_axis_video_V_strb_V, i1 %s_axis_video_V_user_V, i1 %s_axis_video_V_last_V, i1 %s_axis_video_V_id_V, i1 %s_axis_video_V_dest_V, void @empty_2, i32 0, i32 0, void @empty_3, i32 0, i32 0, void @empty_23, void @empty_23, void @empty_23, i32 0, i32 0, i32 0, i32 0, void @empty_23, void @empty_23, i32 4294967295, i32 0"   --->   Operation 38 'specinterface' 'specinterface_ln0' <Predicate = true> <Delay = 0.00>
ST_4 : Operation 39 [1/2] (0.00ns)   --->   "%rows = call i13 @reg<unsigned short>, i13 %Height_val_read" [C:/Vulcan/Protocol/Display/v_dp_rxss1_0_ex/v_dp_rxss1_0_ex.runs/dpss_vck190_pt_v_frmbuf_wr_0_0_synth_1/prj/sol/.autopilot/db/v_frmbuf_wr.cpp:230]   --->   Operation 39 'call' 'rows' <Predicate = true> <Delay = 0.00> <CoreType = "Generic">   --->   Core 0 '' <Latency = 0> <II = 1> <Delay = 1.00> <Generic> <Opcode : >
ST_4 : Operation 40 [1/1] (0.00ns)   --->   "%MuxLogicAddr_to_axi_last_loc_load = muxlogic i1 %axi_last_loc"   --->   Operation 40 'muxlogic' 'MuxLogicAddr_to_axi_last_loc_load' <Predicate = true> <Delay = 0.00>
ST_4 : Operation 41 [1/1] (0.00ns)   --->   "%axi_last_loc_load = load i1 %axi_last_loc"   --->   Operation 41 'load' 'axi_last_loc_load' <Predicate = true> <Delay = 0.00>
ST_4 : Operation 42 [1/1] (0.00ns)   --->   "%empty_312 = wait i32 @_ssdm_op_Wait"   --->   Operation 42 'wait' 'empty_312' <Predicate = true> <Delay = 0.00>
ST_4 : Operation 43 [1/1] (0.80ns)   --->   "%cmp10403 = icmp_ne  i11 %trunc_ln226_1, i11 0" [C:/Vulcan/Protocol/Display/v_dp_rxss1_0_ex/v_dp_rxss1_0_ex.runs/dpss_vck190_pt_v_frmbuf_wr_0_0_synth_1/prj/sol/.autopilot/db/v_frmbuf_wr.cpp:226]   --->   Operation 43 'icmp' 'cmp10403' <Predicate = true> <Delay = 0.80> <CoreInst = "Cmp">   --->   Core 9 'Cmp' <Latency = 0> <II = 1> <Delay = 0.80> <FuncUnit> <Opcode : 'icmp'> <InPorts = 2> <OutPorts = 1>
ST_4 : Operation 44 [1/1] (0.53ns)   --->   "%cond = icmp_eq  i3 %colorFormat_val_read, i3 0"   --->   Operation 44 'icmp' 'cond' <Predicate = true> <Delay = 0.53> <CoreInst = "Cmp">   --->   Core 9 'Cmp' <Latency = 0> <II = 1> <Delay = 0.53> <FuncUnit> <Opcode : 'icmp'> <InPorts = 2> <OutPorts = 1>
ST_4 : Operation 45 [1/1] (0.30ns)   --->   "%xor_ln306 = xor i1 %cmp10403, i1 1" [C:/Vulcan/Protocol/Display/v_dp_rxss1_0_ex/v_dp_rxss1_0_ex.runs/dpss_vck190_pt_v_frmbuf_wr_0_0_synth_1/prj/sol/.autopilot/db/v_frmbuf_wr.cpp:306]   --->   Operation 45 'xor' 'xor_ln306' <Predicate = true> <Delay = 0.30> <CoreInst = "LogicGate">   --->   Core 78 'LogicGate' <Latency = 0> <II = 1> <Delay = 0.30> <FuncUnit> <Opcode : 'and' 'or' 'xor'> <InPorts = 2> <OutPorts = 1>
ST_4 : Operation 46 [1/1] (0.33ns)   --->   "%br_ln253 = br void %loop_width" [C:/Vulcan/Protocol/Display/v_dp_rxss1_0_ex/v_dp_rxss1_0_ex.runs/dpss_vck190_pt_v_frmbuf_wr_0_0_synth_1/prj/sol/.autopilot/db/v_frmbuf_wr.cpp:253]   --->   Operation 46 'br' 'br_ln253' <Predicate = true> <Delay = 0.33>

State 5 <SV = 4> <Delay = 1.32>
ST_5 : Operation 47 [1/1] (0.00ns)   --->   "%sof = phi i1 1, void %entry, i1 %and_ln306, void %loop_width.split" [C:/Vulcan/Protocol/Display/v_dp_rxss1_0_ex/v_dp_rxss1_0_ex.runs/dpss_vck190_pt_v_frmbuf_wr_0_0_synth_1/prj/sol/.autopilot/db/v_frmbuf_wr.cpp:306]   --->   Operation 47 'phi' 'sof' <Predicate = true> <Delay = 0.00>
ST_5 : Operation 48 [1/1] (0.00ns)   --->   "%axi_last_2 = phi i1 %axi_last_loc_load, void %entry, i1 %axi_last_4_loc_load, void %loop_width.split"   --->   Operation 48 'phi' 'axi_last_2' <Predicate = true> <Delay = 0.00>
ST_5 : Operation 49 [1/1] (0.00ns)   --->   "%MuxLogicAddr_to_i_1 = muxlogic i13 %i"   --->   Operation 49 'muxlogic' 'MuxLogicAddr_to_i_1' <Predicate = true> <Delay = 0.00>
ST_5 : Operation 50 [1/1] (0.00ns)   --->   "%i_1 = load i13 %i" [C:/Vulcan/Protocol/Display/v_dp_rxss1_0_ex/v_dp_rxss1_0_ex.runs/dpss_vck190_pt_v_frmbuf_wr_0_0_synth_1/prj/sol/.autopilot/db/v_frmbuf_wr.cpp:253]   --->   Operation 50 'load' 'i_1' <Predicate = true> <Delay = 0.00>
ST_5 : Operation 51 [1/1] (0.81ns)   --->   "%i_2 = add i13 %i_1, i13 1" [C:/Vulcan/Protocol/Display/v_dp_rxss1_0_ex/v_dp_rxss1_0_ex.runs/dpss_vck190_pt_v_frmbuf_wr_0_0_synth_1/prj/sol/.autopilot/db/v_frmbuf_wr.cpp:253]   --->   Operation 51 'add' 'i_2' <Predicate = true> <Delay = 0.81> <CoreInst = "Adder">   --->   Core 1 'Adder' <Latency = 0> <II = 1> <Delay = 0.81> <FuncUnit> <Opcode : 'add' 'sub'> <InPorts = 2> <OutPorts = 1>
ST_5 : Operation 52 [1/1] (0.81ns)   --->   "%icmp_ln253 = icmp_eq  i13 %i_1, i13 %rows" [C:/Vulcan/Protocol/Display/v_dp_rxss1_0_ex/v_dp_rxss1_0_ex.runs/dpss_vck190_pt_v_frmbuf_wr_0_0_synth_1/prj/sol/.autopilot/db/v_frmbuf_wr.cpp:253]   --->   Operation 52 'icmp' 'icmp_ln253' <Predicate = true> <Delay = 0.81> <CoreInst = "Cmp">   --->   Core 9 'Cmp' <Latency = 0> <II = 1> <Delay = 0.81> <FuncUnit> <Opcode : 'icmp'> <InPorts = 2> <OutPorts = 1>
ST_5 : Operation 53 [1/1] (0.00ns)   --->   "%speclooptripcount_ln0 = speclooptripcount void @_ssdm_op_SpecLoopTripCount, i64 0, i64 4320, i64 0"   --->   Operation 53 'speclooptripcount' 'speclooptripcount_ln0' <Predicate = true> <Delay = 0.00>
ST_5 : Operation 54 [1/1] (0.00ns)   --->   "%br_ln253 = br i1 %icmp_ln253, void %loop_width.split, void %for.end71.loopexit" [C:/Vulcan/Protocol/Display/v_dp_rxss1_0_ex/v_dp_rxss1_0_ex.runs/dpss_vck190_pt_v_frmbuf_wr_0_0_synth_1/prj/sol/.autopilot/db/v_frmbuf_wr.cpp:253]   --->   Operation 54 'br' 'br_ln253' <Predicate = true> <Delay = 0.00>
ST_5 : Operation 55 [1/1] (0.00ns)   --->   "%empty_313 = wait i32 @_ssdm_op_Wait"   --->   Operation 55 'wait' 'empty_313' <Predicate = (!icmp_ln253)> <Delay = 0.00>
ST_5 : Operation 56 [1/1] (0.30ns)   --->   "%and_ln306 = and i1 %sof, i1 %xor_ln306" [C:/Vulcan/Protocol/Display/v_dp_rxss1_0_ex/v_dp_rxss1_0_ex.runs/dpss_vck190_pt_v_frmbuf_wr_0_0_synth_1/prj/sol/.autopilot/db/v_frmbuf_wr.cpp:306]   --->   Operation 56 'and' 'and_ln306' <Predicate = (!icmp_ln253)> <Delay = 0.30> <CoreInst = "LogicGate">   --->   Core 78 'LogicGate' <Latency = 0> <II = 1> <Delay = 0.30> <FuncUnit> <Opcode : 'and' 'or' 'xor'> <InPorts = 2> <OutPorts = 1>
ST_5 : Operation 57 [1/1] (0.00ns)   --->   "%muxLogicData_to_store_ln253 = muxlogic i13 %i_2"   --->   Operation 57 'muxlogic' 'muxLogicData_to_store_ln253' <Predicate = (!icmp_ln253)> <Delay = 0.00>
ST_5 : Operation 58 [1/1] (0.00ns)   --->   "%muxLogicAddr_to_store_ln253 = muxlogic i13 %i"   --->   Operation 58 'muxlogic' 'muxLogicAddr_to_store_ln253' <Predicate = (!icmp_ln253)> <Delay = 0.00>
ST_5 : Operation 59 [1/1] (0.51ns)   --->   "%store_ln253 = store i13 %i_2, i13 %i" [C:/Vulcan/Protocol/Display/v_dp_rxss1_0_ex/v_dp_rxss1_0_ex.runs/dpss_vck190_pt_v_frmbuf_wr_0_0_synth_1/prj/sol/.autopilot/db/v_frmbuf_wr.cpp:253]   --->   Operation 59 'store' 'store_ln253' <Predicate = (!icmp_ln253)> <Delay = 0.51>
ST_5 : Operation 60 [1/1] (0.00ns)   --->   "%ret_ln0 = ret"   --->   Operation 60 'ret' 'ret_ln0' <Predicate = (icmp_ln253)> <Delay = 0.00>

State 6 <SV = 5> <Delay = 2.29>
ST_6 : Operation 61 [1/1] (0.00ns)   --->   "%MuxLogicAddr_to_axi_data_2_load = muxlogic i120 %axi_data_2"   --->   Operation 61 'muxlogic' 'MuxLogicAddr_to_axi_data_2_load' <Predicate = true> <Delay = 0.00>
ST_6 : Operation 62 [1/1] (0.00ns)   --->   "%axi_data_2_load = load i120 %axi_data_2"   --->   Operation 62 'load' 'axi_data_2_load' <Predicate = true> <Delay = 0.00>
ST_6 : Operation 63 [2/2] (2.29ns)   --->   "%call_ln306 = call void @AXIvideo2MultiPixStream_Pipeline_loop_width, i1 %sof, i1 %axi_last_2, i120 %axi_data_2_load, i11 %trunc_ln226_1, i1 %cond, i3 %colorFormat_val_read, i3 %colorFormat_val_read, i120 %img, i120 %s_axis_video_V_data_V, i15 %s_axis_video_V_keep_V, i15 %s_axis_video_V_strb_V, i1 %s_axis_video_V_user_V, i1 %s_axis_video_V_last_V, i1 %s_axis_video_V_id_V, i1 %s_axis_video_V_dest_V, i1 %eol_loc, i120 %axi_data_3_loc" [C:/Vulcan/Protocol/Display/v_dp_rxss1_0_ex/v_dp_rxss1_0_ex.runs/dpss_vck190_pt_v_frmbuf_wr_0_0_synth_1/prj/sol/.autopilot/db/v_frmbuf_wr.cpp:306]   --->   Operation 63 'call' 'call_ln306' <Predicate = true> <Delay = 2.29> <CoreType = "Generic">   --->   Core 0 '' <Latency = 0> <II = 1> <Delay = 1.00> <Generic> <Opcode : >

State 7 <SV = 6> <Delay = 1.29>
ST_7 : Operation 64 [1/2] (1.29ns)   --->   "%call_ln306 = call void @AXIvideo2MultiPixStream_Pipeline_loop_width, i1 %sof, i1 %axi_last_2, i120 %axi_data_2_load, i11 %trunc_ln226_1, i1 %cond, i3 %colorFormat_val_read, i3 %colorFormat_val_read, i120 %img, i120 %s_axis_video_V_data_V, i15 %s_axis_video_V_keep_V, i15 %s_axis_video_V_strb_V, i1 %s_axis_video_V_user_V, i1 %s_axis_video_V_last_V, i1 %s_axis_video_V_id_V, i1 %s_axis_video_V_dest_V, i1 %eol_loc, i120 %axi_data_3_loc" [C:/Vulcan/Protocol/Display/v_dp_rxss1_0_ex/v_dp_rxss1_0_ex.runs/dpss_vck190_pt_v_frmbuf_wr_0_0_synth_1/prj/sol/.autopilot/db/v_frmbuf_wr.cpp:306]   --->   Operation 64 'call' 'call_ln306' <Predicate = true> <Delay = 1.29> <CoreType = "Generic">   --->   Core 0 '' <Latency = 0> <II = 1> <Delay = 1.00> <Generic> <Opcode : >

State 8 <SV = 7> <Delay = 0.00>
ST_8 : Operation 65 [1/1] (0.00ns)   --->   "%empty_314 = wait i32 @_ssdm_op_Wait"   --->   Operation 65 'wait' 'empty_314' <Predicate = true> <Delay = 0.00>

State 9 <SV = 8> <Delay = 2.15>
ST_9 : Operation 66 [1/1] (0.00ns)   --->   "%MuxLogicAddr_to_eol_loc_load = muxlogic i1 %eol_loc"   --->   Operation 66 'muxlogic' 'MuxLogicAddr_to_eol_loc_load' <Predicate = true> <Delay = 0.00>
ST_9 : Operation 67 [1/1] (0.00ns)   --->   "%eol_loc_load = load i1 %eol_loc"   --->   Operation 67 'load' 'eol_loc_load' <Predicate = true> <Delay = 0.00>
ST_9 : Operation 68 [1/1] (0.00ns)   --->   "%MuxLogicAddr_to_axi_data_3_loc_load = muxlogic i120 %axi_data_3_loc"   --->   Operation 68 'muxlogic' 'MuxLogicAddr_to_axi_data_3_loc_load' <Predicate = true> <Delay = 0.00>
ST_9 : Operation 69 [1/1] (0.00ns)   --->   "%axi_data_3_loc_load = load i120 %axi_data_3_loc"   --->   Operation 69 'load' 'axi_data_3_loc_load' <Predicate = true> <Delay = 0.00>
ST_9 : Operation 70 [1/1] (0.33ns)   --->   "%select_ln306 = select i1 %cmp10403, i1 %eol_loc_load, i1 %axi_last_2" [C:/Vulcan/Protocol/Display/v_dp_rxss1_0_ex/v_dp_rxss1_0_ex.runs/dpss_vck190_pt_v_frmbuf_wr_0_0_synth_1/prj/sol/.autopilot/db/v_frmbuf_wr.cpp:306]   --->   Operation 70 'select' 'select_ln306' <Predicate = true> <Delay = 0.33> <CoreInst = "Sel">   --->   Core 77 'Sel' <Latency = 0> <II = 1> <Delay = 0.33> <FuncUnit> <Opcode : 'select'> <InPorts = 3> <OutPorts = 1>
ST_9 : Operation 71 [1/1] (0.00ns)   --->   "%empty_315 = wait i32 @_ssdm_op_Wait"   --->   Operation 71 'wait' 'empty_315' <Predicate = true> <Delay = 0.00>
ST_9 : Operation 72 [2/2] (1.82ns)   --->   "%call_ln306 = call void @AXIvideo2MultiPixStream_Pipeline_loop_wait_for_eol, i120 %axi_data_3_loc_load, i1 %select_ln306, i1 %eol_loc_load, i120 %s_axis_video_V_data_V, i15 %s_axis_video_V_keep_V, i15 %s_axis_video_V_strb_V, i1 %s_axis_video_V_user_V, i1 %s_axis_video_V_last_V, i1 %s_axis_video_V_id_V, i1 %s_axis_video_V_dest_V, i120 %axi_data_2, i1 %axi_last_4_loc" [C:/Vulcan/Protocol/Display/v_dp_rxss1_0_ex/v_dp_rxss1_0_ex.runs/dpss_vck190_pt_v_frmbuf_wr_0_0_synth_1/prj/sol/.autopilot/db/v_frmbuf_wr.cpp:306]   --->   Operation 72 'call' 'call_ln306' <Predicate = true> <Delay = 1.82> <CoreType = "Generic">   --->   Core 0 '' <Latency = 0> <II = 1> <Delay = 1.00> <Generic> <Opcode : >

State 10 <SV = 9> <Delay = 0.33>
ST_10 : Operation 73 [1/2] (0.33ns)   --->   "%call_ln306 = call void @AXIvideo2MultiPixStream_Pipeline_loop_wait_for_eol, i120 %axi_data_3_loc_load, i1 %select_ln306, i1 %eol_loc_load, i120 %s_axis_video_V_data_V, i15 %s_axis_video_V_keep_V, i15 %s_axis_video_V_strb_V, i1 %s_axis_video_V_user_V, i1 %s_axis_video_V_last_V, i1 %s_axis_video_V_id_V, i1 %s_axis_video_V_dest_V, i120 %axi_data_2, i1 %axi_last_4_loc" [C:/Vulcan/Protocol/Display/v_dp_rxss1_0_ex/v_dp_rxss1_0_ex.runs/dpss_vck190_pt_v_frmbuf_wr_0_0_synth_1/prj/sol/.autopilot/db/v_frmbuf_wr.cpp:306]   --->   Operation 73 'call' 'call_ln306' <Predicate = true> <Delay = 0.33> <CoreType = "Generic">   --->   Core 0 '' <Latency = 0> <II = 1> <Delay = 1.00> <Generic> <Opcode : >

State 11 <SV = 10> <Delay = 0.00>
ST_11 : Operation 74 [1/1] (0.00ns)   --->   "%specloopname_ln253 = specloopname void @_ssdm_op_SpecLoopName, void @empty_27" [C:/Vulcan/Protocol/Display/v_dp_rxss1_0_ex/v_dp_rxss1_0_ex.runs/dpss_vck190_pt_v_frmbuf_wr_0_0_synth_1/prj/sol/.autopilot/db/v_frmbuf_wr.cpp:253]   --->   Operation 74 'specloopname' 'specloopname_ln253' <Predicate = true> <Delay = 0.00>
ST_11 : Operation 75 [1/1] (0.00ns)   --->   "%MuxLogicAddr_to_axi_last_4_loc_load = muxlogic i1 %axi_last_4_loc"   --->   Operation 75 'muxlogic' 'MuxLogicAddr_to_axi_last_4_loc_load' <Predicate = true> <Delay = 0.00>
ST_11 : Operation 76 [1/1] (0.00ns)   --->   "%axi_last_4_loc_load = load i1 %axi_last_4_loc"   --->   Operation 76 'load' 'axi_last_4_loc_load' <Predicate = true> <Delay = 0.00>
ST_11 : Operation 77 [1/1] (0.00ns)   --->   "%br_ln253 = br void %loop_width" [C:/Vulcan/Protocol/Display/v_dp_rxss1_0_ex/v_dp_rxss1_0_ex.runs/dpss_vck190_pt_v_frmbuf_wr_0_0_synth_1/prj/sol/.autopilot/db/v_frmbuf_wr.cpp:253]   --->   Operation 77 'br' 'br_ln253' <Predicate = true> <Delay = 0.00>


============================================================
+ Verbose Summary: Timing violations
============================================================
Target clock period: 3.333ns, clock uncertainty: 0.900ns.

 <State 1>: 0.510ns
The critical path consists of the following:
	'alloca' operation 13 bit ('i', C:/Vulcan/Protocol/Display/v_dp_rxss1_0_ex/v_dp_rxss1_0_ex.runs/dpss_vck190_pt_v_frmbuf_wr_0_0_synth_1/prj/sol/.autopilot/db/v_frmbuf_wr.cpp:253) [13]  (0.000 ns)
	'muxlogic' operation 0 bit ('muxLogicAddr_to_store_ln253') [41]  (0.000 ns)
	'store' operation 0 bit ('store_ln253', C:/Vulcan/Protocol/Display/v_dp_rxss1_0_ex/v_dp_rxss1_0_ex.runs/dpss_vck190_pt_v_frmbuf_wr_0_0_synth_1/prj/sol/.autopilot/db/v_frmbuf_wr.cpp:253) of constant 0 on local variable 'i', C:/Vulcan/Protocol/Display/v_dp_rxss1_0_ex/v_dp_rxss1_0_ex.runs/dpss_vck190_pt_v_frmbuf_wr_0_0_synth_1/prj/sol/.autopilot/db/v_frmbuf_wr.cpp:253 [42]  (0.510 ns)

 <State 2>: 1.496ns
The critical path consists of the following:
	'call' operation 0 bit ('call_ln0') to 'AXIvideo2MultiPixStream_Pipeline_loop_wait_for_start' [32]  (1.496 ns)

 <State 3>: 0.330ns
The critical path consists of the following:
	'call' operation 0 bit ('call_ln0') to 'AXIvideo2MultiPixStream_Pipeline_loop_wait_for_start' [32]  (0.330 ns)

 <State 4>: 1.103ns
The critical path consists of the following:
	'icmp' operation 1 bit ('cmp10403', C:/Vulcan/Protocol/Display/v_dp_rxss1_0_ex/v_dp_rxss1_0_ex.runs/dpss_vck190_pt_v_frmbuf_wr_0_0_synth_1/prj/sol/.autopilot/db/v_frmbuf_wr.cpp:226) [37]  (0.802 ns)
	'xor' operation 1 bit ('xor_ln306', C:/Vulcan/Protocol/Display/v_dp_rxss1_0_ex/v_dp_rxss1_0_ex.runs/dpss_vck190_pt_v_frmbuf_wr_0_0_synth_1/prj/sol/.autopilot/db/v_frmbuf_wr.cpp:306) [39]  (0.301 ns)

 <State 5>: 1.325ns
The critical path consists of the following:
	'muxlogic' operation 13 bit ('MuxLogicAddr_to_i_1') [47]  (0.000 ns)
	'load' operation 13 bit ('i', C:/Vulcan/Protocol/Display/v_dp_rxss1_0_ex/v_dp_rxss1_0_ex.runs/dpss_vck190_pt_v_frmbuf_wr_0_0_synth_1/prj/sol/.autopilot/db/v_frmbuf_wr.cpp:253) on local variable 'i', C:/Vulcan/Protocol/Display/v_dp_rxss1_0_ex/v_dp_rxss1_0_ex.runs/dpss_vck190_pt_v_frmbuf_wr_0_0_synth_1/prj/sol/.autopilot/db/v_frmbuf_wr.cpp:253 [48]  (0.000 ns)
	'icmp' operation 1 bit ('icmp_ln253', C:/Vulcan/Protocol/Display/v_dp_rxss1_0_ex/v_dp_rxss1_0_ex.runs/dpss_vck190_pt_v_frmbuf_wr_0_0_synth_1/prj/sol/.autopilot/db/v_frmbuf_wr.cpp:253) [50]  (0.815 ns)
	'store' operation 0 bit ('store_ln253', C:/Vulcan/Protocol/Display/v_dp_rxss1_0_ex/v_dp_rxss1_0_ex.runs/dpss_vck190_pt_v_frmbuf_wr_0_0_synth_1/prj/sol/.autopilot/db/v_frmbuf_wr.cpp:253) of variable 'i', C:/Vulcan/Protocol/Display/v_dp_rxss1_0_ex/v_dp_rxss1_0_ex.runs/dpss_vck190_pt_v_frmbuf_wr_0_0_synth_1/prj/sol/.autopilot/db/v_frmbuf_wr.cpp:253 on local variable 'i', C:/Vulcan/Protocol/Display/v_dp_rxss1_0_ex/v_dp_rxss1_0_ex.runs/dpss_vck190_pt_v_frmbuf_wr_0_0_synth_1/prj/sol/.autopilot/db/v_frmbuf_wr.cpp:253 [72]  (0.510 ns)

 <State 6>: 2.298ns
The critical path consists of the following:
	'muxlogic' operation 120 bit ('MuxLogicAddr_to_axi_data_2_load') [54]  (0.000 ns)
	'load' operation 120 bit ('axi_data_2_load') on local variable 'axi.data', C:/Vulcan/Protocol/Display/v_dp_rxss1_0_ex/v_dp_rxss1_0_ex.runs/dpss_vck190_pt_v_frmbuf_wr_0_0_synth_1/prj/sol/.autopilot/db/v_frmbuf_wr.cpp:226 [55]  (0.000 ns)
	'call' operation 0 bit ('call_ln306', C:/Vulcan/Protocol/Display/v_dp_rxss1_0_ex/v_dp_rxss1_0_ex.runs/dpss_vck190_pt_v_frmbuf_wr_0_0_synth_1/prj/sol/.autopilot/db/v_frmbuf_wr.cpp:306) to 'AXIvideo2MultiPixStream_Pipeline_loop_width' [58]  (2.298 ns)

 <State 7>: 1.296ns
The critical path consists of the following:
	'call' operation 0 bit ('call_ln306', C:/Vulcan/Protocol/Display/v_dp_rxss1_0_ex/v_dp_rxss1_0_ex.runs/dpss_vck190_pt_v_frmbuf_wr_0_0_synth_1/prj/sol/.autopilot/db/v_frmbuf_wr.cpp:306) to 'AXIvideo2MultiPixStream_Pipeline_loop_width' [58]  (1.296 ns)

 <State 8>: 0.000ns
The critical path consists of the following:

 <State 9>: 2.156ns
The critical path consists of the following:
	'muxlogic' operation 1 bit ('MuxLogicAddr_to_eol_loc_load') [59]  (0.000 ns)
	'load' operation 1 bit ('eol_loc_load') on local variable 'eol_loc' [60]  (0.000 ns)
	'select' operation 1 bit ('select_ln306', C:/Vulcan/Protocol/Display/v_dp_rxss1_0_ex/v_dp_rxss1_0_ex.runs/dpss_vck190_pt_v_frmbuf_wr_0_0_synth_1/prj/sol/.autopilot/db/v_frmbuf_wr.cpp:306) [64]  (0.330 ns)
	'call' operation 0 bit ('call_ln306', C:/Vulcan/Protocol/Display/v_dp_rxss1_0_ex/v_dp_rxss1_0_ex.runs/dpss_vck190_pt_v_frmbuf_wr_0_0_synth_1/prj/sol/.autopilot/db/v_frmbuf_wr.cpp:306) to 'AXIvideo2MultiPixStream_Pipeline_loop_wait_for_eol' [66]  (1.826 ns)

 <State 10>: 0.330ns
The critical path consists of the following:
	'call' operation 0 bit ('call_ln306', C:/Vulcan/Protocol/Display/v_dp_rxss1_0_ex/v_dp_rxss1_0_ex.runs/dpss_vck190_pt_v_frmbuf_wr_0_0_synth_1/prj/sol/.autopilot/db/v_frmbuf_wr.cpp:306) to 'AXIvideo2MultiPixStream_Pipeline_loop_wait_for_eol' [66]  (0.330 ns)

 <State 11>: 0.000ns
The critical path consists of the following:


============================================================
+ Verbose Summary: Binding
============================================================
N/A
* FSMD analyzer results:
  - Output states:
 - Input state : 
  - Chain level:
	State 1
	State 2
	State 3
	State 4
	State 5
	State 6
	State 7
	State 8
	State 9
	State 10
	State 11


============================================================
+ Verbose Summary: Datapath Resource usage 
============================================================
N/A
